\BOOKMARK [1][-]{section.1}{\376\377\000C\000o\000d\000e\000f\000o\000r\000c\000e\000s\000\040\0002\0003\0008\000D\000\040\000-\000\040\000T\000a\000p\000e\000\040\000P\000r\000o\000g\000r\000a\000m\000m\000i\000n\000g}{}% 1
\BOOKMARK [1][-]{section.2}{\376\377\000C\000o\000d\000e\000f\000o\000r\000c\000e\000s\000\040\0002\0003\0008\000E\000\040\000-\000\040\000M\000e\000e\000t\000i\000n\000g\000\040\000H\000e\000r}{}% 2
\BOOKMARK [1][-]{section.3}{\376\377\000C\000o\000d\000e\000f\000o\000r\000c\000e\000s\000\040\0002\0004\0001\000B\000\040\000-\000\040\000F\000r\000i\000e\000n\000d\000s}{}% 3
\BOOKMARK [1][-]{section.4}{\376\377\000C\000o\000d\000e\000f\000o\000r\000c\000e\000s\000\040\0002\0004\0003\000D\000\040\000-\000\040\000C\000u\000b\000e\000s}{}% 4
\BOOKMARK [1][-]{section.5}{\376\377\000C\000o\000d\000e\000f\000o\000r\000c\000e\000s\000\040\0002\0005\0004\000D\000\040\000-\000\040\000R\000a\000t\000s}{}% 5
\BOOKMARK [1][-]{section.6}{\376\377\000C\000o\000d\000e\000f\000o\000r\000c\000e\000s\000\040\0002\0005\0006\000D\000\040\000-\000\040\000L\000i\000a\000r\000s\000\040\000a\000n\000d\000\040\000S\000e\000r\000g\000e}{}% 6
\BOOKMARK [1][-]{section.7}{\376\377\000C\000o\000d\000e\000f\000o\000r\000c\000e\000s\000\040\0002\0006\0004\000E\000\040\000-\000\040\000R\000o\000a\000d\000s\000i\000d\000e\000\040\000T\000r\000e\000e\000s}{}% 7
\BOOKMARK [1][-]{section.8}{\376\377\000C\000o\000d\000e\000f\000o\000r\000c\000e\000s\000\040\0002\0006\0009\000E\000\040\000-\000\040\000S\000t\000r\000i\000n\000g\000\040\000T\000h\000e\000o\000r\000y}{}% 8
\BOOKMARK [1][-]{section.9}{\376\377\000C\000o\000d\000e\000f\000o\000r\000c\000e\000s\000\040\0002\0007\0004\000E\000\040\000-\000\040\000M\000i\000r\000r\000o\000r\000\040\000R\000o\000o\000m}{}% 9
\BOOKMARK [1][-]{section.10}{\376\377\000C\000o\000d\000e\000f\000o\000r\000c\000e\000s\000\040\0002\0008\0000\000E\000\040\000-\000\040\000S\000e\000q\000u\000e\000n\000c\000e\000\040\000T\000r\000a\000n\000s\000f\000o\000r\000m\000a\000t\000i\000o\000n}{}% 10
\BOOKMARK [1][-]{section.11}{\376\377\000C\000o\000d\000e\000f\000o\000r\000c\000e\000s\000\040\0002\0008\0006\000D\000\040\000-\000\040\000T\000o\000u\000r\000i\000s\000t}{}% 11
\BOOKMARK [1][-]{section.12}{\376\377\000C\000o\000d\000e\000f\000o\000r\000c\000e\000s\000\040\0003\0000\0003\000E\000\040\000-\000\040\000R\000a\000n\000d\000o\000m\000\040\000R\000a\000n\000k\000i\000n\000g}{}% 12
\BOOKMARK [1][-]{section.13}{\376\377\000C\000o\000d\000e\000f\000o\000r\000c\000e\000s\000\040\0003\0000\0006\000D\000\040\000-\000\040\000P\000o\000l\000y\000g\000o\000n}{}% 13
\BOOKMARK [1][-]{section.14}{\376\377\000C\000o\000d\000e\000f\000o\000r\000c\000e\000s\000\040\0003\0000\0009\000D\000\040\000-\000\040\000T\000e\000n\000n\000i\000s\000\040\000R\000a\000c\000k\000e\000t\000s}{}% 14
\BOOKMARK [1][-]{section.15}{\376\377\000C\000o\000d\000e\000f\000o\000r\000c\000e\000s\000\040\0003\0001\0006\000G\0003\000\040\000-\000\040\000G\000o\000o\000d\000\040\000S\000u\000b\000s\000t\000r\000i\000n\000g\000s}{}% 15
\BOOKMARK [1][-]{section.16}{\376\377\000C\000o\000d\000e\000f\000o\000r\000c\000e\000s\000\040\0003\0001\0007\000E\000\040\000-\000\040\000P\000r\000i\000n\000c\000e\000s\000s\000\040\000a\000n\000d\000\040\000H\000e\000r\000\040\000S\000h\000a\000d\000o\000w}{}% 16
\BOOKMARK [1][-]{section.17}{\376\377\000C\000o\000d\000e\000f\000o\000r\000c\000e\000s\000\040\0003\0002\0005\000D\000\040\000-\000\040\000R\000e\000c\000l\000a\000m\000a\000t\000i\000o\000n}{}% 17
\BOOKMARK [1][-]{section.18}{\376\377\000C\000o\000d\000e\000f\000o\000r\000c\000e\000s\000\040\0003\0003\0001\000E\0002\000\040\000-\000\040\000D\000e\000j\000a\000\040\000V\000u}{}% 18
\BOOKMARK [1][-]{section.19}{\376\377\000C\000o\000d\000e\000f\000o\000r\000c\000e\000s\000\040\0003\0003\0005\000E\000\040\000-\000\040\000C\000o\000u\000n\000t\000i\000n\000g\000\040\000S\000k\000y\000s\000c\000r\000a\000p\000e\000r\000s}{}% 19
\BOOKMARK [1][-]{section.20}{\376\377\000C\000o\000d\000e\000f\000o\000r\000c\000e\000s\000\040\0003\0003\0005\000F\000\040\000-\000\040\000B\000u\000y\000\040\000o\000n\000e\000,\000\040\000g\000e\000t\000\040\000o\000n\000e\000\040\000f\000r\000e\000e}{}% 20
\BOOKMARK [1][-]{section.21}{\376\377\000C\000o\000d\000e\000f\000o\000r\000c\000e\000s\000\040\0003\0004\0001\000E\000\040\000-\000\040\000C\000a\000n\000d\000i\000e\000s\000\040\000G\000a\000m\000e}{}% 21
\BOOKMARK [1][-]{section.22}{\376\377\000C\000o\000d\000e\000f\000o\000r\000c\000e\000s\000\040\0003\0004\0002\000D\000\040\000-\000\040\000X\000e\000n\000i\000a\000\040\000a\000n\000d\000\040\000D\000o\000m\000i\000n\000o\000e\000s}{}% 22
\BOOKMARK [1][-]{section.23}{\376\377\000C\000o\000d\000e\000f\000o\000r\000c\000e\000s\000\040\0003\0004\0006\000E\000\040\000-\000\040\000D\000o\000o\000d\000l\000e\000\040\000J\000u\000m\000p}{}% 23
\BOOKMARK [1][-]{section.24}{\376\377\000C\000o\000d\000e\000J\000a\000m\000\040\0002\0000\0000\0009\000\040\000F\000i\000n\000a\000l\000s\000\040\000F\000\040\000-\000\040\000L\000i\000g\000h\000t\000s}{}% 24
\BOOKMARK [1][-]{section.25}{\376\377\000C\000o\000d\000e\000J\000a\000m\000\040\0002\0000\0001\0001\000\040\000F\000i\000n\000a\000l\000s\000\040\000C\000\040\000-\000\040\000P\000r\000o\000g\000r\000a\000m\000\040\000w\000i\000t\000h\000i\000n\000\040\000a\000\040\000P\000r\000o\000g\000r\000a\000m}{}% 25
\BOOKMARK [1][-]{section.26}{\376\377\000C\000o\000d\000e\000J\000a\000m\000\040\0002\0000\0001\0002\000\040\000F\000i\000n\000a\000l\000s\000\040\000D\000\040\000-\000\040\000T\000w\000i\000r\000l\000i\000n\000g\000\040\000T\000o\000w\000a\000r\000d\000s\000\040\000F\000r\000e\000e\000d\000o\000m}{}% 26
\BOOKMARK [1][-]{section.27}{\376\377\000C\000o\000d\000e\000J\000a\000m\000\040\0002\0000\0001\0003\000\040\000F\000i\000n\000a\000l\000s\000\040\000A\000\040\000-\000\040\000G\000r\000a\000d\000u\000a\000t\000i\000o\000n\000\040\000R\000e\000q\000u\000i\000r\000e\000m\000e\000n\000t\000s}{}% 27
\BOOKMARK [1][-]{section.28}{\376\377\000C\000o\000d\000e\000J\000a\000m\000\040\0002\0000\0001\0003\000\040\000F\000i\000n\000a\000l\000s\000\040\000C\000\040\000-\000\040\000X\000\040\000M\000a\000r\000k\000s\000\040\000t\000h\000e\000\040\000S\000p\000o\000t}{}% 28
\BOOKMARK [1][-]{section.29}{\376\377\000C\000o\000d\000e\000J\000a\000m\000\040\0002\0000\0001\0004\000\040\000F\000i\000n\000a\000l\000s\000\040\000C\000\040\000-\000\040\000S\000y\000m\000m\000e\000t\000r\000i\000c\000\040\000T\000r\000e\000e\000s}{}% 29
\BOOKMARK [1][-]{section.30}{\376\377\000C\000o\000d\000e\000J\000a\000m\000\040\0002\0000\0001\0004\000\040\000F\000i\000n\000a\000l\000s\000\040\000D\000\040\000-\000\040\000P\000a\000r\000a\000d\000o\000x\000\040\000S\000o\000r\000t}{}% 30
\BOOKMARK [1][-]{section.31}{\376\377\000C\000o\000d\000e\000J\000a\000m\000\040\0002\0000\0001\0004\000\040\000F\000i\000n\000a\000l\000s\000\040\000E\000\040\000-\000\040\000A\000l\000l\000e\000r\000g\000y\000\040\000T\000e\000s\000t\000i\000n\000g}{}% 31
\BOOKMARK [1][-]{section.32}{\376\377\000C\000o\000d\000e\000J\000a\000m\000\040\0002\0000\0001\0004\000\040\000F\000i\000n\000a\000l\000s\000\040\000F\000\040\000-\000\040\000A\000R\000A\000M}{}% 32
\BOOKMARK [1][-]{section.33}{\376\377\000U\000S\000A\000C\000O\000\040\0002\0000\0000\0007\000\040\000D\000e\000c\000\040\000g\000o\000l\000d\000\040\0003\000\040\000-\000\040\000B\000e\000s\000t\000\040\000C\000o\000w\000\040\000L\000i\000n\000e\000,\000\040\000G\000o\000l\000d}{}% 33
\BOOKMARK [1][-]{section.34}{\376\377\000U\000S\000A\000C\000O\000\040\0002\0000\0001\0002\000\040\000D\000e\000c\000\040\000g\000o\000l\000d\000\040\0002\000\040\000-\000\040\000F\000i\000r\000s\000t\000!}{}% 34
