This is pdfTeX, Version 3.1415926-2.3-1.40.12 (MiKTeX 2.9) (preloaded format=pdflatex 2014.9.22)  25 DEC 2014 10:37
entering extended mode
**E:/ÈõÜËÆ≠Èòü‰Ωú‰∏ö/team_homework/Ê≥õÂÅöË°®Ê†º.tex
(E:/ÈõÜËÆ≠Èòü‰Ωú‰∏ö/team_homework/Ê≥õÂÅöË°®Ê†º.tex
LaTeX2e <2011/06/27>
Babel <v3.8m> and hyphenation patterns for loaded.
("D:\Program Files\CTEX\MiKTeX\tex\latex\ctex\ctexart.cls"
Document Class: ctexart 2011/03/11 v1.02c ctexart document class
("D:\Program Files\CTEX\MiKTeX\tex\latex\ctex\opt\ctex-common-opts.def")
("D:\Program Files\CTEX\MiKTeX\tex\latex\ctex\opt\ctex-caption-opts.def"
\c@CTEX@sectiondepth=\count79
)
("D:\Program Files\CTEX\MiKTeX\tex\latex\ctex\opt\ctex-class-opts.def")
("D:\Program Files\CTEX\CTeX\tex\latex\ctex\cfg\ctexopts.cfg")
("D:\Program Files\CTEX\MiKTeX\tex\latex\ctex\def\ctex-loadclass.def"
("D:\Program Files\CTEX\MiKTeX\tex\latex\base\article.cls"
Document Class: article 2007/10/19 v1.4h Standard LaTeX document class
("D:\Program Files\CTEX\MiKTeX\tex\latex\base\size10.clo"
File: size10.clo 2007/10/19 v1.4h Standard LaTeX file (size option)
)
\c@part=\count80
\c@section=\count81
\c@subsection=\count82
\c@subsubsection=\count83
\c@paragraph=\count84
\c@subparagraph=\count85
\c@figure=\count86
\c@table=\count87
\abovecaptionskip=\skip41
\belowcaptionskip=\skip42
\bibindent=\dimen102
))
("D:\Program Files\CTEX\MiKTeX\tex\latex\ctex\def\ctex-common.def"
("D:\Program Files\CTEX\MiKTeX\tex\latex\l3kernel\expl3.sty"
("D:\Program Files\CTEX\MiKTeX\tex\latex\l3kernel\l3names.sty"
("D:\Program Files\CTEX\MiKTeX\tex\latex\l3kernel\l3bootstrap.sty"
Package: l3bootstrap 2011/12/29 v3110 L3 Experimental bootstrap code
)
Package: l3names 2011/12/30 v3113 L3 Experimental namespace for primitives
)
("D:\Program Files\CTEX\MiKTeX\tex\latex\misc\etex.sty"
Package: etex 1998/03/26 v2.0 eTeX basic definition package (PEB)
\et@xins=\count88
)
Package: expl3 2012/02/26 v3471 L3 Experimental code bundle wrapper

("D:\Program Files\CTEX\MiKTeX\tex\latex\graphics\color.sty"
Package: color 2005/11/14 v1.0j Standard LaTeX Color (DPC)

("D:\Program Files\CTEX\MiKTeX\tex\latex\00miktex\color.cfg"
File: color.cfg 2007/01/18 v1.5 color configuration of teTeX/TeXLive
)
Package color Info: Driver file: pdftex.def on input line 130.

("D:\Program Files\CTEX\MiKTeX\tex\latex\pdftex-def\pdftex.def"
File: pdftex.def 2011/05/27 v0.06d Graphics/color for pdfTeX

("D:\Program Files\CTEX\MiKTeX\tex\generic\oberdiek\infwarerr.sty"
Package: infwarerr 2010/04/08 v1.3 Providing info/warning/message (HO)
)
("D:\Program Files\CTEX\MiKTeX\tex\generic\oberdiek\ltxcmds.sty"
Package: ltxcmds 2011/04/18 v1.20 LaTeX kernel commands for general use (HO)
)
\Gread@gobject=\count89
))
("D:\Program Files\CTEX\MiKTeX\tex\latex\graphics\graphics.sty"
Package: graphics 2009/02/05 v1.0o Standard LaTeX Graphics (DPC,SPQR)

("D:\Program Files\CTEX\MiKTeX\tex\latex\graphics\trig.sty"
Package: trig 1999/03/16 v1.09 sin cos tan (DPC)
)
("D:\Program Files\CTEX\MiKTeX\tex\latex\00miktex\graphics.cfg"
File: graphics.cfg 2007/01/18 v1.5 graphics configuration of teTeX/TeXLive
)
Package graphics Info: Driver file: pdftex.def on input line 91.
)
("D:\Program Files\CTEX\MiKTeX\tex\latex\l3kernel\l3basics.sty"
Package: l3basics 2012/02/26 v3460 L3 Experimental basic definitions
)
("D:\Program Files\CTEX\MiKTeX\tex\latex\l3kernel\l3expan.sty"
Package: l3expan 2012/02/26 v3460 L3 Experimental argument expansion
)
("D:\Program Files\CTEX\MiKTeX\tex\latex\l3kernel\l3tl.sty"
Package: l3tl 2012/02/26 v3460 L3 Experimental token lists
)
("D:\Program Files\CTEX\MiKTeX\tex\latex\l3kernel\l3seq.sty"
Package: l3seq 2012/01/09 v3158 L3 Experimental sequences and stacks
)
("D:\Program Files\CTEX\MiKTeX\tex\latex\l3kernel\l3int.sty"
Package: l3int 2012/02/26 v3460 L3 Experimental integers
\c_max_int=\count90
\l_tmpa_int=\count91
\l_tmpb_int=\count92
\l_tmpc_int=\count93
\g_tmpa_int=\count94
\g_tmpb_int=\count95
)
("D:\Program Files\CTEX\MiKTeX\tex\latex\l3kernel\l3quark.sty"
Package: l3quark 2012/02/12 v3384 L3 Experimental quarks
)
("D:\Program Files\CTEX\MiKTeX\tex\latex\l3kernel\l3prg.sty"
Package: l3prg 2012/02/26 v3464 L3 Experimental control structures
\g_prg_map_int=\count96
)
("D:\Program Files\CTEX\MiKTeX\tex\latex\l3kernel\l3clist.sty"
Package: l3clist 2012/02/26 v3460 L3 Experimental comma separated lists
)
("D:\Program Files\CTEX\MiKTeX\tex\latex\l3kernel\l3token.sty"
Package: l3token 2012/02/26 v3460 L3 Experimental token manipulation
)
("D:\Program Files\CTEX\MiKTeX\tex\latex\l3kernel\l3prop.sty"
Package: l3prop 2012/02/26 v3460 L3 Experimental property lists
)
("D:\Program Files\CTEX\MiKTeX\tex\latex\l3kernel\l3msg.sty"
Package: l3msg 2012/02/26 v3470 L3 Experimental messages
)
("D:\Program Files\CTEX\MiKTeX\tex\latex\l3kernel\l3file.sty"
Package: l3file 2012/02/26 v3464 L3 Experimental file and I/O operations
\l_iow_stream_int=\count97
\l_iow_line_length_int=\count98
\l_iow_target_length_int=\count99
\l_iow_current_line_int=\count100
\l_iow_current_word_int=\count101
\l_iow_current_indentation_int=\count102
)
("D:\Program Files\CTEX\MiKTeX\tex\latex\l3kernel\l3skip.sty"
Package: l3skip 2012/02/26 v3460 L3 Experimental dimensions and skips
\l_tmpa_dim=\dimen103
\l_tmpb_dim=\dimen104
\l_tmpc_dim=\dimen105
\g_tmpa_dim=\dimen106
\g_tmpb_dim=\dimen107
\l_tmpa_skip=\skip43
\l_tmpb_skip=\skip44
\l_tmpc_skip=\skip45
\g_tmpa_skip=\skip46
\g_tmpb_skip=\skip47
)
("D:\Program Files\CTEX\MiKTeX\tex\latex\l3kernel\l3keys.sty"
Package: l3keys 2011/12/22 v3086 L3 Experimental key-value interfaces
\g_keyval_level_int=\count103
\l_keys_choice_int=\count104
)
("D:\Program Files\CTEX\MiKTeX\tex\latex\l3kernel\l3fp.sty"
Package: l3fp 2012/02/06 v3315 L3 Experimental floating-point operations
\c_one_million=\count105
\c_one_hundred_million=\count106
\c_five_hundred_million=\count107
\c_one_thousand_million=\count108
\c_fp_pi_by_four_decimal_int=\count109
\c_fp_pi_by_four_extended_int=\count110
\c_fp_pi_decimal_int=\count111
\c_fp_pi_extended_int=\count112
\c_fp_two_pi_decimal_int=\count113
\c_fp_two_pi_extended_int=\count114
\l_fp_count_int=\count115
\l_fp_div_offset_int=\count116
\l_fp_exp_integer_int=\count117
\l_fp_exp_decimal_int=\count118
\l_fp_exp_extended_int=\count119
\l_fp_exp_exponent_int=\count120
\l_fp_input_a_sign_int=\count121
\l_fp_input_a_integer_int=\count122
\l_fp_input_a_decimal_int=\count123
\l_fp_input_a_exponent_int=\count124
\l_fp_input_b_sign_int=\count125
\l_fp_input_b_integer_int=\count126
\l_fp_input_b_decimal_int=\count127
\l_fp_input_b_exponent_int=\count128
\l_fp_input_a_extended_int=\count129
\l_fp_input_b_extended_int=\count130
\l_fp_mul_a_i_int=\count131
\l_fp_mul_a_ii_int=\count132
\l_fp_mul_a_iii_int=\count133
\l_fp_mul_a_iv_int=\count134
\l_fp_mul_a_v_int=\count135
\l_fp_mul_a_vi_int=\count136
\l_fp_mul_b_i_int=\count137
\l_fp_mul_b_ii_int=\count138
\l_fp_mul_b_iii_int=\count139
\l_fp_mul_b_iv_int=\count140
\l_fp_mul_b_v_int=\count141
\l_fp_mul_b_vi_int=\count142
\l_fp_mul_output_int=\count143
\l_fp_output_sign_int=\count144
\l_fp_output_integer_int=\count145
\l_fp_output_decimal_int=\count146
\l_fp_output_exponent_int=\count147
\l_fp_output_extended_int=\count148
\l_fp_round_position_int=\count149
\l_fp_round_target_int=\count150
\l_fp_split_sign_int=\count151
\l_fp_internal_int=\count152
\l_fp_trig_octant_int=\count153
\l_fp_trig_sign_int=\count154
\l_fp_trig_decimal_int=\count155
\l_fp_trig_extended_int=\count156
\l_fp_internal_dim=\dimen108
\l_fp_internal_skip=\skip48
)
("D:\Program Files\CTEX\MiKTeX\tex\latex\l3kernel\l3box.sty"
Package: l3box 2012/02/18 v3432 L3 Experimental boxes
\l_tmpb_box=\box26
\l_box_top_dim=\dimen109
\l_box_bottom_dim=\dimen110
\l_box_left_dim=\dimen111
\l_box_right_dim=\dimen112
\l_box_top_new_dim=\dimen113
\l_box_bottom_new_dim=\dimen114
\l_box_left_new_dim=\dimen115
\l_box_right_new_dim=\dimen116
\l_box_internal_box=\box27
)
("D:\Program Files\CTEX\MiKTeX\tex\latex\l3kernel\l3coffins.sty"
Package: l3coffins 2012/02/26 v3460 L3 Experimental coffin code layer
\l_coffin_internal_box=\box28
\l_coffin_internal_dim=\dimen117
\l_coffin_offset_x_dim=\dimen118
\l_coffin_offset_y_dim=\dimen119
\l_coffin_x_dim=\dimen120
\l_coffin_y_dim=\dimen121
\l_coffin_x_prime_dim=\dimen122
\l_coffin_y_prime_dim=\dimen123
\l_coffin_Depth_dim=\dimen124
\l_coffin_Height_dim=\dimen125
\l_coffin_TotalHeight_dim=\dimen126
\l_coffin_Width_dim=\dimen127
\c_empty_coffin=\box29
\l_coffin_aligned_coffin=\box30
\l_coffin_aligned_internal_coffin=\box31
\l_coffin_bounding_shift_dim=\dimen128
\l_coffin_left_corner_dim=\dimen129
\l_coffin_right_corner_dim=\dimen130
\l_coffin_bottom_corner_dim=\dimen131
\l_coffin_top_corner_dim=\dimen132
\l_coffin_scaled_total_height_dim=\dimen133
\l_coffin_scaled_width_dim=\dimen134
\l_coffin_display_coffin=\box32
\l_coffin_display_coord_coffin=\box33
\l_coffin_display_pole_coffin=\box34
\l_coffin_display_offset_dim=\dimen135
\l_coffin_display_x_dim=\dimen136
\l_coffin_display_y_dim=\dimen137
)
("D:\Program Files\CTEX\MiKTeX\tex\latex\l3kernel\l3color.sty"
Package: l3color 2011/09/07 v2776 L3 Experimental colour support
)
("D:\Program Files\CTEX\MiKTeX\tex\latex\l3kernel\l3luatex.sty"
Package: l3luatex 2012/02/09 v3355 L3 Experimental LuaTeX-specific functions
\g_cctab_allocate_int=\count157
\g_cctab_stack_int=\count158
))
("D:\Program Files\CTEX\MiKTeX\tex\latex\etoolbox\etoolbox.sty"
Package: etoolbox 2011/01/03 v2.1 e-TeX tools for LaTeX
\etb@tempcnta=\count159
)
("D:\Program Files\CTEX\MiKTeX\tex\generic\oberdiek\ifpdf.sty"
Package: ifpdf 2011/01/30 v2.3 Provides the ifpdf switch (HO)
Package ifpdf Info: pdfTeX in PDF mode is detected.
)
("D:\Program Files\CTEX\MiKTeX\tex\generic\ifxetex\ifxetex.sty"
Package: ifxetex 2010/09/12 v0.6 Provides ifxetex conditional
)
("D:\Program Files\CTEX\MiKTeX\tex\latex\graphics\keyval.sty"
Package: keyval 1999/03/16 v1.13 key=value parser (DPC)
\KV@toks@=\toks14
)
("D:\Program Files\CTEX\MiKTeX\tex\latex\tools\indentfirst.sty"
Package: indentfirst 1995/11/23 v1.03 Indent first paragraph (DPC)
)
("D:\Program Files\CTEX\MiKTeX\tex\latex\base\fix-cm.sty"
Package: fix-cm 2006/09/13 v1.1m fixes to LaTeX

("D:\Program Files\CTEX\MiKTeX\tex\latex\base\ts1enc.def"
File: ts1enc.def 2001/06/05 v3.0e (jk/car/fm) Standard LaTeX file
))
("D:\Program Files\CTEX\MiKTeX\tex\latex\ctex\engine\ctex-cjk-engine.def"
("D:\Program Files\CTEX\MiKTeX\tex\latex\cjk\CJKutf8.sty"
Package: CJKutf8 2008/12/29 4.8.2

("D:\Program Files\CTEX\MiKTeX\tex\latex\base\inputenc.sty"
Package: inputenc 2008/03/30 v1.1d Input encoding file
\inpenc@prehook=\toks15
\inpenc@posthook=\toks16

("D:\Program Files\CTEX\MiKTeX\tex\latex\base\utf8.def"
File: utf8.def 2008/04/05 v1.1m UTF-8 support for inputenc
Now handling font encoding OML ...
... no UTF-8 mapping file for font encoding OML
Now handling font encoding T1 ...
... processing UTF-8 mapping file for font encoding T1

("D:\Program Files\CTEX\MiKTeX\tex\latex\base\t1enc.dfu"
File: t1enc.dfu 2008/04/05 v1.1m UTF-8 support for inputenc
   defining Unicode char U+00A1 (decimal 161)
   defining Unicode char U+00A3 (decimal 163)
   defining Unicode char U+00AB (decimal 171)
   defining Unicode char U+00BB (decimal 187)
   defining Unicode char U+00BF (decimal 191)
   defining Unicode char U+00C0 (decimal 192)
   defining Unicode char U+00C1 (decimal 193)
   defining Unicode char U+00C2 (decimal 194)
   defining Unicode char U+00C3 (decimal 195)
   defining Unicode char U+00C4 (decimal 196)
   defining Unicode char U+00C5 (decimal 197)
   defining Unicode char U+00C6 (decimal 198)
   defining Unicode char U+00C7 (decimal 199)
   defining Unicode char U+00C8 (decimal 200)
   defining Unicode char U+00C9 (decimal 201)
   defining Unicode char U+00CA (decimal 202)
   defining Unicode char U+00CB (decimal 203)
   defining Unicode char U+00CC (decimal 204)
   defining Unicode char U+00CD (decimal 205)
   defining Unicode char U+00CE (decimal 206)
   defining Unicode char U+00CF (decimal 207)
   defining Unicode char U+00D0 (decimal 208)
   defining Unicode char U+00D1 (decimal 209)
   defining Unicode char U+00D2 (decimal 210)
   defining Unicode char U+00D3 (decimal 211)
   defining Unicode char U+00D4 (decimal 212)
   defining Unicode char U+00D5 (decimal 213)
   defining Unicode char U+00D6 (decimal 214)
   defining Unicode char U+00D8 (decimal 216)
   defining Unicode char U+00D9 (decimal 217)
   defining Unicode char U+00DA (decimal 218)
   defining Unicode char U+00DB (decimal 219)
   defining Unicode char U+00DC (decimal 220)
   defining Unicode char U+00DD (decimal 221)
   defining Unicode char U+00DE (decimal 222)
   defining Unicode char U+00DF (decimal 223)
   defining Unicode char U+00E0 (decimal 224)
   defining Unicode char U+00E1 (decimal 225)
   defining Unicode char U+00E2 (decimal 226)
   defining Unicode char U+00E3 (decimal 227)
   defining Unicode char U+00E4 (decimal 228)
   defining Unicode char U+00E5 (decimal 229)
   defining Unicode char U+00E6 (decimal 230)
   defining Unicode char U+00E7 (decimal 231)
   defining Unicode char U+00E8 (decimal 232)
   defining Unicode char U+00E9 (decimal 233)
   defining Unicode char U+00EA (decimal 234)
   defining Unicode char U+00EB (decimal 235)
   defining Unicode char U+00EC (decimal 236)
   defining Unicode char U+00ED (decimal 237)
   defining Unicode char U+00EE (decimal 238)
   defining Unicode char U+00EF (decimal 239)
   defining Unicode char U+00F0 (decimal 240)
   defining Unicode char U+00F1 (decimal 241)
   defining Unicode char U+00F2 (decimal 242)
   defining Unicode char U+00F3 (decimal 243)
   defining Unicode char U+00F4 (decimal 244)
   defining Unicode char U+00F5 (decimal 245)
   defining Unicode char U+00F6 (decimal 246)
   defining Unicode char U+00F8 (decimal 248)
   defining Unicode char U+00F9 (decimal 249)
   defining Unicode char U+00FA (decimal 250)
   defining Unicode char U+00FB (decimal 251)
   defining Unicode char U+00FC (decimal 252)
   defining Unicode char U+00FD (decimal 253)
   defining Unicode char U+00FE (decimal 254)
   defining Unicode char U+00FF (decimal 255)
   defining Unicode char U+0102 (decimal 258)
   defining Unicode char U+0103 (decimal 259)
   defining Unicode char U+0104 (decimal 260)
   defining Unicode char U+0105 (decimal 261)
   defining Unicode char U+0106 (decimal 262)
   defining Unicode char U+0107 (decimal 263)
   defining Unicode char U+010C (decimal 268)
   defining Unicode char U+010D (decimal 269)
   defining Unicode char U+010E (decimal 270)
   defining Unicode char U+010F (decimal 271)
   defining Unicode char U+0110 (decimal 272)
   defining Unicode char U+0111 (decimal 273)
   defining Unicode char U+0118 (decimal 280)
   defining Unicode char U+0119 (decimal 281)
   defining Unicode char U+011A (decimal 282)
   defining Unicode char U+011B (decimal 283)
   defining Unicode char U+011E (decimal 286)
   defining Unicode char U+011F (decimal 287)
   defining Unicode char U+0130 (decimal 304)
   defining Unicode char U+0131 (decimal 305)
   defining Unicode char U+0132 (decimal 306)
   defining Unicode char U+0133 (decimal 307)
   defining Unicode char U+0139 (decimal 313)
   defining Unicode char U+013A (decimal 314)
   defining Unicode char U+013D (decimal 317)
   defining Unicode char U+013E (decimal 318)
   defining Unicode char U+0141 (decimal 321)
   defining Unicode char U+0142 (decimal 322)
   defining Unicode char U+0143 (decimal 323)
   defining Unicode char U+0144 (decimal 324)
   defining Unicode char U+0147 (decimal 327)
   defining Unicode char U+0148 (decimal 328)
   defining Unicode char U+014A (decimal 330)
   defining Unicode char U+014B (decimal 331)
   defining Unicode char U+0150 (decimal 336)
   defining Unicode char U+0151 (decimal 337)
   defining Unicode char U+0152 (decimal 338)
   defining Unicode char U+0153 (decimal 339)
   defining Unicode char U+0154 (decimal 340)
   defining Unicode char U+0155 (decimal 341)
   defining Unicode char U+0158 (decimal 344)
   defining Unicode char U+0159 (decimal 345)
   defining Unicode char U+015A (decimal 346)
   defining Unicode char U+015B (decimal 347)
   defining Unicode char U+015E (decimal 350)
   defining Unicode char U+015F (decimal 351)
   defining Unicode char U+0160 (decimal 352)
   defining Unicode char U+0161 (decimal 353)
   defining Unicode char U+0162 (decimal 354)
   defining Unicode char U+0163 (decimal 355)
   defining Unicode char U+0164 (decimal 356)
   defining Unicode char U+0165 (decimal 357)
   defining Unicode char U+016E (decimal 366)
   defining Unicode char U+016F (decimal 367)
   defining Unicode char U+0170 (decimal 368)
   defining Unicode char U+0171 (decimal 369)
   defining Unicode char U+0178 (decimal 376)
   defining Unicode char U+0179 (decimal 377)
   defining Unicode char U+017A (decimal 378)
   defining Unicode char U+017B (decimal 379)
   defining Unicode char U+017C (decimal 380)
   defining Unicode char U+017D (decimal 381)
   defining Unicode char U+017E (decimal 382)
   defining Unicode char U+200C (decimal 8204)
   defining Unicode char U+2013 (decimal 8211)
   defining Unicode char U+2014 (decimal 8212)
   defining Unicode char U+2018 (decimal 8216)
   defining Unicode char U+2019 (decimal 8217)
   defining Unicode char U+201A (decimal 8218)
   defining Unicode char U+201C (decimal 8220)
   defining Unicode char U+201D (decimal 8221)
   defining Unicode char U+201E (decimal 8222)
   defining Unicode char U+2030 (decimal 8240)
   defining Unicode char U+2031 (decimal 8241)
   defining Unicode char U+2039 (decimal 8249)
   defining Unicode char U+203A (decimal 8250)
   defining Unicode char U+2423 (decimal 9251)
)
Now handling font encoding OT1 ...
... processing UTF-8 mapping file for font encoding OT1

("D:\Program Files\CTEX\MiKTeX\tex\latex\base\ot1enc.dfu"
File: ot1enc.dfu 2008/04/05 v1.1m UTF-8 support for inputenc
   defining Unicode char U+00A1 (decimal 161)
   defining Unicode char U+00A3 (decimal 163)
   defining Unicode char U+00B8 (decimal 184)
   defining Unicode char U+00BF (decimal 191)
   defining Unicode char U+00C5 (decimal 197)
   defining Unicode char U+00C6 (decimal 198)
   defining Unicode char U+00D8 (decimal 216)
   defining Unicode char U+00DF (decimal 223)
   defining Unicode char U+00E6 (decimal 230)
   defining Unicode char U+00EC (decimal 236)
   defining Unicode char U+00ED (decimal 237)
   defining Unicode char U+00EE (decimal 238)
   defining Unicode char U+00EF (decimal 239)
   defining Unicode char U+00F8 (decimal 248)
   defining Unicode char U+0131 (decimal 305)
   defining Unicode char U+0141 (decimal 321)
   defining Unicode char U+0142 (decimal 322)
   defining Unicode char U+0152 (decimal 338)
   defining Unicode char U+0153 (decimal 339)
   defining Unicode char U+2013 (decimal 8211)
   defining Unicode char U+2014 (decimal 8212)
   defining Unicode char U+2018 (decimal 8216)
   defining Unicode char U+2019 (decimal 8217)
   defining Unicode char U+201C (decimal 8220)
   defining Unicode char U+201D (decimal 8221)
)
Now handling font encoding OMS ...
... processing UTF-8 mapping file for font encoding OMS

("D:\Program Files\CTEX\MiKTeX\tex\latex\base\omsenc.dfu"
File: omsenc.dfu 2008/04/05 v1.1m UTF-8 support for inputenc
   defining Unicode char U+00A7 (decimal 167)
   defining Unicode char U+00B6 (decimal 182)
   defining Unicode char U+00B7 (decimal 183)
   defining Unicode char U+2020 (decimal 8224)
   defining Unicode char U+2021 (decimal 8225)
   defining Unicode char U+2022 (decimal 8226)
)
Now handling font encoding OMX ...
... no UTF-8 mapping file for font encoding OMX
Now handling font encoding U ...
... no UTF-8 mapping file for font encoding U
Now handling font encoding TS1 ...
... processing UTF-8 mapping file for font encoding TS1

("D:\Program Files\CTEX\MiKTeX\tex\latex\base\ts1enc.dfu"
File: ts1enc.dfu 2008/04/05 v1.1m UTF-8 support for inputenc
   defining Unicode char U+00A2 (decimal 162)
   defining Unicode char U+00A3 (decimal 163)
   defining Unicode char U+00A4 (decimal 164)
   defining Unicode char U+00A5 (decimal 165)
   defining Unicode char U+00A6 (decimal 166)
   defining Unicode char U+00A7 (decimal 167)
   defining Unicode char U+00A8 (decimal 168)
   defining Unicode char U+00A9 (decimal 169)
   defining Unicode char U+00AA (decimal 170)
   defining Unicode char U+00AC (decimal 172)
   defining Unicode char U+00AE (decimal 174)
   defining Unicode char U+00AF (decimal 175)
   defining Unicode char U+00B0 (decimal 176)
   defining Unicode char U+00B1 (decimal 177)
   defining Unicode char U+00B2 (decimal 178)
   defining Unicode char U+00B3 (decimal 179)
   defining Unicode char U+00B4 (decimal 180)
   defining Unicode char U+00B5 (decimal 181)
   defining Unicode char U+00B6 (decimal 182)
   defining Unicode char U+00B7 (decimal 183)
   defining Unicode char U+00B9 (decimal 185)
   defining Unicode char U+00BA (decimal 186)
   defining Unicode char U+00BC (decimal 188)
   defining Unicode char U+00BD (decimal 189)
   defining Unicode char U+00BE (decimal 190)
   defining Unicode char U+00D7 (decimal 215)
   defining Unicode char U+00F7 (decimal 247)
   defining Unicode char U+0192 (decimal 402)
   defining Unicode char U+02C7 (decimal 711)
   defining Unicode char U+02D8 (decimal 728)
   defining Unicode char U+02DD (decimal 733)
   defining Unicode char U+0E3F (decimal 3647)
   defining Unicode char U+2016 (decimal 8214)
   defining Unicode char U+2020 (decimal 8224)
   defining Unicode char U+2021 (decimal 8225)
   defining Unicode char U+2022 (decimal 8226)
   defining Unicode char U+2030 (decimal 8240)
   defining Unicode char U+2031 (decimal 8241)
   defining Unicode char U+203B (decimal 8251)
   defining Unicode char U+203D (decimal 8253)
   defining Unicode char U+2044 (decimal 8260)
   defining Unicode char U+204E (decimal 8270)
   defining Unicode char U+2052 (decimal 8274)
   defining Unicode char U+20A1 (decimal 8353)
   defining Unicode char U+20A4 (decimal 8356)
   defining Unicode char U+20A6 (decimal 8358)
   defining Unicode char U+20A9 (decimal 8361)
   defining Unicode char U+20AB (decimal 8363)
   defining Unicode char U+20AC (decimal 8364)
   defining Unicode char U+20B1 (decimal 8369)
   defining Unicode char U+2103 (decimal 8451)
   defining Unicode char U+2116 (decimal 8470)
   defining Unicode char U+2117 (decimal 8471)
   defining Unicode char U+211E (decimal 8478)
   defining Unicode char U+2120 (decimal 8480)
   defining Unicode char U+2122 (decimal 8482)
   defining Unicode char U+2126 (decimal 8486)
   defining Unicode char U+2127 (decimal 8487)
   defining Unicode char U+212E (decimal 8494)
   defining Unicode char U+2190 (decimal 8592)
   defining Unicode char U+2191 (decimal 8593)
   defining Unicode char U+2192 (decimal 8594)
   defining Unicode char U+2193 (decimal 8595)
   defining Unicode char U+2329 (decimal 9001)
   defining Unicode char U+232A (decimal 9002)
   defining Unicode char U+2422 (decimal 9250)
   defining Unicode char U+25E6 (decimal 9702)
   defining Unicode char U+25EF (decimal 9711)
   defining Unicode char U+266A (decimal 9834)
)
   defining Unicode char U+00A9 (decimal 169)
   defining Unicode char U+00AA (decimal 170)
   defining Unicode char U+00AE (decimal 174)
   defining Unicode char U+00BA (decimal 186)
   defining Unicode char U+02C6 (decimal 710)
   defining Unicode char U+02DC (decimal 732)
   defining Unicode char U+200C (decimal 8204)
   defining Unicode char U+2026 (decimal 8230)
   defining Unicode char U+2122 (decimal 8482)
   defining Unicode char U+2423 (decimal 9251)
))
("D:\Program Files\CTEX\MiKTeX\tex\latex\cjk\CJK.sty"
Package: CJK 2008/12/29 4.8.2

("D:\Program Files\CTEX\MiKTeX\tex\latex\cjk\mule\MULEenc.sty"
Package: MULEenc 2008/12/29 4.8.2
)
("D:\Program Files\CTEX\MiKTeX\tex\latex\cjk\CJK.enc"
File: CJK.enc 2008/12/29 4.8.2
Now handling font encoding C00 ...
... no UTF-8 mapping file for font encoding C00
Now handling font encoding C05 ...
... no UTF-8 mapping file for font encoding C05
Now handling font encoding C09 ...
... no UTF-8 mapping file for font encoding C09
Now handling font encoding C10 ...
... no UTF-8 mapping file for font encoding C10
Now handling font encoding C20 ...
... no UTF-8 mapping file for font encoding C20
Now handling font encoding C19 ...
... no UTF-8 mapping file for font encoding C19
Now handling font encoding C40 ...
... no UTF-8 mapping file for font encoding C40
Now handling font encoding C42 ...
... no UTF-8 mapping file for font encoding C42
Now handling font encoding C43 ...
... no UTF-8 mapping file for font encoding C43
Now handling font encoding C50 ...
... no UTF-8 mapping file for font encoding C50
Now handling font encoding C52 ...
... no UTF-8 mapping file for font encoding C52
Now handling font encoding C49 ...
... no UTF-8 mapping file for font encoding C49
Now handling font encoding C60 ...
... no UTF-8 mapping file for font encoding C60
Now handling font encoding C61 ...
... no UTF-8 mapping file for font encoding C61
Now handling font encoding C63 ...
... no UTF-8 mapping file for font encoding C63
Now handling font encoding C64 ...
... no UTF-8 mapping file for font encoding C64
Now handling font encoding C65 ...
... no UTF-8 mapping file for font encoding C65
Now handling font encoding C70 ...
... no UTF-8 mapping file for font encoding C70
Now handling font encoding C31 ...
... no UTF-8 mapping file for font encoding C31
Now handling font encoding C32 ...
... no UTF-8 mapping file for font encoding C32
Now handling font encoding C33 ...
... no UTF-8 mapping file for font encoding C33
Now handling font encoding C34 ...
... no UTF-8 mapping file for font encoding C34
Now handling font encoding C35 ...
... no UTF-8 mapping file for font encoding C35
Now handling font encoding C36 ...
... no UTF-8 mapping file for font encoding C36
Now handling font encoding C37 ...
... no UTF-8 mapping file for font encoding C37
Now handling font encoding C80 ...
... no UTF-8 mapping file for font encoding C80
Now handling font encoding C81 ...
... no UTF-8 mapping file for font encoding C81
Now handling font encoding C01 ...
... no UTF-8 mapping file for font encoding C01
Now handling font encoding C11 ...
... no UTF-8 mapping file for font encoding C11
Now handling font encoding C21 ...
... no UTF-8 mapping file for font encoding C21
Now handling font encoding C41 ...
... no UTF-8 mapping file for font encoding C41
Now handling font encoding C62 ...
... no UTF-8 mapping file for font encoding C62
)
LaTeX Info: Redefining \selectfont on input line 756.
\CJK@indent=\box35
)
("D:\Program Files\CTEX\MiKTeX\tex\latex\base\fontenc.sty"
Package: fontenc 2005/09/27 v1.99g Standard LaTeX package
))
("D:\Program Files\CTEX\CTeX\tex\latex\CJKpunct\CJKpunct.sty"
Package: CJKpunct 2010/02/21 4.8.2-2
\CJKpunct@cnta=\count160
\CJKpunct@cntb=\count161
\CJKpunct@cntc=\count162
\CJKpunct@cntd=\count163
\CJKpunct@cnte=\count164
   defining Unicode char U+2018 (decimal 8216)
   defining Unicode char U+2019 (decimal 8217)
   defining Unicode char U+201C (decimal 8220)
   defining Unicode char U+201D (decimal 8221)
   defining Unicode char U+2014 (decimal 8212)
   defining Unicode char U+2026 (decimal 8230)

("D:\Program Files\CTEX\CTeX\tex\latex\CJKpunct\CJKpunct.spa"))
("D:\Program Files\CTEX\MiKTeX\tex\latex\ctex\engine\ctex-cjk-common.def"
\ccwd=\dimen138
)
("D:\Program Files\CTEX\MiKTeX\tex\latex\ctex\fontset\ctex-cjk-winfonts.def"
("D:\Program Files\CTEX\MiKTeX\tex\generic\zhmetrics\zhwinfonts.tex"
("D:\Program Files\CTEX\MiKTeX\tex\generic\oberdiek\ifpdf.sty"
Package ifpdf Info: The package is already loaded, stopped on input line 64.
){D:/Program Files/CTEX/UserData/pdftex/config/pdftex.map{Unicode.sfd}{UGBK.sfd
}})))
\CTEX@q=\count165
\CTEX@r=\count166
)
("D:\Program Files\CTEX\MiKTeX\tex\latex\ctex\def\ctex-caption.def")
("D:\Program Files\CTEX\MiKTeX\tex\latex\ctex\def\ctex-class.def")
("D:\Program Files\CTEX\MiKTeX\tex\latex\ctex\def\ctex-article.def"))
("D:\Program Files\CTEX\MiKTeX\tex\latex\ctex\def\ctex-utf8.def")
("D:\Program Files\CTEX\MiKTeX\tex\latex\ctex\cfg\ctexcap.cfg"
("D:\Program Files\CTEX\MiKTeX\tex\latex\ctex\cfg\ctexcap-utf8.cfg"))
("D:\Program Files\CTEX\MiKTeX\tex\latex\ctex\cfg\ctex.cfg")
("D:\Program Files\CTEX\MiKTeX\tex\latex\geometry\geometry.sty"
Package: geometry 2010/09/12 v5.6 Page Geometry

("D:\Program Files\CTEX\MiKTeX\tex\generic\oberdiek\ifvtex.sty"
Package: ifvtex 2010/03/01 v1.5 Switches for detecting VTeX and its modes (HO)
Package ifvtex Info: VTeX not detected.
)
\Gm@cnth=\count167
\Gm@cntv=\count168
\c@Gm@tempcnt=\count169
\Gm@bindingoffset=\dimen139
\Gm@wd@mp=\dimen140
\Gm@odd@mp=\dimen141
\Gm@even@mp=\dimen142
\Gm@layoutwidth=\dimen143
\Gm@layoutheight=\dimen144
\Gm@layouthoffset=\dimen145
\Gm@layoutvoffset=\dimen146
\Gm@dimlist=\toks17

("D:\Program Files\CTEX\MiKTeX\tex\latex\geometry\geometry.cfg"))
("D:\Program Files\CTEX\UserData\tex\latex\enumitem\enumitem.sty"
Package: enumitem 2011/09/28 v3.5.2 Customized lists
\labelindent=\skip49
\enit@outerparindent=\dimen147
\enit@toks=\toks18
\enit@inbox=\box36
\enitdp@description=\count170
)
("D:\Program Files\CTEX\MiKTeX\tex\latex\graphics\graphicx.sty"
Package: graphicx 1999/02/16 v1.0f Enhanced LaTeX Graphics (DPC,SPQR)
\Gin@req@height=\dimen148
\Gin@req@width=\dimen149
)
("D:\Program Files\CTEX\MiKTeX\tex\latex\ams\math\amsmath.sty"
Package: amsmath 2000/07/18 v2.13 AMS math features
\@mathmargin=\skip50

For additional information on amsmath, use the `?' option.
("D:\Program Files\CTEX\MiKTeX\tex\latex\ams\math\amstext.sty"
Package: amstext 2000/06/29 v2.01

("D:\Program Files\CTEX\MiKTeX\tex\latex\ams\math\amsgen.sty"
File: amsgen.sty 1999/11/30 v2.0
\@emptytoks=\toks19
\ex@=\dimen150
))
("D:\Program Files\CTEX\MiKTeX\tex\latex\ams\math\amsbsy.sty"
Package: amsbsy 1999/11/29 v1.2d
\pmbraise@=\dimen151
)
("D:\Program Files\CTEX\MiKTeX\tex\latex\ams\math\amsopn.sty"
Package: amsopn 1999/12/14 v2.01 operator names
)
\inf@bad=\count171
LaTeX Info: Redefining \frac on input line 211.
\uproot@=\count172
\leftroot@=\count173
LaTeX Info: Redefining \overline on input line 307.
\classnum@=\count174
\DOTSCASE@=\count175
LaTeX Info: Redefining \ldots on input line 379.
LaTeX Info: Redefining \dots on input line 382.
LaTeX Info: Redefining \cdots on input line 467.
\Mathstrutbox@=\box37
\strutbox@=\box38
\big@size=\dimen152
LaTeX Font Info:    Redeclaring font encoding OML on input line 567.
LaTeX Font Info:    Redeclaring font encoding OMS on input line 568.
\macc@depth=\count176
\c@MaxMatrixCols=\count177
\dotsspace@=\muskip10
\c@parentequation=\count178
\dspbrk@lvl=\count179
\tag@help=\toks20
\row@=\count180
\column@=\count181
\maxfields@=\count182
\andhelp@=\toks21
\eqnshift@=\dimen153
\alignsep@=\dimen154
\tagshift@=\dimen155
\tagwidth@=\dimen156
\totwidth@=\dimen157
\lineht@=\dimen158
\@envbody=\toks22
\multlinegap=\skip51
\multlinetaggap=\skip52
\mathdisplay@stack=\toks23
LaTeX Info: Redefining \[ on input line 2666.
LaTeX Info: Redefining \] on input line 2667.
)
("D:\Program Files\CTEX\MiKTeX\tex\latex\amsfonts\amssymb.sty"
Package: amssymb 2009/06/22 v3.00

("D:\Program Files\CTEX\MiKTeX\tex\latex\amsfonts\amsfonts.sty"
Package: amsfonts 2009/06/22 v3.00 Basic AMSFonts support
\symAMSa=\mathgroup4
\symAMSb=\mathgroup5
LaTeX Font Info:    Overwriting math alphabet `\mathfrak' in version `bold'
(Font)                  U/euf/m/n --> U/euf/b/n on input line 96.
))
("D:\Program Files\CTEX\UserData\tex\latex\ntheorem\ntheorem.sty"
Style `ntheorem', Version 1.33 <2011/08/15>
Package: ntheorem 2011/08/15 1.33
("D:\Program Files\CTEX\MiKTeX\tex\latex\base\ifthen.sty"
Package: ifthen 2001/05/26 v1.1c Standard LaTeX ifthen package (DPC)
)
\theorem@style=\toks24
\theorem@@style=\toks25
\theorembodyfont=\toks26
\theoremnumbering=\toks27
\theorempreskipamount=\skip53
\theorempostskipamount=\skip54
\theoremframepreskipamount=\skip55
\theoremframepostskipamount=\skip56
\theoreminframepreskipamount=\skip57
\theoreminframepostskipamount=\skip58
\theorem@preskip=\toks28
\theorem@postskip=\toks29
\theorem@framepreskip=\toks30
\theorem@framepostskip=\toks31
\theorem@inframepreskip=\toks32
\theorem@inframepostskip=\toks33
\theoremindent=\dimen159
\theorem@indent=\dimen160
\theoremrightindent=\dimen161
\theorem@rightindent=\dimen162
\theoremheaderfont=\toks34
\theoremseparator=\toks35
\theoremprework=\toks36
\theorempostwork=\toks37
\theoremsymbol=\toks38
\qedsymbol=\toks39
\theoremkeyword=\toks40
\qedsymbol=\toks41
\thm@topsep=\skip59
\thm@topsepadd=\skip60
Package ntheorem Info: Option `thmmarks' loaded on input line 1175.
\c@endNonectr=\count183
\c@currNonectr=\count184
\mysavskip=\skip61
Package ntheorem Info: Option `thref' loaded on input line 1175.
\mysavskip=\skip62
Package ntheorem Info: option `amsmath' handling for `thref' loaded on input li
ne 1175.
Package ntheorem Info: option `amsmath' handling for `thmmarks' loaded on input
 line 1175.
\thm@amstmpdepth=\dimen163
\tagwidth=\dimen164
)
\c@currproofctr=\count185
\c@endproofctr=\count186
\c@proof=\count187

(E:\ÈõÜËÆ≠Èòü‰Ωú‰∏ö\team_homework\Ê≥õÂÅöË°®Ê†º.aux)
LaTeX Font Info:    Checking defaults for OML/cmm/m/it on input line 15.
LaTeX Font Info:    ... okay on input line 15.
LaTeX Font Info:    Checking defaults for T1/cmr/m/n on input line 15.
LaTeX Font Info:    ... okay on input line 15.
LaTeX Font Info:    Checking defaults for OT1/cmr/m/n on input line 15.
LaTeX Font Info:    ... okay on input line 15.
LaTeX Font Info:    Checking defaults for OMS/cmsy/m/n on input line 15.
LaTeX Font Info:    ... okay on input line 15.
LaTeX Font Info:    Checking defaults for OMX/cmex/m/n on input line 15.
LaTeX Font Info:    ... okay on input line 15.
LaTeX Font Info:    Checking defaults for U/cmr/m/n on input line 15.
LaTeX Font Info:    ... okay on input line 15.
LaTeX Font Info:    Checking defaults for TS1/cmr/m/n on input line 15.
LaTeX Font Info:    ... okay on input line 15.
LaTeX Font Info:    Checking defaults for C00/song/m/n on input line 15.
LaTeX Font Info:    ... okay on input line 15.
LaTeX Font Info:    Checking defaults for C05/song/m/n on input line 15.
LaTeX Font Info:    ... okay on input line 15.
LaTeX Font Info:    Checking defaults for C09/song/m/n on input line 15.
LaTeX Font Info:    ... okay on input line 15.
LaTeX Font Info:    Checking defaults for C10/song/m/n on input line 15.
LaTeX Font Info:    ... okay on input line 15.
LaTeX Font Info:    Checking defaults for C20/song/m/n on input line 15.
LaTeX Font Info:    ... okay on input line 15.
LaTeX Font Info:    Checking defaults for C19/song/m/n on input line 15.
LaTeX Font Info:    ... okay on input line 15.
LaTeX Font Info:    Checking defaults for C40/song/m/n on input line 15.
LaTeX Font Info:    ... okay on input line 15.
LaTeX Font Info:    Checking defaults for C42/song/m/n on input line 15.
LaTeX Font Info:    ... okay on input line 15.
LaTeX Font Info:    Checking defaults for C43/song/m/n on input line 15.
LaTeX Font Info:    ... okay on input line 15.
LaTeX Font Info:    Checking defaults for C50/song/m/n on input line 15.
LaTeX Font Info:    ... okay on input line 15.
LaTeX Font Info:    Checking defaults for C52/song/m/n on input line 15.
LaTeX Font Info:    ... okay on input line 15.
LaTeX Font Info:    Checking defaults for C49/song/m/n on input line 15.
LaTeX Font Info:    ... okay on input line 15.
LaTeX Font Info:    Checking defaults for C60/mj/m/n on input line 15.
LaTeX Font Info:    ... okay on input line 15.
LaTeX Font Info:    Checking defaults for C61/mj/m/n on input line 15.
LaTeX Font Info:    ... okay on input line 15.
LaTeX Font Info:    Checking defaults for C63/mj/m/n on input line 15.
LaTeX Font Info:    ... okay on input line 15.
LaTeX Font Info:    Checking defaults for C64/mj/m/n on input line 15.
LaTeX Font Info:    ... okay on input line 15.
LaTeX Font Info:    Checking defaults for C65/mj/m/n on input line 15.
LaTeX Font Info:    ... okay on input line 15.
LaTeX Font Info:    Checking defaults for C70/song/m/n on input line 15.
LaTeX Font Info:    ... okay on input line 15.
LaTeX Font Info:    Checking defaults for C31/song/m/n on input line 15.
LaTeX Font Info:    ... okay on input line 15.
LaTeX Font Info:    Checking defaults for C32/song/m/n on input line 15.
LaTeX Font Info:    ... okay on input line 15.
LaTeX Font Info:    Checking defaults for C33/song/m/n on input line 15.
LaTeX Font Info:    ... okay on input line 15.
LaTeX Font Info:    Checking defaults for C34/song/m/n on input line 15.
LaTeX Font Info:    ... okay on input line 15.
LaTeX Font Info:    Checking defaults for C35/song/m/n on input line 15.
LaTeX Font Info:    ... okay on input line 15.
LaTeX Font Info:    Checking defaults for C36/song/m/n on input line 15.
LaTeX Font Info:    ... okay on input line 15.
LaTeX Font Info:    Checking defaults for C37/song/m/n on input line 15.
LaTeX Font Info:    ... okay on input line 15.
LaTeX Font Info:    Checking defaults for C80/song/m/n on input line 15.
LaTeX Font Info:    ... okay on input line 15.
LaTeX Font Info:    Checking defaults for C81/song/m/n on input line 15.
LaTeX Font Info:    ... okay on input line 15.
LaTeX Font Info:    Checking defaults for C01/song/m/n on input line 15.
LaTeX Font Info:    ... okay on input line 15.
LaTeX Font Info:    Checking defaults for C11/song/m/n on input line 15.
LaTeX Font Info:    ... okay on input line 15.
LaTeX Font Info:    Checking defaults for C21/song/m/n on input line 15.
LaTeX Font Info:    ... okay on input line 15.
LaTeX Font Info:    Checking defaults for C41/song/m/n on input line 15.
LaTeX Font Info:    ... okay on input line 15.
LaTeX Font Info:    Checking defaults for C62/song/m/n on input line 15.
LaTeX Font Info:    ... okay on input line 15.

("D:\Program Files\CTEX\MiKTeX\tex\context\base\supp-pdf.mkii"
[Loading MPS to PDF converter (version 2006.09.02).]
\scratchcounter=\count188
\scratchdimen=\dimen165
\scratchbox=\box39
\nofMPsegments=\count189
\nofMParguments=\count190
\everyMPshowfont=\toks42
\MPscratchCnt=\count191
\MPscratchDim=\dimen166
\MPnumerator=\count192
\makeMPintoPDFobject=\count193
\everyMPtoPDFconversion=\toks43
)
*geometry* driver: auto-detecting
*geometry* detected driver: pdftex
*geometry* verbose mode - [ preamble ] result:
* driver: pdftex
* paper: <default>
* layout: <same size as paper>
* layoutoffset:(h,v)=(0.0pt,0.0pt)
* modes: 
* h-part:(L,W,R)=(90.3375pt, 433.62001pt, 90.3375pt)
* v-part:(T,H,B)=(72.26999pt, 650.43001pt, 72.26999pt)
* \paperwidth=614.295pt
* \paperheight=794.96999pt
* \textwidth=433.62001pt
* \textheight=650.43001pt
* \oddsidemargin=18.0675pt
* \evensidemargin=18.0675pt
* \topmargin=-37.0pt
* \headheight=12.0pt
* \headsep=25.0pt
* \topskip=10.0pt
* \footskip=30.0pt
* \marginparwidth=65.0pt
* \marginparsep=11.0pt
* \columnsep=10.0pt
* \skip\footins=9.0pt plus 4.0pt minus 2.0pt
* \hoffset=0.0pt
* \voffset=0.0pt
* \mag=1000
* \@twocolumnfalse
* \@twosidefalse
* \@mparswitchfalse
* \@reversemarginfalse
* (1in=72.27pt=25.4mm, 1cm=28.453pt)

("D:\Program Files\CTEX\MiKTeX\tex\latex\cjk\UTF8\UTF8.bdg"
File: UTF8.bdg 2008/12/29 4.8.2
)
("D:\Program Files\CTEX\MiKTeX\tex\latex\cjk\UTF8\UTF8.enc"
File: UTF8.enc 2008/12/29 4.8.2
)
("D:\Program Files\CTEX\MiKTeX\tex\latex\cjk\UTF8\UTF8.chr"
File: UTF8.chr 2008/12/29 4.8.2
)
LaTeX Font Info:    Try loading font information for C70+rm on input line 17.

("D:\Program Files\CTEX\MiKTeX\tex\latex\ctex\fd\c70rm.fd"
File: c70rm.fd 2007/05/06 v0.8a ctexutf8 font definition file
)
LaTeX Font Info:    Try loading font information for U+msa on input line 17.

("D:\Program Files\CTEX\MiKTeX\tex\latex\amsfonts\umsa.fd"
File: umsa.fd 2009/06/22 v3.00 AMS symbols A
)
LaTeX Font Info:    Try loading font information for U+msb on input line 17.

("D:\Program Files\CTEX\MiKTeX\tex\latex\amsfonts\umsb.fd"
File: umsb.fd 2009/06/22 v3.00 AMS symbols B
)
(E:\ÈõÜËÆ≠Èòü‰Ωú‰∏ö\team_homework\Ê≥õÂÅöË°®Ê†º.toc [1

] [2] [3])
\tf@toc=\write3
 [4]
Underfull \hbox (badness 10000) in paragraph at lines 25--26

 []

Package CJKpunct Info: punctuation spaces for family 'zhsong' do not exist. Use
 family 'def' instead. on input line 27.

Underfull \hbox (badness 10000) in paragraph at lines 29--30

 []


Underfull \hbox (badness 10000) in paragraph at lines 37--38

 []


Underfull \hbox (badness 10000) in paragraph at lines 43--44

 []

[5]
Underfull \hbox (badness 10000) in paragraph at lines 54--55

 []


Underfull \hbox (badness 10000) in paragraph at lines 58--59

 []


Underfull \hbox (badness 10000) in paragraph at lines 64--65

 []


Underfull \hbox (badness 10000) in paragraph at lines 68--69

 []

[6]
Underfull \hbox (badness 10000) in paragraph at lines 79--80

 []


Underfull \hbox (badness 10000) in paragraph at lines 85--86

 []


Underfull \hbox (badness 10000) in paragraph at lines 89--90

 []


Underfull \hbox (badness 10000) in paragraph at lines 95--96

 []

[7]
Underfull \hbox (badness 10000) in paragraph at lines 101--102

 []


Underfull \hbox (badness 10000) in paragraph at lines 105--106

 []


Underfull \hbox (badness 10000) in paragraph at lines 109--110

 []


Underfull \hbox (badness 10000) in paragraph at lines 115--116

 []


Underfull \hbox (badness 10000) in paragraph at lines 119--120

 []

[8]
Underfull \hbox (badness 10000) in paragraph at lines 123--124

 []


Underfull \hbox (badness 10000) in paragraph at lines 129--130

 []


Underfull \hbox (badness 10000) in paragraph at lines 135--136

 []

<_cf243e/fig1.png, id=192, 484.05844pt x 234.8775pt>
File: _cf243e/fig1.png Graphic file (type png)
 <use _cf243e/fig1.png>
Package pdftex.def Info: _cf243e/fig1.png used on input line 145.
(pdftex.def)             Requested size: 195.12767pt x 94.68045pt.

<_cf243e/fig2.png, id=193, 517.935pt x 237.88875pt>
File: _cf243e/fig2.png Graphic file (type png)
 <use _cf243e/fig2.png>
Package pdftex.def Info: _cf243e/fig2.png used on input line 150.
(pdftex.def)             Requested size: 195.12767pt x 89.62186pt.

Underfull \hbox (badness 10000) in paragraph at lines 159--160

 []

[9]
Underfull \hbox (badness 10000) in paragraph at lines 165--166

 []


Underfull \hbox (badness 10000) in paragraph at lines 169--170

 []


Underfull \hbox (badness 10000) in paragraph at lines 173--174

 []


Underfull \hbox (badness 10000) in paragraph at lines 179--180

 []

[10 <E:/ÈõÜËÆ≠Èòü‰Ωú‰∏ö/team_homework/_cf243e/fig1.png> <E:/ÈõÜËÆ≠Èòü‰Ωú‰∏ö/tea
m_homework/_cf243e/fig2.png>]
<fig249e_1.png, id=202, 218.31563pt x 134.00063pt>
File: fig249e_1.png Graphic file (type png)
 <use fig249e_1.png>
Package pdftex.def Info: fig249e_1.png used on input line 185.
(pdftex.def)             Requested size: 303.53267pt x 186.30733pt.

Underfull \hbox (badness 10000) in paragraph at lines 189--190

 []


Underfull \hbox (badness 10000) in paragraph at lines 197--198

 []

[11 <E:/ÈõÜËÆ≠Èòü‰Ωú‰∏ö/team_homework/fig249e_1.png>]
Underfull \hbox (badness 10000) in paragraph at lines 203--204

 []


Underfull \hbox (badness 10000) in paragraph at lines 207--208

 []


Underfull \hbox (badness 10000) in paragraph at lines 211--212

 []


Underfull \hbox (badness 10000) in paragraph at lines 217--218

 []


Underfull \hbox (badness 10000) in paragraph at lines 221--222

 []

[12]
Underfull \hbox (badness 10000) in paragraph at lines 225--226

 []


Underfull \hbox (badness 10000) in paragraph at lines 231--232

 []


Underfull \hbox (badness 10000) in paragraph at lines 235--236

 []


Underfull \hbox (badness 10000) in paragraph at lines 243--244

 []


Underfull \hbox (badness 10000) in paragraph at lines 249--250

 []


Underfull \hbox (badness 10000) in paragraph at lines 253--254

 []

[13]
Underfull \hbox (badness 10000) in paragraph at lines 261--262

 []


Underfull \hbox (badness 10000) in paragraph at lines 267--268

 []


Underfull \hbox (badness 10000) in paragraph at lines 271--272

 []

<fig263e_1.png, id=220, 398.99063pt x 155.83218pt>
File: fig263e_1.png Graphic file (type png)
 <use fig263e_1.png>
Package pdftex.def Info: fig263e_1.png used on input line 279.
(pdftex.def)             Requested size: 433.62001pt x 169.36388pt.
 [14]
Underfull \hbox (badness 10000) in paragraph at lines 289--290

 []


Underfull \hbox (badness 10000) in paragraph at lines 295--296

 []


Underfull \hbox (badness 10000) in paragraph at lines 306--307

 []

[15 <E:/ÈõÜËÆ≠Èòü‰Ωú‰∏ö/team_homework/fig263e_1.png>]
Underfull \hbox (badness 10000) in paragraph at lines 312--313

 []


Underfull \hbox (badness 10000) in paragraph at lines 318--319

 []


Underfull \hbox (badness 10000) in paragraph at lines 329--330

 []


Underfull \hbox (badness 10000) in paragraph at lines 333--334

 []


Underfull \hbox (badness 10000) in paragraph at lines 339--340

 []

[16]
Underfull \hbox (badness 10000) in paragraph at lines 345--346

 []


Underfull \hbox (badness 10000) in paragraph at lines 349--350

 []


Underfull \hbox (badness 10000) in paragraph at lines 355--356

 []


Overfull \hbox (16.08751pt too wide) in paragraph at lines 357--358
[]\C70/rm/m/n/10.54/7e Ÿ \C70/rm/m/n/10.54/4e   * \C70/rm/m/n/10.54/77 È \C70/r
m/m/n/10.54/5f b|\C70/rm/m/n/10.54/ff | \C70/rm/m/n/10.54/4e $ \C70/rm/m/n/10.
54/67 a \C70/rm/m/n/10.54/7a ÷ \C70/rm/m/n/10.54/8f π \C70/rm/m/n/10.54/4e 
 \C70/rm/m/n/10.54/52  + \C70/rm/m/n/10.54/57 G \C70/rm/m/n/10.54/53   \C70/rm
/m/n/10.54/52  \C70/rm/m/n/10.54/5e \OT1/cmr/m/n/10.54 N\C70/rm/m/n/10.54/4e 
* \C70/rm/m/n/10.54/70 π|\C70/rm/m/n/10.54/ff | \C70/rm/m/n/10.54/4e $ \C70/rm
/m/n/10.54/67 a \C70/rm/m/n/10.54/6a * \C70/rm/m/n/10.54/8f π \C70/rm/m/n/10.54
/4e 
 \C70/rm/m/n/10.54/52  + \C70/rm/m/n/10.54/57 G \C70/rm/m/n/10.54/53   \C70/rm
/m/n/10.54/52  \C70/rm/m/n/10.54/5e \OT1/cmr/m/n/10.54 M\C70/rm/m/n/10.54/4e 
* \C70/rm/m/n/10.54/70 π |\C70/rm/m/n/10.54/ff |\OT1/cmr/m/n/10.54 N,M\C70/rm/
m/n/10.54/22 d$\OT1/cmr/m/n/10.54 10[]$|\C70/rm/m/n/10.54/ff 	|||
 []


Underfull \hbox (badness 10000) in paragraph at lines 359--360

 []

<fig269e_1.jpg, id=230, 330.48468pt x 112.92188pt>
File: fig269e_1.jpg Graphic file (type jpg)
 <use fig269e_1.jpg>
Package pdftex.def Info: fig269e_1.jpg used on input line 365.
(pdftex.def)             Requested size: 433.62001pt x 148.16821pt.
 [17]
Underfull \hbox (badness 10000) in paragraph at lines 375--376

 []


Underfull \hbox (badness 10000) in paragraph at lines 381--382

 []

[18 <E:/ÈõÜËÆ≠Èòü‰Ωú‰∏ö/team_homework/fig269e_1.jpg>]
Underfull \hbox (badness 10000) in paragraph at lines 385--386

 []


Underfull \hbox (badness 10000) in paragraph at lines 389--390

 []


Underfull \hbox (badness 10000) in paragraph at lines 395--396

 []


Underfull \hbox (badness 10000) in paragraph at lines 399--400

 []

[19]
Underfull \hbox (badness 10000) in paragraph at lines 409--410

 []


Underfull \hbox (badness 10000) in paragraph at lines 415--416

 []

<fig274e_1.png, id=249, 850.23529pt x 210.43324pt>
File: fig274e_1.png Graphic file (type png)
 <use fig274e_1.png>
Package pdftex.def Info: fig274e_1.png used on input line 421.
(pdftex.def)             Requested size: 433.62001pt x 107.32272pt.

Underfull \hbox (badness 10000) in paragraph at lines 427--428

 []


Underfull \hbox (badness 10000) in paragraph at lines 431--432

 []


Underfull \hbox (badness 10000) in paragraph at lines 437--438

 []

[20 <E:/ÈõÜËÆ≠Èòü‰Ωú‰∏ö/team_homework/fig274e_1.png>]
Underfull \hbox (badness 10000) in paragraph at lines 441--442

 []


Underfull \hbox (badness 10000) in paragraph at lines 449--450

 []


Underfull \hbox (badness 10000) in paragraph at lines 455--456

 []


Underfull \hbox (badness 10000) in paragraph at lines 459--460

 []

[21]
Underfull \hbox (badness 10000) in paragraph at lines 478--479

 []


Underfull \hbox (badness 10000) in paragraph at lines 484--485

 []


Underfull \hbox (badness 10000) in paragraph at lines 488--489

 []


Underfull \hbox (badness 10000) in paragraph at lines 494--495

 []

[22]
Underfull \hbox (badness 10000) in paragraph at lines 500--501

 []


Underfull \hbox (badness 10000) in paragraph at lines 504--505

 []


Underfull \hbox (badness 10000) in paragraph at lines 512--513

 []


Underfull \hbox (badness 10000) in paragraph at lines 518--519

 []

[23]
Underfull \hbox (badness 10000) in paragraph at lines 528--529

 []


Underfull \hbox (badness 10000) in paragraph at lines 532--533

 []


Underfull \hbox (badness 10000) in paragraph at lines 538--539

 []


Underfull \hbox (badness 10000) in paragraph at lines 542--543

 []


Underfull \hbox (badness 10000) in paragraph at lines 546--547

 []

[24]
Underfull \hbox (badness 10000) in paragraph at lines 552--553

 []


Underfull \hbox (badness 10000) in paragraph at lines 556--557

 []


Underfull \hbox (badness 10000) in paragraph at lines 560--561

 []


Underfull \hbox (badness 10000) in paragraph at lines 566--567

 []


Underfull \hbox (badness 10000) in paragraph at lines 570--571

 []


Underfull \hbox (badness 10000) in paragraph at lines 574--575

 []

[25]
Underfull \hbox (badness 10000) in paragraph at lines 580--581

 []


Underfull \hbox (badness 10000) in paragraph at lines 584--585

 []

Package CJKpunct Info: punctuation spaces for family 'zhhei' do not exist. Use 
family 'def' instead. on input line 588.
Package CJKpunct Info: punctuation spaces for family 'zhkai' do not exist. Use 
family 'def' instead. on input line 588.

Underfull \hbox (badness 10000) in paragraph at lines 594--595

 []


Underfull \hbox (badness 10000) in paragraph at lines 600--601

 []

[26]
Underfull \hbox (badness 10000) in paragraph at lines 604--605

 []

<fig297e_1.png, id=312, 624.3325pt x 428.60126pt>
File: fig297e_1.png Graphic file (type png)
 <use fig297e_1.png>
Package pdftex.def Info: fig297e_1.png used on input line 610.
(pdftex.def)             Requested size: 346.89732pt x 238.14464pt.
 [27 <E:/ÈõÜËÆ≠Èòü‰Ωú‰∏ö/team_homework/fig297e_1.png>]
Underfull \hbox (badness 10000) in paragraph at lines 620--621

 []


Underfull \hbox (badness 10000) in paragraph at lines 626--627

 []


Underfull \hbox (badness 10000) in paragraph at lines 630--631

 []


Underfull \hbox (badness 10000) in paragraph at lines 640--641

 []


Underfull \hbox (badness 10000) in paragraph at lines 646--647

 []

[28]
Underfull \hbox (badness 10000) in paragraph at lines 650--651

 []


Underfull \hbox (badness 10000) in paragraph at lines 656--657

 []


Underfull \hbox (badness 10000) in paragraph at lines 662--663

 []


Underfull \hbox (badness 10000) in paragraph at lines 666--667

 []

[29]
Underfull \hbox (badness 10000) in paragraph at lines 672--673

 []


Underfull \hbox (badness 10000) in paragraph at lines 678--679

 []


Underfull \hbox (badness 10000) in paragraph at lines 682--683

 []

<fig306d_1.png, id=327, 476.53032pt x 330.48468pt>
File: fig306d_1.png Graphic file (type png)
 <use fig306d_1.png>
Package pdftex.def Info: fig306d_1.png used on input line 688.
(pdftex.def)             Requested size: 260.17465pt x 180.44592pt.

<fig306d_2.png, id=328, 744.7825pt x 484.81125pt>
File: fig306d_2.png Graphic file (type png)
 <use fig306d_2.png>
Package pdftex.def Info: fig306d_2.png used on input line 696.
(pdftex.def)             Requested size: 260.17465pt x 169.36098pt.
 [30 <E:/ÈõÜËÆ≠Èòü‰Ωú‰∏ö/team_homework/fig306d_1.png>]
Underfull \hbox (badness 10000) in paragraph at lines 702--703

 []


Underfull \hbox (badness 10000) in paragraph at lines 708--709

 []


Underfull \hbox (badness 10000) in paragraph at lines 712--713

 []

[31 <E:/ÈõÜËÆ≠Èòü‰Ωú‰∏ö/team_homework/fig306d_2.png>]
Underfull \hbox (badness 10000) in paragraph at lines 729--730

 []


Underfull \hbox (badness 10000) in paragraph at lines 735--736

 []


Underfull \hbox (badness 10000) in paragraph at lines 747--748

 []

[32]
Underfull \hbox (badness 10000) in paragraph at lines 753--754

 []


Underfull \hbox (badness 10000) in paragraph at lines 759--760

 []


Underfull \hbox (badness 10000) in paragraph at lines 763--764

 []


Underfull \hbox (badness 10000) in paragraph at lines 773--774

 []

[33]
Underfull \hbox (badness 10000) in paragraph at lines 779--780

 []


Underfull \hbox (badness 10000) in paragraph at lines 783--784

 []


Underfull \hbox (badness 10000) in paragraph at lines 803--804

 []


Underfull \hbox (badness 10000) in paragraph at lines 809--810

 []

[34]
Underfull \hbox (badness 10000) in paragraph at lines 813--814

 []


Underfull \hbox (badness 10000) in paragraph at lines 825--826

 []


Underfull \hbox (badness 10000) in paragraph at lines 831--832

 []


Underfull \hbox (badness 10000) in paragraph at lines 841--842

 []

[35]
Underfull \hbox (badness 10000) in paragraph at lines 847--848

 []


Underfull \hbox (badness 10000) in paragraph at lines 853--854

 []


Underfull \hbox (badness 10000) in paragraph at lines 857--858

 []


Underfull \hbox (badness 10000) in paragraph at lines 861--862

 []


Underfull \hbox (badness 10000) in paragraph at lines 867--868

 []

[36]
Underfull \hbox (badness 10000) in paragraph at lines 871--872

 []


Underfull \hbox (badness 10000) in paragraph at lines 875--876

 []


Underfull \hbox (badness 10000) in paragraph at lines 881--882

 []


Underfull \hbox (badness 10000) in paragraph at lines 885--886

 []

[37]
Underfull \hbox (badness 10000) in paragraph at lines 893--894

 []


Underfull \hbox (badness 10000) in paragraph at lines 899--900

 []


Underfull \hbox (badness 10000) in paragraph at lines 903--904

 []

[38]
Underfull \hbox (badness 10000) in paragraph at lines 911--912

 []


Underfull \hbox (badness 10000) in paragraph at lines 917--918

 []


Underfull \hbox (badness 10000) in paragraph at lines 928--929

 []


Underfull \hbox (badness 10000) in paragraph at lines 936--937

 []

[39]
Underfull \hbox (badness 10000) in paragraph at lines 942--943

 []


Underfull \hbox (badness 10000) in paragraph at lines 946--947

 []


Overfull \hbox (28.42148pt too wide) in paragraph at lines 953--953
[]\C70/rm/m/it/10.54/66 > \C70/rm/m/it/10.54/71 6 \C70/rm/m/it/10.54/6b œ ! \C7
0/rm/m/it/10.54/53 ÷ Õ \C70/rm/m/it/10.54/64 Õ \C70/rm/m/it/10.54/4f \ \C70/rm/
m/it/10.54/90 ˝ \C70/rm/m/it/10.54/4f   \C70/rm/m/it/10.54/4e 
 \C70/rm/m/it/10.54/8f $\OML/cmm/m/it/10.54 f\OT1/cmr/m/n/10.54 [\OML/cmm/m/it
/10.54 i\OT1/cmr/m/n/10.54 ][\OML/cmm/m/it/10.54 j\OT1/cmr/m/n/10.54 ]\OML/cmm/
m/it/10.54 ; f\OT1/cmr/m/n/10.54 [\OML/cmm/m/it/10.54 i\OT1/cmr/m/n/10.54 ][\OM
L/cmm/m/it/10.54 x\OT1/cmr/m/n/10.54 ]\OML/cmm/m/it/10.54 ; f\OT1/cmr/m/n/10.54
 [\OML/cmm/m/it/10.54 i\OT1/cmr/m/n/10.54 ][\OML/cmm/m/it/10.54 x \OT1/cmr/m/n/
10.54 + \OML/cmm/m/it/10.54 j\OT1/cmr/m/n/10.54 ]$\C70/rm/m/it/10.54/4e - \C70/
rm/m/it/10.54/67 	\OT1/cmr/m/it/10.54 0\C70/rm/m/it/10.54/62 \OT1/cmr/m/it/10.
54 2\C70/rm/m/it/10.54/4e * : \C70/rm/m/it/10.54/77 |\C70/rm/m/it/10.54/ff | 
$\OML/cmm/m/it/10.54 f\OT1/cmr/m/n/10.54 [\OML/cmm/m/it/10.54 i\OT1/cmr/m/n/10.
54 ][\OML/cmm/m/it/10.54 j\OT1/cmr/m/n/10.54 ]\OML/cmm/m/it/10.54 ; f\OT1/cmr/m
/n/10.54 [\OML/cmm/m/it/10.54 x\OT1/cmr/m/n/10.54 ][\OML/cmm/m/it/10.54 j\OT1/c
mr/m/n/10.54 ]\OML/cmm/m/it/10.54 ; f\OT1/cmr/m/n/10.54 [\OML/cmm/m/it/10.54 x 
\OT1/cmr/m/n/10.54 +
 []


Underfull \hbox (badness 10000) in paragraph at lines 959--960

 []


Underfull \hbox (badness 10000) in paragraph at lines 965--966

 []


Underfull \hbox (badness 10000) in paragraph at lines 969--970

 []

[40]
Underfull \hbox (badness 10000) in paragraph at lines 973--974

 []


Underfull \hbox (badness 10000) in paragraph at lines 979--980

 []


Underfull \hbox (badness 10000) in paragraph at lines 985--986

 []


Underfull \hbox (badness 10000) in paragraph at lines 991--992

 []

[41]
Underfull \hbox (badness 10000) in paragraph at lines 1001--1002

 []


Underfull \hbox (badness 10000) in paragraph at lines 1005--1006

 []


Underfull \hbox (badness 10000) in paragraph at lines 1009--1010

 []


Overfull \hbox (21.03372pt too wide) in paragraph at lines 1011--1012
\C70/rm/m/it/10.54/8d p \C70/rm/m/it/10.54/52 0\OT1/cmr/m/it/10.54 (x',y'+c)|\C
70/rm/m/it/10.54/ff | \C70/rm/m/it/10.54/80  \C70/rm/m/it/10.54/63  \C70/rm/
m/it/10.54/53 ª\OT1/cmr/m/it/10.54 (x,y)\C70/rm/m/it/10.54/52 M \C70/rm/m/it/10
.54/5e v \C70/rm/m/it/10.54/4e  \C70/rm/m/it/10.54/5b X \C70/rm/m/it/10.54/57 
( \C70/rm/m/it/10.54/8f Ÿ \C70/rm/m/it/10.54/68 7 \C70/rm/m/it/10.54/76 Ñ \C70/
rm/m/it/10.54/8d Ô \C70/rm/m/it/10.54/5f Ñ|\C70/rm/m/it/10.54/ff | \C70/rm/m/i
t/10.54/82 Â \C70/rm/m/it/10.54/63  \C70/rm/m/it/10.54/53 ª\OT1/cmr/m/it/10.54
 (x,y)\C70/rm/m/it/10.54/5c 1 \C70/rm/m/it/10.54/80 ˝ \C70/rm/m/it/10.54/5b X \
C70/rm/m/it/10.54/57 (|\C70/rm/m/it/10.54/ff | \C70/rm/m/it/10.54/5f ≈ \C70/rm
/m/it/10.54/71 6 \C70/rm/m/it/10.54/67 	\OT1/cmr/m/it/10.54 (x,y)\C70/rm/m/it/1
0.54/4e \OT1/cmr/m/it/10.54 (x,y+c)\C70/rm/m/it/10.54/8f ﬁ
 []


Underfull \hbox (badness 10000) in paragraph at lines 1015--1016

 []


Underfull \hbox (badness 10000) in paragraph at lines 1021--1022

 []


Underfull \hbox (badness 10000) in paragraph at lines 1025--1026

 []

[42]
Underfull \hbox (badness 10000) in paragraph at lines 1041--1042

 []


Underfull \hbox (badness 10000) in paragraph at lines 1047--1048

 []


Underfull \hbox (badness 10000) in paragraph at lines 1051--1052

 []

[43]
Underfull \hbox (badness 10000) in paragraph at lines 1062--1063

 []


Underfull \hbox (badness 10000) in paragraph at lines 1070--1071

 []

[44]
Underfull \hbox (badness 10000) in paragraph at lines 1089--1090

 []


Underfull \hbox (badness 10000) in paragraph at lines 1101--1102

 []


Underfull \hbox (badness 10000) in paragraph at lines 1108--1109

 []


Underfull \hbox (badness 10000) in paragraph at lines 1114--1115

 []

[45]
Underfull \hbox (badness 10000) in paragraph at lines 1118--1119

 []


Underfull \hbox (badness 10000) in paragraph at lines 1124--1125

 []


Underfull \hbox (badness 10000) in paragraph at lines 1130--1131

 []


Underfull \hbox (badness 10000) in paragraph at lines 1134--1135

 []

[46]
Underfull \hbox (badness 10000) in paragraph at lines 1154--1155

 []


Underfull \hbox (badness 10000) in paragraph at lines 1160--1161

 []

LaTeX Font Info:    Try loading font information for C70+tt on input line 1174.

("D:\Program Files\CTEX\MiKTeX\tex\latex\ctex\fd\c70tt.fd"
File: c70tt.fd 2007/05/06 v0.8a ctexutf8 font definition file
)
Package CJKpunct Info: punctuation spaces for family 'zhfs' do not exist. Use f
amily 'def' instead. on input line 1174.
 [47]
Overfull \hbox (13.53542pt too wide) in paragraph at lines 1174--1174
[]\C70/tt/m/n/10.54/30    \OT1/cmtt/m/n/10.54 if the value of the variable j eq
uals the length of the string q, then j = 0;[] 
 []


Underfull \hbox (badness 10000) in paragraph at lines 1178--1179

 []


Underfull \hbox (badness 10000) in paragraph at lines 1182--1183

 []


Underfull \hbox (badness 10000) in paragraph at lines 1188--1189

 []


Underfull \hbox (badness 10000) in paragraph at lines 1192--1193

 []


Underfull \hbox (badness 10000) in paragraph at lines 1196--1197

 []

[48]
Underfull \hbox (badness 10000) in paragraph at lines 1213--1214

 []


Underfull \hbox (badness 10000) in paragraph at lines 1231--1232

 []


Underfull \hbox (badness 10000) in paragraph at lines 1237--1238

 []

[49]
Underfull \hbox (badness 10000) in paragraph at lines 1241--1242

 []


Overfull \hbox (7.38712pt too wide) detected at line 1255
[]
 []


Overfull \hbox (26.73245pt too wide) in paragraph at lines 1257--1258
[]\C70/rm/m/n/10.54/5b ˘ \C70/rm/m/n/10.54/4e é 
 \C70/rm/m/n/10.54/88 h \C70/rm/m/n/10.54/4e - \C70/rm/m/n/10.54/6c ° \C70/rm/m
/n/10.54/67 	\OT1/cmr/m/n/10.54 v\C70/rm/m/n/10.54/76 Ñ \C70/rm/m/n/10.54/52 |
\C70/rm/m/n/10.54/ff | \C70/rm/m/n/10.54/81 Í \C70/rm/m/n/10.54/71 6\OT1/cmr/m
/n/10.54 g[i+1][j]=g[i][j]|\C70/rm/m/n/10.54/30 | \C70/rm/m/n/10.54/5b ˘ \C70/
rm/m/n/10.54/4e é \C70/rm/m/n/10.54/67 	\OT1/cmr/m/n/10.54 v\C70/rm/m/n/10.54/7
6 Ñ \C70/rm/m/n/10.54/52 |\C70/rm/m/n/10.54/ff | \C70/rm/m/n/10.54/50 G \C70/
rm/m/n/10.54/59 Ç\OT1/cmr/m/n/10.54 g[i][j]\C70/rm/m/n/10.54/22 e\OT1/cmr/m/n/1
0.54 v|\C70/rm/m/n/10.54/ff | \C70/rm/m/n/10.54/81 Í \C70/rm/m/n/10.54/71 6\OT
1/cmr/m/n/10.54 g[i+1][j]=g[i][j]|\C70/rm/m/n/10.54/ff |
 []

[50]
Underfull \hbox (badness 10000) in paragraph at lines 1287--1288

 []


Underfull \hbox (badness 10000) in paragraph at lines 1293--1294

 []


Underfull \hbox (badness 10000) in paragraph at lines 1297--1298

 []


Underfull \hbox (badness 10000) in paragraph at lines 1301--1302

 []

[51]
Underfull \hbox (badness 10000) in paragraph at lines 1313--1314

 []


Underfull \hbox (badness 10000) in paragraph at lines 1319--1320

 []


Underfull \hbox (badness 10000) in paragraph at lines 1323--1324

 []


Underfull \hbox (badness 10000) in paragraph at lines 1329--1330

 []


Underfull \hbox (badness 10000) in paragraph at lines 1335--1336

 []


Underfull \hbox (badness 10000) in paragraph at lines 1339--1340

 []

[52]
Underfull \hbox (badness 10000) in paragraph at lines 1345--1346

 []


Underfull \hbox (badness 10000) in paragraph at lines 1351--1352

 []


Underfull \hbox (badness 10000) in paragraph at lines 1355--1356

 []


Underfull \hbox (badness 10000) in paragraph at lines 1360--1361

 []


Underfull \hbox (badness 10000) in paragraph at lines 1366--1367

 []

[53]
Underfull \hbox (badness 10000) in paragraph at lines 1370--1371

 []


Underfull \hbox (badness 10000) in paragraph at lines 1378--1379

 []


Underfull \hbox (badness 10000) in paragraph at lines 1384--1385

 []


Underfull \hbox (badness 10000) in paragraph at lines 1388--1389

 []

[54]
Underfull \hbox (badness 10000) in paragraph at lines 1405--1406

 []


Underfull \hbox (badness 10000) in paragraph at lines 1411--1412

 []

[55]
Underfull \hbox (badness 10000) in paragraph at lines 1415--1416

 []


Underfull \hbox (badness 10000) in paragraph at lines 1428--1429

 []


Underfull \hbox (badness 10000) in paragraph at lines 1434--1435

 []

<fig354d_1.png, id=451, 121.20282pt x 109.91063pt>
File: fig354d_1.png Graphic file (type png)
 <use fig354d_1.png>
Package pdftex.def Info: fig354d_1.png used on input line 1440.
(pdftex.def)             Requested size: 216.81pt x 196.6331pt.

Underfull \hbox (badness 10000) in paragraph at lines 1448--1449

 []

[56] <fig354d_2.png, id=455, 519.9425pt x 377.41pt>
File: fig354d_2.png Graphic file (type png)
 <use fig354d_2.png>
Package pdftex.def Info: fig354d_2.png used on input line 1469.
(pdftex.def)             Requested size: 195.12767pt x 141.63782pt.

<fig354d_3.png, id=456, 519.9425pt x 377.41pt>
File: fig354d_3.png Graphic file (type png)
 <use fig354d_3.png>
Package pdftex.def Info: fig354d_3.png used on input line 1474.
(pdftex.def)             Requested size: 195.12767pt x 141.63782pt.
 [57 <E:/ÈõÜËÆ≠Èòü‰Ωú‰∏ö/team_homework/fig354d_1.png>]
Underfull \hbox (badness 10000) in paragraph at lines 1483--1484

 []


Underfull \hbox (badness 10000) in paragraph at lines 1489--1490

 []


Underfull \hbox (badness 10000) in paragraph at lines 1503--1504

 []

[58 <E:/ÈõÜËÆ≠Èòü‰Ωú‰∏ö/team_homework/fig354d_2.png> <E:/ÈõÜËÆ≠Èòü‰Ωú‰∏ö/team_h
omework/fig354d_3.png>]
Underfull \hbox (badness 10000) in paragraph at lines 1511--1512

 []


Underfull \hbox (badness 10000) in paragraph at lines 1517--1518

 []


Underfull \hbox (badness 10000) in paragraph at lines 1521--1522

 []


Underfull \hbox (badness 10000) in paragraph at lines 1529--1530

 []

[59]
Underfull \hbox (badness 10000) in paragraph at lines 1535--1536

 []


Underfull \hbox (badness 10000) in paragraph at lines 1539--1540

 []


Underfull \hbox (badness 10000) in paragraph at lines 1543--1544

 []


Overfull \hbox (4.9877pt too wide) in paragraph at lines 1545--1546
[]\C70/rm/m/n/10.54/7f Q \C70/rm/m/n/10.54/7e ‹ \C70/rm/m/n/10.54/4e - \C70/rm/
m/n/10.54/70 π \C70/rm/m/n/10.54/65 p$\OML/cmm/m/it/10.54 O\OT1/cmr/m/n/10.54 (
\OML/cmm/m/it/10.54 n\OT1/cmr/m/n/10.54 )$|\C70/rm/m/n/10.54/ff | \C70/rm/m/n/
10.54/8f π \C70/rm/m/n/10.54/65 p$\OML/cmm/m/it/10.54 O\OT1/cmr/m/n/10.54 (\OML
/cmm/m/it/10.54 n[]\OT1/cmr/m/n/10.54 )$|\C70/rm/m/n/10.54/30 | \C70/rm/m/n/10
.54/4f  \C70/rm/m/n/10.54/75 (\OT1/cmr/m/n/10.54 Dinic\C70/rm/m/n/10.54/7b ó \
C70/rm/m/n/10.54/6c ’ \C70/rm/m/n/10.54/65 ˆ \C70/rm/m/n/10.54/95 Ù \C70/rm/m/n
/10.54/59  \C70/rm/m/n/10.54/67 B \C70/rm/m/n/10.54/5e ¶$\OML/cmm/m/it/10.54 O
\OT1/cmr/m/n/10.54 ([][][])$|\C70/rm/m/n/10.54/ff | \C70/rm/m/n/10.54/65 E \C7
0/rm/m/n/10.54/60 ; \C70/rm/m/n/10.54/65 ˆ \C70/rm/m/n/10.54/95 Ù$\OML/cmm/m/it
/10.54 O\OT1/cmr/m/n/10.54 (\OML/cmm/m/it/10.54 Tn[]\OT1/cmr/m/n/10.54 )$|\C70/
rm/m/n/10.54/30 |
 []


Underfull \hbox (badness 10000) in paragraph at lines 1549--1550

 []


Underfull \hbox (badness 10000) in paragraph at lines 1553--1554

 []

[60]
Underfull \hbox (badness 10000) in paragraph at lines 1574--1575

 []


Underfull \hbox (badness 10000) in paragraph at lines 1580--1581

 []

[61]
Underfull \hbox (badness 10000) in paragraph at lines 1584--1585

 []


Underfull \hbox (badness 10000) in paragraph at lines 1590--1591

 []


Underfull \hbox (badness 10000) in paragraph at lines 1596--1597

 []


Underfull \hbox (badness 10000) in paragraph at lines 1600--1601

 []


Overfull \hbox (5.01611pt too wide) in paragraph at lines 1602--1603
[]\C70/rm/m/n/10.54/4e Œ\OT1/cmr/m/n/10.54 'a'\C70/rm/m/n/10.54/52 0\OT1/cmr/m/
n/10.54 'z'\C70/rm/m/n/10.54/4f ù \C70/rm/m/n/10.54/6b ! \C70/rm/m/n/10.54/80 
 \C70/rm/m/n/10.54/86 Q\OT1/cmr/m/n/10.54 26\C70/rm/m/n/10.54/4e * \C70/rm/m/n/
10.54/5b W \C70/rm/m/n/10.54/6b Õ \C70/rm/m/n/10.54/67 e\OT1/cmr/m/n/10.54 DP|\
C70/rm/m/n/10.54/30 | \C70/rm/m/n/10.54/8b æ \C70/rm/m/n/10.54/72 ∂ \C70/rm/m/
n/10.54/60 \OT1/cmr/m/n/10.54 f[i][j]\C70/rm/m/n/10.54/88 h \C70/rm/m/n/10.54/
79 : \C70/rm/m/n/10.54/5f S \C70/rm/m/n/10.54/52 M \C70/rm/m/n/10.54/5d Ú \C70/
rm/m/n/10.54/7e œ \C70/rm/m/n/10.54/80  \C70/rm/m/n/10.54/86 Q \C70/rm/m/n/10.
54/4e Ü$\OML/cmm/m/it/10.54 i$\C70/rm/m/n/10.54/4e * \C70/rm/m/n/10.54/5b W \C7
0/rm/m/n/10.54/6b Õ|\C70/rm/m/n/10.54/ff | \C70/rm/m/n/10.54/7e ƒ \C70/rm/m/n/
10.54/62 $\OML/cmm/m/it/10.54 j$\C70/rm/m/n/10.54/4e *\OT1/cmr/m/n/10.54 run\C
70/rm/m/n/10.54/76 Ñ
 []

[62]
Underfull \hbox (badness 10000) in paragraph at lines 1610--1611

 []


Underfull \hbox (badness 10000) in paragraph at lines 1616--1617

 []

[63]
Underfull \hbox (badness 10000) in paragraph at lines 1650--1651

 []

LaTeX Font Info:    Try loading font information for OMS+cmr on input line 1655
.
("D:\Program Files\CTEX\MiKTeX\tex\latex\base\omscmr.fd"
File: omscmr.fd 1999/05/25 v2.5h Standard LaTeX font definitions
)
LaTeX Font Info:    Font shape `OMS/cmr/m/n' in size <10.54> not available
(Font)              Font shape `OMS/cmsy/m/n' tried instead on input line 1655.

 [64]
Underfull \hbox (badness 10000) in paragraph at lines 1682--1683

 []


Overfull \hbox (15.10457pt too wide) in paragraph at lines 1684--1685
\C70/rm/m/n/10.54/6b ! \C70/rm/m/n/10.54/54  \C70/rm/m/n/10.54/65 ˆ \C70/rm/m/
n/10.54/8b ° \C70/rm/m/n/10.54/7b ó|\C70/rm/m/n/10.54/ff | \C70/rm/m/n/10.54/6
0 ; \C70/rm/m/n/10.54/8b °$\OT1/cmr/m/n/10.54 (\OML/cmm/m/it/10.54 HW\OT1/cmr/m
/n/10.54 )[]$\C70/rm/m/n/10.54/6b ! \C70/rm/m/n/10.54/66 n \C70/rm/m/n/10.54/90
  \C70/rm/m/n/10.54/8b ° \C70/rm/m/n/10.54/7b ó \C70/rm/m/n/10.54/54 å$\OML/cm
m/m/it/10.54 HW$\C70/rm/m/n/10.54/6b ! \C70/rm/m/n/10.54/54  \C70/rm/m/n/10.54
/65 ˆ \C70/rm/m/n/10.54/8b ° \C70/rm/m/n/10.54/7b ó|\C70/rm/m/n/10.54/ff | \C7
0/rm/m/n/10.54/60 ; \C70/rm/m/n/10.54/65 ˆ \C70/rm/m/n/10.54/95 Ù \C70/rm/m/n/1
0.54/59  \C70/rm/m/n/10.54/67 B \C70/rm/m/n/10.54/5e ¶ \C70/rm/m/n/10.54/4e :$
\OML/cmm/m/it/10.54 O\OT1/cmr/m/n/10.54 (\OML/cmm/m/it/10.54 T\OT1/cmr/m/n/10.5
4 (\OML/cmm/m/it/10.54 HW\OT1/cmr/m/n/10.54 )[] [][](\OML/cmm/m/it/10.54 HW\OT1
/cmr/m/n/10.54 ))$|\C70/rm/m/n/10.54/ff |
 []


Underfull \hbox (badness 10000) in paragraph at lines 1688--1689

 []

[65]
Underfull \hbox (badness 10000) in paragraph at lines 1699--1700

 []


Underfull \hbox (badness 10000) in paragraph at lines 1719--1720

 []


Underfull \hbox (badness 10000) in paragraph at lines 1725--1726

 []

[66]
Underfull \hbox (badness 10000) in paragraph at lines 1729--1730

 []


Overfull \hbox (9.2967pt too wide) detected at line 1733
\OML/cmm/m/it/10.54 z\OT1/cmr/m/n/10.54 " = (1 \OMS/cmsy/m/n/10.54   \OT1/cmr/m
/n/10.54 i) [] \OML/cmm/m/it/10.54 q[] \OT1/cmr/m/n/10.54 + (\OMS/cmsy/m/n/10.5
4  \OT1/cmr/m/n/10.54 1 \OMS/cmsy/m/n/10.54   \OT1/cmr/m/n/10.54 i) [] \OML/cmm
/m/it/10.54 q[] \OT1/cmr/m/n/10.54 + (\OMS/cmsy/m/n/10.54  \OT1/cmr/m/n/10.54 1
 + i) [] \OML/cmm/m/it/10.54 q[] \OT1/cmr/m/n/10.54 + (1 + i) [] \OML/cmm/m/it/
10.54 q[]
 []


Underfull \hbox (badness 10000) in paragraph at lines 1737--1738

 []


Underfull \hbox (badness 10000) in paragraph at lines 1743--1744

 []


Underfull \hbox (badness 10000) in paragraph at lines 1747--1748

 []

<figgcj2013a_1.png, id=505, 350.30875pt x 243.91125pt>
File: figgcj2013a_1.png Graphic file (type png)
 <use figgcj2013a_1.png>
Package pdftex.def Info: figgcj2013a_1.png used on input line 1753.
(pdftex.def)             Requested size: 346.89732pt x 241.55103pt.

<figgcj2013a_2.png, id=506, 255.95625pt x 262.9825pt>
File: figgcj2013a_2.png Graphic file (type png)
 <use figgcj2013a_2.png>
Package pdftex.def Info: figgcj2013a_2.png used on input line 1761.
(pdftex.def)             Requested size: 260.17465pt x 267.3317pt.

[67]
Underfull \hbox (badness 10000) in paragraph at lines 1767--1768

 []


Underfull \hbox (badness 10000) in paragraph at lines 1773--1774

 []


Underfull \hbox (badness 10000) in paragraph at lines 1777--1778

 []

[68 <E:/ÈõÜËÆ≠Èòü‰Ωú‰∏ö/team_homework/figgcj2013a_1.png>]
Overfull \hbox (4.69975pt too wide) in paragraph at lines 1779--1780
[]\C70/rm/m/n/10.54/59 Ç \C70/rm/m/n/10.54/67 ú \C70/rm/m/n/10.54/8f Ÿ \C70/rm/
m/n/10.54/4e $ \C70/rm/m/n/10.54/67 a \C70/rm/m/n/10.54/76 Ù \C70/rm/m/n/10.54/
7e ø \C70/rm/m/n/10.54/90 ˝ \C70/rm/m/n/10.54/66 / \C70/rm/m/n/10.54/5e s \C70/
rm/m/n/10.54/88 L \C70/rm/m/n/10.54/4e é \C70/rm/m/n/10.54/57 P \C70/rm/m/n/10.
54/68  \C70/rm/m/n/10.54/8f t \C70/rm/m/n/10.54/76 Ñ|\C70/rm/m/n/10.54/ff | \
C70/rm/m/n/10.54/8b ∞ \C70/rm/m/n/10.54/8f Ÿ$\OT1/cmr/m/n/10.54 4\OML/cmm/m/it/
10.54 N$\C70/rm/m/n/10.54/4e * \C70/rm/m/n/10.54/70 π \C70/rm/m/n/10.54/57 ($\O
ML/cmm/m/it/10.54 x$\C70/rm/m/n/10.54/8f t \C70/rm/m/n/10.54/54 å$\OML/cmm/m/it
/10.54 y$\C70/rm/m/n/10.54/8f t \C70/rm/m/n/10.54/4e 
 \C70/rm/m/n/10.54/76 Ñ \C70/rm/m/n/10.54/4e - \C70/rm/m/n/10.54/4f M \C70/rm/m
/n/10.54/65 p \C70/rm/m/n/10.54/52  + \C70/rm/m/n/10.54/4e :$\OML/cmm/m/it/10.
54 x[]$\C70/rm/m/n/10.54/54 å$\OML/cmm/m/it/10.54 y[]$|\C70/rm/m/n/10.54/ff |
 []


Underfull \hbox (badness 10000) in paragraph at lines 1787--1788

 []

[69 <E:/ÈõÜËÆ≠Èòü‰Ωú‰∏ö/team_homework/figgcj2013a_2.png>]
Underfull \hbox (badness 10000) in paragraph at lines 1793--1794

 []


Underfull \hbox (badness 10000) in paragraph at lines 1797--1798

 []

<figgcj2014c_1.png, id=518, 474.77374pt x 249.93375pt>
File: figgcj2014c_1.png Graphic file (type png)
 <use figgcj2014c_1.png>
Package pdftex.def Info: figgcj2014c_1.png used on input line 1803.
(pdftex.def)             Requested size: 346.89732pt x 182.62173pt.

<figgcj2014c_2.png, id=519, 455.7025pt x 401.5pt>
File: figgcj2014c_2.png Graphic file (type png)
 <use figgcj2014c_2.png>
Package pdftex.def Info: figgcj2014c_2.png used on input line 1809.
(pdftex.def)             Requested size: 346.89732pt x 305.64552pt.

[70 <E:/ÈõÜËÆ≠Èòü‰Ωú‰∏ö/team_homework/figgcj2014c_1.png>]
Underfull \hbox (badness 10000) in paragraph at lines 1826--1827

 []


Underfull \hbox (badness 10000) in paragraph at lines 1832--1833

 []

[71 <E:/ÈõÜËÆ≠Èòü‰Ωú‰∏ö/team_homework/figgcj2014c_2.png>]
Underfull \hbox (badness 10000) in paragraph at lines 1836--1837

 []


Underfull \hbox (badness 10000) in paragraph at lines 1840--1841

 []


Underfull \hbox (badness 10000) in paragraph at lines 1857--1858

 []


Underfull \hbox (badness 10000) in paragraph at lines 1863--1864

 []

[72]
Underfull \hbox (badness 10000) in paragraph at lines 1867--1868

 []

[73]
Underfull \hbox (badness 10000) in paragraph at lines 1893--1894

 []


Overfull \hbox (8.47507pt too wide) in paragraph at lines 1895--1896
[]\C70/rm/m/n/10.54/4e å \C70/rm/m/n/10.54/52  \C70/rm/m/n/10.54/7b T \C70/rm/
m/n/10.54/68 H$\OML/cmm/m/it/10.54 O\OT1/cmr/m/n/10.54 ([][] \OML/cmm/m/it/10.5
4 N\OT1/cmr/m/n/10.54 )$|\C70/rm/m/n/10.54/ff | \C70/rm/m/n/10.54/67 ö \C70/rm
/m/n/10.54/4e >$\OML/cmm/m/it/10.54 j$\C70/rm/m/n/10.54/97  $\OML/cmm/m/it/10.5
4 O\OT1/cmr/m/n/10.54 ([][] [])$|\C70/rm/m/n/10.54/ff | \C70/rm/m/n/10.54/8b °
 \C70/rm/m/n/10.54/7b ó \C70/rm/m/n/10.54/7e ƒ \C70/rm/m/n/10.54/54  \C70/rm/m
/n/10.54/65 p \C70/rm/m/n/10.54/97  $\OML/cmm/m/it/10.54 O\OT1/cmr/m/n/10.54 (\
OML/cmm/m/it/10.54 j\OT1/cmr/m/n/10.54 ) = \OML/cmm/m/it/10.54 O\OT1/cmr/m/n/10
.54 ([][] [])$|\C70/rm/m/n/10.54/30 | $[][] [] \OML/cmm/m/it/10.54 <
 []


Underfull \hbox (badness 10000) in paragraph at lines 1899--1900

 []


Underfull \hbox (badness 10000) in paragraph at lines 1903--1904

 []

[74]
Underfull \hbox (badness 10000) in paragraph at lines 1923--1924

 []


Underfull \hbox (badness 10000) in paragraph at lines 1929--1930

 []


Underfull \hbox (badness 10000) in paragraph at lines 1933--1934

 []


Overfull \hbox (4.45512pt too wide) in paragraph at lines 1935--1936
[]\C70/rm/m/n/10.54/5b ˘ \C70/rm/m/n/10.54/4e é \C70/rm/m/n/10.54/67 –$\OML/cmm
/m/it/10.54 d$|\C70/rm/m/n/10.54/ff | \C70/rm/m/n/10.54/8b ∞$\OML/cmm/m/it/10.
54 k \OT1/cmr/m/n/10.54 = [][]$|\C70/rm/m/n/10.54/ff | $\OML/cmm/m/it/10.54 k[
] \OT1/cmr/m/n/10.54 = [][]$|\C70/rm/m/n/10.54/30 | \C70/rm/m/n/10.54/82 Â$\OM
L/cmm/m/it/10.54 k[] >
 []

[75]
Underfull \hbox (badness 10000) in paragraph at lines 1970--1971

 []


Underfull \hbox (badness 10000) in paragraph at lines 1976--1977

 []


Underfull \hbox (badness 10000) in paragraph at lines 1980--1981

 []


Underfull \hbox (badness 10000) in paragraph at lines 1984--1985

 []


Underfull \hbox (badness 10000) in paragraph at lines 1990--1991

 []

[76]
Underfull \hbox (badness 10000) in paragraph at lines 1994--1995

 []


Underfull \hbox (badness 10000) in paragraph at lines 1998--1999

 []


Underfull \hbox (badness 10000) in paragraph at lines 2004--2005

 []


Underfull \hbox (badness 10000) in paragraph at lines 2008--2009

 []


Underfull \hbox (badness 10000) in paragraph at lines 2014--2015

 []

[77]
Underfull \hbox (badness 10000) in paragraph at lines 2020--2021

 []


Underfull \hbox (badness 10000) in paragraph at lines 2024--2025

 []


Underfull \hbox (badness 10000) in paragraph at lines 2028--2029

 []


Underfull \hbox (badness 10000) in paragraph at lines 2034--2035

 []


Underfull \hbox (badness 10000) in paragraph at lines 2038--2039

 []


Underfull \hbox (badness 10000) in paragraph at lines 2042--2043

 []

[78]
Overfull \hbox (0.91167pt too wide) in paragraph at lines 2044--2045
[]\C70/rm/m/n/10.54/5e ˙\OT1/cmr/m/n/10.54 TRIE\C70/rm/m/n/10.54/65 ˆ \C70/rm/m
/n/10.54/95 Ù$\OML/cmm/m/it/10.54 O\OT1/cmr/m/n/10.54 (\OML/cmm/m/it/10.54 l\OT
1/cmr/m/n/10.54 )$|\C70/rm/m/n/10.54/ff | \C70/rm/m/n/10.54/90 M \C70/rm/m/n/1
0.54/53 Ü \C70/rm/m/n/10.54/5e v \C70/rm/m/n/10.54/5f ó \C70/rm/m/n/10.54/51 ˙ 
\C70/rm/m/n/10.54/59 ' \C70/rm/m/n/10.54/5c  \C70/rm/m/n/10.54/51 s \C70/rm/m/
n/10.54/7c ˚ \C70/rm/m/n/10.54/65 ˆ \C70/rm/m/n/10.54/95 Ù$\OML/cmm/m/it/10.54 
O\OT1/cmr/m/n/10.54 (\OML/cmm/m/it/10.54 l\OMS/cmsy/m/n/10.54 j\OT1/cmr/m/n/10.
54 \OMS/cmsy/m/n/10.54 j\OT1/cmr/m/n/10.54 )$|\C70/rm/m/n/10.54/ff | \C70/rm/
m/n/10.54/5b ˘ \C70/rm/m/n/10.54/6b œ \C70/rm/m/n/10.54/4e * \C70/rm/m/n/10.54/
5b W \C70/rm/m/n/10.54/7b & \C70/rm/m/n/10.54/4e 2 \C70/rm/m/n/10.54/52 $ \C70/
rm/m/n/10.54/65 ≠ \C70/rm/m/n/10.54/66 / \C70/rm/m/n/10.54/54 & \C70/rm/m/n/10.
54/53 Ô \C70/rm/m/n/10.54/80 ˝$\OML/cmm/m/it/10.54 O\OT1/cmr/m/n/10.54 (\OML/cm
m/m/it/10.54 n\OMS/cmsy/m/n/10.54 j\OT1/cmr/m/n/10.54 \OMS/cmsy/m/n/10.54 j\OT
1/cmr/m/n/10.54 )$|\C70/rm/m/n/10.54/ff |
 []


Underfull \hbox (badness 10000) in paragraph at lines 2048--2049

 []


Underfull \hbox (badness 10000) in paragraph at lines 2052--2053

 []


Underfull \hbox (badness 10000) in paragraph at lines 2058--2059

 []


Underfull \hbox (badness 10000) in paragraph at lines 2064--2065

 []


Underfull \hbox (badness 10000) in paragraph at lines 2077--2078

 []

[79]
Underfull \hbox (badness 10000) in paragraph at lines 2083--2084

 []


Overfull \hbox (11.78581pt too wide) in paragraph at lines 2085--2086
[]\C70/rm/m/n/10.54/4e   \C70/rm/m/n/10.54/5f   \C70/rm/m/n/10.54/59 À \C70/rm/
m/n/10.54/76 Ñ\OT1/cmr/m/n/10.54 DP\C70/rm/m/n/10.54/72 ∂ \C70/rm/m/n/10.54/60 
$\OML/cmm/m/it/10.54 O\OT1/cmr/m/n/10.54 (\OML/cmm/m/it/10.54 N[]\OT1/cmr/m/n/
10.54 )$|\C70/rm/m/n/10.54/ff | \C70/rm/m/n/10.54/8f l \C70/rm/m/n/10.54/79 ˚$
\OML/cmm/m/it/10.54 O\OT1/cmr/m/n/10.54 (1)$|\C70/rm/m/n/10.54/30 | \C70/rm/m/
n/10.54/67   \C70/rm/m/n/10.54/54  \C70/rm/m/n/10.54/51 ˙ \C70/rm/m/n/10.54/89
 „ \C70/rm/m/n/10.54/4e _ \C70/rm/m/n/10.54/66 /$\OML/cmm/m/it/10.54 O\OT1/cmr/
m/n/10.54 (\OML/cmm/m/it/10.54 N[]\OT1/cmr/m/n/10.54 )$\C70/rm/m/n/10.54/76 Ñ|\
C70/rm/m/n/10.54/30 | \C70/rm/m/n/10.54/60 ; \C70/rm/m/n/10.54/65 ˆ \C70/rm/m/
n/10.54/95 Ù$\OML/cmm/m/it/10.54 O\OT1/cmr/m/n/10.54 (\OML/cmm/m/it/10.54 N[]\O
T1/cmr/m/n/10.54 )$|\C70/rm/m/n/10.54/ff | \C70/rm/m/n/10.54/60 ; \C70/rm/m/n/
10.54/7a z \C70/rm/m/n/10.54/95 Ù$\OML/cmm/m/it/10.54 O\OT1/cmr/m/n/10.54 (\OML
/cmm/m/it/10.54 N[]\OT1/cmr/m/n/10.54 )$|\C70/rm/m/n/10.54/30 |
 []


Underfull \hbox (badness 10000) in paragraph at lines 2085--2086

 []

[80]
\tf@thm=\write4
 (E:\ÈõÜËÆ≠Èòü‰Ωú‰∏ö\team_homework\Ê≥õÂÅöË°®Ê†º.aux) ) 
Here is how much of TeX's memory you used:
 14282 strings out of 495354
 225451 string characters out of 3183075
 241004 words of memory out of 3000000
 16666 multiletter control sequences out of 15000+200000
 70691 words of font info for 247 fonts, out of 3000000 for 9000
 14 hyphenation exceptions out of 8191
 40i,13n,29p,1262b,1802s stack positions out of 5000i,500n,10000p,200000b,50000s
<C:/Windows/Fonts/simkai.
ttf><C:/Windows/Fonts/simkai.ttf><C:/Windows/Fonts/simhei.ttf><C:/Windows/Fonts
/simhei.ttf><C:/Windows/Fonts/simhei.ttf><C:/Windows/Fonts/simhei.ttf><C:/Windo
ws/Fonts/simfang.ttf><C:/Windows/Fonts/simhei.ttf><C:/Windows/Fonts/simhei.ttf>
<C:/Windows/Fonts/simhei.ttf><C:/Windows/Fonts/simhei.ttf><C:/Windows/Fonts/sim
hei.ttf><C:/Windows/Fonts/simhei.ttf><C:/Windows/Fonts/simhei.ttf><C:/Windows/F
onts/simhei.ttf><C:/Windows/Fonts/simhei.ttf><C:/Windows/Fonts/simkai.ttf><C:/W
indows/Fonts/simkai.ttf><C:/Windows/Fonts/simkai.ttf><C:/Windows/Fonts/simkai.t
tf><C:/Windows/Fonts/simfang.ttf><C:/Windows/Fonts/simkai.ttf><C:/Windows/Fonts
/simkai.ttf><C:/Windows/Fonts/simkai.ttf><C:/Windows/Fonts/simkai.ttf><C:/Windo
ws/Fonts/simkai.ttf><C:/Windows/Fonts/simkai.ttf><C:/Windows/Fonts/simkai.ttf><
C:/Windows/Fonts/simkai.ttf><C:/Windows/Fonts/simkai.ttf><C:/Windows/Fonts/simk
ai.ttf><C:/Windows/Fonts/simkai.ttf><C:/Windows/Fonts/simkai.ttf><C:/Windows/Fo
nts/simhei.ttf><C:/Windows/Fonts/simhei.ttf><C:/Windows/Fonts/simkai.ttf><C:/Wi
ndows/Fonts/simkai.ttf><C:/Windows/Fonts/simkai.ttf><C:/Windows/Fonts/simkai.tt
f><C:/Windows/Fonts/simkai.ttf><C:/Windows/Fonts/simkai.ttf><C:/Windows/Fonts/s
imkai.ttf><C:/Windows/Fonts/simkai.ttf><C:/Windows/Fonts/simsun.ttc><C:/Windows
/Fonts/simkai.ttf><C:/Windows/Fonts/simkai.ttf><C:/Windows/Fonts/simkai.ttf><C:
/Windows/Fonts/simkai.ttf><C:/Windows/Fonts/simsun.ttc><C:/Windows/Fonts/simsun
.ttc><C:/Windows/Fonts/simkai.ttf><C:/Windows/Fonts/simkai.ttf><C:/Windows/Font
s/simkai.ttf><C:/Windows/Fonts/simkai.ttf><C:/Windows/Fonts/simkai.ttf><C:/Wind
ows/Fonts/simkai.ttf><C:/Windows/Fonts/simkai.ttf><C:/Windows/Fonts/simkai.ttf>
<C:/Windows/Fonts/simkai.ttf><C:/Windows/Fonts/simkai.ttf><C:/Windows/Fonts/sim
kai.ttf><C:/Windows/Fonts/simkai.ttf><C:/Windows/Fonts/simkai.ttf><C:/Windows/F
onts/simkai.ttf><C:/Windows/Fonts/simkai.ttf><C:/Windows/Fonts/simkai.ttf><C:/W
indows/Fonts/simkai.ttf><C:/Windows/Fonts/simkai.ttf><C:/Windows/Fonts/simkai.t
tf><C:/Windows/Fonts/simkai.ttf><C:/Windows/Fonts/simkai.ttf><C:/Windows/Fonts/
simkai.ttf><C:/Windows/Fonts/simkai.ttf><C:/Windows/Fonts/simkai.ttf><C:/Window
s/Fonts/simkai.ttf><C:/Windows/Fonts/simkai.ttf><C:/Windows/Fonts/simkai.ttf><C
:/Windows/Fonts/simkai.ttf><C:/Windows/Fonts/simkai.ttf><C:/Windows/Fonts/simka
i.ttf><C:/Windows/Fonts/simkai.ttf><C:/Windows/Fonts/simkai.ttf><C:/Windows/Fon
ts/simkai.ttf><C:/Windows/Fonts/simkai.ttf><C:/Windows/Fonts/simhei.ttf><C:/Win
dows/Fonts/simhei.ttf><C:/Windows/Fonts/simsun.ttc><C:/Windows/Fonts/simsun.ttc
><C:/Windows/Fonts/simhei.ttf><C:/Windows/Fonts/simhei.ttf><C:/Windows/Fonts/si
mhei.ttf><C:/Windows/Fonts/simkai.ttf><C:/Windows/Fonts/simsun.ttc><C:/Windows/
Fonts/simsun.ttc><C:/Windows/Fonts/simsun.ttc><C:/Windows/Fonts/simsun.ttc><C:/
Windows/Fonts/simsun.ttc><C:/Windows/Fonts/simsun.ttc><C:/Windows/Fonts/simsun.
ttc><C:/Windows/Fonts/simsun.ttc><C:/Windows/Fonts/simsun.ttc><C:/Windows/Fonts
/simsun.ttc><C:/Windows/Fonts/simsun.ttc><C:/Windows/Fonts/simsun.ttc><C:/Windo
ws/Fonts/simsun.ttc><C:/Windows/Fonts/simsun.ttc><C:/Windows/Fonts/simsun.ttc><
C:/Windows/Fonts/simsun.ttc><C:/Windows/Fonts/simsun.ttc><C:/Windows/Fonts/sims
un.ttc><C:/Windows/Fonts/simsun.ttc><C:/Windows/Fonts/simhei.ttf><C:/Windows/Fo
nts/simhei.ttf><C:/Windows/Fonts/simhei.ttf><C:/Windows/Fonts/simhei.ttf><C:/Wi
ndows/Fonts/simsun.ttc><C:/Windows/Fonts/simsun.ttc><C:/Windows/Fonts/simsun.tt
c><C:/Windows/Fonts/simsun.ttc><C:/Windows/Fonts/simsun.ttc><C:/Windows/Fonts/s
imsun.ttc><C:/Windows/Fonts/simsun.ttc><C:/Windows/Fonts/simsun.ttc><C:/Windows
/Fonts/simsun.ttc><C:/Windows/Fonts/simsun.ttc><C:/Windows/Fonts/simsun.ttc><C:
/Windows/Fonts/simsun.ttc><C:/Windows/Fonts/simsun.ttc><C:/Windows/Fonts/simsun
.ttc><C:/Windows/Fonts/simsun.ttc><C:/Windows/Fonts/simsun.ttc><C:/Windows/Font
s/simsun.ttc><C:/Windows/Fonts/simsun.ttc><C:/Windows/Fonts/simsun.ttc><C:/Wind
ows/Fonts/simsun.ttc><C:/Windows/Fonts/simsun.ttc><C:/Windows/Fonts/simsun.ttc>
<C:/Windows/Fonts/simsun.ttc><C:/Windows/Fonts/simsun.ttc><C:/Windows/Fonts/sim
sun.ttc><C:/Windows/Fonts/simsun.ttc><C:/Windows/Fonts/simsun.ttc><C:/Windows/F
onts/simsun.ttc><C:/Windows/Fonts/simsun.ttc><C:/Windows/Fonts/simsun.ttc><C:/W
indows/Fonts/simhei.ttf><C:/Windows/Fonts/simhei.ttf><C:/Windows/Fonts/simhei.t
tf><C:/Windows/Fonts/simsun.ttc><C:/Windows/Fonts/simsun.ttc><C:/Windows/Fonts/
simsun.ttc><C:/Windows/Fonts/simsun.ttc><C:/Windows/Fonts/simsun.ttc><C:/Window
s/Fonts/simsun.ttc><C:/Windows/Fonts/simsun.ttc><C:/Windows/Fonts/simsun.ttc><C
:/Windows/Fonts/simsun.ttc><C:/Windows/Fonts/simsun.ttc><C:/Windows/Fonts/simsu
n.ttc><C:/Windows/Fonts/simsun.ttc><C:/Windows/Fonts/simsun.ttc><C:/Windows/Fon
ts/simsun.ttc><C:/Windows/Fonts/simsun.ttc><C:/Windows/Fonts/simsun.ttc><C:/Win
dows/Fonts/simsun.ttc><C:/Windows/Fonts/simsun.ttc><C:/Windows/Fonts/simhei.ttf
><C:/Windows/Fonts/simhei.ttf><C:/Windows/Fonts/simhei.ttf><C:/Windows/Fonts/si
msun.ttc><C:/Windows/Fonts/simsun.ttc><C:/Windows/Fonts/simhei.ttf><C:/Windows/
Fonts/simhei.ttf><C:/Windows/Fonts/simsun.ttc><C:/Windows/Fonts/simsun.ttc><C:/
Windows/Fonts/simsun.ttc><C:/Windows/Fonts/simsun.ttc><C:/Windows/Fonts/simsun.
ttc><C:/Windows/Fonts/simsun.ttc><C:/Windows/Fonts/simsun.ttc><D:/Program Files
/CTEX/MiKTeX/fonts/type1/public/amsfonts/cm/cmbx10.pfb><D:/Program Files/CTEX/M
iKTeX/fonts/type1/public/amsfonts/cm/cmbx12.pfb><D:/Program Files/CTEX/MiKTeX/f
onts/type1/public/amsfonts/cm/cmex10.pfb><D:/Program Files/CTEX/MiKTeX/fonts/ty
pe1/public/amsfonts/cmextra/cmex7.pfb><D:/Program Files/CTEX/MiKTeX/fonts/type1
/public/amsfonts/cm/cmmi10.pfb><D:/Program Files/CTEX/MiKTeX/fonts/type1/public
/amsfonts/cm/cmmi5.pfb><D:/Program Files/CTEX/MiKTeX/fonts/type1/public/amsfont
s/cm/cmmi7.pfb><D:/Program Files/CTEX/MiKTeX/fonts/type1/public/amsfonts/cm/cmm
ib10.pfb><D:/Program Files/CTEX/MiKTeX/fonts/type1/public/amsfonts/cm/cmr10.pfb
><D:/Program Files/CTEX/MiKTeX/fonts/type1/public/amsfonts/cm/cmr5.pfb><D:/Prog
ram Files/CTEX/MiKTeX/fonts/type1/public/amsfonts/cm/cmr7.pfb><D:/Program Files
/CTEX/MiKTeX/fonts/type1/public/amsfonts/cm/cmsl10.pfb><D:/Program Files/CTEX/M
iKTeX/fonts/type1/public/amsfonts/cm/cmsy10.pfb><D:/Program Files/CTEX/MiKTeX/f
onts/type1/public/amsfonts/cm/cmsy5.pfb><D:/Program Files/CTEX/MiKTeX/fonts/typ
e1/public/amsfonts/cm/cmsy7.pfb><D:/Program Files/CTEX/MiKTeX/fonts/type1/publi
c/amsfonts/cm/cmti10.pfb><D:/Program Files/CTEX/MiKTeX/fonts/type1/public/amsfo
nts/cm/cmtt10.pfb><D:/Program Files/CTEX/MiKTeX/fonts/type1/public/amsfonts/sym
bols/msbm10.pfb>
Output written on Ê≥õÂÅöË°®Ê†º.pdf (80 pages, 1718334 bytes).
PDF statistics:
 1159 PDF objects out of 1200 (max. 8388607)
 0 named destinations out of 1000 (max. 500000)
 397 words of extra memory for PDF output out of 10000 (max. 10000000)

