\BOOKMARK [1][-]{section.1}{\376\377\0001\000\040\000C\000o\000d\000e\000f\000o\000r\000c\000e\000s\000\040\0002\0003\0005\000C\000\040\000-\000\040\000C\000y\000c\000l\000i\000c\000a\000l\000\040\000Q\000u\000e\000s\000t}{}% 1
\BOOKMARK [1][-]{section.2}{\376\377\0002\000\040\000C\000o\000d\000e\000f\000o\000r\000c\000e\000s\000\040\0002\0003\0008\000D\000\040\000-\000\040\000T\000a\000p\000e\000\040\000P\000r\000o\000g\000r\000a\000m\000m\000i\000n\000g}{}% 2
\BOOKMARK [1][-]{section.3}{\376\377\0003\000\040\000C\000o\000d\000e\000f\000o\000r\000c\000e\000s\000\040\0002\0003\0008\000E\000\040\000-\000\040\000M\000e\000e\000t\000i\000n\000g\000\040\000H\000e\000r}{}% 3
\BOOKMARK [1][-]{section.4}{\376\377\0004\000\040\000C\000o\000d\000e\000f\000o\000r\000c\000e\000s\000\040\0002\0004\0001\000B\000\040\000-\000\040\000F\000r\000i\000e\000n\000d\000s}{}% 4
\BOOKMARK [1][-]{section.5}{\376\377\0005\000\040\000C\000o\000d\000e\000f\000o\000r\000c\000e\000s\000\040\0002\0004\0001\000F\000\040\000-\000\040\000R\000a\000c\000e}{}% 5
\BOOKMARK [1][-]{section.6}{\376\377\0006\000\040\000C\000o\000d\000e\000f\000o\000r\000c\000e\000s\000\040\0002\0004\0003\000D\000\040\000-\000\040\000C\000u\000b\000e\000s}{}% 6
\BOOKMARK [1][-]{section.7}{\376\377\0007\000\040\000C\000o\000d\000e\000f\000o\000r\000c\000e\000s\000\040\0002\0004\0003\000E\000\040\000-\000\040\000M\000a\000t\000r\000i\000x}{}% 7
\BOOKMARK [1][-]{section.8}{\376\377\0008\000\040\000C\000o\000d\000e\000f\000o\000r\000c\000e\000s\000\040\0002\0004\0008\000E\000\040\000-\000\040\000P\000i\000g\000l\000e\000t\000'\000s\000\040\000B\000i\000r\000t\000h\000d\000a\000y}{}% 8
\BOOKMARK [1][-]{section.9}{\376\377\0009\000\040\000C\000o\000d\000e\000f\000o\000r\000c\000e\000s\000\040\0002\0004\0009\000D\000\040\000-\000\040\000D\000o\000n\000k\000e\000y\000\040\000a\000n\000d\000\040\000S\000t\000a\000r\000s}{}% 9
\BOOKMARK [1][-]{section.10}{\376\377\0001\0000\000\040\000C\000o\000d\000e\000f\000o\000r\000c\000e\000s\000\040\0002\0004\0009\000E\000\040\000-\000\040\000E\000n\000d\000l\000e\000s\000s\000\040\000M\000a\000t\000r\000i\000x}{}% 10
\BOOKMARK [1][-]{section.11}{\376\377\0001\0001\000\040\000C\000o\000d\000e\000f\000o\000r\000c\000e\000s\000\040\0002\0005\0003\000E\000\040\000-\000\040\000P\000r\000i\000n\000t\000e\000r}{}% 11
\BOOKMARK [1][-]{section.12}{\376\377\0001\0002\000\040\000C\000o\000d\000e\000f\000o\000r\000c\000e\000s\000\040\0002\0005\0004\000D\000\040\000-\000\040\000R\000a\000t\000s}{}% 12
\BOOKMARK [1][-]{section.13}{\376\377\0001\0003\000\040\000C\000o\000d\000e\000f\000o\000r\000c\000e\000s\000\040\0002\0005\0006\000D\000\040\000-\000\040\000L\000i\000a\000r\000s\000\040\000a\000n\000d\000\040\000S\000e\000r\000g\000e}{}% 13
\BOOKMARK [1][-]{section.14}{\376\377\0001\0004\000\040\000C\000o\000d\000e\000f\000o\000r\000c\000e\000s\000\040\0002\0005\0007\000E\000\040\000-\000\040\000G\000r\000e\000e\000d\000y\000\040\000E\000l\000e\000v\000a\000t\000o\000r}{}% 14
\BOOKMARK [1][-]{section.15}{\376\377\0001\0005\000\040\000C\000o\000d\000e\000f\000o\000r\000c\000e\000s\000\040\0002\0005\0008\000D\000\040\000-\000\040\000L\000i\000t\000t\000l\000e\000\040\000E\000l\000e\000p\000h\000a\000n\000t\000\040\000a\000n\000d\000\040\000B\000r\000o\000k\000e\000n\000\040\000S\000o\000r\000t\000i\000n\000g}{}% 15
\BOOKMARK [1][-]{section.16}{\376\377\0001\0006\000\040\000C\000o\000d\000e\000f\000o\000r\000c\000e\000s\000\040\0002\0006\0000\000E\000\040\000-\000\040\000D\000i\000v\000i\000d\000i\000n\000g\000\040\000K\000i\000n\000g\000d\000o\000m}{}% 16
\BOOKMARK [1][-]{section.17}{\376\377\0001\0007\000\040\000C\000o\000d\000e\000f\000o\000r\000c\000e\000s\000\040\0002\0006\0003\000E\000\040\000-\000\040\000R\000h\000o\000m\000b\000u\000s}{}% 17
\BOOKMARK [1][-]{section.18}{\376\377\0001\0008\000\040\000C\000o\000d\000e\000f\000o\000r\000c\000e\000s\000\040\0002\0006\0004\000E\000\040\000-\000\040\000R\000o\000a\000d\000s\000i\000d\000e\000\040\000T\000r\000e\000e\000s}{}% 18
\BOOKMARK [1][-]{section.19}{\376\377\0001\0009\000\040\000C\000o\000d\000e\000f\000o\000r\000c\000e\000s\000\040\0002\0006\0006\000D\000\040\000-\000\040\000B\000e\000r\000D\000o\000n\000a\000l\000d\000s}{}% 19
\BOOKMARK [1][-]{section.20}{\376\377\0002\0000\000\040\000C\000o\000d\000e\000f\000o\000r\000c\000e\000s\000\040\0002\0006\0006\000E\000\040\000-\000\040\000M\000o\000r\000e\000\040\000Q\000u\000e\000r\000i\000e\000s\000\040\000t\000o\000\040\000A\000r\000r\000a\000y\000.\000.\000.}{}% 20
\BOOKMARK [1][-]{section.21}{\376\377\0002\0001\000\040\000C\000o\000d\000e\000f\000o\000r\000c\000e\000s\000\040\0002\0006\0007\000C\000\040\000-\000\040\000B\000e\000r\000l\000a\000n\000d\000\040\000T\000r\000a\000f\000f\000i\000c}{}% 21
\BOOKMARK [1][-]{section.22}{\376\377\0002\0002\000\040\000C\000o\000d\000e\000f\000o\000r\000c\000e\000s\000\040\0002\0006\0009\000E\000\040\000-\000\040\000S\000t\000r\000i\000n\000g\000\040\000T\000h\000e\000o\000r\000y}{}% 22
\BOOKMARK [1][-]{section.23}{\376\377\0002\0003\000\040\000C\000o\000d\000e\000f\000o\000r\000c\000e\000s\000\040\0002\0007\0003\000D\000\040\000-\000\040\000D\000i\000m\000a\000\040\000a\000n\000d\000\040\000F\000i\000g\000u\000r\000e}{}% 23
\BOOKMARK [1][-]{section.24}{\376\377\0002\0004\000\040\000C\000o\000d\000e\000f\000o\000r\000c\000e\000s\000\040\0002\0007\0004\000C\000\040\000-\000\040\000T\000h\000e\000\040\000L\000a\000s\000t\000\040\000H\000o\000l\000e\000!}{}% 24
\BOOKMARK [1][-]{section.25}{\376\377\0002\0005\000\040\000C\000o\000d\000e\000f\000o\000r\000c\000e\000s\000\040\0002\0007\0004\000E\000\040\000-\000\040\000M\000i\000r\000r\000o\000r\000\040\000R\000o\000o\000m}{}% 25
\BOOKMARK [1][-]{section.26}{\376\377\0002\0006\000\040\000C\000o\000d\000e\000f\000o\000r\000c\000e\000s\000\040\0002\0008\0000\000D\000\040\000-\000\040\000k\000-\000M\000a\000x\000i\000m\000u\000m\000\040\000S\000u\000b\000s\000e\000q\000u\000e\000n\000c\000e\000\040\000S\000u\000m}{}% 26
\BOOKMARK [1][-]{section.27}{\376\377\0002\0007\000\040\000C\000o\000d\000e\000f\000o\000r\000c\000e\000s\000\040\0002\0008\0000\000E\000\040\000-\000\040\000S\000e\000q\000u\000e\000n\000c\000e\000\040\000T\000r\000a\000n\000s\000f\000o\000r\000m\000a\000t\000i\000o\000n}{}% 27
\BOOKMARK [1][-]{section.28}{\376\377\0002\0008\000\040\000C\000o\000d\000e\000f\000o\000r\000c\000e\000s\000\040\0002\0008\0005\000E\000\040\000-\000\040\000P\000o\000s\000i\000t\000i\000o\000n\000s\000\040\000i\000n\000\040\000P\000e\000r\000m\000u\000t\000a\000t\000i\000o\000n\000s}{}% 28
\BOOKMARK [1][-]{section.29}{\376\377\0002\0009\000\040\000C\000o\000d\000e\000f\000o\000r\000c\000e\000s\000\040\0002\0008\0006\000D\000\040\000-\000\040\000T\000o\000u\000r\000i\000s\000t}{}% 29
\BOOKMARK [1][-]{section.30}{\376\377\0003\0000\000\040\000C\000o\000d\000e\000f\000o\000r\000c\000e\000s\000\040\0002\0008\0006\000E\000\040\000-\000\040\000L\000a\000d\000i\000e\000s\000'\000\040\000S\000h\000o\000p}{}% 30
\BOOKMARK [1][-]{section.31}{\376\377\0003\0001\000\040\000C\000o\000d\000e\000f\000o\000r\000c\000e\000s\000\040\0002\0009\0003\000B\000\040\000-\000\040\000D\000i\000s\000t\000i\000n\000c\000t\000\040\000P\000a\000t\000h\000s}{}% 31
\BOOKMARK [1][-]{section.32}{\376\377\0003\0002\000\040\000C\000o\000d\000e\000f\000o\000r\000c\000e\000s\000\040\0002\0009\0003\000D\000\040\000-\000\040\000K\000s\000u\000s\000h\000a\000\040\000a\000n\000d\000\040\000S\000q\000u\000a\000r\000e}{}% 32
\BOOKMARK [1][-]{section.33}{\376\377\0003\0003\000\040\000C\000o\000d\000e\000f\000o\000r\000c\000e\000s\000\040\0002\0009\0003\000E\000\040\000-\000\040\000C\000l\000o\000s\000e\000\040\000V\000e\000r\000t\000i\000c\000e\000s}{}% 33
\BOOKMARK [1][-]{section.34}{\376\377\0003\0004\000\040\000C\000o\000d\000e\000f\000o\000r\000c\000e\000s\000\040\0002\0009\0004\000D\000\040\000-\000\040\000S\000h\000a\000a\000s\000s\000\040\000a\000n\000d\000\040\000P\000a\000i\000n\000t\000e\000r\000\040\000R\000o\000b\000o\000t}{}% 34
\BOOKMARK [1][-]{section.35}{\376\377\0003\0005\000\040\000C\000o\000d\000e\000f\000o\000r\000c\000e\000s\000\040\0002\0009\0007\000E\000\040\000-\000\040\000M\000y\000s\000t\000i\000c\000\040\000C\000a\000r\000v\000i\000n\000g\000s}{}% 35
\BOOKMARK [1][-]{section.36}{\376\377\0003\0006\000\040\000C\000o\000d\000e\000f\000o\000r\000c\000e\000s\000\040\0003\0000\0001\000C\000\040\000-\000\040\000Y\000a\000r\000o\000s\000l\000a\000v\000\040\000a\000n\000d\000\040\000A\000l\000g\000o\000r\000i\000t\000h\000m}{}% 36
\BOOKMARK [1][-]{section.37}{\376\377\0003\0007\000\040\000C\000o\000d\000e\000f\000o\000r\000c\000e\000s\000\040\0003\0000\0003\000D\000\040\000-\000\040\000R\000o\000t\000a\000t\000a\000b\000l\000e\000\040\000N\000u\000m\000b\000e\000r}{}% 37
\BOOKMARK [1][-]{section.38}{\376\377\0003\0008\000\040\000C\000o\000d\000e\000f\000o\000r\000c\000e\000s\000\040\0003\0000\0003\000E\000\040\000-\000\040\000R\000a\000n\000d\000o\000m\000\040\000R\000a\000n\000k\000i\000n\000g}{}% 38
\BOOKMARK [1][-]{section.39}{\376\377\0003\0009\000\040\000C\000o\000d\000e\000f\000o\000r\000c\000e\000s\000\040\0003\0000\0005\000D\000\040\000-\000\040\000O\000l\000y\000a\000\040\000a\000n\000d\000\040\000G\000r\000a\000p\000h}{}% 39
\BOOKMARK [1][-]{section.40}{\376\377\0004\0000\000\040\000C\000o\000d\000e\000f\000o\000r\000c\000e\000s\000\040\0003\0000\0006\000C\000\040\000-\000\040\000W\000h\000i\000t\000e\000,\000\040\000B\000l\000a\000c\000k\000\040\000a\000n\000d\000\040\000W\000h\000i\000t\000e\000\040\000A\000g\000a\000i\000n}{}% 40
\BOOKMARK [1][-]{section.41}{\376\377\0004\0001\000\040\000C\000o\000d\000e\000f\000o\000r\000c\000e\000s\000\040\0003\0000\0006\000D\000\040\000-\000\040\000P\000o\000l\000y\000g\000o\000n}{}% 41
\BOOKMARK [1][-]{section.42}{\376\377\0004\0002\000\040\000C\000o\000d\000e\000f\000o\000r\000c\000e\000s\000\040\0003\0000\0009\000D\000\040\000-\000\040\000T\000e\000n\000n\000i\000s\000\040\000R\000a\000c\000k\000e\000t\000s}{}% 42
\BOOKMARK [1][-]{section.43}{\376\377\0004\0003\000\040\000C\000o\000d\000e\000f\000o\000r\000c\000e\000s\000\040\0003\0001\0001\000C\000\040\000-\000\040\000F\000e\000t\000c\000h\000\040\000t\000h\000e\000\040\000T\000r\000e\000a\000s\000u\000r\000e}{}% 43
\BOOKMARK [1][-]{section.44}{\376\377\0004\0004\000\040\000C\000o\000d\000e\000f\000o\000r\000c\000e\000s\000\040\0003\0001\0001\000E\000\040\000-\000\040\000B\000i\000o\000l\000o\000g\000i\000s\000t}{}% 44
\BOOKMARK [1][-]{section.45}{\376\377\0004\0005\000\040\000C\000o\000d\000e\000f\000o\000r\000c\000e\000s\000\040\0003\0001\0004\000E\000\040\000-\000\040\000S\000e\000r\000e\000j\000a\000\040\000a\000n\000d\000\040\000S\000q\000u\000a\000r\000e\000s}{}% 45
\BOOKMARK [1][-]{section.46}{\376\377\0004\0006\000\040\000C\000o\000d\000e\000f\000o\000r\000c\000e\000s\000\040\0003\0001\0006\000D\0003\000\040\000-\000\040\000P\000E\000\040\000L\000e\000s\000s\000o\000n}{}% 46
\BOOKMARK [1][-]{section.47}{\376\377\0004\0007\000\040\000C\000o\000d\000e\000f\000o\000r\000c\000e\000s\000\040\0003\0001\0006\000E\0003\000\040\000-\000\040\000S\000u\000m\000m\000e\000r\000\040\000H\000o\000m\000e\000w\000o\000r\000k}{}% 47
\BOOKMARK [1][-]{section.48}{\376\377\0004\0008\000\040\000C\000o\000d\000e\000f\000o\000r\000c\000e\000s\000\040\0003\0001\0006\000G\0003\000\040\000-\000\040\000G\000o\000o\000d\000\040\000S\000u\000b\000s\000t\000r\000i\000n\000g\000s}{}% 48
\BOOKMARK [1][-]{section.49}{\376\377\0004\0009\000\040\000C\000o\000d\000e\000f\000o\000r\000c\000e\000s\000\040\0003\0001\0007\000C\000\040\000-\000\040\000B\000a\000l\000a\000n\000c\000e}{}% 49
\BOOKMARK [1][-]{section.50}{\376\377\0005\0000\000\040\000C\000o\000d\000e\000f\000o\000r\000c\000e\000s\000\040\0003\0001\0007\000E\000\040\000-\000\040\000P\000r\000i\000n\000c\000e\000s\000s\000\040\000a\000n\000d\000\040\000H\000e\000r\000\040\000S\000h\000a\000d\000o\000w}{}% 50
\BOOKMARK [1][-]{section.51}{\376\377\0005\0001\000\040\000C\000o\000d\000e\000f\000o\000r\000c\000e\000s\000\040\0003\0001\0009\000D\000\040\000-\000\040\000H\000a\000v\000e\000\040\000Y\000o\000u\000\040\000E\000v\000e\000r\000\040\000H\000e\000a\000r\000d\000\040\000A\000b\000o\000u\000t\000\040\000t\000h\000e\000\040\000W\000o\000r\000d\000?}{}% 51
\BOOKMARK [1][-]{section.52}{\376\377\0005\0002\000\040\000C\000o\000d\000e\000f\000o\000r\000c\000e\000s\000\040\0003\0001\0009\000E\000\040\000-\000\040\000P\000i\000n\000g\000-\000P\000o\000n\000g}{}% 52
\BOOKMARK [1][-]{section.53}{\376\377\0005\0003\000\040\000C\000o\000d\000e\000f\000o\000r\000c\000e\000s\000\040\0003\0002\0001\000D\000\040\000-\000\040\000C\000i\000e\000l\000\040\000a\000n\000d\000\040\000F\000l\000i\000p\000b\000o\000a\000r\000d}{}% 53
\BOOKMARK [1][-]{section.54}{\376\377\0005\0004\000\040\000C\000o\000d\000e\000f\000o\000r\000c\000e\000s\000\040\0003\0002\0003\000C\000\040\000-\000\040\000T\000w\000o\000\040\000p\000e\000r\000m\000u\000t\000a\000t\000i\000o\000n\000s}{}% 54
\BOOKMARK [1][-]{section.55}{\376\377\0005\0005\000\040\000C\000o\000d\000e\000f\000o\000r\000c\000e\000s\000\040\0003\0002\0005\000C\000\040\000-\000\040\000M\000o\000n\000s\000t\000e\000r\000s\000\040\000a\000n\000d\000\040\000D\000i\000a\000m\000o\000n\000d\000s}{}% 55
\BOOKMARK [1][-]{section.56}{\376\377\0005\0006\000\040\000C\000o\000d\000e\000f\000o\000r\000c\000e\000s\000\040\0003\0002\0005\000D\000\040\000-\000\040\000R\000e\000c\000l\000a\000m\000a\000t\000i\000o\000n}{}% 56
\BOOKMARK [1][-]{section.57}{\376\377\0005\0007\000\040\000C\000o\000d\000e\000f\000o\000r\000c\000e\000s\000\040\0003\0002\0005\000E\000\040\000-\000\040\000T\000h\000e\000\040\000R\000e\000d\000\040\000B\000u\000t\000t\000o\000n}{}% 57
\BOOKMARK [1][-]{section.58}{\376\377\0005\0008\000\040\000C\000o\000d\000e\000f\000o\000r\000c\000e\000s\000\040\0003\0002\0009\000E\000\040\000-\000\040\000E\000v\000i\000l}{}% 58
\BOOKMARK [1][-]{section.59}{\376\377\0005\0009\000\040\000C\000o\000d\000e\000f\000o\000r\000c\000e\000s\000\040\0003\0003\0001\000D\0003\000\040\000-\000\040\000E\000s\000c\000a\000p\000i\000n\000g\000\040\000o\000n\000\040\000B\000e\000a\000v\000e\000r\000a\000c\000t\000o\000r}{}% 59
\BOOKMARK [1][-]{section.60}{\376\377\0006\0000\000\040\000C\000o\000d\000e\000f\000o\000r\000c\000e\000s\000\040\0003\0003\0001\000E\0002\000\040\000-\000\040\000D\000e\000j\000a\000\040\000V\000u}{}% 60
\BOOKMARK [1][-]{section.61}{\376\377\0006\0001\000\040\000C\000o\000d\000e\000f\000o\000r\000c\000e\000s\000\040\0003\0003\0002\000D\000\040\000-\000\040\000T\000h\000e\000f\000t\000\040\000o\000f\000\040\000B\000l\000u\000e\000p\000r\000i\000n\000t\000s}{}% 61
\BOOKMARK [1][-]{section.62}{\376\377\0006\0002\000\040\000C\000o\000d\000e\000f\000o\000r\000c\000e\000s\000\040\0003\0003\0002\000E\000\040\000-\000\040\000B\000i\000n\000a\000r\000y\000\040\000K\000e\000y}{}% 62
\BOOKMARK [1][-]{section.63}{\376\377\0006\0003\000\040\000C\000o\000d\000e\000f\000o\000r\000c\000e\000s\000\040\0003\0003\0005\000D\000\040\000-\000\040\000R\000e\000c\000t\000a\000n\000g\000l\000e\000s\000\040\000a\000n\000d\000\040\000S\000q\000u\000a\000r\000e}{}% 63
\BOOKMARK [1][-]{section.64}{\376\377\0006\0004\000\040\000C\000o\000d\000e\000f\000o\000r\000c\000e\000s\000\040\0003\0003\0005\000E\000\040\000-\000\040\000C\000o\000u\000n\000t\000i\000n\000g\000\040\000S\000k\000y\000s\000c\000r\000a\000p\000e\000r\000s}{}% 64
\BOOKMARK [1][-]{section.65}{\376\377\0006\0005\000\040\000C\000o\000d\000e\000f\000o\000r\000c\000e\000s\000\040\0003\0003\0005\000F\000\040\000-\000\040\000B\000u\000y\000\040\000o\000n\000e\000,\000\040\000g\000e\000t\000\040\000o\000n\000e\000\040\000f\000r\000e\000e}{}% 65
\BOOKMARK [1][-]{section.66}{\376\377\0006\0006\000\040\000C\000o\000d\000e\000f\000o\000r\000c\000e\000s\000\040\0003\0003\0008\000D\000\040\000-\000\040\000G\000C\000D\000\040\000T\000a\000b\000l\000e}{}% 66
\BOOKMARK [1][-]{section.67}{\376\377\0006\0007\000\040\000C\000o\000d\000e\000f\000o\000r\000c\000e\000s\000\040\0003\0003\0008\000E\000\040\000-\000\040\000O\000p\000t\000i\000m\000i\000z\000e\000!}{}% 67
\BOOKMARK [1][-]{section.68}{\376\377\0006\0008\000\040\000C\000o\000d\000e\000f\000o\000r\000c\000e\000s\000\040\0003\0004\0001\000E\000\040\000-\000\040\000C\000a\000n\000d\000i\000e\000s\000\040\000G\000a\000m\000e}{}% 68
\BOOKMARK [1][-]{section.69}{\376\377\0006\0009\000\040\000C\000o\000d\000e\000f\000o\000r\000c\000e\000s\000\040\0003\0004\0002\000D\000\040\000-\000\040\000X\000e\000n\000i\000a\000\040\000a\000n\000d\000\040\000D\000o\000m\000i\000n\000o\000e\000s}{}% 69
\BOOKMARK [1][-]{section.70}{\376\377\0007\0000\000\040\000C\000o\000d\000e\000f\000o\000r\000c\000e\000s\000\040\0003\0004\0003\000E\000\040\000-\000\040\000P\000u\000m\000p\000i\000n\000g\000\040\000S\000t\000a\000t\000i\000o\000n\000s}{}% 70
\BOOKMARK [1][-]{section.71}{\376\377\0007\0001\000\040\000C\000o\000d\000e\000f\000o\000r\000c\000e\000s\000\040\0003\0004\0006\000E\000\040\000-\000\040\000D\000o\000o\000d\000l\000e\000\040\000J\000u\000m\000p}{}% 71
\BOOKMARK [1][-]{section.72}{\376\377\0007\0002\000\040\000C\000o\000d\000e\000f\000o\000r\000c\000e\000s\000\040\0003\0004\0008\000E\000\040\000-\000\040\000P\000i\000l\000g\000r\000i\000m\000s}{}% 72
\BOOKMARK [1][-]{section.73}{\376\377\0007\0003\000\040\000C\000o\000d\000e\000f\000o\000r\000c\000e\000s\000\040\0003\0005\0004\000D\000\040\000-\000\040\000T\000r\000a\000n\000s\000f\000e\000r\000r\000i\000n\000g\000\040\000P\000y\000r\000a\000m\000i\000d}{}% 73
\BOOKMARK [1][-]{section.74}{\376\377\0007\0004\000\040\000C\000o\000d\000e\000f\000o\000r\000c\000e\000s\000\040\0003\0005\0006\000E\000\040\000-\000\040\000X\000e\000n\000i\000a\000\040\000a\000n\000d\000\040\000S\000t\000r\000i\000n\000g\000\040\000P\000r\000o\000b\000l\000e\000m}{}% 74
\BOOKMARK [1][-]{section.75}{\376\377\0007\0005\000\040\000C\000o\000d\000e\000J\000a\000m\000\040\0002\0000\0000\0009\000\040\000F\000i\000n\000a\000l\000s\000\040\000B\000\040\000-\000\040\000M\000i\000n\000\040\000P\000e\000r\000i\000m\000e\000t\000e\000r}{}% 75
\BOOKMARK [1][-]{section.76}{\376\377\0007\0006\000\040\000C\000o\000d\000e\000J\000a\000m\000\040\0002\0000\0000\0009\000\040\000F\000i\000n\000a\000l\000s\000\040\000D\000\040\000-\000\040\000W\000i\000-\000f\000i\000\040\000T\000o\000w\000e\000r\000s}{}% 76
\BOOKMARK [1][-]{section.77}{\376\377\0007\0007\000\040\000C\000o\000d\000e\000J\000a\000m\000\040\0002\0000\0000\0009\000\040\000F\000i\000n\000a\000l\000s\000\040\000F\000\040\000-\000\040\000L\000i\000g\000h\000t\000s}{}% 77
\BOOKMARK [1][-]{section.78}{\376\377\0007\0008\000\040\000C\000o\000d\000e\000J\000a\000m\000\040\0002\0000\0001\0000\000\040\000F\000i\000n\000a\000l\000s\000\040\000A\000\040\000-\000\040\000L\000e\000t\000t\000e\000r\000\040\000S\000t\000a\000m\000p\000e\000r}{}% 78
\BOOKMARK [1][-]{section.79}{\376\377\0007\0009\000\040\000C\000o\000d\000e\000J\000a\000m\000\040\0002\0000\0001\0001\000\040\000F\000i\000n\000a\000l\000s\000\040\000A\000\040\000-\000\040\000R\000u\000n\000s}{}% 79
\BOOKMARK [1][-]{section.80}{\376\377\0008\0000\000\040\000C\000o\000d\000e\000J\000a\000m\000\040\0002\0000\0001\0001\000\040\000F\000i\000n\000a\000l\000s\000\040\000B\000\040\000-\000\040\000R\000a\000i\000n\000s\000\040\000O\000v\000e\000r\000\040\000A\000t\000l\000a\000n\000t\000i\000s}{}% 80
\BOOKMARK [1][-]{section.81}{\376\377\0008\0001\000\040\000C\000o\000d\000e\000J\000a\000m\000\040\0002\0000\0001\0001\000\040\000F\000i\000n\000a\000l\000s\000\040\000C\000\040\000-\000\040\000P\000r\000o\000g\000r\000a\000m\000\040\000w\000i\000t\000h\000i\000n\000\040\000a\000\040\000P\000r\000o\000g\000r\000a\000m}{}% 81
\BOOKMARK [1][-]{section.82}{\376\377\0008\0002\000\040\000C\000o\000d\000e\000J\000a\000m\000\040\0002\0000\0001\0002\000\040\000F\000i\000n\000a\000l\000s\000\040\000D\000\040\000-\000\040\000T\000w\000i\000r\000l\000i\000n\000g\000\040\000T\000o\000w\000a\000r\000d\000s\000\040\000F\000r\000e\000e\000d\000o\000m}{}% 82
\BOOKMARK [1][-]{section.83}{\376\377\0008\0003\000\040\000C\000o\000d\000e\000J\000a\000m\000\040\0002\0000\0001\0003\000\040\000F\000i\000n\000a\000l\000s\000\040\000A\000\040\000-\000\040\000G\000r\000a\000d\000u\000a\000t\000i\000o\000n\000\040\000R\000e\000q\000u\000i\000r\000e\000m\000e\000n\000t\000s}{}% 83
\BOOKMARK [1][-]{section.84}{\376\377\0008\0004\000\040\000C\000o\000d\000e\000J\000a\000m\000\040\0002\0000\0001\0003\000\040\000F\000i\000n\000a\000l\000s\000\040\000C\000\040\000-\000\040\000X\000\040\000M\000a\000r\000k\000s\000\040\000t\000h\000e\000\040\000S\000p\000o\000t}{}% 84
\BOOKMARK [1][-]{section.85}{\376\377\0008\0005\000\040\000C\000o\000d\000e\000J\000a\000m\000\040\0002\0000\0001\0004\000\040\000F\000i\000n\000a\000l\000s\000\040\000C\000\040\000-\000\040\000S\000y\000m\000m\000e\000t\000r\000i\000c\000\040\000T\000r\000e\000e\000s}{}% 85
\BOOKMARK [1][-]{section.86}{\376\377\0008\0006\000\040\000C\000o\000d\000e\000J\000a\000m\000\040\0002\0000\0001\0004\000\040\000F\000i\000n\000a\000l\000s\000\040\000D\000\040\000-\000\040\000P\000a\000r\000a\000d\000o\000x\000\040\000S\000o\000r\000t}{}% 86
\BOOKMARK [1][-]{section.87}{\376\377\0008\0007\000\040\000C\000o\000d\000e\000J\000a\000m\000\040\0002\0000\0001\0004\000\040\000F\000i\000n\000a\000l\000s\000\040\000E\000\040\000-\000\040\000A\000l\000l\000e\000r\000g\000y\000\040\000T\000e\000s\000t\000i\000n\000g}{}% 87
\BOOKMARK [1][-]{section.88}{\376\377\0008\0008\000\040\000C\000o\000d\000e\000J\000a\000m\000\040\0002\0000\0001\0004\000\040\000F\000i\000n\000a\000l\000s\000\040\000F\000\040\000-\000\040\000A\000R\000A\000M}{}% 88
\BOOKMARK [1][-]{section.89}{\376\377\0008\0009\000\040\000U\000S\000A\000C\000O\000\040\0002\0000\0000\0007\000\040\000J\000a\000n\000\040\000g\000o\000l\000d\000\040\000-\000\040\000C\000o\000w\000\040\000S\000c\000h\000u\000l}{}% 89
\BOOKMARK [1][-]{section.90}{\376\377\0009\0000\000\040\000U\000S\000A\000C\000O\000\040\0002\0000\0000\0007\000\040\000D\000e\000c\000\040\000g\000o\000l\000d\000\040\0003\000\040\000-\000\040\000B\000e\000s\000t\000\040\000C\000o\000w\000\040\000L\000i\000n\000e\000,\000\040\000G\000o\000l\000d}{}% 90
\BOOKMARK [1][-]{section.91}{\376\377\0009\0001\000\040\000U\000S\000A\000C\000O\000\040\000U\000S\000\040\000O\000P\000E\000N\000\040\0000\0007\000\040\000g\000o\000l\000d\000\040\0003\000\040\000-\000\040\000C\000o\000n\000n\000e\000c\000t}{}% 91
\BOOKMARK [1][-]{section.92}{\376\377\0009\0002\000\040\000U\000S\000A\000C\000O\000\040\0002\0000\0000\0008\000\040\000D\000e\000c\000\040\000g\000o\000l\000d\000\040\0004\000\040\000-\000\040\000F\000e\000n\000c\000e}{}% 92
\BOOKMARK [1][-]{section.93}{\376\377\0009\0003\000\040\000U\000S\000A\000C\000O\000\040\0002\0000\0000\0009\000\040\000J\000a\000n\000\040\000g\000o\000l\000d\000\040\000-\000\040\000S\000a\000f\000e\000\040\000T\000r\000a\000v\000e\000l}{}% 93
\BOOKMARK [1][-]{section.94}{\376\377\0009\0004\000\040\000U\000S\000A\000C\000O\000\040\0002\0000\0000\0009\000\040\000M\000a\000r\000\040\000g\000o\000l\000d\000\040\0002\000\040\000-\000\040\000C\000l\000e\000a\000n\000i\000n\000g\000\040\000U\000p}{}% 94
\BOOKMARK [1][-]{section.95}{\376\377\0009\0005\000\040\000U\000S\000A\000C\000O\000\040\0002\0000\0001\0000\000\040\000D\000e\000c\000\040\000g\000o\000l\000d\000\040\0003\000\040\000-\000\040\000T\000h\000r\000e\000a\000t\000e\000n\000i\000n\000g\000\040\000L\000e\000t\000t\000e\000r}{}% 95
\BOOKMARK [1][-]{section.96}{\376\377\0009\0006\000\040\000U\000S\000A\000C\000O\000\040\000U\000S\000\040\000O\000P\000E\000N\000\040\0001\0000\000\040\000-\000\040\000T\000r\000i\000a\000n\000g\000l\000e\000\040\000C\000o\000u\000n\000t\000i\000n\000g}{}% 96
\BOOKMARK [1][-]{section.97}{\376\377\0009\0007\000\040\000U\000S\000A\000C\000O\000\040\0002\0000\0001\0002\000\040\000M\000a\000r\000\040\000g\000o\000l\000d\000\040\0003\000\040\000-\000\040\000C\000o\000w\000s\000\040\000i\000n\000\040\000a\000\040\000S\000k\000y\000s\000c\000r\000a\000p\000e}{}% 97
\BOOKMARK [1][-]{section.98}{\376\377\0009\0008\000\040\000U\000S\000A\000C\000O\000\040\0002\0000\0001\0002\000\040\000D\000e\000c\000\040\000g\000o\000l\000d\000\040\0002\000\040\000-\000\040\000F\000i\000r\000s\000t\000!}{}% 98
\BOOKMARK [1][-]{section.99}{\376\377\0009\0009\000\040\000U\000S\000A\000C\000O\000\040\0002\0000\0001\0003\000\040\000U\000S\000\040\000O\000p\000e\000n\000\040\000g\000o\000l\000d\000\040\000-\000\040\000P\000h\000o\000t\000o}{}% 99
\BOOKMARK [1][-]{section.100}{\376\377\0001\0000\0000\000\040\000U\000S\000A\000C\000O\000\040\0002\0000\0001\0003\000\040\000U\000S\000\040\000O\000p\000e\000n\000\040\000g\000o\000l\000d\000\040\000-\000\040\000F\000i\000g\000u\000r\000e\000\040\000E\000i\000g\000h\000t}{}% 100
