100.00000 0.00000
110.15269 0.63875
145.87993 5.15215
158.07760 7.47898
179.31744 12.93245
202.34240 20.41371
237.13664 34.18973
278.44405 53.62752
364.10490 100.71996
439.62706 148.64779
496.12233 189.69401
499.56304 192.54040
506.89717 199.42761
525.09975 218.81139
560.83422 262.00695
581.39372 290.30467
593.32668 309.10800
621.60048 360.53785
663.64454 449.88603
677.83653 485.73091
693.28457 533.27508
704.54090 577.11560
717.22868 643.62727
721.11727 674.40862
723.07907 705.59051
723.07907 772.68518
717.70968 858.02915
707.12084 941.84841
695.11753 1004.77200
688.68878 1029.81032
686.07180 1037.86456
680.36387 1052.28113
672.90780 1068.12609
657.85757 1095.50236
652.47149 1103.98947
638.69946 1122.94504
603.69874 1165.25364
581.82710 1188.54457
533.03392 1234.36442
481.77425 1276.77010
407.27909 1330.89401
350.63939 1366.83865
299.30486 1395.06005
235.42460 1425.11982
211.75464 1434.49142
126.84976 1462.07869
66.09459 1477.67796
21.92167 1486.10440
-17.78027 1491.11992
-60.96936 1493.83715
-143.52116 1493.83715
-165.77454 1492.43708
-224.98126 1484.95753
-266.39708 1477.05704
-338.96910 1458.42372
-420.03504 1432.08380
-444.40448 1422.43525
-478.69427 1406.29970
-487.93968 1401.21699
-571.83932 1347.97267
-627.92883 1307.22125
-640.64652 1296.70026
-672.25393 1267.01893
-678.66958 1260.18695
-727.11095 1201.63140
-736.24079 1189.06526
-749.63400 1167.96092
-759.74123 1149.57595
-801.26687 1061.32948
-802.74722 1057.59054
-810.70651 1033.09437
-820.79144 993.81613
-823.35435 980.38088
-824.82663 968.72663
-825.37698 959.97910
-825.37698 889.12589
-819.71448 799.12318
-813.08506 746.64586
-808.99753 725.21828
-798.06429 682.63613
-780.47541 628.50311
-768.35883 597.90014
-749.77008 558.39702
-703.15068 473.59665
-689.04838 451.37499
-645.08082 390.85883
-608.68384 346.86244
-562.78954 297.98997
-499.37205 238.43699
-447.40700 195.44776
-382.87484 148.56240
-376.51526 144.52649
-366.60265 139.07699
-312.00632 113.38590
-97.12865 28.30981
-17.53356 2.44780
51.04667 -15.16061
61.21732 -17.10076
123.41555 -24.95823
144.37971 -26.27718
