YES
000000000111111111111110
000000011100000000000000
011111111100000000000000
000000111100000000000000
000000000011110000000000
000001111111110000000000
000000000000000111110000
001111111111111100000000
000000000011111111111000
001111111111111111111111
000111111111111111111000
000000000000000000000111
000000000000011111000000
000000000000000111100000
000000000000011110000000
000001111111111111111100
111111000000000000000000
000000000100000000000000
000000000000011111110000
000000000000000000111111
000011111111111100000000
001111111111111111111111
000000000000011111111100
000000000111111111111100
