YES
0000000000000000000000000000000000000000000000000000000000000000111111111111111111111111110000000000
0000000000000111111111111111111111111111111111111111111111111111111111111111111111111000000000000000
0000000000000000000000000000000000000000000000011111111111111111111111111111111110000000000000000000
0000000000000000000000000001111111111111100000000000000000000000000000000000000000000000000000000000
0000000000000000000000000000000000011111111111111111111110000000000000000000000000000000000000000000
0001111111111111111111111111111111111111111111111111111111111111111000000000000000000000000000000000
0000000000000000000011111111111111111111111100000000000000000000000000000000000000000000000000000000
0000000000000000000000000000000000001111111111111110000000000000000000000000000000000000000000000000
0000000000000000000000000111111111111111111111111111111111111111110000000000000000000000000000000000
0000000000000000000000000000001111111000000000000000000000000000000000000000000000000000000000000000
0000000000000000000000000000000000000000000000000000000000000000000111111111111111111110000000000000
0001111111111111111111110000000000000000000000000000000000000000000000000000000000000000000000000000
0000000000000011111111111111111111111111111111111111111111111111111111111111111111111111111000000000
0000000000000000000001000000000000000000000000000000000000000000000000000000000000000000000000000000
0000000000000001111111111000000000000000000000000000000000000000000000000000000000000000000000000000
0000000000000000000011111111111000000000000000000000000000000000000000000000000000000000000000000000
1111111111111111111111111111111111111111111111111111111111111111000000000000000000000000000000000000
0000000000000000000000000000000000000000000000000001111111111111111111111111111111111111111110000000
0000000000000000000000000000000000000000000000000001111111111111111111111111000000000000000000000000
0000000000000000000000000000000000001111111111111111111000000000000000000000000000000000000000000000
0000000000000000000000000000000000000000000000000000000000000000000000000000000000000011111111111111
0000111111111111111111111111100000000000000000000000000000000000000000000000000000000000000000000000
0000000000000000000011111111111111111111111111111111111111111111111111111111111111111000000000000000
0000000000000000000000000000000000000000000000001111111100000000000000000000000000000000000000000000
0000000000000000000000000000000000000000000000000000000000000001111111111111111110000000000000000000
0000000000000011111111111111111111111100000000000000000000000000000000000000000000000000000000000000
0000000000000111110000000000000000000000000000000000000000000000000000000000000000000000000000000000
0000000000000000000000000000000000000000000000001111000000000000000000000000000000000000000000000000
0000000000001111111111111111111111111111111111111111111111111111111111111111111111111111111000000000
0000000000000000000000000000000000000000000000000000111111111111111111111100000000000000000000000000
0000000000000000000000000000000000000000000000000000000000000000011111111111100000000000000000000000
0000000000000000000000000000000000000000001111111111111111111000000000000000000000000000000000000000
0000000000000000000000000000000100000000000000000000000000000000000000000000000000000000000000000000
0000000000000000000000000000000000000000000000000000000000000000000000000011111100000000000000000000
0111111111111111100000000000000000000000000000000000000000000000000000000000000000000000000000000000
0000000000000000000000000000000001111111111111111111111111111111111111111111111111111111111111111111
0000000111111111111111111111111111111111111111111111111111111111111111111111111111111111111110000000
0000000000000000000000000000000000000000000000000000000000001111111111111111111110000000000000000000
0000001111111111111111111111111111111111111111111111111111110000000000000000000000000000000000000000
0000000000000000000000001111111111111111111111111100000000000000000000000000000000000000000000000000
0000000000000000000000000000000000001100000000000000000000000000000000000000000000000000000000000000
0000000000000000111111111111111111111111111111000000000000000000000000000000000000000000000000000000
0000000000000000000000000000000000000000000000000000000000000000000000000000000011111111111000000000
0000000000000000000000000000000000000000000000000011111111111111111111111111111111100000000000000000
0000000000000000000000000000000000000000000000000000000110000000000000000000000000000000000000000000
0000000000000000000000000000000000000000011111110000000000000000000000000000000000000000000000000000
0000000000000000000000000001000000000000000000000000000000000000000000000000000000000000000000000000
0000000000000000000000000001111111111111111111111111111111111111111111111100000000000000000000000000
0000000000000011111111111111111111111111111111111111111111111111111111111111111100000000000000000000
0000000000000000000000000000000000000000000000000000000000000000111111111111111111111000000000000000
0000111111111111111111111111111111111111111111111111111111111111111111111111111111111111111111111000
0000000000000111111000000000000000000000000000000000000000000000000000000000000000000000000000000000
0000000001111111111111111111111111111111111111111111111111111111111111111110000000000000000000000000
0000000111111111111000000000000000000000000000000000000000000000000000000000000000000000000000000000
0000000000000000000000000000000000000000000000001111111111111111111111111110000000000000000000000000
0000000000000000000011111111111111111111111111111111111111111111111111000000000000000000000000000000
0000000000000000000000000001111111111111111111111111111111111000000000000000000000000000000000000000
0000000000000000000000000000000001110000000000000000000000000000000000000000000000000000000000000000
0000000000000000000000000000000000000001111111111111111111000000000000000000000000000000000000000000
0000000000000011111111111111111111111111111000000000000000000000000000000000000000000000000000000000
0000000000000001111111111111111111111111111111000000000000000000000000000000000000000000000000000000
0000001111111111111111111111111111111000000000000000000000000000000000000000000000000000000000000000
0000000000000000000000000000000000000000000001111111111111111111111110000000000000000000000000000000
0000000000000000000000000000011111111111111111111111111111111111111110000000000000000000000000000000
0000000000000000000000000000000000000000000000000000000000000000000001111111111111111111111111000000
0000000000001111111111111111111111111111111111111111111111111111111111111111100000000000000000000000
0111111111111111111111111111111111111111111111111111111111111111111111111111111110000000000000000000
0000000011111111111111111111111111111111111111111111111111111111111111111111111111111100000000000000
0011111111111111111111111111110000000000000000000000000000000000000000000000000000000000000000000000
0000000000000000000000011111111111111111111111111111111111111111111111111100000000000000000000000000
0000000000000000000000000000000000000000000000000000000000000000000000011111111111111111000000000000
0000000000000000000001111111111111111111111111111111111111111111111111111111111100000000000000000000
0011111100000000000000000000000000000000000000000000000000000000000000000000000000000000000000000000
1111111111111111111111111111111111111111111111111111111111111110000000000000000000000000000000000000
0000000000011111111111111111111111111111111111111111111111111111111111111111111111111111100000000000
0000000000000000000000000000000000001111111111111111111111111111111000000000000000000000000000000000
0000000000000000000000000001111111111111111111111111111111111111111111111111111111111100000000000000
0000000111111111111111111111111111111111111111111111111111111111111111111111100000000000000000000000
0000000000000000000000000000000000000000000000000000000001100000000000000000000000000000000000000000
0000000000000000000000000000000000000000000000000000000000000000000001111111111100000000000000000000
0000000000000000000000000000000000000000000011111000000000000000000000000000000000000000000000000000
0000000000000000000000000001111111111111111111111111111111111111111111111111111111111111111111000000
0000000000000000000000000111111111110000000000000000000000000000000000000000000000000000000000000000
0000000000000000000000000000000000000000000111111111111111111111111111111111111111111111111100000000
0000000000000000000000000000000000000000000000000000000000000000000000000000001111111111111100000000
0000000111111111111111111111111111111111111111111111111111000000000000000000000000000000000000000000
1111111111111111111111111111111111111111111111110000000000000000000000000000000000000000000000000000
0000000000000000000000000000000111111111111111000000000000000000000000000000000000000000000000000000
0000000000000000000000000000000000000000000000000000000111111111111111111111111111111100000000000000
0000000000000000000000000000000000000000111111111111111111111111111111111000000000000000000000000000
0000000000000000000000000000000000000000000000000000000000000000000000000000000011111100000000000000
0000000000000000000000000000000000000000000000000000000000001111000000000000000000000000000000000000
0000000000000000000000000000000000000000000000000001111111111000000000000000000000000000000000000000
0000000000000000000000000000000000000000000000000000011111111111111111111111111111110000000000000000
0000000000000000000000000000000000000000000000000011000000000000000000000000000000000000000000000000
0000001111111111111111111111111111110000000000000000000000000000000000000000000000000000000000000000
0000000000000000000000000000000000000000011111100000000000000000000000000000000000000000000000000000
0000000000000000000011111111111111111111111111111111111111111111111000000000000000000000000000000000
0000000000000000000000000000000000000000000011111111111111111111111111111111111111111111111000000000
0000000000000000000000000000000000000000000000000001000000000000000000000000000000000000000000000000
