YES
000111111111110000000000
001111111111110000000000
000000000000000011111100
000000000001111111110000
000000000001000000000000
000000011111111000000000
000000111111111000000000
011111111111111111000000
000001111111111111110000
111111111111100000000000
000000000000001100000000
000000000011111111111111
000000011111111111111100
011111111111111111110000
000001111111111100000000
000000111111111100000000
000000000000011110000000
000000000000111110000000
011111111111110000000000
000000000000000011111000
011111111111111111111110
000000000000011111000000
000000000000001110000000
000000000000000000111110
