YES
000000011111000000000000
001111111111110000000000
000000000000000000000000
011111111111100000000000
000000000000000111111110
000000000000000000000111
000000000000011111111110
000001111100000000000000
000000000100000000000000
000000000000000000001111
000111111111111110000000
000000001111111111111100
100000000000000000000000
000000000001111111111110
000000000001110000000000
000001111111111111111000
000000000111111111100000
011110000000000000000000
000000000001111100000000
000000111111000000000000
000000000011111110000000
000001111111111111111000
000001111111111000000000
111111111111100000000000
