YES
000000000111111111111111
000000011111111000000000
000000000011111111111000
000000000111111111111100
000000011111111100000000
000000001111110000000000
000000111111111100000000
111111111111111111000000
000011111111110000000000
000000111111111111111111
000111110000000000000000
000000000001111110000000
000000000000001111100000
000000000011100000000000
000000111111100000000000
000011111111111111111111
000000000011111111100000
000001111111111111110000
000001111111111111000000
000000000000111111000000
000000000000000011000000
000000000000000000100000
000000000000000000010000
000000000000000111000000
