YES
00000000000000000000000000000000111000000000000000
00011111111111110000000000000000000000000000000000
00000000000000000000111111111111111111111111110000
00011111111111111111111111111111111110000000000000
00000000000000011111111111110000000000000000000000
11111111111100000000000000000000000000000000000000
00000000111111111111111111111111111110000000000000
00001111111111111111111111111111111111111111111110
00000000000000000000000000000111111111111111000000
00000000000000000111111111111111100000000000000000
00001111111111111111111111111111111111111111111111
00000000000000000000001111111100000000000000000000
00000000000000000000000000011111111111110000000000
00000000000111111111111111111111111111111100000000
00000000000000000000011111111111111110000000000000
00000000000000000000000000001111000000000000000000
00000000000000000000000000000000000000011111111111
00000000111111111111111111000000000000000000000000
00000000000111111111111111111111111100000000000000
00000111000000000000000000000000000000000000000000
00000000000000000000011111000000000000000000000000
00000000000000001111111111111111111100000000000000
11111111111111111111111111111111111111110000000000
00000000000000000000000000000000111111111111000000
00000000000000000000000000000000000111111110000000
00000000000000001111111111111110000000000000000000
00000000000111110000000000000000000000000000000000
00000000000000000000000000000000000011000000000000
00111111111000000000000000000000000000000000000000
00000000000000000000000000000000001111111111111100
00000000001111111111111111111111111111111110000000
11100000000000000000000000000000000000000000000000
00000000000000000000111100000000000000000000000000
00000000000000000100000000000000000000000000000000
00111111111111111111111111110000000000000000000000
00000000000000000000000000000000000000111100000000
00000111111111110000000000000000000000000000000000
00000000000000000000000000000011111111000000000000
00000000000000000000000011111111111100000000000000
00000000000000000000001111111111111110000000000000
00000001111111111111111111111111110000000000000000
00011100000000000000000000000000000000000000000000
00000000000000000000000111111111100000000000000000
00000000000000000000000000000000000000111000000000
00000001111111111111111111111111110000000000000000
00001111111111111111111111111111111111111111111000
00000000000000000000000001111111111111111111111110
00000000000000000000000000001111111000000000000000
00000011111111111111100000000000000000000000000000
11000000000000000000000000000000000000000000000000
