AAAAAABAAAAABAABBABBABBBAAABBAABABABBAABABABABAAAAABABBBBAAABBAABABBAAAAABBBABBB
AABBAAAABABABABBAAABABBABAAABABAAAABABBABAAABABAAABAABBBBAAAAAABBBABAABBAAAAAAAB
BABABAABBABABBABAABBAABAAABABABAAAABABBAABAAAAAABBABBBAAABAABABBAABABABABAABBBAA
BABABABABBBAAABABAABAABAAAAAABBABABABAAABBABABABAAAAABABAAABABBBABBAAAAABAAAABAA
ABAABAABAAAAAAABABBAAAAAAABBAABAABBAAAABBBAAAAAAAAABAABBAAAABAAABAAAAAAAAAAABABB
BBAABBBAABABBAAAAAAAABAABBBABABABABABBABBBAAABAABBABBBAAAAAABAAAAAABAAAAABAABABB
BBBBAAAAAAABABAAABABAABAABBAAABABABAAAABABAABBBBBAAAAAAAABBBAABABAABAAAAABAAAABA
ABAAABBBAAAAAAABAAAAAAABAAABABBAAAABBAABABABABABBABBAABABBABAABBBAAAAAAAABABABBB
AAAABBBBBBAABABBBAABBBBBABAABBABBBBAAABABABBABBABAABAAAABAABABAAAAAAABABBAAABAAB
AAAAABABBBBABBBABBAABABABBBBAAAAABBABBBAABAAABAAAAAABBABBBBBAAABBABAAABBABAAABBA
ABAAAAAAABAABABABBAAABABBAAABAABBABBBBABBAABAAABBABBAABABBAAAABBBAAAAAABBABBABAA
BBAABBAAABABAAABAAABBBBBABAABBAAABABAABBBAABBAABBBAABAABBBAABBBABAAABABBBBAAABBA
ABBABAABBABAAAABAAAAABAAABAAABABABBBBBABAAABABBABBBABBBBBBAAABAAAAAAABAABAABAAAB
BAAAAABABBABBBAABBABAAABAABAABABBABBAAABAAABAAAAAABBBBBBAABAAABBABBBABBBABAAAAAA
BAAAABAAAAAABBAAABAABBBBAAABABABABAAAAAABBABABAABAABBABAABABAAAABABAAABAABBBAAAA
ABABBBBABAABBAABBAAAAABBAABBBBAABAAABAAAABBABAABBBBABABABBABAAAABBAABBBABAAAAAAA
ABBBABBAAABAAABAAABAAAAAAAABABAAAABBBAAAAAABABBAAABAAAABABBABAAAABBBABABAAABABAB
ABBABBABBBABABAAABAAAABABBABAAABBAAAAAABAABABAAABBABBBBABBAAABAABBABAAAABAAABAAB
BAAABBBBABABBBABABAABBBBAAAAAAAAAABABBAAABBBABAAAABAAABAAAABAABAABABAABABBBAAAAA
AAAABAAAABBBBABBAAAABAABAAABABBAAABAAAAAAAAABBABABBABBBABBBABBAAAABBBBAAAAAABBAA
BABBAAAAAABBABAABAABAABAABBABABBBBBAAABBAAAABAAABABAAABAAABABBBAAABBAABABAABAAAA
AAABBBBAABBBAAABBBBABBAAAABBAAAABABABBBBAAABBAAAABBAAAAABAAAAAABABABAAABAAABABAB
BBABABAABABBABBAAAABAABABAABBAABBBBBBABABABABABABBBBAABAAABBAAAABABABAAABBBBABBA
ABABBAAAAABBABAAABBBABAABABAAABABABAABAAAAAAAAABBABBAAABABBBAAAABBBAABAAABBBABAA
ABAABAABBAAAAAABABBAAABAAABABABAAAABAAAABAABAAAABBABBBABAAABABAAAABABABAABBABAAA
AABBABBBABBBABBBAAAAABAABBAAABBBAAABBAAAABAAABAAAAAABBAAAAAAAAAAABAAAAAABABBBAAA
BBBBBBAABAAAABABABABBAAAAAAAAAABABAAABBAABBBAAAAAAABABABABBBBBABAAAABABAABBBBABA
AABBBABAAAAAABAABABABBBBAAABBABBABABBAAAABABABBBABAAAAAAABAABABBAAAAABABABAAAABA
BABAAABABABAABBABAAAAAAAABAAABABABABABBAABBAABBABABBBBBBABABBAAAAABBBAABBAAAAAAB
AABABABABAAAABAAAAAAABBABAABAAABAABAAAAABBAABABAABBABBABBAABAAABBBAABAAAABBBAAAB
BBAABAAAAABABBBABBAAAAABABABAAAABAABBAABBAAAAAAAABABABBBAAABBBBAABABBBAAAAAABBAA
AAAABAABAAAAABABBABAAAAABBAAABABBAABAAAAAABBAAAAABBAAAAAAABBABBABAAAAAABBAABBAAA
AAAABBBBAAABBABBAABAABABAABAAAAAABAAAAABBBAAAABABBABABBAAABAAAAAAAABAAAABABAAAAA
ABBAABBAABBABABBAABBAABBBAAAAAAABABAABBABAAAABAABABBABAAABBBAABAAAABABABBBABBABB
AABBABABBABBABAAAAAAAAAABBABABAAAABBAAAAAABBAAAABAABBABABBABAABAAAAAAAAABBABBABB
AAABBAAABAABBAABBABBBABAAAAAAAAAAABBAAABBABAABAAAAABAABAAAABABAAAABABABAAABAABAB
ABABAAABBAAAABBAAABBABBABBABABBABABABBBAABBBAAAAAABABBABBABAAAABAABBABABBABBBAAA
AABAABBAAAAAAAABABAABAAAABAAAAAAABAABAAAAAAAABAABBBABAAABABABBBABABAABBBBBAABAAB
ABABBAAABAAABBAAAAAAAAAABABABAAABABAABAAAABAAAAAABBABAAAABBAAAAAABABAAABBAABABAA
AAABBABAAABABAABBBAAABABAABAABAAAAABBBAAAAABAABBBAABAABBAABAAAAABAAABABAABAABAAA
ABBAAAABBBABAAAABABABABBBABAAABABABBBAABABBAABAAABAAAAABBABBBABBBBBBABBBABBABAAB
AAAAABABAAAAABABBAABBAABABAABBABABBBBAAAABABBAAABBAAAAABBAAAAAABBAAAABBAABBAAAAA
ABBBAAAABBABBABBABBBAAAABAABABAAABAAAABBAABABABAAAAABBABBABABAABAAAABBAABBAAAABA
AAABABAABBAABAABBAAABAAAAAABBBBBAABAAAABAAAABAAAABAAABABAABAABBBABAAAABAAABABABA
AABABAAAAABAAABBBABABBABBABAAABAAAABBAAAAAAAABBAAAABBBAABBABAAAAABAAAAAAABAAABBA
AABAABBABBAABABBAABBBBBAABABABABABBABBAAAAAAAABAAAAAAAAABABAAABAABBAAABBBAAAAABB
AAABBAAAAAAABAAAABBABAAAABBAAABBABAABAAABAAAABBBAAAAAAAAAABABABBBBBABBABAABAAABA
BABAAAABAAAAAAABBBBABAAAABBBABBAAAAABBAAABBAABABABABAABABBAAAAAAAAAAAABABBBBBBAA
AAABBBBABABAAAAAABAAAABBBBAAAABAABAAAAAAAABABAAAAAAAAAABBABBABAAABBABBAAAAAAABAA
ABABBABBBABAABABAAAAABABABBAABBAAABAABAABBABAAABBAABBBAAAABBAABBBBBABBBBBABBBAAB
AAAABBBAABBABAABAAAABBBAAABABAAAAAAAAAABABABABBAAAABAAABABABAAAAAAAABBABAAABBABB
AABAABBBAAAAAAABABBABAAABAABABBBBABABABBAAAABABBABAAABBAABABBABBBABBAABBAAABAAAB
AAABABAABABABAABBAABABABBAABBBAABAAAAAAAABBBBAABBBBBBBAABABAABAAABBBBBAABABBAABA
BAAAABABAABAAABAAABABABABBAAABAABBAABAAAABAAAABAAAAAAAAAAABBBAAAAAABAAAAAAAAAABA
BAABABBAAABABBBAABBBBAABAAAAABAAAABAABABABAABBABABAABABBBABBBAABAAABABBAABBBBABB
BABAABBAAAAAABABBAAAAABBBAAABAAAAAAABAAABAAABAAABABBABBAABBBBBAABAAAAAABABAAAABA
AABABBBBAAAABAABAABAAAAAABABABBAABABBAAABAAABAAABAAAABBBABBAAAABBAABAAABBAAABBBA
AAAAABABBBAABBBBAABAAABAABAABAABBBBABBAABBAAAABBBBBAABABAABAABBABBBBABBAAAAAAAAB
BBABAAAAAAAABBBBABBBAAABAABAAABBBBAAAABABAAABABAAAABBBBAAAABBBBABAABABABBABBBAAA
ABABAABABAAABABAAABAABABBBAAABABAAAABAAABAAAAABABBAAAAABBAAABBAABBAAAABABAAAABAB
BBBAABAABAAAABABBBABBBABBABABBAABBBAAAAABBBABBBAABABAABBABABAAAABBABAABAAABBAABA
BBBAABAABAAAAAABAAABBBAAABBABAAAAAABBAABBAAAAAABBBBABABBBBAAAABBABBBBBABAAABAABA
AABBABAAAABBAAAAAABAAAABBAAAAAAABAAAABBAAABABBAAAAABBBABAAAABBBAAAAABABABAAAAABB
ABBABABABAABAABBAAABBAABAAAABAABABAABABAABBAAABAABABBAAABABABBBAAAAAABAAAAAABBAB
ABABBAABAABAABBAAAABABABBBAABAABAABAABABBABABBAAABAABBABBBBBBBAAAABAABBABABBBAAA
BBAAAAAAABAAAABAABAAAABAAAAAAABABABAAABAAAAAABAABABABABBBBAABABABABBABABAAAAAABA
AAABAAABBBABBBBAAAAAABABAAABBBBAABBAAAABAABAABBBABABAAABABBABABABAABBBBABABBABBA
BBAABBABAABBAAAAABAAABBBBABABABBABABAAABAABABAAAABABBABAAABABBAAAABBABABABAAABAB
ABBABAAAAAAAAABAAAABABBBBAAAABBAABAAAABBBBAAAABABAAABBBAABBAABABABBAAABABABBAAAA
BABAAAABABBAAAABAAAAABBBAABBAAAAAAAABBABAABABABBAAAABAABBBBBAABABABBBAABAAABAABA
BABBAABBAABBAABABBAAAAABBBBABAABAABBBABBAABBBBBBBAABABAABBBAAAAAAAABAAAAABBBAABB
BABAABABAABABBAAAAABAAAABBABBAAAABAAABABABAAABBABABBABABAABBAAAABBAABAAAAAAAAAAA
AAABABBBAABABBABBAAAAABBAABABABBAAAAABBBABABAABBABAAABBAAABAAAAABBBAABAAAABBBAAA
AABAABBABAAABBABBBAABBABAABBABAABABABBBAABAAABAABBAABBAABBABBBABAAABBBAAABBABABB
BBABABABBAAAAABBABBABBAAAABABBABABAAABAAAABBAAAABAAAAAABBBAABBBAAAAAAAABAAABBBAA
ABBAAABBBBABBBABBAAAABBABBBABBBAAAAABABAAAAAAAAAABABABABBAABBBBABABAAAAABAAAAAAA
BBBABAAABBABBABAABABBBBBAAABAABAAAAABBBBAAABABBABAABBBAABAAABBBAABBAABBABABBAAAB
AAAAABAABBAAABAAABABAAAABABBBBABAABABABABBABABBABAABBBAABABAABAABABAAABBBAAABBAA
AABBAABAAABBABBAABAABABAABAAABABABAAAAABABBAABABBABABAAAABABABBBAAAAAABABAABABAA
AABBBABABAABAABAAABBABABABBAAAAAAAAABBAAAABAABBBBBBABAAAAABBAABAABAAAAABBABAAABA
AAABAABAAAAABBABAABAABABBBBABAAAAAABBBBBABBAAAAAAAABAAAABAABBAAABBAABABABAAABAAA
AAABAABBBBABBAABABBBBABABABBAAAAAAAAAABBBAABAABBABAAABBBAAABAAAAAAABBABBBAAAAABA
ABAABBABAAAAABAAAAABAAAAAAABBABAAAABAABBABABABABAAABABAABBBAAABBBBBBABAABBAAABAB
AAABAABBABBBBBABABAAAAABAAAABABBBBABBBABAAAABAABABBABBBABABABBBABAAABABAAABBBAAB
BAABBABAAAAAAAABAABBAAABBAAAAAAAABBABAAAABBBBABBBAAABBBBAAAAAAABAABAAABAABABBABA
AAAABAABBAAABBBABAAAAAAAABABAABBBABAAAABAAABBABBAAABABBAAABBAABBAABAAAAABBBABAAA
AABABBAABBAAABBBAAAAAAABAABBAAAAABBBAABABBABABAABABBBBAABAAAABABBBBBABBABAABABAB
BABABAABAAAABABBBBBAAAAAABBBAAAAAAAAABBAAAAABABBBABBAAABAAAAAAAAAAAAABBAAAAAABAB
AABAABBBBBABABAAAABBBABAABAAAABAAABAABAAAAAABAAAABAAAAAAAAABBBAABABBABAAAAAAABAB
BABABABAABAABBBBAAAAABBAABABAAAABAAAAAAABAABABABABBBABBAABBBBAAAAABBAABBABBBBBBA
BBABAAABAABAABBABABABAAAAABAAABAAABAAABBBAAAABABBAAAAAABAAAAAABAAABBBAABBAABABAB
AABABBBAAABAAAABAABBAABAAAAAABABBABBAABABBBBABABBBBABABAAAABAABBBBAABAABBBABBAAB
AABBBBAAABABBBAABABAAABBBAAAAAAAAAAAABAAABAABAABAAAABBABBBABBBBAAABABAAAABAABAAB
BBAABBAABAAABABAABABBBBABBAAAAABAABAAAABBBBABAABBABBABAAABBAAAAAABAABABABBAAABAA
BBAAABBAAABAABAABAAABBAABAAABAABBAAAAAABBBBAAAAABAABAAAAABAABBBABAAAABAABAAABBAA
AABABAAABBABBBBBABBAAAAABABBABAAABBABABBAAAABBBBAAABBBBBAAAAAAAAAAABAAABABBBBAAA
BABAAAAAAABABAAAAABBBAAAABAABAABBBAABBBABAAABBAAAAABBAAAAABABABABAABBABABABAAAAA
ABAABAAAABAAAABBBBAAAAAABAABABBBABAABABBBBBABAABBBBBBABAABBAAABBBAABAAABBAAABBAA
BBABAAABBAAABBAABAAAABAABAAAAAAAAAAABBBBBBAAABABBAAAAABABABAAABABAABAAABBAABBABA
BABBABABABBAABABBBABBABBABABABAABABBAAAABBBAAAABBAABAAAABABAABBBABAAABBAAABBAAAA
ABAAAAAABAAABABBBABAABBAAAAAABBABBAABABABBABBAAAAAABABABAAAAAAAAAABAAAAAABAABABB
BAABBBBBBABAABBBAAAAAAABAAABBAAAAAAABABAAAAAABABBAABBABAAAAAAAABAABBABAAABAAAAAB
BBABBBBBAABABAAAAAABBAABABBABBBAAABABAABBAABBABABBAABABBBAABABAABABAAAAABAABBABB
AABBABAABAAAAAAAABAAABBAABBBAAABABBABBBABAAAABAAABAABBAABAABABBAAAABAAABBAABBABA
AABAAAAABBBBAABBABBBABBAABBAABBBABAAAABBAAAAABABAAAAABBBBBAABABBAABBBBAABABABBAA
AAAAABAAAAAABBAABAABBBBBABBBABABAABBABAAAAABABAABBBABABAABAABAABABAAAAAAAABAABBA
AAAAABAAAABBABAAAABBABABABAABBABAAAABAAAAABAAAAAABAABAABAAABAAAAABBAAAABABABBBAA
BBABAABBAAAAAAABBBAAABAAAAAAAAABBABAABABAAAAAAABAAABBAAAAAAAABAAAABAAAAAAAAAABBA
ABBABAAABBAABBAAAABABBBBAAAABAABBAAABAABABABBAAABBAABBABAAAABBAAAAAAABAAAABABAAA
BBBABABABABAAABAAAAAABAABAABBAABBAABABABBABABABABAAAABAABABAABABBABAAABBBBAAABBA
AAAAAAAABAAAAAAAAAAABABAABABAAAABAABBBBABAAAAAABABBBABAAAAABAABABBBBABBAAAABABAA
ABAAAAAAAABBBAAABBABABBABBABBABAABBBBABAAAAABABABBBBBBABBBAABAAABAABABABABBBAABA
BBAABBBAABABBBBABAAABBABBBBAAAAABAAAABBABBABABBBABAAABBAABBBABBBAAAABBAABABABBAA
BAAABAAAAABAAABAABBAABAAABBBAAAAABAABABBBBBBABAAAAABBBAAAABBAAAAAABABAABBABAAAAB
ABBABAAABAAAABBABBBAAABBBBABBBAAAAABABAAAAAABAAAABAAABABBBBAAAABABAAABAABAABAABB
AABBAABABAAABBBBBABABBAABAABABAABABAAABAABBBAABAABBAABBABBAAABAAABBABBBABBBBAABB
AAAABAAAAABAABAAABABABAAABAAAAAAAABBABAABABAAAAABBBABAABBAAABAAAAAABABAAABBAAABA
BABBBBABAAABBBAABBAAAAAAAABBAAAABBABBAAABABAAABBAABAABBAAAABBAABABAABBBABAAAAAAA
ABABABBABBABAABAABBAABBAABAABAAAABAAABBAAAAAAABABAABBAABABABAAAAAABABBBABAABBBAB
ABBAABAAAABBBAAAAAAABAAAAAAABAABAAAAAAAAAAAAAABABBBAAAAAABBABAAABAABABBBBAAABAAB
AAAAABAAABAAABBAAAAAAAABABAAAAABABBBAABABAAAABAAABBABAAAABAAAAAABBBABAAABAAAAABB
BAABAABAABBBABBABAABABAAAAAABAAABABABAAAABABBBABBAAAAAABBAAAABAABBBAAABAABBBABAB
ABBBBAABABBAAABAABBAAAAAAABABBAABAAAAAABAABABBBBAAAAABAABAAABBBBABABABBBABBABBAB
AABBAAAAABABABABAAAABAABAAABBAABAAAABAAAAABAAAAABABAAAAAAAAAAAAABBBBAABBAAAABBAB
ABABBAAABABAABABAABAAABBAAABAAABBBBAAABAABAAABABAAAAAABAABABABABABABBAABAAABBAAA
ABAAABAAAABBAAAAAAABBAABABAAABABBBBABBBAAAABABBBAAABBAABBAABBAABAAABABBBAAAABAAB
BAAAABABABABBABBAABBBBAABAABAAAAABAAABABBBABAAABABAAAABABBAABBBBAAAABBAAABAAAAAA
AAAAAAABBAABAAABABABAAABAAABABAAABAAAABBABABAABBBBBAAABBBABABBBAAABBAABBBBBBAABA
ABBABAAAAABABBBAAAAAABAAABBBBBAAABBBABBBAABBAABABBABBABAAABBBABAABAABAABAAAAABBA
ABAABABABBAAAAABBABBBBABAAAABBBABBABBAAAAAAABAAAABAAABAAABBAABAABBBAABABAAAABAAB
ABAAAABAAAABBBBAAAABAABBBABBAAAAABAABAAABABBAAAAABAABABBAAAAABBBAABAAABBABAABAAA
AAAAABBBAABBAAABABBAAAABBAABBAAABAAABAABBBABBAAABBABBBAAAAAAAAABBBBABAABAAAABABB
BBBAABABAAABBAAAABABAABABBABABAABBAAAAAAABABBAAABAABBAABAAAABAABABBAAAABAAAABABA
ABBBBAAABABAAAAABBAABABBAAABABAABBAAAAABBAAAABBBAAABAABAAABAAAAAAAABABAAABBBAABA
AAAAABBAAABAABBBBBBAAABAABABABAAAAABBBBABABBABABABBBBAABBAAABAAABBBAAAAAABBAABAA
ABBBBAAABABABAAAAABBBABAAAABAABBBBAAABAAABBABAAAABABAABAAAAAAAAAABBBAAABBAAAABAA
BABAABBAABBABAABBABABAAAAAABAABAAABABAAAAABAABABBBBAABABABBBAAAAAAAAABAABABAAAAB
AABBAAAABBBABBABAAAAABBAABAABBAAAAABBBABABAABABBBAAABABAABBBAABABABBAAAABBBABAAA
BBAAAAAABAABBBBBAAABBABBABBABABBBBBABBAABAABBBAABABBBBABABABBBBABAAABBBABBAABBBB
AABBBABBAAABBBBBBBABBBBBAAABABBABBAAABABAAABBBAAAABABABAAABABAAABABABAAAAAAABBAA
BABBAABBBAABABAAAABAABABAAAABAAAAAABBABAABBAABAABBAABBBBAAAABAABAABAAAABABAAAABB
AAAABABABBABBBABBBBAAAAABABABBBBBBABAABBAAABBBAABBAAABABAABABABBBAABAAAABAAAABAA
AAAAAABAABBAAAABBAAABBAABAAAAABABAABAABBBABAABAAAAAABBABBAABAAABBBABAABBABBBAABA
AABABBBBBAABAABAABAAAAAABABBABAABABBBAABAAABAABABBBABAABABBAAAABAAABAAAAAABAABAA
ABABABAAAAABBAABABAABAABBBABBBBBBBBAAAAAAAAABBAAAAAABBBBABAAAAAAABBBAABAABBBBBAA
ABBBAAAABBAABBAABAAABBBABBABBBABBBBAABAAABBAAABAAABBBAAAAAABAAAAABAAABABBAAABABB
AAAAABABABBABAAAAAAAAABABBBABAABAABABBABABBAABABBAABBAAABABABBAABAAABABBABBBABAB
AABAABABBBBBBBBAAAAABABABBABAAAAAAAAABAABBAABAAAAABAABBBBBBABBBAABBBAAAAABAAAAAA
ABBBBBBAABAABABAAABAAAAAAAABBBBABAAAAABBABBBBAAABBBBBAAAAABABBABAAAAABAABAAAABBB
AAAABBBAAAAAABBBABBAAABBABAAABBAABABBAAABAAAAABABBAAABAAAAAABAAABABBABABABABBBAB
AABAAABAABAAAAAAABBBABAABBAABBAABBBBAAAABABABBBAABBBBABAABABBAABBBABAABAAAAAABAA
BAAAAAABABAABABAABBABBBAAAAAAABABABAABBBAAAAABBBAAAAAABAAAABAABBAAABABBBAAAAAABA
AABABBABBAABABAAAABBAAAAABABBAAAABAAAABAAAAAAAAAAAAAAAABBABAABBBAABBBBAAABAAAABB
BAABBBAABABBAAABAAAAABBBBBABABABAAAABBABBBAABAAAAAAAAAAABAAAAAABBABABBBBBAABABAB
BBBAAABABABBBAABBBABAAABABAAAABBBBAAAAAABBABAAABAAABAABBABABAAAABBBAABAABBABBBBB
AABABAABBBABAAABBBAAABBBAABAABBAAAAAABBABAAABBABAAABAAAAAAAABAAABABAAABBABABAABA
ABBBAAAABBBAAAAAAAABAABAAAAABAAABBBBAAABBBAABBAABABABBBAAAABABAAAABABBBBABABABBA
ABAAAAAABBABBAAAAABBBBBBBBABABAAAAAAAAAABAABBAAAABBABAAABBABAAAABAAAAABBBAAAAABA
BABBABAAABBBBAABBAABABABBAAAABBAAAABAAAAABBBABABAAAABAABAABAAAAAABBAAABBBABBABAA
AABAAABAABAAABAAAAAABBBABBAAAAAAABABBBAAAAABBBBAABBBAABABABBBBAAAABABAABBBAABAAA
AABAAABBBAABAAAAAAABABAABABBABAAABBAABBBABAAABAABBAAABBBAAAAABAABABAAABBBAABBABB
ABBABABABAABBAABAAABABAABBBBBAABABABBBBABBBBAABAABAAABAABBBBAAABBBABABAABBAABAAA
AAAAAAABAABAAABBBABAABBBBBBABBBAABAABBBBBBBAABAAAABBBAAABAAAAAAABAAABAABAABAABBB
BABBBBAABBBBBBBBABABBBAABAAAAAAABABAABABAAAABAABAAAABBAABABABAAAAAAAABAAAABBAABB
ABBABAAABAAABBBABAAABAABABBBBBABBAABABAAAAAABBBAAAAAABBAABAABBBBBABAAAAABBABBABB
ABAAABAAAABAAAAAABAAAABABBABBBABAABABAAAABABBAAAABBAAAABAAABAAAAABAAAAAAAABBBAAA
ABABBBBAABAAABBBAAAAAAAAABBBBBBABBBAABABBAAAAABABBAABAAABBBAABAAAAABAAABABABAABB
AAAABAAABBAAAAAABABAAAAAABABAAABBBAAAABBAABABABABAAABAAABBBABABAABABAABBABABABAA
BBBABBAABBBBAAAAAAAAABAABAABBBBAAABABBAABBBAABAABABBBAABBAAAAAAAAABBBAABAAABBAAB
AABBAABBBABABAAABAAABBABAAAABABBBAABAAABAABABABABAAAAAABBBAAABBABAABAAAABAAABAAB
AAAAAAAAAAABBAABAAABAAAAAAABBBAABBAAAABABBBBAAAAAABABBBAABBBBAAABABABBABAABAAAAB
BBBABBABABAAABBBABAABBABBBAAAABBAABBABBAAAABAAABAAABAABBBAABBABAAABAABABABAABABB
ABABABABABABABABBAABABBAAAAABAABABABBAAABAAABBBAAAAABAAAABABABBAAABABAABAABBABAB
ABAAAABAAAAAABAABAAAAABAABAAABAABAAABABBBAAABBABBABBABAAAAABABBBBAAABBABAAABAAAA
BBAAAABBBAABBBABABBBBAAAABABABABBBBBABABAAAAABABBBABABBAAABAAABBABBBAABBAABAAAAB
AABAAAAAAAABAAABBAAAABAABAAAABAAABBAAABABBAAAAAAABABBAAABAAAABAABAAAABAAABBAAAAA
AAABAAAABABBBABBAABBBBBAABBABBAAAAAABBBABBABAAAAAABBABBABABABBAAAAAAABBAABBBAAAA
AAAAABBBBBAAAAAABBABAABAAAABABBBBAAAABAAAAABBABBAAABAABBAAAAAAABBABBBABAABBBABBA
ABABBBAABAAAAAABAAABBAABAAAABABBABBBBABAABAABBABAAAAABAAAAAABBBBABBBBBBBBABBABBA
ABAAABBABBABABAABABAAABBBABBAABAABBAABABBBAABABBABBBBAABAAABBABBAAAABABAABAABBBA
BABAAABABAAAAAABAAAAABBABBAAABAAAAAAAAAABAAAAAABAABAAAAAAABBABAABBBAABBABBAAAABA
AAAABABAAAAAAAAABBABBAAAAABBAAABBABAAAABABABAABAABBBBAAABAABBAABBBABABBABABABAAA
AABAAAAABBAAABABAAAAAAABBABBBBAAABBBBABAABBBAABAABBAAAAABAAAAABBBAAAAAABABBBBAAA
AAAABAAAABABABAAABBAABBAABAABAAAABABBAAABBABABAABBBBABBBAAABAAABBBABBABBABAAABBA
AAAAAAAAAABBAABABABAAABBAAAAABBBBAAABAAAAABAABABAABBAAABABABBAAABAAABABBAAABAABB
BBAABABABAAAAAABAABABAABABBABAAAAABAABBAAAAAAAABAAABAABAABAAAABBAABABBBBBAABAAAA
BAAAABBABAAAAABBABBABBAAAAAABBAABBBABABBABABBBABAAABAABBBAABBAAAABABAAAABABBBABA
AAABABBAAABAAABAABAABABBBBBAABABAAAABBBABABAABAABABAAAAABBBAAABBBBABAAABAABBABAA
ABAAAABBAAABAAABAAAABAAAAABAAAAAAABAAABAAAAABAABAABAAABABBBAAAABABABBABABBBAABAA
BAAABAAAAABAAAAABAABABBABBBAABAABAAAAAAAAAAABBAAABBABBBAAAABABBBABBBBABAABAABAAA
BBAAABBBBBAAAAAAAABBAABABABAAAAABABAAAABAAABBAAAAAABAAABBAABABBBAAABBAAAABBAABAB
BAAAABABBAAABAABABAABBAAAAAAAAAAABAAAAAABBABABBAAABAAAABBAABAAAAABABBABBBAABAABA
BAABABABABAAABABBBBABBBBAAAAAAAAAABAABAAAAAABAAAABABBBABABAAAAAAABAAABAAABBAABBB
AAABAABAAABBAAAABBAABBBBBABAABAABABBABABBBABABBAAABABBABAAABAAAABBAABAABABAABAAA
BBAABAABABAAAAAABAAAABAABBAABABABABAABAAAABBAABBAAAAAABBBAABABBAAAABAAABBBAABAAB
AAAABBBBBBBBBAAABABBBABBBBAABAAABBBABBBBBBBABABAAAABBBBBBABAABABAABBAAAABAAABABB
ABBBAABBAAABABAABBBAAAAABBBAAAAAABAAABBABBBABBAABBAAAAAAAAAABBBABAABBABBABBAAAAA
BABAABBABAAABABABBABBBAABABBABBABABAAAAAAAAAABBABBAAAAABAAABBABBAAABAAABBABAABAA
ABAAABAAAAAABBBAAAAABAAAAABAABAABBAAAAABABAAABAAAAAAABBAABABBBBABAAABABBAABAAAAA
AAABAAABBABBBAAABBBBBAAAABABAABBBAABAAAAABBABABAAAAAAAAAAAAAABAABBAAAABAABABAAAB
BAAAAAAAAAAAAABBBBAABABBBAAAAAAABBBBAAAAABABAAAABABBABAAAAAAAABAABAAAABABAAAAABA
AAABAAABAAAAAAABBBBABAAAAAAABBABBBABBBBBBAAABAAAABBBAAABBABBBABBAAAABBABABBAABBA
AABAAAABAAAAAAABAAAAAABAABABAAAAAABABBBBBBBABAAAABBABAAABBAAAAAABAAAABAAAAAAAAAB
AABBAAAAABAAAABAAAAABAAABBABAAAAAAAAAAAAAAAAAABABABBAAAABBAAAAAAAAABBABABAABAAAB
ABBAABABAABBBBBAABAABBABABAABAABABAAAABBAAABAABBABBBBBBBABABAAAAAAAAABABABBABABB
BAAAAAAABAAABAAABBAABBABBBBBBAAAABABAAAAABAAAABBBABAAAAAABAAAABBAABBABAABBBAAAAA
ABBABABBABAABABBABBABAAABABBBBABABAABAAAAABBBAABBBAAAAABAAAAAABBBAAABBABABBBAABA
AAABBBBABABAABAAAABABAAABAABAABABAABBBBAABAABBAABBBAABBBABBAABBAAABBABBABBBAAAAA
BBAAAABABAAABBABBAABAABBAAAAAABAABABBBBBBABAABAAAAAAAAABBAAABAABABBAAABAAAAABABA
AABAABAAAAABAABBABBABABABAABABAAAABABBAAABAAABABAAAABAAAABABBAABABBABAABAAAABABA
BAABAAAAAAAAAAAAAABAAABBAAAABAAAAAABBBBAAABBAABAAABAAAABBAAABABBABABBABAAAABAABB
AAABAABBBABAAAAAAABAABAAABBAAAABBBBABAAABAABBAAAAAABBAAAABAABAAAAAAAAABBBABABABB
AABAAAAAABABBABABABBABBABBBAABBAABAAAAABAABABBAAABBBAAAAAAAAABABBBABABBABAABAAAA
AABABBABBAABABBBBBBAAAABBAABBBBBBABAABAABABAABAABBABBBAABAAAAABAABBBAABABABABAAB
BAAAABABBAABBAABBABBABABABABBABBAAABAAAABBAAABABABABBAAAAABABAABAABAAAAAAABABABB
AABAAABAABAAABAAABABABBAAAABAAAAABBAAABAAABAABBAABBAABABAAAAABBBBBABAAAABABABBBA
AABABBAAAAABAABAAAAABABABBBBBAAAAAABBAAAAABBABAABBAABAAAAAABAABBAABABABAAABAABBB
AAABBABBAABABABAAAABABAABAAAAABBABBAABAABBAAABBBBBAABBAABBABAABBBAAABABAABABAAAA
BAAAAAAAABAAABABABAAABBAAABBAABBBBAAAABBABBABBABABBAAAABBBAAABBABAABBABABABABABB
BBBBABAAABAAAABABBBAABAAAABBAAABBAAABAABBBABABAABABBAABAAAABABBAAABAAAABBAABBAAA
ABAAABBBAABAAABAAABAAABABAAABBBAAAAAAABABAAAAAABBAABBBBAAABBABAAABBBAAAAABBBAABA
AABAAAAAAAAAABABAABABAAAAAABABBAAAABAABBAAAABABBABBAABBBBBABBAAAAAAABAABBBBAABBB
AABABAAABABAABBABBABBAABAAABBBBBABBABABAAAAABAABABAABAAAAAAAABBBAABBAAAABABAAAAA
BBABABBAAABABBAABAABBAAABBBABBAAABABBABABBABBABABAABAABABBABAAABBABAABAAABAAABBA
ABAAAABAAAABAABAABBBBBBABBABBAAABBBABABAAABBABBBBAABAAABBBBABABBABBBBABAABAAAAAB
BAABAAABBAAAAABAABABAABBAAAAAAABBAAAAAABAAAABBAAABAAAAABBBBBABAABBAAABAABAABBAAB
BAABAAABBABBAAAAAAABAABAAAABAAAABABAAAAAAABBAAAABBBABBAAAAAAABBBAABBABAAAAABABBB
AABABAABBAABAAABABABBBBBAAAABABAAAABBAAABBABBBABAAAABBAAAABBABAABABABABAAAABAAAB
AAABAABABAABABAAABAABABABAABBAAAABAAAABBAAABABBAAABABABBBABABBBBAAABABABAAAABAAB
AAAAAAAABAAABABBBBBABBBABBABBBAAABABBAABBABABAABBBABBBBBBAAAABABAABABAABBBBBABAB
BAAABAABAABABAAABAAAAABBBABAAABABBABBBBBAAABAABABAABBBABAAAAAAAABBAAABBAABBAAAAB
BAAAAAAABBABABBABBAAAAAAABAABAAABAAABBABABAABAAABAAAAABBBABBAAABAABAAAABAAABABBA
AAABAAAAAABABAABBAAABBAAAAABABBBAAAABABAAAAABBBABBAAAAAABAAAAAAABAAAAAAAAAAABAAB
BBAABBAABBABABAAABABAAABAABBAAAAAAAAABABBBABABBBBAAAABAAABABABAAABABBAABBABABBBA
ABBAABBAABABBBABBBAAABAAABBBAABBABABAAABBBAAABBBAAAAABAABBAABAAABBAAAABBBABAABBB
BAABAAABBBABAAAABAAABAABBBABBABAAAAABAABAABBBAAAABAAAAAAABAABBBABBBAABBABAABAABA
AABBAABAAAABABBBBAAABAABAAAABBABAABAAABBAAAAABBBAAAABABABBABABBABABAAAABABABAAAA
ABBAAAAABABBAABBBAAAAAAAABAAAAAABBAAABBBBBBAAABAAAAABAAAAAAAABAAABBAABBABAABBAAA
AABBBAAAABBBABABABBAABAAABAABABAABBAABBBABBABAABABABBABAAAAAAAAABBABBABABAAABAAA
AAABBAABBBAABAAAABBAABBABABAAABAABBABAABBBAAABBAAAAABABAAABAABAAAAAAAAAABBBABAAB
ABABBBBBBAABBAAABAABBBABABBAAABAAAAAAABABBAAABAABBABAAAAABABBBBABABABAAAABAABAAB
BBAAAABBAABAAAABBABBAABABBAABBBAABBAAAAABBAAAAABBABABBBBBAABAAAABBBAABAAAABAAAAB
BBABAABAABAAAAAAAAABBAAABAAAABABBBAABBAABAAABABBAAAAAABAAABBAAAAABABABABAAAAABBA
AAAAAAABAAAAAAABABABABAAAAAABBABAAAABBAABABAAAAAABBAAAABBAAAAABBAAABBAAABAABBABA
AAABABABBABAAAABAAABAAABBBBBAAABABAAABBBBABAAABABAAAAAABAABBBBABBBBAABBABAABABAA
AAABABBBABAABAAAAAAABABAABABBAAAABAABBBABBBBAABAAABAAABABBAAABAABBBBAAAAABBAABAA
BABAAAAABAAABABBBAABAAAAABABBAABABABABABBAAABABBBBAABABABAAAAABAABBAAAAABBABAABA
ABBAAAABBAABBBBBBAABAABBBAABAABAABAAABBBBAABBABAAABAAABABBABABAABBAABAABAAABBBAB
ABABBABBABBBAAABABAAABABAAAAAABBAAAAAAAAAABAABBBAABBBABBAABABAAABBBAABBABAAAAAAB
BABAAAABBAAAAAABAABBABBBBABAAAAABABAABBAAAABBABABABBBAAAABBBBAAAAAAAABAAABBABABB
ABAAABAAABBBAABBBAAAAAAABBAABAAABBBABBBABBBAAABAABBBABAABABBAABAABAABBABBAAAABAB
AABAABBBAABABBABABAABBBABABAAAAAAAABAAAABBBBBAABAAAAAABABABABBAAABAAAABAABABAABB
ABABABBBAABABBBBBBABBAAAAABBBBABABAAAAAAAABABAAAAAABBAABAAAAABAAAABBBBABABBABAAA
AAAAABBABAAAABAABAAAAAAAABBAAAABABABAABAAAAAABAAAAAAAAAABAAAABBAAAABABABBAABABAB
AAABABABBAABABABBBBAABBAAAAAAABABAAABAAABBBAABABBABABABABBBABAAABAAABBABAABAABAB
AAABABBBABBBAAAABBAAAABABBBABAAAAAABAAABABAABBBBABBBBBBABAAAAAABBAAABBBBAAAAABAA
BBAAABAABBBBABBABBAAAAAAAABAABAAABBAABAABAABAABAAAAAABAABAAAAAAAABAABAAAAAAABABA
BBBBBABAAAABAAAABBABBAAAABAAABAAABABABBAABABAABAAABBBABBBAABABBBAABBAABBAAABBBAA
AAAAABBBABABAAAAAABABAAABAAABBBBBAAAABBBABABAAAABABAAABBBABBABBBBBABBAABAAABABAB
AAAAAABAAAABBABAABABBAAABAAAAABAAAAABBBABBBAAABBABAAAAAABBBABABAABAABAAABBAAAAAA
BBABBBAAABBABAABAAAABBBABBAAAABABAAABBAAABABAAABAAAAAABBBBABBAABAAAAAABAAAABAAAA
AABAABBAAAABAAAAABBAAAABBAAAABBBAAAABABABBBBBABBAAAAABAAABABAAABAAAAAABBAAAABAAA
BBAAABABAAAABBABAAABAABBAAABAABBBABAAABAABBAAAAABBBBBAAAAAABAAAAABBBAABAABAAABAA
AAABAAAAABABAABBAAABABAAAABBBBABBABAABBAABAAABBAAAAAAAAABABBBAAABBAAAABAABBABABA
AAABAABBABABABABBAABAABAABABAAAAAAAAAABAABABBABABABAAABABBAABABAAABBBAAAABBAAAAB
BABBABAABABBAABAABAAAAAAABBBBBAABBAABAAABABBABBAAABAABBBBBBABAAAAAAABAAAAABABBAA
BBBABAABAAABABAABAABAAAAAAABBAAAABBAAAAABAAAABAABABBBAAAABAABBAAABAAAAAAAAABAAAB
AABABBBAAAAABBAAAABAAAAABABABAAAABABAAAAABAABAABAABBBBAAAAABBBBAAABAAAAABAAABBAB
BBBBAAAAAABBABABABBBAAABAABABAABABAABBBBAAABBAABAABAAAAAAABABBABABAAABAAABBAAABB
ABAABAABABAABBABAAABAAAAAABAABBAABBABBBABBAAABBBAAAABBAAAAABBAABABABBBAABABAAABB
AAABBBAABABAAABBBBBABAABABBAAAAABABAAABBABAAAABBABBBAABABBABBAAABBBAABBBAAABABBB
AABABBAABBABABBBAAABBBAAABBBBBAABABAAAABAAABBAAAAABABBBBABAAAAAAAABBBABAABBBBAAB
BBAABABABAAAABABBAAABBBAAAAAAAAABBBABAAABABABAABABBAABAABABAABAAABABAABAAABBAAAB
ABBBABABAABAAAAAAAABAAABBABAABAAAAABAAABABABBBAAABABBABABBABABABAAABBABAABBBAAAA
AAABAABAAAAAABABBBABAABBBAAAAAAAABBAAABBAAABAAAAABBABBABBAABABBAABABAAAAAAAABABA
AAABBABAAAAAAAAAAAABBABAAAABAABABBBAAAAABAAABBABBAAABBBAABAAAABAAAABBAAAAABABBBA
ABBABBAAAABABAAABABBAAAABABBBBAAABBBBABAAABABAABBBABAAABABBAAABBBAAAAAAABBBAABAA
AABABAABBBBABBBAABAAABABABBAAAAABAAAABBBAAAAAABAAAABBABAABABABBBBBBBBAAAABBAABBA
AAAABABBAABBAABAAAAABABAABABAAAAABAABAAAAAAAAABAAABBBBBBBAABBAAABBBAAAABBABABBAA
BBAAABAAAAAAABAAABAAABAAAAABABBAAABAAABAAABABBAAABBAAAABAAABBAAAAAAAAAABAABABAAA
AAAABABBAABBBABABABABABAAABBABABABBABBABBAABBBBBBBBBBAAAAAAAABABAABBAABBAAABBAAA
ABBBBBBBABAABAAAAABAAAAABAABBABAAABBAAAAAAABAABAAAAABAAAAAAAAABAABAAAABBBBBBAAAA
BAAAAAABBABABBBBBBBAABAAABAABABABBAABAAABAABABAABABAAABAAAABBAAABABABAABBABBAAAA
ABAAABAABBAAAAAAAABBABBBABAABAABBBABBABBAABAABAAABBAAAAABBAABBBAABABAABAABAABAAA
BAABAAABABBAABAABBBBBABBBAAAABABAABABBBAAABAABBABAAAABAABBBBBAAAABBBABAAABBAAAAA
BAABAAABAAABAABBBBAAABAAABABAABAAABBABABAAABAABABBAAAABAABABAAAAAAABAAABAABABBAB
ABABAAABBABBBBBABAAAAAAAABBAABABBBAAAABBAABAABBAAAABAABABABABBBAABBBABAAABBABAAA
AAABAAAABABBBABAABAABBAABBABAABBAAAAABABAABBAABAAAABBBAAAAABABAAAAABAABBBBABAAAA
BBABABBABAABABBAAABAABAAABAAAAABBBBBABAAAAAAABAABAAAAABBABABAAAABABAAAABBABBAAAA
AAABBAAAAABBBAAAABAAAAAABABAABAABBAAAAAABABBAAABAAAAAABAAABABBBAAAAABBABABBBBABA
BBABAAABBAABAABABAAAABBABABABABABAABABABBAABABABBAAABABAABBAABBBAAABABABAABBBABB
ABBBAABAAABABAABBABBBBABAAAAABBBBBBABAAAAAABAABBABABABAAAABABBAAABBBBABABAABBBAA
AABABABAABAABAABABBAAAAAAABBAAABAAABBBABBBABABAAABABBAAAAAABAABBAAABBBBAAAABAAAB
ABAAAAABBBAAABAABABAAAABBAABBBBABABAABBAAABABBAABAABAAAAABAAABABABAABABBBAAABBAB
ABAABAAABABABABABAAAAABBBABABAABBBBBAABABBAABABBABBABABAAABBAABAAABABBBBABBBAABA
BAAAAAABAABABAABABABBBBABABAAAABABBBAAAAAAABBBAAABAABABBAABABBAAAAAABBBAABAABAAA
ABBAABAABABAABBAABAAAABAABAABAABBBAAABAAABABABAAABAAABAABABBBBAABBABBAAABABAAAAA
BBABAABBABBBBBBBBBAAAABAAABAAAAAABAAAAABAABAABAAABABAAAAAAABABABBAAAAABBAABBAAAA
ABABBBBAAAABAAAAAAAABABAAAAAAAAAAAAABABBBAAAABAABAABABAAAABABABBAABABBABBBAAABBB
AABBAABBBAABBABAABABABABABAABAABBBBABAAAABAABABAAAAAABAABBAAAAAABBBAAAAAAAAABBAB
AAAAABBAAAAABBAABABBABAAAABBAABABBABABABABBBAAABAAAABAAAABAAABAABBAABAAAAABABBAA
BAABAABABAAAABAAABAAAABABAAAAAAAAAAAAAAAABAABBBBAAAABBBBAABBBAAABBAAAAABAAAABBAA
BAABBBABBAAAABBABBBAAABAABAAABBABBBABABBAAABBAAABAABABBBBAABBABAABBAAAABAAAAABBB
ABAAAAABABBAAABBAABBABAABAAAAAAAABBBAAAAAAABBAABAABAAAABAAABAAABABAAAAABABABBBAA
AAAAABBAAAAAAAAAABBAABBAAAAAAAABABBAAABBABBABBBBBAABAABBBAAABBAAABBBABBBABABBAAB
BBBABAAAAABBABBAABBABABBBAABBABAABAABBBBAABABBAAAABBAAABAABAAAABAAAAABBBABAABAAA
ABBBAAAAAABAAAABAAABBBABAABAAAAAABBBBAABABABABAABAAAABBBABAAABAAAABBBBBAABBBABBA
ABBBAAAABBBAAAABABBAAABBBBAABBABBBBAAAABAAAAAABBBABBABABAAAAAABAAAAABBABAABABBBA
AAAAABBBBBABAAABAABBAAAAAAAAAABAABAAAABBABAAAAAAAABBBBBAAABBABABAAAABAAABAAABBAA
AABBAAAAABBBBABAAAABBAABAABAAAAABAAAAABABAABABAAABBAAAABBBBBABBAAAAAAAAAAABBABAA
AABBABAAAABBABBBBABBBABABABAAABABBAAABBBAAAABBBAABBBAAAAAABAAAAAABAAAABABAABBAAA
BAAABAAAAAAABBAAAABAABAAABAAABABABBABAAABBBAAABBAABBABAABABBAABAAAAABBABAAAAABBA
ABAAABAAAAABBBAAAAAAAABAABABAAAAAAABBBAAABBABAABBAAABABAAAAABAAAAAABBABAAABBAAAB
BBAAABBABAAAAAABAAABBABBBABBBABAABAABBBAABAABABBBABABBBBBAAABAABAABAAAABAABAABBA
BAAABABABBAABBBBABABAABBAABBBABABAABABAABBAAAAAAABABBBAABAAAABBABABBAAABAAABAAAA
ABAAABABAAABBBABBBAAABABBBBAABABABABAAABABAAABBAABABAABBBBBABAABABBAAABBBAAABAAB
AAAABABBABABAAAAAABBAABAAABAAAAAABABBBAABABAAAAAAABAAABAAAAAABAABABABBBABBAABABB
BABABBBBBABABBAAABBAAAAABBAABABABAABAAAAAAAABBABBABBBBBBABBABABABAABAAABBBBAAAAA
ABAABAAAAABBABBAAAABBBAAAABABAAABABBBAAAABBAABBABABAAAAAABBBBAABAABBABAABABBABAA
BBAABBBAAAABBBBAAAAAAABABBBAABBAABABABABBABBBAABABAAAAAAABABAAAAAABAAABAAAABBAAA
ABABAAABBAAABABABAAAAABAABBBBAABABBABABBBABBAABBBAAAAAAABAAAAABABBAABABAAABAAAAB
BBAABAAAAAABBAAAABBAAABABBABABBAAAABAAAAABBBAAABBBABAABBBBAAAABBAAAAABAAABAABAAA
BBABAAAABABABAABABAABBABAAABABAAABABBBAAABBAAAABBBBABAABBABAAAAAAAAAAAAAABBAAAAA
BBBABABBAAAAAAAAABAABABAAAAAAABAABABABBAABAABAABBABAABAAABABBBAABAAAAABBAABBBAAA
AABABBBBBAAABAABABBBABBAAAAAAAAAAABAAABBBABBAABABAABAAABBBBBBBABBABAAAAAAAABAAAA
AABAAAAABBAAABABAAABAAAAAABABAAABAABABAAAABABABABAABAABBBAAAAAAAABABBABAAAAAAABA
BABAABBAAAAABBABBAABABAAAABBABBBAABBBAAAABABBBBBBAAAAAAAAAAAABAABABBBAABAABBAABB
AABBAABBBBBBAABBAABABAAAAAAAAABAAABBAAABBBBBBABBABBBBBAAABABABBAABBAAABAAABAABBA
AABBABAAABBABAABBBABBBBABABABBABAABAAABBABAABBBBAAAAAABBAAAABBAAABABBBAAABAABBAA
AAABBBAAAAABABBBAAAABAAABAAAABAAABBAAAABBAABBBBBABABABBABBBABBBABBAABAAABBBABAAB
AAAABABABAABBAABBAAABABAAAAAAAABBABABBAAABABBAABBABBBBBABBABAAABAAABAAAAAABBABBA
AABAABABBABAABAABBBAAABABAAAABBABAAAAABAAABBABAABAAABBBABBBAAAAAAAABAAAAAABBBBBB
AABAAAAABAAABAABAAABBBAAAABAAAAAABAAAAABABBBBBBAABAAABBAAAABBBABABAAAABAABBAABAA
BAAAABAAAABABAABAAAABBABABBABABAAABAAABAABAABBBBBABAAAAABBABAAABBBBBABBAAAABBBAB
AAAABABBBABBBABBABBAAABBABBBAABAABBAAAABAABBBABAABBABBBBABBBABAAAAAAABAAAABBABAA
BABABAABBBAAAAAAAAABABAAABBABBAAABAAAAABABAABBAAAABAABBBAAABAAABBBBBAAABAAAABBAB
BBBBAAAAABBABAAAABBBBAABBABBAAAABBBAABAAAAAAABBBABABBAAAABAABABAAABAAAABABAAAAAA
AAAAAABBAABBBABAABBAAAABBBAABAABAABAAAAABBBBBBAABABBBAAAAABBAAABBAABABABBAABBAAA
AAABAAAAAABABAAABAABAABAAAABBAAAABAABBBAAABAABAAABAABABAAABBABBBBABAABBBBBABBBAA
BABAAAABAABBBAAAABABAABBBBBBBBABAABAAAAAAAABAAAAABBBAABAABBABAAAAAAABABBBBBAABAB
ABBBAAABBABBBAABABBBABBAAAABABABBBAAABABAAABAABBAAAAAAABBBAAAAAABABBBBBBBABBABBB
BBBABBBAABBBABAAAAABABBAAAABBAABBBABBAAABBBBBAAABBAABBAABBAABAAAAAABBBABBBAAAAAA
BAABAAABAABAABAABAAAABAAABAABABBABBBBBBAAAABAAAABBBAABAAABBAABABBBBAABAAAAABBBAB
ABBBBABABAAAAABABBBBBABBBABBAAAAABABBBBABAABAAAABBAAAABBBBAAABABABBBAABAAAAAABAB
AAABAAAAABBABBAAAAAAABBBBBABABBBBBBAAABBBBAAAAAAAAAABBBAABAABABABBBAAAAAABAABBAA
AABABABBAAAABAAABBAABABBAAABBBBBBAABAABBABAABBAAAAAABAABABBABABAABBBAAABAABAAABB
ABABAAAAABAABBBBAABAAAAAAAAAABAAAABAAABBBBAAAABBBAAAAAABBAAABAAABABBABABABAAABBA
ABAAABAAABAAABABBBAAABABABAAABAAAABABBBBBAABBAABAAAAAAAAAAAAAABAABBBABABAABAABAA
BAAABABBABBAAABAAABAAAABAAABABAAAABAAAAABBAAAAAABAAABBAABBBAAAABAABBABAAAAAAABAA
ABBBABABABABAABABBAAAAABBBBBABABABBBABBABBBABAABABAABAABBABBBBAABBAAABBBBBAAAAAA
BAAABAAABBAAAAABAABABBBAAABAAABBAAAAABAABBBABAABAAAAAABAABBAABABAAAAAAAAAABAAAAA
BAABABBABBABABBBBBBBBABAABAAABBBBAABBAAAAAABBBAAABBAAAAAABABBAAABAAAAABBBABAAABB
ABAABAAAAAAAAABAAABBBBBABAAABAABBBBABABBABBBAAABABAAAABABBAABAAABAAAABABBBBAAAAB
BAAABAABAABAABABBAAABBAABAABAABAABABAABAAAABABABABAAAABBBAAAABAABAAABBABAAAAABBB
AAAAAAAAAAABBABBAAABBAAABAABAABBBAABBBAABAABBAAABBBBBABABBAABAAAABAAAABAAABABAAA
ABBABBAAABBBABBAAABBBAABABBAAAABABABAABAABBBABBABBAABBBBABBAABAAAAAABAABBBAAAAAA
AABABABAAABBBABAAAAAAAAABAAABABAAAABAAAAAAAAAABABAAAAABAABAABBBABABAAABBABABAAAA
BAABABABBAAAAAABABAAAABBBAAAAABBABAAAABAAABABABBBAABAABAAABBBAABBBBAABBBBBBBBBBA
AABBBAABAAAABABBBBABABAAAAAAAAABAAAAABBBAAAAABABAABAABBBABAAABABAABAABABAAAABAAA
BBABABABBBBAABAABABAABABBABABAABAAABABABABAABBABBBBAABABAABBBABBABBBABBABABBBBAA
BBAABAAABABAAAAAABBBAABAAABABAABABABBBABAAAABABBAAABABABABAABAAAAABABBBBBAAAABAB
BABAABABABAAAAAABAABABAABAABABBAABBBABBBBAABAABBAAAAAAABBBBABBBAAAAAAAABBBBABBAB
AAAAAAAAAAABBAAAABBBBBABABBAAABBAAABBABBAAAABBAABBAAAAAAABABBAABBAAABBABBBAAAABB
ABBABABAAAAAAAAAABAAABABBAABAABABBBAABBAABBAAABBABBAAAAAAABABAAAAAAABABABBABBABA
ABBBBBBBBAAABBAAABAABBABBBABAAABAAAAAAAAABBBBBAAABAAABBBAAABBAAAABABAAAABBAAABAB
AABBBABABABBABBBBBABABBABABABAABAAAAAAABBABAABAABABABAABABBAAAAABAAAAAAABAAAABAB
BABBAAABBBBBABAABAAAAAABAABBAAAABAAAABBBABAAAABABBABBAABAABBBAABBAAAAAABABABBAAB
ABBAABAAAAAABBABAAAABBAABAABBAABABBBABAAABBABBABABAAABABAAAABBABBAABAAAABBABAAAA
ABABBABAABAAAABABAAAAABAABBABABAAABAABAAAABBAAAABBABABBABBBBBBAABBAAAABABAAABBAA
ABAABBABAAAAABAABABAAAABAABAAABABABBBABBABAABBABBBAABABBAABABAAABAAAABBBBBBBABAA
AAAABAABABAAAABBBAAABBBBBAABAABABAAABBAABABBBABABABABAAABBBBBAAABAABAABBBBBABBAA
ABABBBABAABBABAAAABBBABBABAABABAABAABABBABBAAAABAAAAAAAABAAABAAAAABBBAAAAAABAAAB
AAABBAAABAAABAAAABBBABAABAAABAAABAABABAAAABAAABBAABBAAABBBBBABBAAABABBBBAABAAAAA
BABBBAAAABAAAAABBABBBABAAABAAAAABAABABABBAABAABABAAABBBABBBBAAAAAAABAAAAABBAABAB
ABBBAAAAAAAABABAAAABBABBBBABAABBBBBAABABAAAAABBAAAAAABAAAAABABBBAAABAABBBBBBBBBB
