811981128
813162247
402580632
689950517
950555366
55040803
140319916
501025589
890285592
881661595
700680451
864748330
645671064
270498056
320883864
129721836
675565751
109223950
239818013
234514341
979798203
138737109
88708022
442508089
236844982
613525734
515527229
28658569
320746394
161176099
700134208
121938703
729274263
814363181
929899841
198765451
812004176
278702575
596703621
514231362
350451601
263909224
392243650
358745542
570362611
684049187
416572379
205261564
535193437
379328270
147233863
970570979
720164013
611490916
116497147
519223774
187420042
247433740
737919733
581720863
347115434
513014711
440299108
53285138
959727882
468056510
548198712
480859930
227213369
853837994
52477459
43952303
65904386
805745980
19579682
874733227
175840000
391232565
815471892
955466249
432923624
185264869
273184680
845429359
446670242
258450195
121230849
572213390
671802587
353542264
740484319
451490784
131314711
755698582
261603700
77937329
888107437
336166354
353696948
344396155
601382649
139569124
945198037
316411822
119538635
816486930
960694477
503519504
984839890
867999426
663518044
787207979
932422863
675535745
333830756
62215647
39852622
144678178
650472755
474028644
386108027
70997124
476647989
310748890
873349465
843931976
468272421
663493381
372276885
371530744
4899828
787056373
809901642
541822554
529754823
353680653
783630697
860797821
531414832
832022287
112952961
835557541
970257807
299551588
799674995
847939315
671710631
343255792
504563530
582543850
852314376
353942639
27295394
917511398
895053979
484492912
595511534
919370901
665891470
558285282
579557260
667064909
224151862
642198746
238230065
409146877
599905646
428449368
447454791
643212761
368042659
205722033
67298775
305693212
119454371
921281835
452688898
804906705
749051019
845323422
594874758
46767930
238120566
368942316
360883097
718511160
911135927
13242720
792444384
966058892
375871044
635826140
270643314
768439446
907716933
537005918
608522972
878349099
561242650
510411660
359983221
169981849
125835262
26098908
865772186
675725168
557073416
660389941
467587766
660578568
480031320
249838755
54113760
548929454
665554926
267218250
445735488
690013642
173268584
926900057
195862681
275778689
749857293
492652737
526707824
69513752
487966167
194279001
982635104
809567266
601854159
377809745
550719045
283220282
933733962
611841191
20628833
69750866
605560475
894324485
201162306
970516954
248460421
401790075
581174968
700254818
44983836
16517016
612830614
148958671
218563334
379980265
500668813
324465644
342253454
688035400
170818097
441812038
687473512
202833088
267523449
378127989
442330850
810157021
177414366
203652494
258089554
359136799
672454566
615040949
473745359
804360172
652908169
998534323
782103783
932935591
952556757
586365541
392321662
53256536
965801048
611960262
102014516
920519958
234415773
726041909
483008376
954318151
420241474
348896880
584192664
977187784
704157231
345200698
963264543
38556944
631906233
51463959
30406738
329908913
741067705
920118954
422116103
440979134
511318220
191395759
710742408
289730958
541541235
728180586
139088813
581899405
767236182
757998887
973899238
8221340
330442453
87402633
71655986
893368554
987400068
380687575
607478187
611882750
411740865
540872698
476982198
529247309
716077395
300726412
514218467
184013320
4393029
574530924
773889942
726762227
27326749
950621932
443959625
156002568
142753431
966224265
593949182
314049045
300960106
863652130
963242223
71952709
990045201
513518322
894079194
586944729
64312631
496262712
578027320
150802101
668548187
449319132
912926357
805046032
434367696
285687383
91758844
607176714
355904975
171594980
135857819
415439981
925556948
910255477
199927693
553960126
326906250
629190220
913364249
147604829
374831103
325023071
452628168
121528366
630936647
130537114
182748681
967979726
460663191
219371552
230628144
508273036
493545772
964308686
441828273
64914110
550158539
34984158
932562691
399169398
729921567
658450161
376048750
244651230
949712423
707865503
338091579
714746251
147280977
666962961
260995542
724820613
380400019
262344579
891073735
967530775
386971075
125836507
154817304
94069064
908194375
716545585
78270583
511062872
855643859
125708509
348904958
594519339
628800216
359447278
22411920
928889757
726514358
533788502
791446784
24589219
891928398
569595470
757922803
103455843
378823037
418706932
92654110
973123891
237206912
211677215
359159034
660041768
515992859
213137172
741990934
937632264
688813658
434653411
711822423
676382674
38573780
937241907
982623987
3732130
373293297
996556414
915032375
160808731
206462439
360342094
333999363
634032687
475651679
958781320
370833218
86753464
199188402
226133068
579240425
284349077
736525442
675758992
60508060
46273939
895738747
617128766
430131490
641783295
89387151
779205783
35201556
708948732
28561944
693574290
300572307
398378058
453130167
297086296
622457171
974463514
871091824
557235404
295408202
912849527
597020784
178852876
765942476
480916263
57540280
288373367
230872514
448014526
45639725
119241605
733966143
819217047
580681330
422318664
525485796
36537755
147383776
150247655
225569411
828738681
149477220
757766354
994855404
292779563
399935011
783267160
238742721
854124152
131504656
746139392
944888800
552196894
786782611
852699403
731678770
827136997
919536542
313304291
672741516
411125139
339029110
459330115
984389737
953315070
821384500
228127673
983288257
386800650
634392487
872387762
845164809
153567934
367231728
756853146
601088214
324102712
99249062
197833537
106678123
491583490
683272865
512508411
160916101
301839888
406235406
376075779
629111376
13154044
956093219
317314572
238045098
65700679
892579701
610869390
193874273
718870928
721388039
621113923
712149064
407064870
889145333
839703500
987967693
826446608
437221799
287410786
647621018
755207298
774405793
185417662
315229156
78914818
135674958
134917714
766797332
778386925
713777831
509175138
105109464
795702439
225896785
935021136
418444530
212417740
43288349
371266670
203921376
475444414
825577575
695287295
385004100
789899205
654998639
484889661
53276452
474717228
475411721
741901370
551901329
772755263
948580400
193471042
917849298
337610551
446822293
517233401
276303015
215886276
307888678
179091913
961920523
440871324
13357831
103153999
398587778
818300264
64603618
9592149
285982889
173254438
182797342
997624423
653861196
659328935
519400435
945590520
567874530
220501100
473745187
292180835
686749713
504963502
128157633
304788656
981341031
526857777
796653383
818221790
279347970
572244575
941035679
767887696
712507149
805674926
742452364
28633192
659709920
756683975
630776785
168406027
9465022
415356314
395588273
877398695
937047555
335986980
213702972
418449815
338113308
563771814
843472919
525099324
340534944
677932630
846642698
64657572
932830621
442642276
128838051
878949107
126490221
972473667
199002949
528866949
694771994
171775051
629254582
835838586
30233504
359239674
774820127
427067273
940139537
585134036
215424867
611517991
141433226
721153364
438635811
514395512
724603269
448838895
445448931
165366817
755771222
133710643
386303207
710538275
431361515
194680815
69881848
66027626
568233626
536614264
954359830
560876493
922907827
846330071
417125789
912438381
146254178
176630838
651825055
213831799
996159337
415993116
126407896
919377456
664862414
486361528
429424578
701030713
681004507
442860018
698217180
366029740
945390469
343841387
32687677
801557539
492175956
270249881
87592763
925557600
1794441
41120840
138052258
210262355
408750477
895207287
4964667
371690903
294821575
884740530
123525446
373246137
383923513
197579342
987014740
384004936
586700168
95382894
744110884
139434124
519259392
729874370
858094524
260528671
629181729
365608868
619640903
478246614
399718012
119376681
73024539
254400465
950027385
162849204
228273058
603033231
370937209
182223943
347663481
967731974
40163015
718456773
241731478
10452127
763807053
174256705
886394378
698653490
977572541
122563940
786558637
576617126
527427471
733162972
820793192
273998591
545902590
833168188
121820937
764706805
255876528
18891034
998607251
500443184
90068205
61603670
869354676
865396166
642779997
345098052
835780079
285664500
299953746
431640708
257542969
951714973
101832147
63955030
32717202
690171081
147830008
856636116
35104788
462420477
662063395
97458549
496883489
238512944
478770570
116955009
363040828
863689501
609444870
78976942
153310258
418146542
20764509
436586928
16593068
717088631
110353267
977347342
438651317
937144815
254295282
257214946
481785341
752231428
999283440
145277199
672215026
740620044
897502589
969832925
104922543
42667171
248114177
303619107
850854569
872628736
806399647
993747688
495634210
883922343
425969936
609759955
261601779
513992638
119645489
850623506
182064013
40437707
497021160
281267148
887494188
420786987
750760300
875885512
829718571
249000107
132071012
34247598
394932960
930313487
286459145
431421569
246544368
330145103
991039338
446675602
709913324
662870276
570201318
468442831
637573211
992352430
759273643
854656033
511936880
589565093
548800266
747014771
223317086
696740687
71868039
319787822
866196587
245409984
593705957
733301930
148267451
765294697
100430453
648207298
168002473
266629526
760611173
928347173
501922715
73966662
604048862
574867071
310572550
742894062
104693533
850305179
748834878
252412063
535453109
730773812
764181800
715425196
871816843
592168316
60833944
273630520
579083618
988052063
675903813
184144817
188020014
725078029
991283088
303466760
381726248
102865912
774768664
552684532
523457417
410655739
759140885
347882088
341246591
1028359
499585619
276737897
593679488
488385571
74736844
321030848
874150592
339061010
668827885
994332584
94329756
948927600
770486508
533461920
357549874
490205728
448757802
619465556
712620675
277702613
155813781
175213972
858658885
187335456
314255981
925451779
20816053
151115852
714649285
993080937
789914353
249107071
354842490
572053087
896600523
863926618
622944354
761761482
391833007
939093767
525935969
904205915
237835921
691695259
871277236
670106710
353035651
795044870
862928423
306807108
395116950
843015005
255748888
579842125
754650655
878946575
667033712
447858538
366600241
124086790
886850567
801949293
16155159
39461212
562346951
268358851
467196945
857714722
838771906
27395746
990743493
905941720
153584716
674957550
601253122
867056557
982019643
87298809
744940771
39482321
65925197
900272577
44062476
77420734
808706574
855948860
773495253
224256419
18751930
917502704
228000995
646843195
361799362
601380368
153157373
579348654
927195169
787294308
103663491
445700670
361973848
531250638
914395908
242883262
470516307
310309653
818035164
569183871
676388382
613728252
387928934
450328538
225767636
758791938
845359514
612360089
915635340
216390389
504072347
957755165
273904574
640615807
778323510
813359171
223609720
772013215
197062840
964421165
970394323
816094997
936744776
206869592
912807627
412702628
529781527
275533964
239326206
726668494
113620564
101553503
610070805
600827057
147888881
178856137
950881389
587672432
966577137
617137225
261027414
511245886
307803919
255786399
549089661
430140122
17568977
202095473
719995180
611339257
743211085
437539099
81468026
157625903
61083977
280209660
55166694
186513330
520447023
851898078
628505412
675438261
377242506
985867945
111933024
546122403
94689691
624560496
150624116
792518774
588881386
202927126
246380794
307275072
767585712
116808318
754288139
34869548
666238583
113037288
408863450
817900167
115268357
31929697
428264772
104066491
182348028
560829255
214545598
630564664
257257176
118349714
951158158
157520876
232693455
789710136
353125032
322092544
751215551
437140211
264324847
100608783
491238507
440791305
140284936
353732960
334880400
61084851
258146689
60734543
31415668
414808677
966274578
205350384
271531694
291215232
117011852
150203709
188832842
415290793
906901414
290007882
315126779
670113153
317872919
281515516
97750958
889245467
195247749
74738752
527937392
905012249
511220019
197498799
631629620
63937511
609565314
671069858
745375949
762181467
676443959
918561357
534008857
704504134
345096136
554184932
404313105
579133013
374122044
926093093
521270658
713709249
490638692
102737734
644067716
596218843
664286786
838507036
485462884
44248124
674039721
429928289
492652936
129349448
364144952
948583862
744020252
371656511
292548797
670139465
994128323
374387812
980798461
285215858
201048243
392735081
166810852
856405630
677328454
25600358
788591181
779095383
160927584
184682086
370626663
105663108
989875238
454853851
98390385
3594739
927800725
972822527
2693634
724750669
161938165
120427059
259296680
756714954
769403333
25549765
428902445
914765901
549443104
749872983
104551156
308617366
320483455
402415488
393397793
582361273
546981109
777451019
932492633
727830864
783780726
922899970
859460280
730675181
265069120
877531623
207550893
773536023
709555855
446040377
948091516
924610275
681122092
820809888
799667461
128433396
264321214
624838114
864334968
900609346
668059796
98484425
895723315
263169752
166955115
973034654
606259440
224859326
475572265
962898694
197914129
305072960
674247929
314588791
223501902
765889540
85741073
974072580
418387269
253762484
378601385
747681480
820154539
764175723
331415524
966756586
225129876
449796870
418737814
551086723
849588275
568786995
281628037
626255796
523615485
416982320
55927711
261721974
203810070
296565317
593141466
787243386
693127119
536570940
337954723
938221688
736364222
528637308
497986528
957109746
807418290
367613771
958073314
496801792
287840515
388380143
237849163
105885389
386263562
53955688
875915331
10071359
678215653
813257678
496214438
492657878
815229267
900302733
676539433
536653613
491514464
917430168
200017600
710458184
6911145
516706225
460396669
18042248
759287559
4260095
979529691
113724844
837867350
223041291
239819912
77259303
992027112
775121910
665884175
21919203
787442090
270503673
687802306
365981039
354846138
207180273
13668452
928214152
379739675
814616643
937538265
613130517
929120830
797448047
233233773
297544075
116575838
989382916
198276383
439465073
456005205
55686257
356570217
813858179
119043495
875884006
822047419
377480180
501228626
691904998
963658689
786665922
751133497
500860413
485138159
85110356
432501855
434315426
292198453
693530154
195705148
943721599
404967579
713703947
696058079
545974861
850448721
912682116
999586458
432151592
87198732
577782910
886411770
336628338
338100357
143941308
693177327
834369577
323020772
56675491
854112222
842029998
167297044
295055535
610547661
603877965
844523586
476986289
300045570
170140133
413592695
705650807
448287718
536379352
828633845
927366117
597079722
747088719
981827720
865159087
804030867
967622705
545380822
102511850
422181280
826769713
642235951
379906178
171916177
270135265
883460653
965572719
599113076
657890681
710393354
465167962
150536476
904134840
514082748
633866325
168892022
715488427
230691700
352113602
413512263
181759021
410676760
52945785
320125788
270110758
868975799
689120892
90160972
640627252
779177284
909926199
944068348
194684775
983987587
331170805
862836059
223634893
753284362
294642633
31108105
87255458
709942885
766755357
907780267
391287704
17822270
434158938
672135559
159026477
282293765
928521963
839449070
854896911
6587797
519472191
805626422
514818159
293433604
989404576
359697088
111231236
850733118
945592685
823509173
346623022
372190838
713832042
399265416
127103666
195599027
627624421
54132683
367766390
892766082
409389584
487759430
856833362
9764275
65031887
876281163
870262744
605520197
675038633
593362598
647855947
246074674
255671466
753725734
56232226
920251823
296022430
781804263
516204983
421068984
175504586
680997386
129112463
152911212
857605176
729051940
368567508
480748249
274564798
960051177
631079416
31556785
900433315
499996666
452290174
446984001
37010715
220658270
440537481
223529457
836399346
70168672
488101923
431121986
589106733
666169853
904236546
97883656
992525591
114732937
120399989
528431824
64719347
438102965
27073236
74015728
240775150
826703616
374425731
958995787
21631723
637200088
808441506
303641053
257848818
698778527
918121259
255551091
681692645
405983825
424611322
479341369
925423923
318264397
456459492
223225162
991169408
703846650
170631976
281739905
88381993
958295730
677291935
378747410
740238800
743695914
249672422
161354305
706452098
235850343
890865047
232841233
349046333
684189606
467815639
740528804
691332804
254526721
340728688
148412793
590882639
653595061
315806616
6718961
118179421
252960983
264692107
719643133
649697954
93179628
941973242
727067087
246374047
918194820
310716894
1506911
331567581
663507873
337962829
589857480
809632036
683082165
398730068
438603723
277844541
907507619
480490321
324479542
14373283
118608256
109213912
296853932
242223507
205475571
433429757
524896079
65263757
321165684
681930341
739301736
644610619
53320777
191286731
772842202
27882862
23089951
195124948
657788389
877497445
262465895
63735735
485091698
429431771
588052137
320936876
464822910
236086359
936199555
589881450
963322872
234870402
350064623
662881940
376406657
359397538
959459801
591432120
37915046
845688550
171522206
599429259
881729563
313611544
99479989
105018462
992450337
316298357
950810433
136558179
98455851
573742311
887538734
465685
103624600
615550631
17330325
229223947
740436910
448967358
65022945
329718791
488491542
667198301
910916831
245717407
891655446
954101403
729444374
92419908
650865990
559137660
160719357
766120786
782772619
752588915
328531799
100385287
40164812
857675350
92460381
918487804
945156524
692624826
25248089
922835483
321572077
508851660
319303927
594924964
917175013
135793100
86288495
71469436
782459661
500974014
129038446
251587764
957727397
914622235
316116650
256374095
908208031
545008586
405826650
295414217
534383372
979466556
942400056
779366302
94907362
642964327
145030920
291902406
991749193
970396265
359482389
933356193
342843685
981617713
357611384
293768026
568584781
690352893
575567524
411152610
330693482
951934288
800989813
86014190
287089556
294897155
670927949
491319515
40065708
143926623
273042429
255171616
454613193
596330124
549766845
778201367
469535602
1443844
401532458
520389167
478371423
721557248
303666240
684074363
432926769
282108188
555298892
258161692
938322776
169607145
880479406
573175881
954832404
440834842
375917070
758999104
537807233
849803278
833563779
258388972
885201118
180838
997802081
543695275
377297850
855100044
993043846
775942604
72908082
106517813
495884825
681142923
772080234
691310957
401026222
483640131
873176270
673622597
109840727
568798022
481302086
477129063
650154346
638918074
116792527
893874908
436104176
440534430
489634316
666554757
573005809
674812873
877365779
608336781
424336222
630681250
832850119
599127851
435404863
714098865
267801177
7305293
157957683
356349633
521576338
130169594
421516425
814113327
46828612
300952735
296003885
456144372
822919247
638886873
862591371
823819584
663237512
87760686
831592402
974285338
515265671
937967937
745699732
920398324
690587258
637070370
780075787
550158178
666197370
608365493
222050001
48608524
466125653
316121815
456144702
727352785
217517183
360872733
849575942
128585958
185577348
55700945
511998569
591409723
572113048
378816432
802172931
688006743
485884441
465464528
462344432
299557319
138868690
335089091
699708936
38776309
84843181
302700880
914553034
565258559
499317530
400570746
261914106
19907480
954182157
700580183
860291947
938083951
125811570
589485231
426119351
442236224
5135504
773091708
751752696
97258687
461298188
985454526
437004074
480029252
960742000
321014781
989971952
758182916
99402863
81337861
997214829
204260938
122267712
205255249
72851613
120690701
731047974
414061363
441154747
50786215
577415351
123048374
259716231
110017344
206143627
611456161
886530757
896659421
565604764
223002658
307970835
588467842
966019105
152850769
681082882
804408093
171771935
383622376
675773039
319711860
360520461
949882230
77039330
577290815
444184144
722317114
562775650
525417127
974469688
817781369
936463684
290120898
470905589
87642684
838978597
665392118
156455823
432697326
331602941
793378187
604438156
169567349
433128097
125282344
763575276
231079078
419736246
462964376
175312975
484273125
754157227
703438805
353197083
431638420
20008768
939305062
655028727
212888432
500451170
647004343
152778734
457791298
679291583
203203357
249227072
822805876
197686299
640254905
356097263
786517057
303525300
762070954
614156519
887754782
812168296
550910636
823821112
609952986
509441442
49284462
983681031
615724496
917615875
783013254
928928531
461862550
41293216
931869363
305623599
993033360
270985412
733058185
660609994
787478120
497829378
569059806
673932159
270566084
91653053
43239089
656100799
835201234
855230363
893326483
380579657
726884493
597562459
302439550
308729033
109141713
714820160
883196366
996163963
677623429
863819731
428629276
404732432
895986248
540972695
591672750
608922596
713266251
236982322
201026719
314587841
651604831
957913093
209424304
954463871
159180899
780029912
822665731
630364843
871245058
532326395
271726523
396613634
370884560
71622944
689406223
535044530
133895738
488855409
437172818
783957370
538394280
691843582
441441917
736037314
20222492
658228682
763346545
57561932
255495620
121904050
869105558
587976795
356405379
956874250
768291718
356981602
798226422
930613128
960448856
758265602
946836695
919209187
448434772
126112940
436976880
295799434
70393019
741671419
812964571
701602634
942044267
91071349
396297589
511089233
191048986
439779437
575502024
414083689
805912070
174709149
163030417
267499820
8275912
96924818
522116654
236566770
5978047
819013230
248049823
615508969
880237614
848191368
502490455
732377634
197029249
17050977
401666428
223580587
935648835
165268682
277016324
183610679
702527033
331404278
614962063
855973987
321888119
373874781
612974594
474474184
63411993
354420759
424396521
780069652
537640518
619165394
427981910
563910539
65651889
358892701
188594450
224580317
386333202
22503077
675540610
609824503
811708106
745683260
599163543
32081153
973230517
716708405
738968215
456917567
430835748
57295201
826688133
697327109
823713867
103972860
919114994
343069640
973557871
126196582
993561056
992178394
348432897
685761129
13395544
705144864
496565596
680984481
461220718
676077641
605509809
199883364
38129276
917569933
377169016
673491012
573795840
13355466
4055571
476422510
325779727
232080225
454285266
741596269
756731107
857053938
487399369
842330842
96667657
495891134
65593644
355100043
987456351
669429065
780407401
694861446
168818189
350368589
473988940
119485927
596695562
427352563
271843576
394552364
961962638
134490908
8980832
166780024
418457241
381921201
733659278
984807618
202670777
328750074
481941932
832988901
1777462
182977245
302520648
480447076
811926113
332730022
123356239
23076983
130276558
410508199
865880278
573813162
102949829
856125215
49881991
748881353
620107972
866326967
91316441
432293909
678925582
399373695
821454131
369984146
485959920
593137809
620091902
327340840
677524276
942453768
338174301
165115087
219672171
261775474
482657595
644607768
618421441
16634876
333984522
326234187
315327508
47741418
6299473
326786367
133016129
116669652
476576189
608301425
786192619
411046946
892165373
795676761
495871668
550725487
925258346
281315697
975460551
604098806
388812565
916313488
627078349
186992093
182048144
386227543
940736701
128139109
333504616
180156701
555843891
281920958
547048905
772190222
310609038
147591305
906706688
238565897
887494089
573389796
529913278
517795095
657243841
63469593
773168633
592069936
422760781
579612090
818973018
273794641
290624948
406782715
35216561
645553375
882055520
912019379
370391484
704593978
371081579
71455639
418488706
64016396
165435804
759496956
662026949
910481036
90012117
276367886
340288181
945664080
144218130
815866537
241684807
377015232
758903775
983266338
939643251
283370710
241802918
172119868
986643799
112960511
811221295
89245433
659360957
652642223
580430424
59388876
523956459
493593493
382223404
735046160
216464684
577331936
331159029
504554040
211482196
561676078
743719884
767152064
702684629
3197954
512625997
700092940
512180616
919683566
391888115
479880343
306111357
531761852
286039005
506738174
709695978
868030005
807176869
195495827
837950711
597752196
201643387
538906303
604315823
642002969
488593885
369024898
461454699
789251486
370056940
547256900
93959703
994402536
394417036
333888349
44824679
80028531
846448004
3284054
235369510
832360500
488760981
829832099
463344114
212431480
270269273
555081122
120796654
558532281
766734895
250727961
489933897
589594567
350685819
328879318
692964145
557519516
793028704
419340802
533008233
666285673
802183043
987161842
763576836
799723755
792374686
239050571
901613972
122429094
601946316
905040182
426684394
504825459
727408918
946414562
137683258
793712353
158382441
540788639
809604359
122793202
507841021
241569067
799219814
58011549
285250028
484541167
875509314
52157522
884766869
357465180
93632059
401670540
107424523
728826897
615074925
369546841
859945399
473453044
273608394
209531002
55634492
770605566
665894484
26732823
680674667
765856004
876902497
320124842
254308913
373186616
747648460
467889870
911574924
816252038
990725285
308869950
606181422
343193761
181973349
816687919
365188579
988305657
139410632
211378891
294325568
301617849
968834657
968934975
883571513
243185441
148783724
92654257
286542682
281360188
611459783
293411107
721523118
307057115
354248527
930228312
456142196
429502533
81531398
515086171
709312171
589926104
665740745
110201292
531181454
67363225
528655079
177901965
852757061
604912193
329393784
395109534
902141185
264177483
747418910
9133830
721330908
140122976
802892151
388347684
552645552
812408376
442261570
967569826
125733018
237816266
262829801
497676027
44325547
179767833
329384346
850240826
716627910
930696836
189640841
561384326
41722098
844422017
882974885
662093601
994053969
231316337
598687863
438158226
850289967
603540088
882134729
367920688
963796647
692955114
463481299
724029780
964100556
636044676
957761799
699622627
252976255
857593521
360991260
206893285
935780691
961860090
495179585
220628513
586376414
334833668
736784620
883492186
266668383
774274233
148201764
884583653
51886552
187905692
184106981
863696001
338537355
941712780
234540501
278787057
618375790
739801402
65021245
182357592
987155835
552955622
359927731
670093138
537328304
47089331
274979284
445520867
906821552
210199680
631670477
885544517
156196956
735012054
104484283
271506676
222469191
448863703
644349481
653700419
72456354
47266689
795217863
408627731
334144434
584761415
141704499
812636216
63572901
883684192
69393831
831815800
733905919
102601134
274331904
991422892
571457667
805306499
1478592
154811026
498543308
4022487
182816039
874239589
884243602
345708423
13920409
803648174
355865307
307735329
759496045
81075756
178936177
788674849
11390304
460550899
797987534
295604236
9060850
159588417
507466436
165633169
961139988
46455635
69110902
870521759
671036631
896618053
170466030
444856979
484092844
10400943
80372796
949952536
405289541
910742965
389836710
86447191
478863529
913934434
613987708
780159240
1378676
604111031
580412302
831907875
970200809
35460270
130256830
317907036
745455490
318605025
229937923
483559492
640972608
322572665
424737984
754997913
441268237
792476574
904756490
963510812
540879491
757479381
118983543
298090294
675367362
48744162
80422290
327414546
677948837
224588284
564408596
810945976
252363979
622896914
420911426
95914968
573871471
200647887
703334063
434385360
548221921
746321130
517553107
982362313
928293846
799253086
499092564
9456874
437024125
570405777
402957649
162781057
684193115
381368394
605338598
521299018
103047888
437641137
372021939
673298823
399552771
60405014
48587964
512975247
158954113
784221572
554797711
528270378
817223418
389213401
280224342
961906362
508001790
735332566
18684041
339044224
794085076
306314198
521732998
964063071
774233227
708279345
995897207
905241118
538600211
118720067
346895326
897915842
231531818
863024908
46550228
929379687
925260773
375457574
54809457
311134991
644244226
271544270
234174619
855720370
38911039
302272924
180916194
59470863
758771130
651391507
438435709
12527508
59976538
390130607
93089125
944085575
468983606
487153627
439497909
177475322
411171032
726433221
607309923
822695894
210593804
233353451
953932284
168096440
943815586
419782900
592041387
859181435
255878518
143483405
739788541
530698340
112465384
284492561
459018117
29596029
857127727
833928688
476428115
388241327
384085449
321643836
238723583
974997911
540991905
343366384
879879171
646646798
242607158
900833067
23374564
470214453
134273589
617477033
358741345
425789092
383160243
46299902
142102573
252745064
900052617
240240773
807233744
516616990
427186259
44015412
689457946
212338186
406773800
601868714
589226024
495486760
971194527
260089452
194637703
598355290
773951055
658062350
698543288
898142674
953798739
389781393
804456192
822930547
844045761
196135663
493733307
304564222
496524349
874658879
95473289
576125100
932065211
5629711
75191568
334252799
985227571
274561730
511935120
322398016
219926755
791808852
183307388
894803638
995258721
138766608
977739258
817750537
436368344
30914180
580048278
846913313
444598865
442868510
822206146
701881509
595782026
966216367
840935935
934648875
75546598
409804738
407221937
641576746
644179029
854654832
739410133
585342510
322992815
709588744
677378758
111380430
763055356
155891855
478130540
608916125
931893970
244119240
690901420
263359102
883617551
202733823
748617089
81975963
994905432
614965838
540226829
944524811
767990106
839979967
737471027
455015976
867148420
802080786
686437689
417960213
923487698
899407454
457807897
957486306
399557897
680899124
674335313
838954354
904566218
810136597
222694865
197252171
734828995
970564936
470486999
401672343
826718151
695246647
730953070
536360058
917055031
266691134
18041865
379494295
755235258
216988457
748798776
346886400
86674294
883922424
581412613
195036253
841109067
723705084
710953254
358661725
527510159
483868787
201369003
279471013
331543807
38879261
907576819
373456913
905648769
538886657
719409366
246439292
980376747
713635020
202828131
147375801
44445170
693732649
445625469
603354490
536385934
352920340
487947011
237455998
645028751
317986890
628231441
431725324
223580586
357175058
420663917
63650551
366053455
507254951
467756649
56912699
122594195
618392394
773151519
19330780
438673155
741445044
506615987
881316662
692949001
379728078
872660631
626479480
392707545
798611767
301827017
684813821
193603342
949114088
796085481
14684802
295586494
368957011
395871293
745126604
219059656
761024604
785229129
404340315
816560946
303794466
157631562
941212912
493171869
179859943
794268199
55013823
697965881
388065339
226125836
739898212
186486025
376371269
59310410
351435532
362928247
593748904
90927232
524861456
525919986
4469515
683308820
356406320
239871507
918279404
765458085
956750479
146627292
367349249
993043144
958576832
738872832
421615031
558499881
532772156
53738272
449036315
664627473
143111313
778830021
841662535
260806665
19135843
333674240
80096503
802631319
471447551
280803689
140554196
97786657
206535500
858585792
62590583
774002804
876620266
890248829
755509876
26302088
363472262
341475171
474892869
522340360
994647437
317135374
492899206
918537805
864474608
645085641
117240176
639057047
7480926
269547714
493376109
794312822
513804761
101445468
879062235
440610787
456626777
557733345
343704902
356389459
648717534
669725921
172655195
776665588
198318563
473758494
771015661
897448249
28588213
324373852
879838595
381126010
863152688
503980236
998698215
266033148
798082423
488930968
193529938
419805171
589430021
624212098
290092894
781578644
452535009
605634023
150767454
58093398
901484145
752749953
918963484
349308856
789784221
444847677
149658078
495742862
32310986
785948915
21737440
894209144
87678313
376117338
548921784
528639196
573199544
896216452
680881187
346614859
762204866
555957845
424351723
266095380
353191471
698715484
615711154
334713086
794813777
991888302
811422827
20269075
179307293
820370125
44456935
705285120
373368825
477222705
95257560
21759588
878553783
953109833
297733304
85147110
563560673
478901617
343711575
705618783
690693740
438424132
836099932
967968545
215659133
881018819
138095038
748760746
863565789
677496777
204615075
926908673
105380962
709346412
184893753
88836313
737126835
21290232
977607291
845063035
967787484
474904148
620663653
516614482
748641050
317422885
230129070
27115018
38648627
923194789
917277533
866270696
208151395
581673247
514641247
848175433
866521246
867985648
442159635
415480951
483058967
35993678
693563248
740628889
336640523
428009521
181307110
419323953
326777748
66079611
335519350
770896365
533711751
927364890
191145156
12484947
761333600
809106638
128018727
51875256
351701626
105884168
390324400
700088987
54615108
419278005
951223328
786831838
813572044
188790929
178838746
574137756
699540054
540844419
630517385
214210647
722881550
497080070
14020245
603737689
578976623
193758526
547836177
294719684
877246827
844804206
395191973
401998172
611322294
983369079
181644245
319835186
644437023
569484559
773564780
16985195
685959205
94574424
694244785
350485746
178815393
953565071
256338376
76516416
778094771
809883855
812741910
361808700
841305254
893146190
472605141
74750134
212257931
913847540
918573170
694461730
573462216
178144763
574117550
517808346
662416386
573415580
748735414
728455906
780106136
863505539
226147658
191782304
846616026
901468786
409934997
57308077
782332292
387022069
765529237
350492436
661311165
867478261
902080126
123332530
190733106
389113859
899701866
860590779
630695919
605896988
158666226
783624593
710027590
908795444
26824349
103125427
13327102
435303672
127826143
616576209
435404621
500025127
433473459
153339251
546521856
189508137
456129948
956912354
484394705
993924196
173696592
503482014
451128052
991643935
762078000
783989378
172483758
17318025
250350434
757290817
583946308
573028367
938474133
463529630
123327400
661737832
917867050
435179358
591216136
363066505
25461196
205945546
445474484
897551799
874218079
316031801
244276376
539015866
419071791
426864482
734000023
560920773
540055070
663745021
462239146
56357035
573281930
458680902
884064642
645998554
291907591
727484638
518543956
397053139
290681144
607478020
298317618
544188376
106492938
203707988
158343733
699475851
976771044
871357645
85865932
174216142
914337087
594335882
493838859
304316485
876652296
322624809
736906954
486900124
31937384
490465192
489571599
315996548
159706756
11806327
221778766
587172034
454738807
660846722
127030240
429751752
680826632
608893216
400980575
487866765
882574590
787892609
24279647
7091218
619501015
971983335
538273125
808426426
760070288
79309665
712856693
170638743
428161375
368502843
835093799
806558434
389064700
822528958
645840890
953983912
615414907
129712638
744834367
227913911
651963908
562118054
787388198
394830047
330803708
569102874
125299340
770701656
55973003
899314852
506430039
911057307
644636248
861309588
668286566
109855575
809973854
147681148
966548120
698576019
502638461
95257421
666061203
220730660
646057205
848737376
925968870
561265210
848283797
914560086
35629456
176328941
391620693
972493234
778229740
597614766
178645582
862239309
824552830
676141927
882276703
160204940
736421611
820031223
823211310
498754249
462945998
329946190
7228997
406809937
375282429
953778700
905513579
224757073
358478207
118770316
139150111
749050217
881137533
315832878
762072309
142558461
139724175
823779803
883074162
838014057
520753627
271733311
655955342
515234451
304484462
18250538
203680354
708646278
455237544
655720815
477994222
895308263
437899466
537504102
157876972
961193240
603748540
3995602
58965779
190380439
797144806
752197705
487456931
185200255
702198794
261017194
440602718
723927873
616101776
913101116
734126894
652878682
208911527
779187416
453543789
467390939
449876546
634818788
739969455
993407843
870987428
734145477
456008429
902341782
894790828
65655295
394309098
983411492
426089782
739340877
893361615
732831511
844316387
751305891
796733308
844133642
983771490
866686667
979580253
860074485
961534335
900434637
398136720
815122231
685161341
282354980
218839793
836207129
190641863
521201867
502256983
614543005
646167777
826127276
486287672
321695068
739379882
718375697
391102426
324006435
782542013
106369079
412197997
316947273
705000827
625547619
528826189
825155070
101238985
570003252
330877330
476107199
346261346
354911175
45514572
19076769
706801605
250967295
504012165
433063660
531253782
956389462
572325917
970109125
622320234
176609039
992851877
786883938
758157096
381276824
305289245
284784197
575985746
82001966
555398821
3135228
812966879
687885563
645171192
578284273
18834179
913141542
304731948
802756980
54952565
497639143
592788220
971289298
296865414
156537367
608070530
405579239
525511807
175899682
262712906
381592882
921570578
38884415
149353035
953231210
47092843
218304883
2527234
75033084
239420234
134287847
882194500
208672652
345557600
88747126
565846736
341688992
659838421
131309974
53899439
820016108
638122908
160227143
213903017
786499984
857883988
525224358
68892903
245041454
908584150
542258968
8410240
597868663
169348726
111786819
716552961
795484008
981734961
831736100
141781060
554568866
219411380
314109883
47048789
683100970
525068254
730711278
864476579
19910055
418416504
688194440
83648081
409638430
888840675
930265003
964488480
400463853
694398850
476272206
601863585
763213520
831588456
601270532
583793124
691596306
264214999
168658542
100126520
86469695
304398846
141671084
728183270
791199618
8660498
424470039
201456342
940121383
79663495
702605000
855674060
256266120
945351083
805373098
682597242
48904995
520550446
59188114
962704074
61250029
812315833
190681689
96301768
434566799
897629241
7852209
947467351
315410094
828025485
621108142
935196155
219027134
577910675
140091283
277362244
715377516
23732357
915444262
138200494
27867557
226947793
586475102
399670668
970286711
829901733
936255374
978131380
736049590
822883314
314989000
234513695
117770451
319982978
301602532
794394017
204981553
861214323
891156147
18100611
404259808
740615293
139599564
366300014
887244241
218041855
891674056
909499238
753139759
622549895
802816571
792110654
496786663
277728087
659653959
664250396
565419918
322320624
959211785
166107522
848209717
946036034
997244601
880118692
851552815
470700325
319519582
56718687
852964116
155931969
701026665
221731977
849256273
778021545
112132764
692543142
101342139
851281056
656560191
980733212
55841196
135593298
35047539
454391636
521426941
956561082
745235104
778284282
328998241
470532979
636447149
542167300
283458923
186264033
65616212
571006185
974896987
913722189
471851825
277414090
53332006
327935305
545690099
216731325
436561294
271263710
540559295
278315801
998256430
447805318
411294651
968035269
608784546
774345688
413571343
378168958
555516155
529801862
469396979
409444141
964352445
523378751
382622969
376685938
803300014
18090949
135332731
962923664
762522632
550416073
367218584
195067212
411454386
549870765
544712467
613401490
147649274
195997048
928611538
887095067
529537327
52808450
286863284
893878102
781727765
815724683
892573024
821761920
154704783
781998387
134236925
175018154
214677378
173467825
664413420
333526389
453256827
420152668
208584929
810694513
158169616
315532006
244730599
239177159
881294704
644762162
160992344
142711233
403201622
467429539
962630862
148020736
672733472
301605747
497331146
310863458
358683495
900834174
947026840
146134404
915213516
858770687
913632781
39077579
974902149
307968108
519363490
987913118
555331232
934814597
988676746
579944971
978945959
206768126
467856125
271786642
934978638
169179471
514565255
842857849
56666344
240574071
375403702
13176899
10681998
39656260
568390123
252351765
597585891
473668947
334154117
228397452
419514615
377795377
41029730
773363474
322757198
615745999
845763663
101949516
302368172
659317217
619911596
555591426
730090651
664840559
254141975
132143760
199188545
680843947
32169615
707180414
36350922
827048064
751962281
802660298
348213852
678247895
163897245
756850422
38753018
911836912
787134099
223672652
864798688
879814178
773146388
927373562
805252367
976506622
726017685
60509517
642739603
622453615
846495669
473450537
833954960
510137856
650088874
576385873
424410151
181097184
191511502
10671184
468617001
220674906
367120645
836575896
553169685
570979530
992434988
980285926
323035476
635507310
479416762
317293488
763794974
478334778
887915245
36924105
82043830
926007725
500213008
60002697
972837963
25493991
541598520
982920720
277034546
974197214
991776405
678694509
885504836
138510372
457457747
64110111
814813068
411643914
944398600
392373906
664423834
358713020
622918257
286479174
985304836
282188371
489740606
281962475
70539245
343500549
198851731
316135094
911323183
946051673
150636769
443080665
42929656
247447206
756382005
96924929
692183875
67250385
906401791
336652587
676882588
773166601
99872679
710703099
981553198
292394590
411281220
869801458
177808086
582567123
426794537
6486242
240685936
864460538
969351079
605715933
298079499
387667856
776542945
28303174
74701782
744849149
346763784
8584142
980837742
443612786
449731005
359584516
408014326
685624060
292591573
884594644
553789587
653665592
297793784
717758939
853085100
100163005
334886015
566761758
584739939
924442680
57121182
513134931
262338636
970729297
6931689
2426956
696945306
313140824
575476325
222282279
313124815
433470134
669145506
639684139
917006498
497122367
313201631
798527018
987112268
476047075
639142027
366787723
888232318
160442728
528578425
46765647
249950509
649656217
296333331
198038076
405538064
898039907
791625947
417833685
976214878
304374576
979479797
485247222
878368116
44771352
495716054
191136336
984797100
996422225
377081502
588439468
903373287
112061663
88969067
123827624
939846647
219917488
810436991
39819655
306701848
864195515
805434330
124833878
560450829
293513678
716304538
39848509
234271283
945151339
660092687
27954481
435780461
748268249
521788550
754226258
263502127
157184191
926713097
239133712
407650109
390695393
396953354
503829863
732397450
843049457
190990084
985427476
205755515
581947577
821882043
451926351
986703378
986181361
803844112
4345950
924844183
328877675
624322270
281705396
765736818
735517374
899167413
308020976
381858505
123718238
393631540
656094269
561062518
822926553
674610925
272102964
438813499
484048198
252234022
651229766
780265330
676621959
575862305
639704055
273248898
160420127
358081922
937983229
709435276
642553822
236432617
379471148
831070273
758482924
600229483
822696346
252626042
844475619
300821954
449793876
341613286
826408117
602856214
629862373
266163603
505905590
391398227
336824816
307820378
538272106
113999881
229499421
890686423
896763015
686584533
375130931
141195648
862389273
543193017
430366665
399307955
607000225
260215598
93254490
637953901
736572153
518592527
746985309
879876193
216041526
355000294
128622753
754397114
995264734
724985326
610067477
471541418
367411950
7202403
224530439
999392654
673616537
977192883
239667169
646661818
760407408
808910226
56905570
67672665
394311415
843464696
345967375
913550083
191605779
866425377
30439815
378303283
232256988
658128746
526904634
215998356
434607400
21027372
793626787
611328905
859999101
704391495
636719953
964899098
405157878
55753920
410969971
827247007
578933755
578914685
745702023
303208604
957820415
647064399
573446742
174670632
107227473
207559831
448230728
819662132
585243453
22835559
836518504
302267450
8229776
978859117
959677774
218565627
576449684
168370095
205409241
46213705
621865192
368924311
703064922
618154896
20724205
822011463
8896096
605706954
420499845
101122742
735287267
116827482
204144115
187610882
337282889
148459254
635209862
993538109
612923291
694536337
175930663
972219338
400025172
730814551
624634702
363508764
293463303
126338641
764713017
566090493
52314905
508096173
823209859
119856914
48861041
490857366
732488822
239308432
787433748
729405799
68278505
305228605
416111113
431003461
173552508
259240228
474126604
740174919
196677008
971665388
50535690
820795263
347959275
885792380
366319951
573336010
766372554
786252804
748328699
47606608
251659083
588370753
862712523
884582403
822214283
688748210
382900667
52721038
129508410
688510313
263062352
951375131
922971615
706914324
659287501
761121627
477077013
69117999
290596377
216088377
605627328
12066966
740339298
62986847
407732276
403571676
341266907
189575873
421897937
21411547
566400899
362392514
118491030
317383339
489533295
343374999
895470908
709972516
63808363
440193864
409197311
618899879
291712742
272064767
12233438
148809352
14103731
895236136
248079106
95991406
445937049
173093087
545131125
727063925
301130713
779218496
496002644
605024602
49995150
135447519
125896994
9968986
287365915
941522318
254194245
996874035
931971466
382146760
898088002
579118802
635037243
625438036
332187290
126051137
363039194
53352946
119130000
517322995
809002477
151295540
404423133
532747672
993921277
245527706
771354094
678766574
195365065
865964948
805725116
880494581
378729038
620854584
296071297
305601956
767055429
922578810
308445386
689775778
139726194
498660246
552310917
908509658
916949362
481813200
287111014
330541140
432412693
88193386
785387822
718550014
820194570
73680766
586872512
781293556
434650262
752678149
765097702
453472272
624768568
779913512
787497351
166733742
584765652
375132472
484024291
846732975
90436216
645678531
176827604
579648320
956371353
564930968
474859834
898496500
324407635
402018522
199305945
214190349
845625747
59136903
322961101
397470313
377475776
248111915
244864617
928479815
254767376
519504796
65812586
475205456
326092896
417286090
805106839
42505414
455899035
271742611
109701342
233198053
312154296
673181013
55569780
434951502
299065665
658825704
26081561
668323247
860150426
519167486
182854499
407123848
128642817
517478991
620356162
376227366
810650725
516091268
23909981
488276827
392064428
309367152
971288338
259033596
554596795
31944531
358487430
593515586
567041459
595752599
172069903
495318939
69533624
682809111
781647590
430747595
12760032
474771529
330030294
20075487
521901107
594182851
367253022
965060200
597589013
696068127
338238882
337776749
563440373
372641519
89531707
638547428
302912560
512574802
913583882
805885908
3444494
796056828
970974382
643529120
303413062
661079233
132261593
445615715
518114152
165961741
521767138
328303818
720005297
760624574
636856340
637329959
368896933
186538550
905376640
703523887
648738164
809674244
683071038
956789657
287957824
309215556
642166440
295638256
213086821
677563169
959363155
878517004
702070386
214395051
934299925
588340596
60111074
896792109
553097670
425375898
847153522
571956439
142927601
352119451
629181783
717184959
509371466
233693289
588165570
844915458
779941465
906978119
658636169
895258741
662149026
757825819
296087211
534945249
955542824
805113526
152312442
549570648
872535950
204997451
683457368
971583807
730897246
782987589
308105828
427593657
607346730
846398032
691711920
180021718
307506889
953330315
987760127
330963366
128770409
81498156
354239738
310290484
591250747
700708748
918538503
342045767
535556125
96085663
870060451
215679194
144416341
339164541
59068587
8991211
562120303
872530340
87691603
336287367
68380261
911843385
96326943
360845646
159477496
694871182
71594000
912717360
638386774
503554205
291541686
856921851
138871762
198136606
793899350
912958564
789856851
943478430
504752434
318911861
116973435
689458920
1045727
314301899
550933060
853221600
543826208
588259554
776907182
616037602
83361921
784061652
958040283
954788684
352751362
934440448
648987814
990781722
776707547
171517193
35698490
32567333
865004042
49955954
553026690
710708692
866017660
418971296
483367187
73346210
918519145
819879915
63944903
378274636
784076749
79343959
425785445
661669854
684716868
168941493
631155067
104569596
202948737
920754988
257689829
462678103
150219112
511448212
283751630
540443465
440547244
694006492
267525788
249823441
546916738
625302793
446778174
346232836
914166517
627593130
869990959
907756423
307602572
241413726
21817587
510894006
420942816
495474934
425132658
622578864
104016814
230532585
561894395
786099918
811202504
389263567
51893269
781408783
18545320
555048805
138967759
716920680
586450584
200830265
33151690
725575825
857694820
372726526
94311600
95274629
667772947
964837344
527766178
56330841
625001302
661723411
628658429
710135794
298141779
626745472
218229906
144380298
160773446
141337406
568187142
938903464
282148529
983016389
718260350
327529755
274199923
975546179
737967447
195626270
586078872
552158673
689152734
664113738
297111292
581763013
593508986
416293533
525703779
931381386
410474589
375065961
651900760
101312160
231378857
845642948
103480091
703994731
564962705
99243857
787520718
710713795
960855595
466128494
374181071
376916614
627961096
408264667
898581921
607064495
384049347
288319653
945648322
936106268
465704880
877968117
880444715
25426723
958304932
464756529
857667618
254115810
931188735
47838492
97783628
400088637
964130896
700397756
693571662
603844533
420652863
197503425
581521378
158724734
220695733
121358478
426483124
247774556
38312748
463604266
895408617
469277768
486111361
155089725
297159874
986656473
830421559
840368356
531407182
962992841
693885062
128653300
166656394
883553550
535376575
627979040
379981464
755432237
80473683
226156317
800899583
647225178
488870947
338325020
610440262
550682977
146890658
24856336
837306366
166049344
575908957
940472365
312497931
407331463
596084938
840611053
763679892
966903095
631840384
627877961
953535255
45598090
687523239
214692749
245860714
766956915
800536334
862248671
751720470
730801989
79655541
540582302
433561561
940814525
640685660
897481747
775773619
550750093
92924017
963899012
876506485
832833269
536413632
431688382
626750626
662780968
919672277
172181592
161594665
956894003
656587855
12774692
664703420
309124524
282505777
907751186
135237565
975142108
731505998
140440035
807090128
506730718
850326915
747274122
399169572
2303385
603675005
478535795
676446377
564720332
962688655
788964432
577285248
500772486
110520831
682377028
560443552
381515475
300516351
896916849
930875591
948213109
812210699
417514794
952051052
38575553
521943267
596660140
954053044
195313861
612400806
191965387
983101787
325124663
762481263
906004101
39036478
614957249
986388446
684447046
271554475
384026899
990820943
230830583
26470461
512805275
356964138
317229105
34784877
909643722
514475022
595812112
400367807
92201070
403422967
937759295
663452049
516259384
6928141
525125101
484811701
567015312
227533386
830480320
190168441
345658566
816099949
421889713
609951832
105520162
84606209
129169681
711232883
816419693
343374281
982305811
915623300
528972161
121697453
746215944
221520854
6996794
902749539
262722026
237970568
307808043
314951880
617051376
384779098
177816
491187278
60882997
74176028
858859815
307756699
162411719
653330608
584262343
325668788
15703506
997556693
802733355
495537231
519779114
704655193
720885199
421146874
781075494
282173530
298716954
983943160
740575990
630662929
343315077
424908750
590386745
954845755
440980155
971871217
366563233
891302377
122018818
901509740
57926815
612670991
593483031
669248968
78666412
888602933
188565904
533540554
837504497
877276084
406175584
260983577
477227927
758333950
138519812
454203664
210038953
903085875
347566418
383815415
883191747
329402579
52621093
971380033
865083791
30079894
667471449
956877188
911450591
9798516
408741618
658175100
560084114
165520717
642583979
871695327
243874492
765026489
82854101
89654652
173771135
613950128
840084597
9344428
318709464
266537687
780015723
50970022
241052183
963049570
814290933
752504804
331195467
1142231
689541237
322514404
384945931
510697069
930598923
682798653
184057202
29834957
171246112
237477064
243285854
79246798
660690485
353007163
120485777
232754678
348331697
487578320
281711058
442297335
594736907
804680864
368181472
408871209
224825659
260491224
2982836
471154710
68795227
996963593
881194062
928290483
320424005
439786773
52238059
578644449
367116253
329589597
588896591
479360869
11260067
678365155
484715239
566074567
454409930
549720004
891649871
738015825
445025293
290706532
919114669
432400530
998101546
437669545
618240533
74468395
905878953
226074973
271914962
432776070
254465347
655613209
231976496
377853393
913787538
768311796
928668427
230981558
904217146
833548883
809889159
47825439
458026709
523631204
866981144
463628596
30469044
256654511
879077974
205971172
155073970
476440666
470764391
415133808
856469495
380393511
389029162
712806773
316692582
417737584
474673444
112897700
858830292
12390047
176180074
785471115
752955424
456772948
9172781
962781299
870576861
987760515
882784239
748549565
705727400
230367993
625696906
906685039
483431463
938880508
288695525
170405317
713156644
671515022
823510269
25713398
237962385
146515935
825888210
471838967
448952123
869864378
390712781
687880500
263644613
502307523
256057746
988356590
209281021
606675546
51298248
228396719
16146443
465498220
721551625
448974962
795201348
741212774
865327564
226376410
201112434
155589107
814250260
752004482
992120991
519811487
706517808
903784154
336541343
256780622
771630909
439030266
460261463
325236320
205734807
113187682
40927067
62703719
512467100
157486503
944886279
186273885
953558815
887023842
239570056
772800942
308978741
942557889
952842743
965999973
336486381
918150418
238197491
549199246
427853176
920436733
230572936
276585904
873660652
11978964
648719069
402554116
569311208
719828093
335072924
273374148
582612585
311605548
14034799
624564024
313445740
36921575
642975573
606390072
996291607
967469812
392900188
512245066
527792824
311369622
860595103
246619298
409217569
809124590
368567304
914617862
918270536
390715307
123282283
89302306
318717576
56233249
866750699
432226214
340961263
871147415
705020501
307911812
588646945
290632598
245713952
294952133
136826792
435170141
836126341
623469332
562868669
918591778
38896762
209779891
53231912
252363538
526085050
334287062
626690237
21837381
894626287
122695053
532178780
662045408
794026560
74047302
853985631
792724756
627021580
93193097
497999561
53702133
926170144
712067450
837763811
935922396
886082865
408183251
888430282
232641194
417947797
260860538
273475170
438100365
112460356
105007296
969738688
735163802
667264052
690519189
874465694
514576442
677554542
599232622
458886235
768025485
380305054
148887366
713031840
247078819
750009555
540999593
832282414
882129460
84344915
791927408
469441382
341609317
645339995
50254247
22402800
491021153
275362875
91463464
773886528
177687747
982775328
591966008
733422897
860352419
732183190
686883004
689544639
798807733
364237671
271127424
60167547
512301967
500989527
614745414
754242974
602594753
241574900
972134528
224324874
140835776
86933318
144119050
301139963
187226577
647056698
139146822
464117270
506946059
751234775
220366268
612565593
763751527
983875284
111982016
800511594
519670586
148161444
223853731
949164183
973212440
149084015
513112000
566567929
687441206
603126453
29008937
246135302
748136608
848142232
615889373
767592446
854963579
131917581
573358852
988145277
449611066
848430877
570784321
562284278
229738380
293081233
429877824
750721577
359928908
324614715
364713526
36625593
739674271
316392021
146240924
501202025
873559613
745737515
930390567
81784282
198146157
229508226
489406976
48328824
552071738
26798118
377012169
876299009
661148360
864150828
626885753
400765333
424350766
556024038
570596494
618782990
267079633
818283456
185958858
909805149
798419252
946026761
407911821
40835164
875615396
812094002
205935516
945646316
933733349
315403205
887044198
312179110
920541589
746627325
402303618
964965654
744348639
87527649
940159440
690106860
176672427
796944774
177555146
121868620
50839858
397619348
332284073
425288798
313913749
557506796
357032534
299534744
137186870
333641743
814049980
336044850
202558617
841303980
219563621
924359
59699946
349329268
58016138
316641173
907303697
545815456
824889321
612374806
17848412
811424081
875485140
778577184
461649483
896077610
671828531
474588644
35370164
45965891
827506746
129289457
491394064
419290181
505078639
83769799
993482231
164630382
732622648
125286579
780979063
655201846
407905410
969238374
44486062
315835350
566692419
635041275
926048166
743351623
307804825
125072920
784026214
656071873
497652157
214709268
82519609
465001247
62412402
960594139
988921560
602246681
629024499
376152226
550240436
688367777
649006290
125836687
586236327
906048383
711309698
352308245
384232731
411722562
924586304
680366642
877472580
940229276
779965439
310267097
345064176
647564830
35451653
718234857
4071812
483408413
534830690
975203490
435609046
946205641
515550906
941294697
812658012
486960402
718467043
74695537
214861946
925330462
405185110
581647462
167353210
808691257
459282548
662423053
537259759
763345855
751178367
144842289
870435920
931913554
352216243
515605956
706534541
676358519
603373532
235041286
20449718
301466263
680505230
148628853
66985002
591336446
437777838
499055373
598091287
211851354
995649115
894801392
323585213
529545621
63280318
946266772
542599401
776616478
61110036
932680352
65079664
30937067
131468988
809018783
373456635
796737480
148535581
596737494
774260064
559303091
19128427
797827923
561557341
287683216
582041562
981760864
64092723
818614097
904516551
706778786
459833032
818590772
41282232
815546105
466007973
425691732
318774613
270623627
736938012
142775693
307690795
714879695
872458173
505452656
813146238
949522435
820958074
770912585
662599493
362090806
993510181
466824193
606253445
519300168
990508290
889487611
149054807
669746784
912211143
787872121
107452555
569286734
734578723
42581842
599444921
758853391
530020117
766120040
938060486
670495621
119866110
634188665
904495618
924076857
266498394
150725131
253178264
524138036
644930869
651958217
357433959
897439835
830850165
73598103
78798337
245273780
722456964
768225028
431152165
797028079
8676414
810228632
239271601
607519537
288758849
82682883
537353639
950844331
201910137
829605067
152930178
644142413
706022538
810319995
16889823
555544058
309859921
861324582
499242669
860289934
274545330
108504872
107063422
111866585
849360566
914095539
235023542
512379687
903014808
307298457
70572654
620779954
573197447
591327328
487637762
215697832
847931095
573706797
290398649
532551632
436674255
426544181
966639336
55890509
235446587
72371341
526619434
643085188
957832527
258565229
567141416
529397605
78060554
38542318
746514151
445629118
803483208
360179705
217751221
275054920
514101434
959287323
720177857
121525636
824893059
402601716
221987776
811809118
21269503
127665611
438303552
752248273
670783797
394739114
804810805
502434052
982697290
507582242
12598732
975427283
570049715
928845669
540928775
15916925
855957755
435054257
139096783
911757065
328798561
190015091
613433541
442727416
896763258
448963522
289007276
3822141
203662948
890217208
639925176
718353946
238734302
958977092
442084839
795623828
985577680
178990628
109209295
96418657
827572870
3145736
600995366
157788310
538904068
914239962
347155357
680005660
273167917
656341967
327005990
724466155
652117099
726139295
874664480
185431836
794542501
34424166
155628644
472409414
552649417
974150365
148662044
166321584
441916509
831997988
603722181
834483655
806049954
100625040
359279816
930734445
11493402
681027257
173119770
112029020
204738044
790150635
770529189
917868178
385953115
530984076
679384042
541082676
713465410
219932592
61621802
577386785
81525504
386659434
853785436
933335440
663452601
401975793
646584111
777301335
444884183
277384864
762487062
695566483
296379481
582825902
531785437
345834296
435826441
995290221
260446823
194594233
819281070
236125266
5571006
904626890
328796362
689987259
34364227
639865921
596735253
243419698
610055169
677219205
85826760
586369957
956733223
958062172
616042740
107159813
321444263
995750137
47144673
571349551
675879185
380394521
898006742
941454100
314704995
183149142
32297811
302540262
742242924
10165276
500235393
261929355
603610731
91872681
502919610
119424374
519907599
723675884
96956721
109198951
77560897
509896965
420515264
557659523
934338449
162338947
823566264
782431941
669952580
747586562
678259952
569532098
650483572
379289821
547004390
709620737
121285661
880763927
138805702
800271392
238299265
787978582
419475979
827597330
150260776
190640606
45236342
749110840
215573537
416427652
875206444
298887241
704454329
305237271
861253240
377463596
104803876
776089127
638330216
842010542
264894411
37815805
147934559
446360202
412611235
949504731
413171594
24193344
665690901
176632539
940571750
667437851
267809126
368481381
979176188
229158242
996062134
297043087
642572427
543854293
870053419
720327240
625204310
153398217
219539825
730059694
22909560
307750084
354451994
871810947
329606411
840161557
74222137
780039929
745337517
220784353
95992270
103712109
82729505
257532242
877435336
680838200
59058346
65165162
968672983
948829572
335387965
329274739
874731013
9746137
545358574
174619703
972322413
625053979
406675738
796586301
147641052
794335538
999155695
981003642
617855453
380782657
838431586
676675812
579783954
569643362
457165970
868095200
962424943
688285695
26785868
617366707
15936236
562828434
225407377
579819188
528333544
641628553
599210219
265005007
673746283
598405093
867718264
673301078
936141946
842094756
859628219
312185846
991838345
326861802
557323575
822687484
239240928
426002638
724672475
307831742
47741672
322850612
834110820
46598115
126929153
935575630
675250531
498381528
782408887
772332647
334903887
803171313
524957907
892822637
593078978
272592113
201162561
145090551
505912613
213478489
451330318
202936294
663571676
375174898
652259679
753509959
719923230
696255200
712697563
897251120
349110109
927696478
74408754
157954170
591126836
799528277
748983676
797427228
953124657
240430679
966694133
974894550
737656250
464509303
773862673
434873937
584932503
425464694
642468031
138566841
254344912
44997433
759163054
612379092
594596090
448967962
604119502
163788622
626340527
196427732
481451777
502121642
576271731
719866465
731924734
254332875
365020117
164242712
43985003
973916660
694339467
949632192
54250084
530961941
979193297
668801470
213682028
869906278
575199649
316372383
197789100
675634366
301042390
327724619
562320960
382539401
525724918
141353972
378059331
534362806
297050821
22929652
410689653
797241361
502549091
174893781
925972233
597392884
807022382
581326367
47604961
554016905
513652903
771258406
297390582
597136861
715997044
403413627
190124637
18783668
611142543
147011948
245244887
65252920
606770027
774085856
977319861
326300835
450472983
797329776
962953809
549382537
943225144
703298475
162934073
153182030
582616727
150396634
39555296
584792886
69699335
116103689
172351842
838800218
398782461
752707724
534219384
657324119
384757160
365841892
729012515
292005668
654185863
452118032
278279647
85206286
625891449
925754156
30621680
681765633
662801649
712418571
128862559
315066450
407084332
333264905
63440393
657337864
132454508
735446677
163700065
742388147
511697423
210459151
21469927
897381058
438022233
789885828
905563184
971475633
727835272
551350149
130595396
114892829
902027749
933711914
480454639
954608064
157207455
626216092
956009857
514189939
473750866
221716487
823814642
386074037
993290590
875560658
145966929
885259380
821221358
900897512
933007
748106592
865735083
915564719
439138540
227063657
596877057
121755794
869670731
466888590
152480036
85033818
669772147
429125774
972126278
45219180
605664654
229263775
687099524
942186410
945445473
354202942
289678221
47507517
28397902
615098816
217221092
284169764
220792474
164384492
518048902
251993108
730568259
932551884
992742192
21923213
148278169
844276505
731598284
658782356
202227968
749535863
842358342
883393879
150062677
23821313
280506697
345374896
527952705
629279779
656929692
554086606
124026725
169126685
810405310
206863278
584214261
927251130
487240800
838761260
886345583
173530350
888653789
583041746
615249995
185411814
725754119
392615544
37841132
699599208
937145670
358228116
54123284
158996637
743244744
134128120
28016440
632769786
39474440
870473841
728700492
444853498
412300702
852765582
129675049
551328812
803076795
457213976
309752438
765624172
461837800
321231631
633066695
850557197
590451086
588306288
811551022
377546852
403206105
911366134
973644603
5274737
403405016
673182933
944896935
707176004
82831960
559935395
893460749
773144812
481079310
571736466
99741482
953480336
4123660
646103653
672303154
814183030
253144541
92816290
371322371
335346408
91981015
801707617
618776700
972479624
496277111
298133418
509885190
33981105
261034016
157351819
194514568
981740069
705452279
643220776
978552149
572380375
149995381
472831803
598105340
612858888
362498532
523332085
387776269
973326231
918527495
297516356
862135465
306234972
200769002
695462263
321747702
531571196
165678732
671753739
367453285
44109532
458571058
242156628
465068759
889181032
656838856
733008409
347945640
889200455
934248992
897638411
637853566
458052146
73108215
16802064
762995924
102057266
625356648
29468087
720845998
450734362
623713055
49715736
327996204
638856730
866868379
25376507
214517075
77437110
886851638
583650312
711182918
725946762
803430500
167543771
80698701
999253347
631422471
746632421
540574412
544854018
105409673
461863634
591990512
121064902
395821817
121504258
361354409
59337622
904685833
18563242
5702767
825624174
534144071
450219177
47969041
710688482
167710312
535530785
673381081
827200368
63940401
210711125
137439925
361437594
754822661
537110748
337568680
603564012
449070869
460895230
889813855
975765684
654422171
460096251
605661535
467762159
397696480
800729586
854329802
110230676
196333890
446149875
322624677
262029321
127788541
539712420
278251114
959121273
654720580
877859736
343888000
93938964
752599042
572172081
230579357
673354609
561045899
900641338
724734308
811554411
611573213
565460522
454372897
590515752
222224324
558933844
556040876
911003265
811941005
509773182
57299607
809283635
116390582
73804043
761993325
669899157
659711533
815167625
313972925
478777923
345682385
327824994
554474534
98665985
901625710
572687571
521060819
482315133
493853545
327312187
856353374
585461061
119004970
418418770
852520190
458553566
149658641
17346504
378054341
221952610
973259667
797851053
849963579
700750260
455406662
776281911
738677157
661455897
9951260
199080280
874745997
550197212
30916035
384844241
746405522
135343398
590101932
475101717
155341716
479350386
744013221
493335261
840329242
63696032
59764324
466016088
232542653
891322196
971735699
404622257
407626190
718295407
838042054
867133209
480403348
619447126
227932271
824793180
216247880
890276534
383824324
743634689
554979553
544395185
352579225
517395932
599711915
25557854
886183674
324679186
470294768
683316253
2170240
318530183
82361994
956215980
859814063
563201674
427194511
142711071
982482539
314841132
113019308
215520599
171799750
748625544
173691501
228782443
58070138
996220917
30689213
587856696
899431622
77654352
586063586
21691665
367805079
818310638
615574119
661051909
161350726
25308957
750148277
305450149
399714301
239579960
587734524
512168652
755104760
136309475
448019135
539961792
620041032
420042448
473899421
405512109
297099674
160690674
747345596
136643501
924391005
972035740
860117700
961747580
174102270
833799208
690818372
120388476
184617188
771948865
622565929
479319225
259875280
843022079
82041681
414401266
398910780
618934578
163466460
970764963
393259688
86582960
93268746
192067124
897348247
425284639
728159554
484366668
616255346
767985841
681656721
875463940
491579463
803077049
474488961
252645392
433409575
851774460
819866830
505800551
494695995
546456499
195026966
889566248
260039990
966396415
339840322
211369442
31980879
699324200
831299439
440795988
473901783
881210080
665905226
185054828
834312238
129729453
732179664
622361360
182135861
478064968
928175238
67559354
833385328
159094482
143311921
747084670
298121604
797025253
542646771
750412418
434537651
674733845
932861053
670282531
843665064
717205104
166052549
658561859
161319472
791723972
486347595
327269251
349301045
675212203
683458276
666285550
846672745
857466227
55324706
909197651
319055617
595029018
351550259
910889814
386836035
232200489
745000882
828470346
390350736
112684760
770558815
476353069
865409227
873825149
100062725
939244701
520930250
808052643
975197134
423652006
523598499
960415845
413373729
235879296
701028355
975885157
232785350
764562878
818601366
341242611
151623180
873402891
614396484
648480902
529253679
995268526
280408225
11412743
154423838
693117380
311086744
869234260
403936444
461152749
785776724
139723735
577239915
415820328
418315585
157902750
380278185
260256913
90039993
18437635
587469909
126567710
965157900
246349975
455113821
37075039
364923363
7916621
630452617
902873566
629806384
877042813
690686462
980229633
889090093
710280032
531412757
973179400
169303489
398653771
64624864
361716676
188397339
456788349
184240663
447377258
927371442
150035712
806474890
147932361
736784001
594949173
24351841
723525616
602838919
623100959
566793413
479942528
719469720
678522801
725765138
519557355
607062433
719541066
415801549
651609007
807485803
524984115
380675289
281119400
359988435
207931539
425029916
552912635
477756575
2014688
162427300
663574269
603047854
17584071
915490566
704321902
943663006
523100679
599950100
639979454
910181942
559897920
486002539
150151259
262271344
297270889
332323320
63227297
835867959
668667375
308109892
19652347
514978004
106985159
750604744
104766526
298921972
304021333
866052276
778068671
215323838
114872533
218221096
113030823
272705228
367605903
75395113
166638825
986817250
804665428
805770514
987218307
190141282
63861460
233199103
410958360
580764844
919504383
152151842
198495526
938107701
172028125
329618613
917766663
422598749
481872259
659195935
757320447
943309924
310213113
452299630
106654249
482473385
379384610
550325049
443337480
288421291
891865523
925664703
18766644
317573173
614889772
896301512
835976662
710916267
954843933
572913510
838623660
685143745
360183110
306431
972162800
9927301
425910256
510372648
852589230
184499497
739666957
862456818
24284795
856160889
192016880
634616174
874098419
246832555
402948584
731931958
572230258
897804407
34104398
538546751
527297316
512645833
485275505
649749492
583875954
118203328
424087039
434262931
904574922
369220081
812338051
823293673
795521010
306792020
154323867
178360230
307684777
129406781
383331390
399354942
817397859
976882979
421777082
170469704
115080534
191680767
555707519
770192713
450233362
497056118
600145872
592160508
246497735
640929596
595295566
661248104
171068985
473712832
23082115
738722223
848318216
793125798
967725721
969552475
766104596
864242598
288667183
516237306
154187067
426466046
370708189
999870733
386247417
41558910
87377521
709042858
728784591
702315406
383994134
565053791
17550798
410783419
148963486
258628120
372203708
104482120
229042881
345345437
194137879
341333167
250843678
587800203
748739797
975200875
304755055
740898422
16385236
669679452
94353197
59120738
633017088
315124659
329507635
457559700
585779838
269967946
754961063
809683942
340170149
405142958
765720386
816141058
724848868
359609827
865239357
331579729
409738425
903939043
577555313
695532282
756738397
974159555
359841732
441853028
724788826
53398101
594813783
947324624
619475750
519486770
414826414
671535318
880703111
747696079
390639337
113404772
571705961
362267976
531824060
652867886
294011611
804104446
91155001
493879320
909090704
94081928
513129814
286294235
859387381
226677927
365173092
204941207
650773250
723851921
616541530
526882463
12147463
170100606
334561217
696126213
994767835
484343616
96203024
103215056
751960400
659671054
927437361
136605557
746506894
337623481
266048682
868408821
751927588
276956152
663734979
941620256
341239455
943830569
393660123
505178646
828316734
895445701
321554690
628283779
977643203
331479797
869901187
358291139
740137948
745276275
469189422
617256317
559589475
511746133
634253435
459339429
323112769
453854727
78162473
861758549
768318494
548237143
80544596
217632137
53213448
620076862
793342301
941994192
693342082
401684246
65679882
382495395
428140785
214327846
191316787
792515476
162921346
435757180
113415952
380796028
57623058
380410462
516145126
303981978
267554309
324517066
970774354
912826185
281620360
511857661
693091665
612122283
777308945
363604468
101571922
896059356
276897418
369146097
527827791
458790724
161003316
88462622
162220717
732847604
710060494
150989126
241374940
288373959
713488346
557835603
296699321
325886913
95073178
519911188
854176721
692705883
32064896
766258375
306951654
215478447
209550508
442961974
515154779
207672760
511833253
925871195
64652639
697491347
87870290
743598607
655397870
114379166
280733966
52045348
758280358
392254124
202030400
856226919
664377651
963369728
760525508
746445372
817403057
625446270
924403382
256765329
783712078
486660437
101381792
794100773
847842026
284694954
209016167
2372590
132860816
246787800
271892137
336706677
887688103
549828138
379136378
441717599
997901468
526559425
503617934
899113863
714063534
752440640
621867939
58743004
672370101
309112219
800215865
897728469
640455630
712534549
126262201
775541508
515623945
738166818
299572465
415382635
752052411
227852260
212342445
380057127
417106367
695880276
423078485
321572675
900768913
765106992
9194103
834418109
386913344
416602508
664608215
149317791
738398876
301852643
877912070
138989170
912148864
19050531
252063314
430899896
877589404
772174948
501551013
511147648
353799441
15687079
641945082
852051081
255912548
37249761
296106425
815472287
516290607
345370730
757166810
965966936
817044301
983124523
599913316
473997860
896592505
955905034
910850369
777633240
384662311
510325819
852319985
954563363
721674843
483338677
983237508
791164849
741021751
741585922
245738323
329615832
909326742
324330422
659229304
788385383
61009613
643373300
805441698
951829732
964046336
659761047
502362812
227738259
520699843
734534584
104173655
29424334
750707513
698205891
439216174
900538977
52587696
513307048
760654325
345228663
268964577
152212607
192199032
462668588
959496687
146276516
54658177
125527050
866930685
761331715
35898733
428630248
303066468
592106172
919731866
805444468
908925338
504331641
722841240
191240725
540049879
355409570
321815189
764396689
285138840
276099516
431410997
928234419
433371541
229437991
375662787
374104831
761746971
998872634
58471294
909784100
683707589
300607426
515976055
713385968
959678581
703582625
937014343
653120525
575463993
192723187
962977490
747946757
914988359
888316832
366168096
99984835
890372781
751336772
431118733
584565549
998096867
903433117
444603388
847526884
88800996
610256612
102085654
926288006
715507422
582006071
280767316
396172836
211592513
767420245
158753954
418547511
701941555
35386226
680179305
108774034
951033848
353152258
17749174
250171441
593204112
72887985
89849716
762912101
564393693
177007341
829075278
890071550
208640866
99453984
412552811
550472522
653354
61345745
834154917
913731714
461144623
257080163
162958941
829435436
157339722
562986591
130859193
492778306
317080898
771595787
810190171
897763788
415798460
123878295
313955887
297351101
793246363
636494377
366870608
761577691
465340456
917102377
686440949
113856696
678579079
249408437
533483567
541930427
903471893
674231207
157678411
757633813
496671511
313998569
25333744
327080403
429453434
903490492
219478177
961598823
950624290
513066911
273627466
418929645
95406529
23910492
42382232
48298022
205691791
98943294
228669563
288712429
363720840
789983483
380790297
949829192
829558267
658976503
325763615
505628268
4863917
12543194
138580568
162384192
986071078
903492173
581207910
432062572
410136642
910450439
618377762
660416303
679238811
114326509
941936375
46868071
146656032
825365001
147867861
802167116
832531673
622971706
513360239
31460096
178386460
331800433
596722082
479068722
512620334
940257501
514574036
21090601
718573421
115885997
81600041
652797135
505058637
242528497
244707626
53434329
203711092
408112575
697938970
668117033
266322358
940267516
598870986
712615585
631999454
996633748
310948004
812118253
461180199
915079954
678436296
397503694
897996371
876388675
756098235
958679857
912388360
321568681
237033208
845590618
664894036
887140320
480862021
9813782
712959021
769927219
397730810
186826858
227687924
105365495
331083292
127266933
589240682
116186024
733978841
67819216
758607614
402777257
381791996
68743282
849163659
859927751
378988951
299895520
876486484
298504369
529362169
508664847
547066178
272014834
746584381
100297427
479639745
225925219
891081800
863142208
523841574
620116353
260144102
844951965
74676247
761974211
562909666
262322917
627162900
827166179
719452569
59270161
943035411
540897892
574363660
738419097
349797144
783082256
615245354
683305230
930407541
745981794
588450146
260910107
364450043
932637530
49751718
700363870
785099660
714068356
120043486
228437600
72809765
383693827
124408797
894538603
135228133
382310134
66431819
626445576
677937184
885159952
414215204
515934370
647444008
822172468
168157176
235538245
830975003
26272167
624339300
813697050
203914026
194432746
271625182
559023495
310583239
967484317
707531555
199728714
80577617
613012442
232386997
611820000
579189212
880020609
689454809
753251229
399990680
815891033
622317608
366413000
152919592
99189901
60624047
821320590
256789977
968922449
728596268
633089752
566980359
434869021
825443730
587260600
48639348
386161397
5702453
833644143
971718673
685672999
753456682
284904903
582546864
95353489
556170545
199945766
797955145
190711073
967459958
712783286
534900716
261817435
897760864
695272283
623158192
394903279
527064833
611093043
289691930
592372972
984929216
798162127
912967761
230997549
387914881
132084112
50663344
158831253
343418318
519651321
872654292
524149289
45348502
102603906
530549276
386969719
726302521
431192460
683643316
597158471
284395677
35424427
874016028
291275037
928889968
791358093
64190583
92389766
138475094
806367958
88964446
532217824
295765083
600646859
27878176
808246014
565368659
793658874
96863709
238977050
545463370
318824102
14112103
63835240
205336241
889018451
479867355
859666462
298327382
281967607
49577071
322880495
874091584
943312658
100272509
702457572
947863968
577287251
163856867
883562635
3495490
111634835
745272754
830177277
78508831
709217835
329316018
387770579
655806131
773291683
685570066
101667413
405020090
692778999
800430791
231536520
574303500
669159738
524747924
917939437
826995285
643064738
694260782
743181638
701722855
777178907
202537924
324309628
730816313
944530480
849902575
589029589
162725384
116262854
477462170
886662704
312242612
117226019
445674817
529681704
731559790
680182769
128157218
145835645
100816679
482690971
15241016
807674291
17547603
522319616
449869764
961874631
221817307
903305274
722858694
378528477
279152485
822897584
717826062
239586956
51701222
247854867
312190049
234120065
284476035
463374909
179235036
581128804
99558719
467900208
774019514
391394025
144594854
18345285
724852439
233642898
20454720
499012905
698497914
649445952
834803039
774366794
810139771
747513468
930631040
980244194
915304544
602247090
911732712
165034451
283566487
209746496
841280374
450759373
965196785
537988209
816138062
194804522
48313255
130108757
796225370
922051836
131468717
418830930
180328618
699327415
84667276
186908414
50075709
533598220
920377855
755909480
703568208
182331149
774999004
383921975
64137789
332933516
748956969
441638592
683954006
205776707
296957890
206980217
822981603
230559134
794177222
591331350
661484315
459172707
386803691
119265822
704853484
16634950
750078083
790227933
182215668
385708727
858960002
895646192
779159038
487872354
577503376
907417605
863672280
84031816
988999438
337921617
283371905
485386301
86047822
172605190
937180266
348781920
987123397
775667773
233930306
384230353
175493498
141475062
949043251
68090299
567522263
511849445
175699861
87175259
713972681
533112984
365132727
85634324
827370481
792664880
50025409
27651263
966270076
409061502
592742987
278516341
141928036
502403381
306876625
295944815
939351329
286906292
967935117
233879525
123263740
139337791
660142774
288564344
706231520
41174733
58374435
212350923
200847861
742841333
810791899
653293901
236379622
825181940
763199340
231363289
776480395
338073989
21328151
784297647
559932562
105224948
11680710
423389982
444226996
455668459
229427891
944634329
136551326
380976168
937353034
386866245
501564763
130003563
490964228
467095624
912104886
94774237
48086207
306402403
751752331
739973111
686782380
345837203
681315996
753533884
162565992
512988243
833168737
424137584
104577133
970917460
998406284
902226556
581827590
513879485
354055973
643918744
178794068
165496291
730515613
180059747
641095875
136631400
814997004
562904799
227221208
777770294
727581426
225715457
694624907
232662129
919766247
895700080
215766681
724089638
57238944
310580440
746040375
835420557
845937367
476806895
803485197
647762373
325417085
192750100
829271017
24018925
448542378
902195886
703572319
285602113
55535258
496790117
453197987
875351367
30662941
329770646
915204667
21564594
800231843
38511831
522280794
973695377
367281939
924326995
950829594
924095611
102788848
677507861
524888316
899313821
224534928
380966885
13335541
566589084
3475376
361952494
670726897
326404691
885456882
595040908
967901142
934571888
865342688
937938524
272511193
357168138
787505945
834757820
958282289
575148413
949479732
770833193
253088565
754016574
836360027
312988605
826572807
341150936
329033567
314430512
82935784
78570361
602823815
863114116
948806170
168518086
952919247
929849767
591657073
947912631
805621778
139726241
888101302
271101480
689579972
517613845
324071808
317717743
206263296
670581283
743373130
444098923
140223243
320911802
193750897
24456356
869238484
850362881
578270575
837324019
846855217
366018764
158714669
62690168
402273396
875004876
622296917
190958854
996527323
575201532
604825364
383815592
694378884
27632764
924179918
716139653
455139685
518498776
974473835
33579878
465642549
472721083
813816786
953396576
243787976
91881560
593079661
855615230
88493106
586935951
37524526
647435142
355113106
835626237
534528175
792355047
507268561
176126448
929993732
235950198
204905717
796154304
317297812
764227415
868375898
201311665
891883335
924190954
132146656
889742413
15929078
688048657
165927107
59437846
89448252
2231573
939830650
594235539
790719810
491825020
992711025
482386551
901349924
945538318
846648132
402803664
270969488
356504615
367633162
203996555
943556672
904751849
854662382
815947674
712196965
459635458
919691971
503353115
781477297
410344205
61712763
817804117
675793252
491792906
608569351
677107623
450440478
868363455
657056091
422486759
118346526
826265713
921136705
126235619
707842290
513806582
805842501
746551524
682961743
283264908
742225599
345293010
100338141
124258382
55198803
27545854
622901434
841693022
523106590
633300739
572179485
576581501
974424123
839405617
598425609
501754052
359641590
680986364
61248663
753324787
706670164
884362191
234348929
410210113
720678592
894146989
35281368
337232553
481646623
992001588
329252892
586125398
523403229
686097860
718075320
401687219
724913573
513046277
355616962
208937863
312675933
320633168
995301233
237788812
997067730
704335510
192793343
777845334
418383343
816137991
35370763
981963795
422788153
63831889
750906952
891837332
474282318
185302407
612000359
607559886
512124230
65153412
989421310
821758774
649386975
471974784
399548931
401311041
657719289
977156797
137260904
690092858
985555519
465178629
529106367
922815377
473832839
161482207
490120960
363800431
571874814
121686000
10496869
627098012
110466453
386406325
364789655
851368097
932222937
946913268
239413894
260462658
464161698
964403559
365853463
784329607
313278798
253590529
93220674
73576748
741397075
309113143
202699704
946931370
423417689
503373268
163896039
577842309
897676508
587019247
57735846
160357952
711761201
666319477
769600236
463237709
178738455
917731483
754704537
487767547
286918830
720942407
137820623
579771966
673250036
404486433
393504585
255654286
919143768
994127273
231052641
226202249
299588241
853840043
998258369
535702301
192365725
73705169
507622070
992551895
206564570
62035152
280591425
980115055
513063487
677200365
746292710
168410821
32152379
17461192
891025602
110118352
945036940
972840179
772789182
83673413
155639991
679749609
794931172
975980299
677837472
891037699
59177530
27244440
259691974
838048717
887849244
484985766
641401244
837790572
405297129
590854061
852881779
853368821
56609402
647748317
63490594
599724318
861849517
25841494
35422233
503067604
976731008
637035971
995639574
513712610
520467130
298901429
775376479
383108764
996107963
513725520
827395830
985214920
838051702
797980925
52495860
495398248
66583822
811348950
12111304
274064870
242580377
904255513
194611264
80417048
143881741
264068102
188205287
289446555
261794634
84421032
148361851
336758876
80982480
566227184
245421346
496210242
737364253
836128613
512214805
199285372
272865355
422701135
366959355
797183162
926347775
829638516
374101844
642889414
760650742
879497368
578553320
223070001
329170456
537985696
54466009
866321861
153223934
530446019
606854881
725517457
660658513
555677890
69474025
914528312
546822700
907065574
419431452
21575892
462411951
241444462
683900015
770591232
895958302
986314692
781862203
911721035
687263487
69143054
18260414
319842362
402808010
528404615
671862674
688578627
844272850
582391439
86628093
616974034
288394112
840474169
266707693
74883865
905792501
938243849
850750429
130780710
1315899
495159316
938311348
380403526
89299983
824677424
266679948
556173984
755573866
168497975
480533404
193711166
406804517
575085797
748875454
737169731
244934953
242475896
374097915
682511190
71761154
406848322
215095860
615445295
124929069
124458213
602976708
96284932
257588632
622482775
202762912
616993667
887649288
650850571
283073105
176914472
265308881
439316178
681795989
712042112
129661785
769659762
208121019
122621116
698774214
784407989
828690899
456348991
4178027
881653019
387280288
644863768
190085177
989895046
745450179
10011373
537710296
600830238
162569721
114859523
237145453
734211090
897492906
334535668
85720686
734277867
501384353
363390399
21258704
963802286
9039765
490010747
903450042
264522253
617953255
616888299
707301746
94990583
404078022
436183965
624301933
127346335
953366438
368681051
489767834
664557998
67660077
552842536
159690521
753338967
757354413
602856547
837755055
184451729
601360127
978444195
525276540
667960541
718519363
13887672
564060062
982095854
948956716
231099794
718224402
207393928
506439470
816409731
866277081
306978980
311690396
90365924
622588124
439940003
210355597
220990982
439630071
716226326
9691453
205320714
682627721
314563523
923810796
254501328
443116338
15309981
932896732
974140009
677423370
462765493
395851987
61526194
351887057
183537324
242931662
274209005
255980140
69045139
724893108
667619504
124147389
143937826
562113652
58061260
605064368
476993014
521823916
146426028
617921477
347866981
679883982
625272931
303289391
627108639
493009798
803393520
906161252
219021938
291495398
506962592
678841175
256548020
175289437
837669802
144050818
87643652
14169453
212246672
492699772
956046636
445671633
787100585
69777614
577840364
153946644
189451185
457955490
110016730
646071310
210072175
362335196
107422896
619359863
791652306
893266412
263008414
310157130
13520369
189925390
304350386
389897859
886596498
98457208
909164743
178901424
840247115
127325207
594082026
225281637
582399610
17569572
832523394
760028513
604895314
2450439
88101009
479483552
410288607
933236408
274688709
434219442
679179614
631123056
308491297
369158628
385779618
243957669
663033537
308032218
274070063
700510100
887150006
931694476
385912129
317152697
864410671
78917901
691856439
387770925
177459322
483956361
804510882
956903182
221039511
486431825
993768490
987231667
835802980
213641298
405742879
96340459
164757522
613501988
866437336
176422935
856974407
254522316
572945699
788034222
393984748
67803851
915323696
230970203
574138863
696896445
438476911
545917381
771924355
175476276
892252162
833504477
817508580
252852852
705698774
630502847
824633297
657215901
765173716
478137324
747309105
700777439
489946380
121381152
242286325
834376229
21137340
336095171
439349578
823784659
578371146
339667090
186815094
387186360
786417431
887362935
635876786
52467832
437725343
139198444
380950978
795040405
788857533
316664087
523709841
531616775
558430103
189623070
869485817
944746507
540337858
861135795
871221814
435079680
878595752
90457205
547648457
988741818
637690059
763061929
200660988
221348367
284722640
734979112
754358162
561981647
339500529
903857625
966864412
282727225
879152192
291213831
946258573
281311570
611975899
255764572
74171241
557619695
861153217
375964081
316013966
815110534
411162566
166247733
491447158
364709470
160517097
971222022
876851618
145170013
820117694
257542533
851415873
923567306
239141381
838239942
973487322
