535594416
750383277
914813503
939476374
335661185
502494965
672554481
102802007
289614273
65786572
450627902
293522080
815610521
713027315
849209419
661759420
509999101
124977052
163515482
51832813
564709364
97406815
901558125
949757188
106609072
19507165
398892484
476899712
950499037
83374781
672254895
536062398
127739465
924808940
140507378
7455334
924644046
905537557
877142396
377333295
931754687
931546778
768140277
755817459
780269846
426510322
294248563
835734245
440868171
621626184
565732244
603776486
773147304
190960280
188037187
260906548
264497451
522225175
789873641
395091922
197645067
117936217
799954700
761459347
701772743
720505686
335595560
629127040
762307172
324987745
333129439
788322118
456421271
233087615
810010928
469474564
777080715
549411578
428496081
776790152
40993119
716258546
431585299
844113491
13814881
737332989
148227337
966257149
790558203
43569049
336512162
922104010
68492510
526161727
281213407
790820200
604615880
536689350
461562696
324898796
354828769
945371434
298526417
288031291
280997231
507600967
779774223
401832368
330066047
281498239
584254121
178655336
180098647
684972265
233692159
348328754
308626376
890407622
925633681
426343943
724267482
94890184
848482417
671425925
611799191
751897053
227692144
281585157
259954127
484140139
227005905
190274414
467854468
479216062
51674308
875107851
266606523
950889346
37385553
498106670
29243417
774269299
751049596
578412314
376519616
582167305
641757904
9661980
522034352
675522807
581321786
370025837
62461794
392100884
232628126
834147216
19725291
375163466
853923914
694805622
302414979
301231520
479923195
552429620
955671548
765469211
64684485
924792461
625538226
702923583
950617815
206036208
379795554
750007290
867462998
490025882
822363322
555119207
567380081
714523979
420836356
425008345
56044256
94412346
486854984
90254792
234179193
578839864
787988373
758513102
928097209
334734298
660122989
524890062
802044063
478925553
523158643
648754893
685018328
345777297
316014628
151626810
218162038
638838916
433332384
647681964
593817617
247937589
909800369
294903070
733056424
309082096
813080606
107316625
603346542
947596041
900335900
343616569
372587603
934802238
5340579
51831939
455428422
778165804
629807240
715172194
66736039
486500628
580604872
441533541
354882124
486794347
567063644
781819078
16803903
495579479
825970905
226014515
540451328
711025694
224191400
122755471
693209595
770459731
50961602
100441284
764992233
822514379
665496237
469430335
508125891
276126808
651930107
439589146
951137468
816780860
119619795
863505545
147695211
73747154
54323820
508982853
332207358
14995617
434555469
116330031
407783382
308776867
936458833
646867123
805703563
232203119
634984914
712498857
249059863
964260150
53280606
279002966
19311443
737076557
708499717
509433907
179746839
145343280
362058842
900208020
895824298
147904349
405652118
295823739
53775775
383575947
735005158
551517065
825899775
934966123
96939395
69249246
634688846
128661498
58966978
349621865
390935444
845745233
999311667
298921202
139572880
844190838
149707661
719873147
940318526
84164392
58832753
605112203
642366739
349524753
787173753
39159075
592187591
252879761
677242294
855628359
373423383
652735275
693808121
684449369
926832719
327238898
492897537
575543189
537566227
831765316
70185633
178247886
170349071
326669366
270919465
640166898
111503158
247791304
23899426
790062799
91003412
20959610
486191689
493859284
734401038
236830985
540059095
404436798
697083694
912572281
148225048
326489118
469049636
738339178
230771209
220911162
537485839
141835502
549096894
440869564
433783189
799968566
922386602
822542257
980261424
523289299
54851339
156180867
315006885
715001026
97759301
408904718
717405137
627498382
622108975
28754339
250644751
282652427
847431274
456947468
944692205
563580819
871996934
629516175
190800922
234072413
835529921
95697398
970543820
536933446
272063536
710050158
310432370
65288534
836909249
278290871
536623050
282881169
25380195
299036164
825303121
964670843
586461107
759671464
355097779
228953330
579858298
801996945
688752920
216287143
671699021
551080105
369210401
308192540
501694568
811416873
118779124
770245727
792519801
133182223
290269352
65737929
546302259
394054223
270727022
641757661
900739072
167016893
461532657
463494870
732740357
1033267
859533507
230382797
595528051
612285923
389882499
413664214
954860654
307026596
657796085
248468836
556562287
390571955
135180591
602746805
230598429
66628873
201153912
209056729
119784819
824174128
549660847
809328830
746343568
531856682
13915779
69510216
703918468
80196491
114367155
63352302
246760726
36417369
102922513
940098826
536648979
912566323
397913158
976003132
768067423
34416087
740068719
797972575
268088774
91495370
237082560
364663112
360495339
191982008
746045610
409665202
152505919
564421538
228801055
460332107
229488867
