455079541
301361115
577186370
584668659
857866304
263485372
764691846
415454018
520375184
830467545
385306102
83961247
27445391
770664938
366505691
91492119
945362706
697531896
99291067
742145050
652147739
845825287
682032008
813002751
504151852
579292947
813869027
70358140
476051124
242719746
986214960
476606555
730063366
15802262
809868004
290136087
378690904
40351819
828690541
90997457
267687675
809677795
499098405
869557404
144216227
43967504
698825041
118165097
12223349
125250381
864510094
420187492
788515679
81148600
738138683
754061883
828712736
402107970
3168173
728254316
878753826
283952253
718369359
333899531
584331309
948170738
943355243
644627193
16716365
639243263
77680045
532334585
230658244
773534345
322010487
86730285
610637617
27855241
47788838
970166717
110242543
51895112
332079144
201373554
28460963
670703573
546197184
800382992
99296151
361037994
86718422
503951369
482595329
509479368
732839384
855423908
46299523
358252301
99991319
698846946
226623214
535774900
985814072
318630958
364323671
875337078
553409140
591856674
412704569
750248446
399872431
66245377
618506832
578960206
37147671
952368875
615430048
165147008
186140159
975236667
955825556
373108750
72937468
422126515
123623210
537917964
757935775
298469709
342212155
480256394
489593187
356586631
552321435
771781667
105958556
755406586
243715086
726580530
178134761
676260606
411164669
907226663
518631805
245293428
336942103
635908825
541507145
215647643
329661877
481892795
381543481
362239976
9632918
472053914
104779852
179420721
14272317
449966265
910450195
304600751
966445376
194055163
146203103
277529358
491691670
134465805
934441961
675967514
455690899
196349125
750234687
320794516
745372498
531392751
821933258
866830618
318155889
758698367
494084415
929270168
845445653
868074119
218080007
522254822
428196085
945091970
30223332
813957461
146753295
623056174
895100844
679100348
496532951
307748093
6468052
933617674
393936964
899814983
924401296
80705961
667616104
490909056
706233012
662800268
404457039
286906067
749144846
570201890
977251954
615736335
300932587
316167337
720129583
103535118
946938950
997568864
258518986
511554513
423065807
615669109
15393016
229962939
61866151
212852272
408417939
110819591
344795934
310566325
840020629
141634113
635213524
426592940
41123816
156015746
377175642
405105060
637390398
618766069
714013170
729543450
130197373
183249349
754219390
645003188
346044022
753165556
758534814
71437099
580347519
477410573
285735933
458424785
338337402
818865812
661010026
325568742
988579893
292218496
866941922
614731379
208664585
166006586
274830965
775409669
231580497
902017317
433061435
871293010
76287986
191036184
817430773
487617823
382686485
466250515
971807947
770793027
857425947
802708447
848132251
370368038
648570027
2177645
52006663
543500441
438853398
967412927
807142671
706440337
367500365
311219981
432581710
893521333
222084586
600161774
22232881
798049904
976662462
467715062
857914952
185210780
365620315
710067718
657349346
527201736
267385862
793674949
832799657
146688074
181479525
815288197
684657336
467370741
223833538
101648254
111000487
887532968
956116778
470195111
754903576
682861695
913081813
504582262
443404815
465100477
28231787
214684213
419917018
203108261
536402372
333188991
206325767
432059881
964023181
357169071
131958316
970871798
350707275
661270611
462817838
775932295
623349597
715331955
508258659
165875941
838193143
226175309
486481555
195351188
215314180
542960131
592047881
994549300
181346401
730534316
976141386
909811696
829127924
386690068
262579967
224009300
331299692
653572815
111796217
856291054
994771825
549344044
40289522
990770890
604648855
151957428
572485535
55533511
997880575
741265506
252446794
220943671
374687998
932904039
78709333
246574784
985650994
544523904
367553938
7604970
408983103
926433619
133354937
604448558
682022193
447938098
601897163
375248467
823819154
906883874
61241769
606818591
870752181
580986154
751372647
289039175
84099002
300894162
291133798
510010724
568762227
140397116
360265963
720832607
336314814
554235558
101074526
768924223
565720367
601965258
398507459
231754354
316533300
747890640
69976222
481265156
39987295
716795382
739119973
672209970
304714506
933306274
581613062
459126559
534417630
932825044
129824892
74467046
107276117
165025653
805420740
302965145
475415039
534308208
607094243
908837056
973672915
813060802
782966709
323122939
971263784
90051247
346182718
232641876
798376374
661191846
734540957
748099576
964400814
272748524
725881500
827600064
164072469
15080160
964157529
552910413
845882674
459456248
667341454
858798472
188541975
78600738
528200279
682789552
819922559
162060653
877425579
24920255
391634378
587367709
359626576
441073506
217364090
749601838
105131332
741237732
212017340
808614575
814748117
792492242
654641619
516843887
351279531
421994846
352771996
728098028
897470308
466064329
19985264
669224523
944155707
249559065
319801771
500006770
122271314
745778238
478628780
927821503
739951783
706629042
784623097
770965730
132005250
220381692
17864020
773019822
961249429
151400466
423633475
188740410
463912779
801346709
459335110
120706663
645535502
615968743
956589876
39110909
139168358
18665589
914532960
325015650
54039972
338720783
581328950
688404390
756337446
359402944
574651535
965997458
965976571
484446294
380518102
795533427
182215153
691498224
281502143
792149048
329383733
568463479
206772597
154661834
749900988
424780730
400902152
583503716
310297783
590363509
274864279
705871936
436165157
292736085
560895002
273203074
153125462
546180926
495362536
91575514
111677454
568178731
147699647
724470843
317762457
1132681
335652617
917519557
987422810
546739202
29530331
128067601
966034142
606446091
412374180
599515860
2622444
4249323
615767863
210252433
666431058
331917402
367256668
834268695
625444863
561495645
8406389
651207821
775217601
715071213
23227395
728124823
652063181
681895983
516802698
637607284
207432249
292602195
61312064
375324817
578119092
262818869
578983910
289909982
120745649
668706889
392441187
888094606
66844261
708900740
593670441
982175583
995403154
242101449
566823229
272868279
916531858
879599484
160727889
919702757
428178461
22067137
870141992
239849861
830492670
693670929
324944303
762296887
623469001
172088397
400878918
764279147
296393455
616766999
750383138
337749149
541342913
472195146
789687238
409765641
791911302
335388634
91286086
692734286
11043762
4590279
390275780
743338215
748412350
172779416
619685990
396760840
18006722
452600901
138799458
894522690
489661174
601753853
319557787
5755951
183913355
166371245
4710072
975446419
706613558
304446339
743445265
616538236
722517540
628693830
376458527
292390223
723256474
977471840
39110000
779454143
154242079
140943838
378414440
642645617
950054329
310530958
318655993
242614766
347549785
974255975
44692622
147121418
570453881
941079873
288996194
497060775
18942106
740903671
495832261
301643319
487090346
631650289
106335553
900007149
704250516
688025075
247731164
122456624
379626969
491104816
425661146
671925837
200618946
925464765
390799118
957301334
865010002
4129027
756638065
767095741
628675912
601240621
191980636
814477044
678293822
324364261
389966393
150383575
660355742
713294965
552278135
593484351
711765848
612588434
279542964
113609399
265217928
464509075
420110533
686746564
63557544
304562576
966521755
996112483
788495342
807925199
433185369
242611379
894832644
416991125
201468503
392149222
85414822
69385141
848806481
994973975
939113600
495725401
496105884
40797332
905840035
409913492
178283616
270198683
227039348
858012431
41694103
582379544
837235276
59463967
773345074
376570547
729438350
444483018
978415689
358044208
331602626
782872748
189882043
623849889
412670051
444953639
553068957
586180020
123165110
755989861
878953478
495409610
536372430
833064968
642814843
157997671
974786251
429863098
810403257
710313959
595487314
153005614
897085443
347384846
762186333
776642778
179434952
524223881
830126606
468977266
112187452
148465921
182743495
287567838
380624322
168193822
328845423
179102837
328102293
786958124
608729331
747449636
603798380
589777048
333806539
105193863
36700397
899512896
941098033
724684599
491913853
861254826
581156364
525757538
456540230
36095870
160127688
110941539
672466413
743435556
224903174
769653747
986930069
505760626
785904383
288294088
458160182
229162472
872278734
636447127
85810316
381038496
108699795
319762978
616293962
153148709
430709090
287313291
130260777
536996843
220720039
732377927
961792568
564206270
105145541
904610018
566952814
570135187
819516071
73666417
572587545
146672147
930145948
840773929
166200401
475996991
398385324
518789949
223046378
747371681
319960409
774205122
545249878
8081998
923789270
686538339
511738285
873438718
868113692
942536656
702852212
197308778
340539912
536524188
384527683
885705467
402613732
603890201
494407448
192227598
954734465
961820885
704440893
571651051
322234329
345696407
136991923
182962198
455220381
990923450
235568217
437252782
564654851
561509484
385799946
533811485
546618898
372611166
358256801
921182540
365317351
901651554
672970392
952962994
141419986
301972813
829061469
11934035
595860000
433338260
464829687
625981245
988850067
560675519
774432907
908873546
806107642
161236555
963031256
524660377
186936750
898660993
837272515
666347633
150360163
770822258
306893828
624003747
652000185
754094593
278685654
301717758
712237881
691877937
686200200
454802702
817241910
844104945
740700107
937134371
367641686
900655765
724145788
357069246
988986722
223988502
382193241
171988386
999162957
434227182
914043605
584036307
235000451
593406196
643223144
632459418
829045001
171644339
581059665
221767126
526351667
475387588
274607051
747830552
189304459
765266322
481191352
706592921
252699851
40121181
89832259
720499184
665014763
162984934
582464901
980104887
476922422
198878519
470264695
821475301
132212735
339341696
587127901
395859076
347253682
871578126
847246761
436660624
789618352
173745053
252262016
320472184
918137108
687392747
658552875
911493876
417920315
654183118
953532463
332679739
366878576
763037300
752015875
19816284
520169897
777431693
552636379
33931704
93699790
447352389
823261235
237262855
881021398
183374903
132610158
174149006
854507795
108227468
97970616
4403908
966326048
80937068
484534061
348961759
209394459
815696277
450033395
788727412
406390711
512040658
545147263
505402458
744817470
402962096
701408174
246380472
494161616
24125659
56099800
629726983
679980586
16677236
79877226
109040273
903487840
895035994
489685140
168259267
589427601
120623152
150173190
575608361
742356347
18674888
424109805
601559043
463810232
773939621
49249096
25167325
603442752
654094235
259346195
402827581
103826574
364837368
600648872
971643894
388683750
632882126
217294853
17548414
32897250
807184820
514211086
144607955
424397012
980804613
553885080
307758032
514594118
358864385
541199340
8738760
796349563
271417957
743696461
100610347
731911213
827354527
139173869
479448424
516740903
188497692
958019316
92733907
876478436
446749778
823263395
385557197
800715574
71249167
962367611
87644972
871734806
547714497
275396905
634176793
648888539
408327047
452785608
639118860
888626118
437002162
971614203
681645301
558999310
164701370
922613448
377955171
640218178
286772706
955730369
862217977
371915508
702459373
196438493
688901571
995957337
420824661
512685252
491037866
247484675
772883563
814476736
805241175
723721197
848015701
667740629
234156435
326639454
635262037
777529747
16574748
250072830
66934741
486687411
221073013
126793591
153566603
600766877
37889532
612426208
772170618
343012021
877659198
935634539
493721826
622665006
360264767
785344892
11269465
206594916
945540373
220109335
221494577
793480249
223875062
528476808
696106064
103277546
796785861
2769813
171647011
850451425
766177710
798400029
277384435
907363435
703641659
136895469
599548528
338274261
465469646
946887420
821769019
611752170
417699908
426328818
660976878
55184357
446485636
743580288
537008564
182421631
344130073
781266914
958380572
424679674
539393107
414635294
565732785
831015107
368320576
938502544
689656682
18084433
519899086
224208386
854752142
428238280
408506705
513733958
364277748
42569821
160428942
146781024
454815665
651284403
428100922
986538373
54722824
845986943
157606846
256397683
966467120
557825253
706237186
91051051
786982139
58019920
488497270
69640427
484114900
911172079
557578366
970843329
665654527
554743214
66559119
27972188
305209411
639330967
113499887
834749872
134463714
172049817
32405669
267688998
940786606
875454290
241295986
115602427
888395490
989850358
658402222
276132954
512902227
831058470
530942517
813811322
494412528
337758374
677490388
245643376
790932211
935959603
766158641
410212291
617766569
538953853
756893243
506442816
926165240
252667102
602642634
790329578
993075421
636914266
227711090
492287042
869250029
277750315
816318526
265028541
125636704
68490010
918513133
346670322
502436560
760404155
740629855
328966425
910535488
495742469
705189653
882934383
340052992
573553887
146882932
570451981
296970558
2753434
530025556
111135336
244700907
93790884
907705992
16478781
585743770
913493446
665544506
591504135
551354387
586296312
602041939
817896839
872414861
88469176
121509150
70060186
774739543
437623753
674415397
204777016
214151634
607558178
354026022
897492374
641755282
437056757
314980883
999543949
884964881
169163966
953695043
306587424
201152197
929980349
650852224
853110150
883665589
626075838
781720332
159780562
456744677
734984535
496795419
629861526
881930434
726142424
392181385
744273756
424005074
8193159
324799211
260353557
958508705
815759582
547716753
279426455
955583111
300784965
115478429
254243227
634909586
367582850
419533057
85863146
715065993
250006150
586191112
125310596
510625479
556969812
857784234
887759631
220473912
380494319
403539149
356269914
792528206
453358166
303320743
86309757
116627633
510905545
828945072
502150986
996830605
864876646
231891471
664741126
755396518
921976418
42049921
558004719
267569384
308243462
688005188
413846740
907504091
74369308
884960477
619437493
603421205
34712075
420930983
730137823
953842826
449502553
61041825
339404884
957261901
857567108
723137444
686739223
728233060
160265294
550376122
217189110
853930682
118525022
490658869
975628595
435292226
435546311
102943748
88545716
284853210
143875291
13117843
743939725
806849068
329979995
749561263
99031997
926600297
944168129
332381620
693998403
521529537
673180843
419670620
697228167
496350020
625251833
14367501
620252915
269069676
444089550
776498284
57703232
796483120
347221549
448811012
474622340
90498528
721843732
296565183
426751792
486360952
399663587
356632890
476952880
985504279
404616207
285913653
306341722
608037503
782914919
327097943
761200464
840402376
325268150
627917356
538788616
188847869
587145558
157901600
764312710
890530242
105233903
991730286
972327267
895549201
369113751
641698406
379101971
825228222
602184675
39351170
3932579
341917517
835584394
846310655
22605178
319330406
37791624
680902871
848773792
634535227
985741859
468287504
563563601
890725747
187550340
267273166
949088126
816584627
368567584
401690363
670714904
428551864
62193326
134477888
144446226
837055511
817514558
308634762
581617918
125068509
585158730
315371166
535614685
632771056
186970026
329962551
1628000
705412933
344536912
400547921
474322293
6681045
301233807
622730084
681770659
160460991
713456702
895017182
101333526
107706747
538938157
72877116
974553718
380313165
530454485
132401202
99852073
260701775
277946310
212821731
590037469
628129816
630208258
882188958
771464207
762853090
913246510
928112306
43587654
981751892
378115991
379941164
886207669
669431718
106880334
509688371
551681764
830003487
428207808
528481415
370365225
997194015
969253388
665000127
370833639
169517770
494577388
844622372
814540335
414151797
669902316
379964878
25179311
471397622
687390323
11368104
537674327
485796406
851569217
827852521
80539179
644724008
932032785
681138571
736114497
660179484
128284088
428754270
247182131
822809745
32627576
642701663
819949157
704231121
56069112
745134565
712478638
188214594
479272737
491020390
163946317
178041309
672185181
304650256
107573108
361810161
623181986
585971676
779092595
462141171
328427170
2513373
648079282
502792904
460136574
683934867
4324310
36530760
752324652
316848014
465519631
590073905
41318943
383655701
797298476
849119963
984975038
750309967
827510962
989808487
617840803
2440442
543684180
283001946
807140058
881964748
882416408
792260316
267327029
674501646
535769004
727087144
695606488
899446580
868897455
432177062
842458732
105172739
254342425
668458798
763957900
669407962
833969505
286680465
510720463
727257673
622744551
512568772
122926771
224614392
714307722
784404361
478277913
298379511
311125920
380248338
738392984
610227779
270159059
227951332
407591800
50026892
281631556
725127656
276131194
844615626
852979915
896082985
227800423
905414160
336263716
287003647
194407314
636852382
286021019
473612104
689378457
399495687
204005349
832571305
934094427
434845433
236675728
943633880
494318319
54009290
173585605
343204371
676191139
277617429
136293680
824014228
464153815
967879618
642474543
855266361
16329411
981201244
455151986
781309886
625008476
902670349
365282479
772424228
969006121
438403832
997556392
754596648
138341584
759119264
773706900
370851238
968783676
590926077
779628606
32411044
361460889
544012781
941272484
808160977
468618175
233408363
812074697
226046846
782300540
807951226
470590888
649618594
742218274
343651618
204208478
972812641
280756963
359195474
184804032
752429917
965017689
727051472
323268722
684462844
576644106
312279898
659106210
570665603
607179849
570389894
421789053
96486419
410022002
397999819
756612752
320573370
855372363
233573844
821209296
31508096
426882076
148635460
281974941
741338721
528751266
240777358
226451631
263803639
255576003
301482620
192481798
909551973
749749898
991664034
463080838
695799946
909779475
960988779
830429261
115520811
84313301
92127156
999851642
370746177
266821112
340294000
131418026
760124704
995338216
695914170
567950063
575390147
187868339
54607490
317879001
909744434
53275304
811458125
874761247
921213798
856490601
973187825
386990700
616425979
709321344
679004023
582411710
161269650
72669471
61807350
971891353
341394891
73392765
257454209
582599347
884108236
71267627
782373
478034209
925759601
426619013
149573960
191618823
213761094
188141437
807738978
511215179
929461015
284595219
106199062
584550001
448888989
623888917
103820991
288307945
46184921
335850428
463564867
427792814
311280604
530962104
553508350
416682955
476344109
339092226
202733141
178899328
860867528
68678511
992279192
173209676
799461965
929122092
34950364
560307586
8802936
225963405
433444998
767697927
868437594
415363588
452705834
66597531
43778404
617484051
955904039
722302858
679384805
302475716
11260497
362473866
194420002
220988040
926396851
787017845
564194196
252030019
666614380
486016013
698477256
163169526
336380097
463828580
818411057
263099040
339561024
390838263
550952547
734421498
67194450
272319093
327336747
877719140
743143812
480625810
314776645
259643405
698183774
972944045
316419757
589351211
511094807
238592402
49948669
496277468
901634317
331937245
626150519
599807792
101169284
573891053
511477563
460505906
775987372
550412976
677476822
240842460
399901464
829388263
767501974
111312571
343779287
86112067
492676753
490176983
338262699
162940545
159632515
823525210
749835245
588221084
478781111
586527453
214157471
742574214
421505408
43717790
525871895
110583968
815514231
50689724
688941575
850661752
355773415
694035186
895912797
769184149
56005980
288218299
837275777
494302644
853130352
503951919
557366651
330314151
322052207
654234350
232565831
534624155
876416508
441624142
141335895
472177099
70624164
716284260
384717781
706494213
853644545
974061369
205693735
390095559
217149107
373728588
135888610
543611446
888719921
728206030
211642255
79219386
644637166
5034172
816549939
829336036
335166537
708961044
536676608
546956866
787239442
70025331
264044370
587869851
889167771
737911066
186547492
943836060
810543842
82097152
178980108
973185236
130991023
218272195
604639797
302286650
223832537
475060860
294068477
599026815
318274224
791042477
490430404
71038232
877488466
26651555
789218817
102856397
668520551
6091677
587404610
619785161
849505981
853318278
891637307
402920891
884477051
138543173
404037437
466503871
591831454
718905773
993541431
585231619
930935862
532810365
877842614
711628353
941070302
656584911
319356775
84430331
747204612
232965878
284096247
401278709
952992177
468861751
949830466
5532922
839453466
914578271
102196609
869056593
454770711
448226268
979668515
821097515
990289604
10943731
885183431
657725261
334106862
536239611
742331876
255718806
564776231
817700166
259333494
465361814
537926557
610287404
76323808
462547232
939914373
208858329
46118512
721901755
934579840
247457930
656470958
312499496
339252199
631594378
296582923
32055742
816008739
3977090
566106290
657883241
505905138
254472967
547567088
909703623
52914773
256435480
352545043
574132665
884054002
369551176
963099859
608595061
131644785
565104090
541489798
117966140
449079307
692874894
555113518
493791259
487090828
658926171
263952171
707052351
16839643
888541419
615868188
405315828
948081135
502115800
149792476
22163558
923962871
830603130
647262749
247366759
601192146
512139268
727625043
949592032
955858087
115456214
829424215
239792726
278070991
178861095
860503834
768442320
744909860
536662535
961530409
970601678
318860562
60206868
263437389
305091349
764491431
218690081
96502590
141135671
177164803
728510070
428022334
808738218
858675798
190011039
332690604
271452266
727723101
307713134
508372158
652590249
796674995
583449919
76519774
529755221
435515086
3012420
441162759
379368796
714108401
259846977
236950289
917462851
800049030
642764725
544160524
306585539
848123019
833847063
411681892
561824612
931257981
870156132
313408423
176818098
285749887
879211830
730010283
41672878
453216894
766655165
24966173
746297437
735359428
124230866
991472143
356017091
364778901
256111082
61454606
944756695
133578346
230384235
33723405
608336850
112601108
151513263
691171778
212476386
758909164
704162480
606858667
989278399
213020621
355836259
378696472
63529934
326085368
507373520
447545210
961359072
206351513
329184425
5073810
291004955
58733631
932196761
310191619
72645282
578214305
935221186
208873234
197147304
547690430
345929590
410266019
147964216
257425821
531632464
923626668
510329946
719924493
257718003
868761822
661454013
773907655
323052441
479182260
925888118
620395011
427303537
18475375
253503233
30974278
585269598
792545182
420697835
628127526
262932199
584302319
621094235
788827332
653575991
239677610
375179249
7820583
412900145
489304432
491031436
731307159
957114140
267021970
927393494
189363722
506099937
725425933
582577528
398166914
603601359
586380021
245495434
79559028
758551442
100504050
909082300
808482990
339025822
306797884
942311911
668246202
122878048
866048791
547396725
407528303
845786493
219959904
328252089
231183191
759992886
124492866
14823935
481876369
107740016
895402002
335111862
870854161
55938398
660937789
15887588
769118207
842402888
933580905
284039889
658793013
388625119
385362601
520591265
586432202
623657138
713954772
522090824
317963413
346565948
622103478
313426870
336523857
460086609
262837855
907850886
379595389
586892373
823874569
115288305
694920143
386377416
698319300
64356527
855994803
648675457
255030994
396156623
801666675
511292068
436321378
337726638
345966515
857884337
653026412
564843010
361565147
18001048
252766172
791036770
627480299
9722280
842088841
952122032
164572941
35077204
8283004
446088247
210673159
68826094
376950853
428362231
604524697
576845210
170531268
352205227
862686210
609067660
758954171
260020816
272983210
185356871
147774587
494213381
62279001
484977611
899645242
274198340
609233122
629168095
905163695
99729762
514623067
24305433
209561128
26295073
403213499
650210979
686120105
161955529
848604554
948122676
914305862
224075316
348070863
378988266
807237255
464078009
322519136
656817340
379867722
167550065
635266375
169447376
800914661
306927577
737857979
441720570
287361547
197792991
548367895
890972739
239308696
387132081
671293670
901111888
110942731
773706851
105238708
769692702
355675328
713349438
273119617
270976046
862528345
932973151
56129148
999162032
211920364
596486660
523001709
131457735
495305332
357048245
241801668
993883221
945973245
946546957
933864167
162093289
87206010
543904142
323821343
491216089
114398144
40002361
333541453
1030190
247492308
972765874
690835347
989025855
219154674
190061448
283653365
203826738
935884198
552328826
310723907
409003468
25210465
999605549
715625034
645037178
543759078
365769124
81707586
64438158
503129276
560211762
72145288
994902524
571254922
347379371
6357089
238723860
434884251
383181824
513779856
227214987
322817413
793009460
382562326
665310603
571437229
96774411
777813170
764134520
233999601
720233397
562063880
743683946
109194614
756339210
30613551
470990884
766538482
175014950
6976385
222764885
66533377
542645594
631522568
17149199
424731382
757972768
183753289
89605138
261862758
450447835
601063717
768472344
466005117
277796614
869485062
845639135
743341307
630828924
238695855
556979124
315858629
625792296
328638172
92005654
34267075
47418625
908274006
58351186
702135151
553405594
778931082
677049948
771905275
678900946
822015100
106963706
589549312
64919030
905349546
14844159
5746636
162644468
845904146
164867260
739180384
690634487
308816293
342789000
247005299
196370057
428463726
322440878
838225046
366581507
192434384
528000031
522909360
494251731
322560879
449972223
705648943
80014772
692545198
605574322
620524671
286145283
226547456
569246799
681659465
687952380
337528016
796912428
484598965
140328037
77745639
236498322
260736236
733666594
593882283
785850816
755119198
28579499
851767829
713494859
86006240
598345895
377468467
10616482
271906918
786806488
559881710
947929472
668099333
163678639
774308931
750707708
785507218
641993051
85395663
907415618
337948817
155678937
462711376
104772628
303184781
370028193
127282816
927825933
91630198
213241069
737149777
64898758
457017144
770854384
735070331
935278732
595097975
784412738
825531365
680513672
699096503
298081857
921692382
418078250
409064407
640642890
951388171
408532701
337831689
905055310
423122466
191765481
270227612
281395078
510134527
868416808
843299447
870219992
237900873
199681842
941443840
568320177
151834228
451015004
2594249
299865523
718669711
789441189
358467795
355241534
794121168
701464257
700726869
237233119
270660700
398841641
668992472
388368315
136596339
969838011
576966415
922934486
385896176
358348973
9119980
513313823
346453149
615871476
504141770
395266843
191242579
481787364
259570368
594718760
65549168
565530240
204001612
332913883
727049602
830133660
714696007
774090490
739905843
684101171
248525450
456426664
947687516
871605812
332975463
448546563
120811825
518865499
239792413
906801306
917935672
287534761
1710295
788027760
800234597
546341716
912262631
489811055
196183503
743966234
712128460
456555056
628502863
718158874
783930724
333789145
171127439
759198946
7460311
246722688
471242200
818302117
476154381
25221562
43431602
732831797
603176476
685345438
41330144
148554236
693727504
564585151
197735750
587002479
834005351
870896258
49994414
759768303
402301738
438703808
423094594
149067523
248678199
166831863
956360893
241040353
550948973
837936507
216518504
199293458
564424448
194879673
831149308
798548083
876095224
378699757
640727987
543873881
982954744
566271515
485106467
906747124
341525277
791480169
789757896
429528910
165643304
140279764
93367751
497711529
329530556
118456237
802937483
700836546
110973158
225642874
813346140
263530340
720084005
83275958
237091876
997093105
429220557
538357953
776294574
789592451
793939251
430771531
265178363
471654150
533517435
101055673
508268670
438874519
274968987
952082584
30751105
746753042
35264847
318140271
900884864
642579688
984758386
473470359
178502684
983352781
4252499
422281775
729101468
954359168
82408155
893766334
721767863
65450693
936597250
79705118
126732504
946433496
721825358
954403355
167968439
361413188
962721816
790434557
789424219
151484944
18160549
659642884
689171671
754061871
2214164
515318538
346108222
319488708
281624961
657967752
105721827
563949334
539440184
67783412
82011076
884127983
705672522
801335925
164010596
856188071
418169656
556702494
945713311
441610991
461249107
504958551
259848541
782319907
863705402
104665641
624217101
269507919
742320654
539818409
717092824
192701981
280677801
787823588
846371099
144523863
731178231
229257301
813621577
145514010
728363813
353634861
119604123
83422636
83437542
328791203
421998160
793345557
91343070
66036750
601404672
989582568
212925748
875961597
858768974
392914555
197780824
187386027
517189259
817818207
602103766
930130907
149018573
537166814
595472557
493796884
976885090
850593906
796191894
678637241
659906161
650339998
650309664
927950957
472461743
97440069
929490410
397213281
149569498
659864672
533096739
81619676
934886755
643467159
897030586
503938943
318813728
219437222
428356841
995509427
443317726
777214241
377168285
740156195
899491731
252841433
360210538
705685395
997880722
923644491
24862575
465484426
114282977
337641687
489066508
547804495
505953573
53030638
868383798
54388531
707260085
339758424
689556899
711649370
227077208
698392683
491957540
933291585
880816567
114892077
669827962
632426669
821790331
966973586
87446531
58107007
798690606
677629882
3199896
443878645
114534404
366094756
741124139
743767777
875618353
535490725
939197263
196190932
766208937
15197837
222146807
363069026
413820474
422962842
670147042
944162599
967322799
363582769
232266959
217105396
217490802
163308635
904101256
157976689
171304036
940570401
858802496
581679030
858784797
916842388
699386178
998037377
892222315
824818852
860501947
364271988
367408617
598687945
512002542
689196293
211543158
149422526
261099382
517493487
46194143
474972599
320436549
468299410
47391508
303000494
94419087
724638381
947969581
7937647
730895223
344184068
101887040
344906937
377086452
441736361
55431112
323573213
739754011
753830059
136378222
92656151
973645859
838259228
67805364
114320301
433092576
613782833
989287892
971934129
836048044
39217328
28985900
219067239
793016871
924685754
263113677
836634059
588001782
286115819
908976895
168171382
430685336
4034709
845095169
593351567
842900085
248035680
350744510
720869897
906474539
679930793
531497588
344957877
503829077
851146519
685743396
872706899
572061251
446090928
152465181
957252686
901399149
99682467
876972694
579728991
775706974
435713469
908964119
66039000
871587818
568254705
22104834
412153500
908185692
221393073
42334120
458465705
16835252
454280796
247005754
562101317
7313614
839043077
122097522
725681374
690695714
696666263
526222437
236486076
785062371
180086078
720160071
239325903
175643164
366851517
11207652
730639460
275898504
395751084
763072571
435924612
615736278
538791000
697453770
23060573
368578322
254370831
398085168
619415332
785398289
939581964
612469548
42069056
150334387
970494916
307759509
878928984
634932118
706894079
405701132
151683318
871642652
301691686
746605083
15022064
717058391
298751270
118838830
371640637
106323794
342015298
924220737
228127417
976044717
290441761
131188061
371999658
769243739
295668597
866286604
839350670
25247193
323776156
81182364
233166233
410750545
836824656
729681648
772528066
211888973
956555737
82458339
398172542
264685761
959135625
397579181
908197919
114458929
920421027
38593673
96722169
397977679
24930505
129582131
410480337
568945332
98716242
484550002
304814787
377470467
401903279
558089009
931577339
139336679
654759480
547914116
205101838
292958796
34811808
348270577
86199408
964432471
715952486
279019192
484269951
882478793
703341043
13743255
772162149
572113347
857275359
951800241
349883042
994851539
992066806
508559146
585871863
947884177
233378410
18734322
266182458
756954804
798171762
39777790
897003890
263670723
239562128
214322609
610239361
495905534
584816114
628178343
610944793
156392984
436428258
495745908
368629063
63744776
331814912
805816252
27054564
323075191
712060609
13326181
184892695
396804295
921578348
414575068
604669180
20601914
267558318
188136649
110525892
143243515
297524428
225504203
580424074
361881295
628621612
461263673
562966904
594806717
70741131
117370490
110004199
572067830
569864372
744304600
644633188
30092888
547725200
29703752
117635517
520424878
486108922
265106140
856987806
386006568
857820204
704272026
592475592
812768874
702448514
99538697
216067511
100135354
222357725
127662850
327135810
708716301
970246667
282825579
80192123
233539499
619104497
84604758
50301392
155250027
9066307
362133817
604824536
228688266
686200057
524747935
799223858
793870978
702296371
480068595
772227052
647392408
134265208
560404611
99957431
59348155
821439904
542261341
205275431
700046576
1147328
49173768
748821717
332775174
532779419
928177609
878573154
297048743
157161708
582076278
424633072
292427687
549876842
897132084
65974968
874431013
208574154
926144501
408325098
412665
67354191
723950975
258158870
657128944
697195414
705391750
892405915
350082033
515299782
117172487
432267656
405163243
453785558
390314608
333819033
602677815
209329880
141652024
278104616
488834663
109855913
904714842
244712508
912832541
984017259
504675719
187103268
350704071
379546821
145181562
106963845
851676983
548131035
669831372
426322358
949595046
479079742
707283088
749757194
575562276
763069345
560359937
638985965
879606451
208098219
122342356
274312107
726505416
194811592
388168678
412287288
81723858
516983774
324611156
189668962
202568517
539430813
884816441
566445801
149075158
181362012
27623192
761603147
657260562
889408150
383408914
794142522
995427878
706670783
209160305
42787721
792237200
564952662
921283288
742745688
405120222
63793633
915285114
882389147
294563559
640413395
422563790
48166088
369413868
417586801
243859409
862758081
192374615
118623267
241894525
501826263
706543673
807265449
158224884
320124612
991843668
743543441
3961078
689327740
929126976
941487378
298659742
766021174
905303728
707155826
532179904
334834027
631315494
621165604
808560924
888611172
463680205
210661704
46341485
627748366
600305334
192804314
284486520
832271675
710265622
760336202
850258437
595046556
725909730
196567276
133748825
566538527
164472030
645648465
140439372
369088225
539284640
762382962
137964976
556477314
400231245
686376841
96457462
331413385
539466772
249093205
509199968
673089547
143681894
452818579
211209123
635354806
108136009
604088838
265939279
210350808
743472334
914103675
210089792
481000822
334558031
823844180
952786529
587198504
548013857
223496571
604946276
917663696
103014976
269340985
718830251
387434869
434910364
808669312
62441180
594293472
804214787
341223851
870593220
117551953
700995216
589669158
474151625
262539553
163455433
311328308
955370557
236836779
178544598
78129950
518072913
523950104
64794654
909862544
570693364
176707473
233712903
994044921
303632889
867100967
473024392
326762718
516711544
272097516
622463276
771462526
728565118
506046946
166113093
205729502
343237321
354259881
685460333
227299266
463480787
707069619
305073254
851226009
273828698
463638090
56274638
764690392
896148300
839460740
613563134
793600721
41946810
919486519
467620864
513262379
272570383
154744851
604344191
855623128
963722010
218321463
79991260
349926192
869323880
4228503
630103384
569957423
922915297
126819614
980824682
7661151
334086668
994150537
736354757
209702761
143069490
681489105
358714797
357558319
526943410
300282665
363243899
429246897
564395821
135318486
67395406
795303411
18618045
690795122
655616571
265002753
620633732
995488426
165845418
498664131
34559968
838395993
533459407
240182051
23388272
563710003
222021348
226719909
79377245
572025278
791995794
107861141
919478453
772225074
67171395
939643019
217863771
537798647
875361753
781866337
404891884
232101766
234495852
235546311
383546505
658031484
508092670
945208171
10800275
520140927
159693487
550265362
99096085
498085468
346211710
190198028
525631150
408461751
547399717
465950101
819863013
821789331
267467159
670195172
918030451
718634187
252021428
749181345
805610172
72448320
469442259
553051522
383973805
683184989
747374299
436686214
237179752
51895248
918625263
628247763
789805332
559680121
501773518
190693387
606508800
193910381
236001996
331165817
434723492
679502575
428505945
940026761
536121666
604972334
918794667
8345445
458518041
312591664
541873365
703106369
799514075
579972745
253877193
490362514
281330149
427971560
377029914
902210307
420882199
860837155
496791720
66530656
640766923
626935039
621243707
627657238
644981437
444398580
663405666
718878613
259055880
213928450
989874711
990728776
847553740
228972795
987225728
512950854
979054494
85705344
180275522
431753683
993456269
323842897
333517744
657322820
264946187
193017718
647916136
770177311
608524144
209353215
591203209
523198800
458847480
729935321
503119992
449913810
125527704
415628925
270860645
559918121
690176777
749858392
182643565
70588444
678631785
621802732
710567547
628951882
146399235
388912742
120638318
541543492
649472234
542988846
920199628
67761911
982436252
248764548
369583096
80252270
226182864
376979972
978414133
424584717
969063243
631521082
200966493
719864459
132852119
372344712
828561437
686396451
173803049
896236727
31808330
336683885
388536359
766375591
310252252
153974067
223584431
956066599
720823255
154745815
451807333
575103113
139138970
492152077
430957171
907110321
247266898
529118594
714580861
849745227
921870972
891231805
198903312
503759426
307059059
178192265
737980979
270278519
922364336
873981680
709397374
210111030
439259324
582712847
181538415
147485305
292131279
246492745
614659486
514426768
577758014
59381493
639776696
837101623
82489967
579490046
192265230
559207621
633605857
986658942
373329171
800739419
178052789
436130229
848923375
325666377
11947909
835767611
418018123
101462147
101108591
940436910
811847885
45212979
757846410
261977486
202742234
265366006
36138301
846526597
180543912
258596342
577555369
979612363
548040688
36845782
356483281
309952192
538262347
108837674
97059961
211254256
721449827
975935368
459896401
766231809
582615692
200737344
979070875
590976745
537931293
251048856
167557943
415231316
430165212
225619102
476271878
679611954
474805355
875895219
906785679
823542324
219737508
87322263
771092550
840231001
970246908
511604519
641991447
359662892
826342269
139281404
584482190
621628967
788527604
169492924
634240900
721565190
406451685
960917349
315482862
306920622
134347031
609015820
638040338
71260726
844843672
114900573
744673189
784750224
9384322
473959020
506842359
648942501
708126928
992191170
619330372
877694800
479979207
827280416
288397551
226309863
408115874
564204362
587227867
887248454
601096911
650998396
549204201
251880780
689829344
246747744
933939576
821289773
773116866
524579766
529910087
156422876
230530646
488713875
863120944
8101293
803447021
86078612
998920481
754335292
260239064
561735592
988451889
985084320
339771462
482292394
161061128
701460549
154506114
42618285
958880075
866421585
222027801
317825049
878060738
465475520
342674984
248934001
600949492
651905250
533807630
286854882
755194620
404923283
241349633
616991117
704203480
204458399
850342088
823485846
797136331
159270839
621511604
311511365
780138637
767720048
871241126
713946377
398804621
592787666
555704651
743465221
782554994
403574406
751967797
186331400
577569079
960516610
667387806
261358507
690758596
965589208
761383844
684046928
195789793
64383109
719852388
532627516
122732567
964872793
561501619
162068916
908863757
552280205
586014182
821637024
685071087
828841067
793050862
602134045
780846293
734307350
578762627
903874645
276189760
970537412
312318415
359010265
993398223
716403237
891261835
838438754
335626856
123554695
395465327
215239492
472376536
842499218
341030474
480320148
505121533
342520993
471277779
786674813
69347817
109809711
872532922
266115154
222930651
188016627
458833531
69891898
619348967
960418723
586078058
289039309
864129700
20263889
680012536
31361239
810126041
871507551
481825115
594035858
233243019
580339009
427745422
270503957
775323404
108995790
725083077
775344322
804228375
883948119
164491254
996465561
297658480
279373564
515469547
738097550
173850505
545742011
101894098
595114095
172404710
953601940
330653873
51972792
830804333
762896389
795029382
702263590
147373459
215550774
871768216
493741642
820442411
410952696
819295947
20901550
213854298
215820557
143690133
282137782
422074881
30525573
780214240
52761882
222982028
560870767
967416021
152212842
231353878
400062895
555373083
528704592
177998323
941349899
78805633
909827332
795148473
90497313
554824408
971392656
771313732
171976292
13737333
728205592
344491513
269695154
634576520
320367750
885938847
917489900
289035712
187184454
837855777
29171240
760918691
813478755
237869262
660558031
540494379
500908076
479093639
170335655
804161217
668445612
620917484
586734766
153881933
864242929
640548306
119033564
779949061
450822599
110862768
129066870
817938776
174241126
752549334
957617151
393503015
112367505
78262613
347716932
944958217
224707184
880927223
590579602
698879236
413668228
590412255
361983356
365327709
487639267
758184636
773388281
288200623
954603729
33894236
515498742
480271754
10092845
419938118
282012222
586769464
717042685
363174716
222122937
438192651
603621976
325979669
745941867
663248097
842149966
628765007
90805932
802900397
516996626
230385312
355735300
46218119
502825039
887473138
227287308
51107797
95258154
705581926
294166850
378992751
813557063
758431558
866797131
250840671
585595166
267669151
46608066
629287954
379937773
207081948
389440829
480447259
475226283
177524886
583501092
217532420
398251165
922540311
506948162
388842670
467583385
315358226
687589390
694665336
334325070
784688607
125036830
577381929
179510496
606482434
862844230
857726880
858189434
885825620
750579435
24781387
34717799
190503436
704556615
844185047
926799392
22400923
344976622
18800919
316462364
427337296
437302828
130343166
28612453
601941972
346323850
390772026
516450463
646532119
797738679
124722248
240177470
708714204
197373221
53817031
753497463
741227043
668563936
290208476
983356405
791293627
150127767
609947226
250069535
188430945
528972778
703670775
584780868
816108397
685296665
405138782
802244941
470305798
476756320
811568937
322628470
806199065
963044963
716130282
738308705
207227308
94513873
964494989
419263695
548319374
758242455
879693259
611306745
697215302
585199392
957455756
516627169
328438971
108002057
584202978
373604813
359258693
501194766
984350346
566062642
177233696
871079621
78874934
320770028
309652631
610185138
651846599
966587217
364880383
503134573
468671423
462197472
477462453
408645339
476843252
271520655
243914099
876189691
770337395
527238620
812437971
322878997
420648262
639895844
393879501
770670478
738303579
656480976
534325110
987586123
661732597
628998567
8807422
652569972
990615600
611353978
864823022
936025462
919152533
679376173
736057066
929582492
570571784
662560133
942729755
840205555
804265853
792659962
634546326
34048221
170694597
80228454
103139566
132045160
847059192
455137633
245702173
377423679
118089384
823361454
302753599
30869201
542553730
215062607
200904198
324771915
149696156
106503781
531449838
691054299
218458015
351746948
430673462
78019443
950778886
323057144
473790322
253473203
523016583
467349461
33976451
349168226
180720707
299359678
195413797
756031718
404482704
831801887
52222232
192901918
932086398
569469879
674587087
203061615
720914991
570239642
137143784
916736220
601333786
122013233
749915610
794182171
736917559
221977651
67382947
510627609
174964250
464966469
753467755
572049595
380554642
869297345
34453421
942981907
690638497
445606362
597878798
351667828
999686952
128646441
418000048
166827666
409281487
249135705
27563247
715305188
243739028
465760258
30859836
762628864
183967759
190922543
206629597
902644456
138603873
754536726
29639949
650636921
410361583
582561573
240994047
251309618
625522153
54479147
651926168
288281960
358366024
172633140
908003925
899442257
280684801
490759572
254709035
164978279
898114515
593162740
413010356
642347824
845664733
535180477
649204441
120123465
96209194
399921467
830861800
360229332
817855544
175061203
199465918
577229185
199235141
701450649
983285040
332139018
889288618
575213733
108350752
611963040
626881991
574906139
224891236
278589166
219283142
512186693
97436156
46441745
77552625
770798349
619605544
621970995
504701803
452834525
153923275
359600879
156012598
739865054
653916114
272477930
15526159
561441273
935033956
206247978
123191838
320924752
561740367
578004042
946436450
728369276
167110925
174416418
702672995
436020
347282789
363337590
180138970
872554049
240942094
325304049
393528263
423483045
830328955
495813966
461358393
321276405
265607551
518490217
314915925
903481995
204657568
677711787
681671464
580038958
881351758
799373689
741661452
549825486
979802835
579386306
721057268
848729873
64311820
78791256
616532110
961341156
844615702
493693424
298432919
461377162
276166345
636833094
255476040
151099943
261604626
431161751
201484287
826771876
879052059
22569073
688383503
645524703
621897731
769682069
58591118
174455909
373795768
347915342
215032320
242389636
767794227
498345398
886295817
298532761
413629708
366425193
992467621
633158859
979367168
719559252
907312277
133134405
313961406
815531724
82918214
590406454
828439899
48980030
94104697
132495880
910223487
159555323
599071677
865214991
451598111
19319814
41910830
352622751
893958852
222913012
749361473
446964500
827373953
572087625
71878194
883542915
742326511
544905097
188470143
507234219
69503968
648279209
614989655
224105642
291071990
72769156
444116213
138786901
824669240
275865813
601429123
501671083
454934304
798190391
238378067
441837815
528104406
910966592
534116087
884107797
676002388
79619605
214367225
412628157
655845178
640901620
128111032
812200443
242919335
384866779
673447281
899456153
944612156
522720831
436388796
267003228
978901482
61568843
492309449
806488421
203157070
261463202
881856638
729839331
569966182
668020029
115399277
658343054
338019865
873986722
73443825
183105099
48638955
164294683
253921276
727062888
548219653
687180030
141546895
656532246
460929437
721629882
162952679
814845849
576886539
953503859
838614973
537658355
161259562
178851236
697267520
130267157
509450370
572645878
907178613
549952757
372313769
577880002
823690147
269955160
167819947
707896437
906588384
994350198
716064674
50667243
958290576
788351713
125277471
755786819
744913375
73209849
358427661
286820476
854675058
332023057
56383066
757165913
454114362
122583209
523264333
727444063
119211704
201201170
643694446
767346062
344888545
480028172
2795041
581263974
738140415
878200492
733084289
408681422
281755219
558207536
206502350
138308321
605151294
972230033
911136084
670731735
515505639
260239130
968964635
330698505
835502931
354550720
206698698
73286928
616194406
931166602
293878126
250540229
780584613
104502986
971851771
499013169
314549424
494876001
553633801
993787097
918745595
109473443
578720692
504469054
27520315
531266539
185673404
109601371
823715361
816988276
486296531
930120196
88932893
675301972
440660680
196954103
391847283
860681838
122334884
77843743
452513370
657129444
275200530
164302166
107368825
526407386
743788321
222295941
393179012
113617912
893045034
850408639
866486469
743851749
752830109
901013095
966465085
466814530
42362009
20600162
224758696
508242260
229557941
572368213
59906836
130028797
769312789
629398329
24072167
892644818
416487282
294648176
534772516
685152349
81815544
7670675
390582192
555451476
11053932
950956383
840513187
997908411
693707573
532169743
519334529
406424813
509488909
568531797
959725963
409875155
912007313
50518449
942026112
328657857
439034674
617859291
664533282
670894525
331075110
543741007
501979761
473385511
364955074
226693102
637581083
244516375
292000181
730818614
629119138
819190584
496718982
894759199
847833632
556623524
812509126
329510798
428400227
259415374
358092495
993705309
683693514
557801710
327547388
99504055
310686903
723375249
402791381
832235788
365192581
506427540
835501645
241259790
800273212
372147772
977299207
746172798
334409673
274123557
492928602
869142940
451972618
699246753
795423999
822258910
487596375
118888214
242499285
525376359
427295826
747852392
608330346
219026231
403269149
742400797
439134614
321707315
13050221
882726299
7769951
107625934
163758539
646183320
999362097
932658906
369284001
438304551
510570264
346183462
212038978
204786560
375601550
858384565
822404335
882826993
518630072
371250337
939189283
997357244
92415578
208834283
305387381
765563092
545629477
788011384
42435118
772573966
228848788
563213196
207950440
814497146
859963562
632793881
274461855
927032029
299815902
394935627
942198424
100201755
674688638
127924174
196873854
878175699
411879803
234699279
923003172
549046862
232829155
471413560
823849221
620095344
625970092
749529576
998546275
64877859
75398037
156068899
198628580
880777776
615791685
150367336
395189907
596402942
638807617
896323021
30849943
283281337
899480736
201013183
548511776
92997800
338880666
352199553
132723492
599869543
468048882
959603553
688937130
641706640
524473467
879956100
601167372
932334137
48040192
961302995
538658330
73112999
306283932
444899380
456822433
480775756
730991472
866386700
888090989
963442796
629639114
661513380
815133679
619762043
528552457
307540655
435528812
787276646
816944572
778824877
118433394
19980650
876934259
151792890
128770063
841759846
111826454
982385611
322060528
854432593
937424814
940581784
606124633
372684178
414045769
899019625
929535409
221579
995513164
708207121
652409217
405247646
394503609
374938066
80190539
335811874
428523333
145574363
116902188
798272437
93743366
885744234
867874891
113068834
639670775
587467131
382969078
510966862
370353414
742277918
404861303
574594968
700353068
830461705
797671993
395988859
549350845
86707843
789204014
456340352
14298025
828588625
718578343
677181959
102155042
125620707
844619877
153160064
206048645
496777390
411901405
581124010
998854583
370314498
853993866
752077263
765257411
518431288
190324900
966600555
672045814
979050721
785498908
841292059
670361080
699077296
205087795
683133277
34096267
343635472
607031804
129671749
214978977
538353937
198277780
137332813
538543384
980465271
160714401
482592955
963170181
927254572
816524139
54041848
482723206
859046377
943791921
304909805
823087518
146643040
258990642
610053131
934707446
286225875
829362001
339746421
899616269
163332794
700185196
174838260
792959652
297191605
439132339
131709517
776961278
339935475
389731272
907923667
313396010
973694837
153161164
622315057
841122379
291176461
838078971
473777335
623440635
885871895
676170051
68203183
594214436
58672197
929481442
924166597
739477817
685792792
557723731
729821364
993341771
483339940
772419018
899358523
665014070
407162330
474332146
264832321
483817802
639221126
782038487
807874934
972091241
203360605
241375203
934465074
989010052
257822635
337395841
454307475
633139747
92646108
626168696
476873461
801883302
376483267
303924839
199682957
735660679
10730413
466202139
427724407
987360515
998359925
944915642
211864770
223944395
174133894
135324519
652561646
930378576
302292604
664120773
485398245
763144156
385216058
580072973
499147082
205978488
806702230
29640920
415756491
666471601
206690718
511708221
849542812
712491578
981096049
449440376
799375005
478773577
92286972
561822566
875238769
17332167
316320191
30051190
584746991
900740380
265049364
813187784
185093284
134473284
684829819
910562239
735891099
161544170
999757796
582337584
744544069
335318854
283150252
662688174
687877156
479448029
525601902
110350162
517726416
572850165
872043710
619900120
69304402
338052269
985772433
174085482
930309133
707052013
850953322
974215912
724416010
731740561
741411539
437735228
938889227
167991041
4384570
787718628
360057520
120068883
42060276
789384827
674323038
515363342
378193197
612703787
742680580
882005394
871329593
266840111
84923956
322332294
458471479
76006646
294487891
662701635
38786975
888266909
774578998
936521751
887634249
3503295
871514862
775334932
471240986
209526561
301276641
62955114
737961462
529983603
335331927
460737383
291358287
166563130
52255864
226333318
730865104
571744582
710398204
506547401
906118885
275045712
212372772
31910234
891121689
283996881
611655567
573987528
716445377
799784564
208090853
717469224
831615740
821678982
143537810
859003820
742359502
913151497
33517821
297034189
520962884
628038260
96064738
170818911
783308834
490232155
134917570
433682722
135699742
96008886
714914897
870279851
496274297
161503844
69538128
110954346
139222134
494684622
603471688
693532548
708152070
47326377
689352825
215796452
430301623
187994388
359686265
268806052
46970076
503837154
439118450
52307760
31150021
644200672
429976078
203887039
624381026
526943197
864251634
403877881
466029840
864000406
157909125
212020360
954454673
450051803
494168917
224732508
451054123
605959073
196193660
21269375
619110536
471855475
946381091
966549256
855977958
989060414
909587872
7835559
880949715
118996238
486300982
230429800
852684291
587342907
176360313
117720660
834396054
317713800
513936412
901150716
64842775
124567263
197725961
656982067
101699404
980834173
646546451
589298780
599424100
743121022
537092230
504177783
977420723
671722913
682178049
958545302
121349976
857939837
105097369
112240859
790590099
692711057
841887706
697089147
467819772
285353008
418658741
166705530
650814153
423233790
944858219
719967058
467466246
749327194
471073873
880872542
623401694
224534715
195974556
318444948
75899321
295583158
939203220
741027574
21138319
80132190
729881407
416945745
562481665
159027795
922594481
629293743
134646817
760275314
382594059
588162877
955304936
537185563
974611100
534291299
951428326
994675447
994803690
17824264
98409913
803193919
97416889
113885746
278415506
866145169
371883286
554647368
558035636
923520221
914502155
506511601
766012331
58590033
986682322
998692507
920910315
151059879
834350852
110898843
310527629
897759592
914198159
507453161
115599210
257717130
429253532
552700002
338323206
932707437
675596441
742396055
3550333
676727262
3636335
682696447
221929611
286117108
72779737
211021201
570091911
145895400
13346844
929768238
11510223
817620594
718603141
948253283
411297570
338968476
638660374
454500031
589402700
570459089
732425518
329162127
47873452
99971451
154768639
291414029
332038492
650704394
678707923
718402551
958267606
971181410
219493701
740364413
672318937
465657048
664448420
121598158
877717841
823339749
396122872
53436326
746587893
880362734
648616214
341017678
233718838
401587063
707642093
931183314
105886508
83640191
778306914
81141514
461371577
324909682
261247771
826884770
406171938
321210379
274829280
952101209
775482023
939632044
530275460
948451084
269608641
751434551
840780333
504193375
185819712
400552015
524403930
613183806
20879590
483785266
39996706
334531204
260014850
1750034
806469506
380247167
236901650
38451785
743153047
61432640
654195614
100853380
24240319
648062056
552973435
548160430
576082136
491012720
147460375
889098186
425604327
231941397
976372888
844072151
659397466
225644389
813892424
170188699
210785023
630163475
699108603
183091539
418927628
408724834
191572769
446139732
170686340
337044237
352862929
30582065
132308932
755733289
217375453
306063494
372616192
585258998
248772812
735855074
744716280
937343115
799715670
475328998
639415665
328463548
761129425
928348145
279608605
370649455
76470042
567020429
828572808
471149995
471438286
338083641
967814430
460988161
109714783
972382371
433470601
40388389
768761458
764903573
820507242
218843767
709484356
226003279
574839446
467115462
419077681
885880514
441761403
132891381
702541439
668834639
583649603
896869608
988411878
951555449
137623312
205028693
268285402
223342038
450913130
540332090
573525807
431530239
931414458
463469578
930290874
201164933
802012409
953121492
520829806
997035481
532022678
567463072
770553895
952374057
402354071
909572653
808019482
588453097
889150819
943568244
802845046
37066373
693256607
987183915
987249772
612545752
747487564
61602013
11343876
549276143
286686155
423030100
252445260
898356707
525270891
845986529
435266156
745346410
881430914
436674054
59631112
568369152
840833835
497043872
620450611
4914874
118940997
903347495
146132994
754625251
158471347
887397067
78836840
522456673
843106436
209824721
443956015
971444440
826855520
995167837
666724157
442148997
26880881
119438056
401943264
789821637
383087143
326543152
360083602
346119837
168782089
405871396
503959490
413194148
551112835
16731448
925366543
463755240
765113671
470420542
373974780
511478527
882793197
541130783
883080874
105753664
528858252
932954069
103693069
285840345
968784429
907216643
185489412
762381660
968686606
459393757
855834810
789391043
453725253
772936964
834095095
297451751
496443335
216333526
743983977
64175153
173300001
477369167
857250491
547606919
14992976
650977177
417996238
858303506
264998759
146062991
918009897
919726369
174738342
315732529
983186283
729500689
722332609
906549928
833699008
558780433
138213053
213493541
833948651
539354731
884428561
939357351
213526677
882374906
788585771
22643160
339302189
401180839
576752033
30386772
491397600
241573743
932339342
770393109
359912839
843735004
102889984
285958366
44014197
451943851
941654486
174366004
148271938
313316781
714617011
511009693
855930254
351819628
216082472
577688097
520123690
675857738
429631272
516707483
215753584
598575538
899462210
631559981
270851017
451733944
694482321
950180335
277857370
540909730
310546464
760720695
829679325
601519737
613583643
104266097
665425250
70552788
55610869
101411822
466062778
729518127
980717795
526513789
561743601
63237000
766514543
871359161
671636602
52735813
86230129
276357901
980932945
545744069
361542254
776999830
331467152
151814706
106505404
498273344
31116735
226743834
482016554
884743138
256498653
495676555
230306834
263060055
88620021
144399838
851047644
13678669
373899126
879406196
144503402
567001027
863019786
273506427
350683625
520243975
12260648
195395726
272095810
620939426
964514110
904331105
591318057
960760948
877817524
134870192
97609658
474163561
332398937
86659585
92249123
525454446
575707940
236625322
413987262
880459081
936115272
903905511
340176391
366318327
472209818
870664577
456521800
21796450
14131609
931203518
636028714
921754869
532037120
251712045
722385738
193526148
359821252
119245996
439150829
361696860
563997318
877520318
474144578
512755065
687958269
431523831
534532223
850877709
861856874
573694177
528092868
268334501
964231735
580599540
416046481
712913793
883236550
366496454
871680550
524158130
731899089
752860
517957060
482523012
459647547
442850619
638648150
938067180
319074552
742839639
32523569
934215114
562397599
29466829
543241719
773521146
195007111
982859831
844056049
951113852
762564803
767798338
985220952
95977337
331209148
99636852
42479183
25736876
348702834
861988641
849242175
320903744
138331111
125417873
240080448
717698378
797654432
635666811
545247052
28647470
705834828
47664358
108126229
96623978
202085581
808259301
408404993
825761817
656498393
513255004
387121032
931213014
86905306
457480356
207738504
539069079
205459714
964629454
622196674
445816448
742231800
388424083
815288277
184708936
281022426
946344574
599770238
310706953
477512460
971277046
956953525
203266435
939412762
11390446
181390872
20568071
11737453
236980879
859608595
228167941
419500931
22218014
642735531
836302723
230075176
841858398
204121809
936865358
325670800
38641053
72875386
830165495
788319648
126583056
463130472
293721739
511276557
539671155
457392317
794734188
302035971
89244695
91440102
449231712
174875145
121678223
603861940
332367648
117120642
425067894
441355516
122432059
899198807
913080785
158672909
18643766
990123884
27801493
338091323
289980114
352386786
21743857
319859747
562644909
972574483
792706428
415429675
671341916
544358206
673605943
260151468
874220363
518011691
272762464
389608657
696009557
258719274
242570703
693511794
101529986
654672661
296068754
107980691
957793801
364702938
511724767
109770900
597976772
969331528
380453513
649944939
558379407
316818253
90145235
242352724
884615165
83209146
382204601
691965837
881142847
962572092
195449770
5749729
927816135
13896541
200349939
956234848
515437802
70993025
291245141
37739508
383988834
446446362
114890238
401117992
444559991
744280595
118337678
696138733
413063007
524051167
912487790
305360878
506284570
649579970
935044478
675127461
238907069
954429570
929901909
43170842
719191801
348537480
466304353
419270515
725258827
35968622
478050506
379490177
454435105
434337808
832364675
782778732
418243338
393466172
806888807
716196264
393513549
651699859
708486023
371348926
984450847
994145168
963657720
866842528
680197775
469356899
368582413
135707237
690168588
452448031
191046598
913353312
918800850
878890679
216448824
654050578
492579326
156620860
71157609
945309662
29234348
418330298
33675678
522467131
871709112
81138138
219533945
516065609
793386287
664340679
126294848
654607303
872030520
996281764
845678518
228038457
610563004
192097247
724541727
622595250
138427932
505103655
836689791
207016839
155830079
74508049
644085933
695935137
547071899
838333136
194617964
644270350
570004757
624119202
551717440
65491533
673371210
610310498
314947201
739665379
796454870
222648382
95193003
97632656
999523245
986074949
939553435
880044159
816762328
836522818
222865976
875777367
223828833
516789308
560874323
195233570
164187230
945516644
316753035
729660952
453281631
122974708
508507232
363741521
83725261
688845034
106685068
105371256
138255676
592823822
406249532
218199368
11014808
128842991
470428223
805977926
286693796
198425917
139576136
713863275
298072781
103948283
954819684
448254729
530080454
371483904
471039956
219982191
251892411
976757684
418327612
131712792
226610510
253850313
946778522
263242361
557431244
553037764
975680731
983711164
296774049
687174563
933107710
958119434
275625057
632005069
462008628
971732561
961744756
913633753
216395672
233225640
735776304
395561110
283974618
224776492
565039895
654554119
760315275
14641034
20342157
533999373
794968901
942721690
748781172
840603806
748128991
148414653
216922194
682607164
926087934
187908105
688495672
747525357
503695183
571085884
892428810
284895503
840952117
391109313
940859671
684553240
269443937
604864594
453400231
705503232
766160980
69308354
288286392
816811972
541445078
214319081
555079335
41644078
844884499
513126160
81743932
509615765
924849431
103246859
374451506
692228073
308151745
187409356
849248793
781982187
977087177
794142886
677275588
631647299
947040110
320210773
973294496
618126874
241398197
413794428
181812511
182192517
53437350
199317395
749233464
615807038
286906885
739816412
266001734
154469317
492797746
369236709
356260245
506701598
268437949
281796954
825622321
73281830
581720543
761531056
353277921
263589686
847528455
967271059
551530422
907804473
123293173
819350851
932838501
138723662
234893816
14882017
825904267
934790921
429320802
773189885
28704299
297929115
642864391
481323753
399950475
138022500
463565361
828616330
522853785
323033537
962558246
686793283
988569851
873937736
200542826
626587561
235318069
874999474
604652310
979052031
525174181
179989714
200049421
546747283
100958216
872983358
157627441
829585465
822895071
251292666
737439005
575102061
267874793
817971248
453861615
892603701
542894376
689743037
797306201
906445271
470662801
817121778
520171297
706566021
931537841
418493100
894388317
563420892
842492158
548098954
479377169
665225484
706467190
30588334
409232343
46277243
111230220
140358965
89128327
149623654
465113128
600086737
554849085
150215842
448292552
657723814
198203934
602970881
835333776
271536247
347372192
245668491
758776426
228017897
769328803
100441084
961633369
728924245
321800685
177652977
353368927
662780499
488516869
699687252
899986406
255109002
46944271
805456381
148719269
627356818
448777846
903425274
591086596
830985058
872942258
75562903
908628145
989287316
723719911
28492409
960432616
77306707
767269075
450234841
102753730
767241879
56852057
7130177
68311877
372541053
718618609
454386127
851943655
173145061
721928112
111905514
412530769
359771796
829987153
342977965
569624762
509350643
666687371
33653461
727897347
897879149
143717165
89092379
11887567
427015396
181620548
310589412
572155449
867126074
986043267
601292097
264730350
995498920
772474003
886526077
71722746
343433883
397059895
973220464
477278657
671942776
888680156
112869111
338562778
614093317
594887320
849611788
134177082
995156638
119481026
609373732
122070002
121420565
601446616
253335374
406332588
206158915
740713177
431322061
924564144
116867517
269160225
864536792
528855223
133800788
887746418
209063926
981208386
358327987
934817234
577365862
829476059
819721753
848712092
288777108
363093187
70771003
873698129
817631407
201386888
721646114
91178984
7471608
761003363
388476942
456530221
480113601
308936654
393246622
894328245
756979819
981153831
552759778
578884020
89323008
116034247
58150893
130090271
93008986
899277722
451715491
602852794
511663415
58882725
953637123
244569878
201041482
689624721
933231523
825717802
334933941
829826843
454472
341224817
106235805
399680344
90549566
68813820
570101
380844981
635758550
233255536
980711108
251814638
106818654
698079789
194223994
599698698
511298307
895311612
506693768
905552482
788182626
943127917
325548528
424837333
277775683
374878299
737075267
147237257
835644168
666001053
688020850
576338087
389741333
487297882
47777251
913232510
749354842
262160450
615070346
295153706
534790807
887193778
744928214
681911325
941133040
456946393
747928534
280634119
167363328
372317743
405493106
155546601
766032060
993373592
945290529
964715814
430958863
24235808
42378762
253945512
689734226
445613848
822222168
396394289
576498087
683599104
861998680
982320953
257540636
57755511
279579838
173957610
842463693
314274696
389688667
505381732
272402548
540604739
271187201
269458003
455913889
180697402
846301102
333016241
573431335
390689506
504726846
417403539
680359177
438846663
710518209
946183556
174941602
441491434
708554323
288980761
684286403
281882830
465263962
343950799
450486438
73181314
403880593
240280845
192829624
751430564
536627676
991538439
355622726
676702283
282441284
75065232
65702570
578153243
605255484
519699021
773661849
904996173
809281179
69107256
89292794
281368390
842671763
324231765
268364209
430064891
760622110
514899190
990896163
137120167
9189027
49896988
349298651
764438219
771765133
138704708
405796512
394630464
605272834
479956793
49466977
814215286
571641791
483979165
175182806
763894113
850288138
72194747
812540645
33322835
215798786
763720265
890233305
451314614
537085946
148474306
829363751
924714096
869866458
333793248
512441093
628898349
608322433
411154894
118691241
111059737
669083647
773089359
348644953
220849342
79450717
963508622
211498725
94582724
253428173
1628181
921407960
68643375
93566585
989631405
32776247
936389707
761921562
840694195
705752476
495567435
280836953
378796798
545049231
477210142
615602826
890801382
593408952
661304504
778073913
498626299
360399021
148273629
301244834
233834081
760773887
119885210
67445433
143378243
617492232
734348338
676800948
673275443
15687334
921216217
7558493
651029533
510111404
934149474
742724449
596963234
430555732
871279693
632034907
520319464
803490176
481795993
527123579
514856918
646831556
883963714
299747761
919604679
804056020
797673130
378587980
76166332
713299955
843740264
609730843
427102780
949614248
665713299
809366870
780298296
123123415
208616150
353814991
387928470
25791954
158142563
541731101
796521812
207957779
621475136
755628135
546610564
865919041
820591447
438862793
282722103
198219245
334305562
842213168
131983207
748441683
613905307
356754930
658243299
261325561
287956019
67028797
997067450
357792840
720940426
936004004
24006181
507860619
263067902
82733198
543418366
281104015
589591473
223844867
832962480
247626719
11843190
519864370
529189453
415229018
259257054
771559335
885521085
904328966
145775561
535713446
922343221
401628814
39375730
434966162
913970302
442678543
912893284
109973118
765240712
367919518
799668623
110518720
388433346
96296047
437780202
773906663
785867693
173024933
24778511
429570724
913768271
907292550
882607615
948458389
36089319
456616542
850145169
939342519
698789272
475362133
207317644
668525400
95595056
681723841
132418749
606751580
796764742
959365858
602254759
417989479
461429852
836853197
767332855
101564895
717735507
936520645
149801726
138128444
595937149
287136607
45101530
507509130
663678301
112926922
868757611
93695981
18712965
241829701
201170658
171963770
936990759
817039063
803008489
458984767
283606412
740924982
516792658
385545512
741144190
912350103
33849709
797079847
618667822
681302387
454228395
406973150
220111139
941077247
355723237
575209443
932478805
519476064
454371988
839452623
2534196
696227153
819719621
893919361
464254195
673547903
432845684
779274393
883496405
666304976
937517264
934135651
138939392
777005217
209910943
823832632
908830687
958197282
886094269
492842317
351011626
616168128
701938304
863483352
3340376
455164223
406469623
166733912
749233041
370555268
448860674
651207005
792448456
785422377
728336663
801687258
937654858
421679129
463198434
976529494
769567164
728046077
831601462
904316927
882318628
727871619
941856289
806725714
665684688
942540610
42739568
122092854
539097222
748247304
273186433
958409392
899917847
134118582
904461977
659368481
16588726
252471422
410660133
87605375
748615826
530350126
285084236
874896581
737836435
556047424
45989081
619217066
576570218
962647184
317158044
173452326
586881727
360596855
198864451
961766907
339683225
994777332
754021141
921951120
578515369
716789440
748927583
282696820
956004216
51814518
628197163
308315948
177674543
765688258
454015782
360090428
933505909
126853139
599580056
783956964
814056252
118092175
8497069
816694394
393060238
232326601
619945170
789444260
207373632
92318901
28096942
826121537
974243193
530005586
528564939
900281498
365572127
212216603
421237991
10086713
385872312
879764200
102465562
51629930
321831747
705910134
277533750
211272482
687403472
753299605
381384484
8817250
205773534
433151440
101027345
857700572
368533989
939942017
850520332
133989053
48885941
141358509
938148516
635221429
332207423
633013190
448366227
919104535
135353407
701284424
611148132
506992719
201093423
846331006
617078130
1363694
991204479
649333861
28845402
467040210
759080909
94822108
421083974
593201544
474001726
259978009
232353623
860456212
208767249
607696959
177229018
649525643
709941606
838966093
953450488
296143586
29269013
57628087
244387351
581180561
77972392
379187051
609857031
891679733
975344209
249994199
764030078
763163480
623278122
728557958
639684893
477688189
817809547
683642565
400656698
593313115
89449901
291788836
900015394
973282660
597544192
172470455
305854096
732300568
6185186
244879391
980602924
258228552
528327025
854326413
941536258
268824392
319089502
513398064
480132157
486001666
269650617
786491613
272699440
739480559
188887585
887943905
525039916
65323093
319889767
797259739
995979115
475936955
588533307
254910691
328122928
729018427
644471899
715588075
777763878
405767416
53227372
714796346
447415658
392766539
613480087
925615654
893296388
612695158
777652823
845350807
432055830
161035411
805177697
952058731
348056034
161630831
726853975
970459669
999337318
517655780
67046852
697070200
385956617
912909489
737766467
726375630
624288
212315264
434473547
556960518
696688429
32705808
217320702
962864829
226264141
655942267
359574288
49003581
354920737
813762310
26391652
86123867
147433431
654879569
717562596
32416455
450543154
483460420
462485709
321172240
283827713
197277171
292039588
727849848
997657352
836847020
174724175
908179083
792920632
742814602
10004656
506520858
221308845
985963337
57124987
447374746
491929276
559304863
192392410
204422890
756902694
174360080
512836295
258440871
194192294
251902771
384871499
259120949
328634875
230011465
446485190
954537793
4240745
614742118
750531975
450119623
403822746
533379435
710360930
58856787
374511221
956591037
693679744
806044018
859136592
670607972
534403532
180662578
287747050
160281862
783688372
144277509
943437920
963439159
450992173
535966935
734259418
619841320
3146557
817570534
436481130
417868708
488859593
73614356
148875646
450462392
985618520
582903844
892066174
323594983
495458433
738739871
779804567
951773028
649139994
51166531
151177627
440377944
565080005
927988690
56781276
910713855
261032501
299268657
703886020
681995047
680378282
647261010
253411193
160429982
895438219
369561610
433359757
291330258
816942638
52999359
582424364
378293345
259471447
276637441
122872749
770668694
146439854
244007440
243337800
92579068
361817266
630833113
418193266
546275362
129719230
785295571
602532553
493270553
41611317
85046363
205938983
764246074
254807318
142998928
637963106
10862515
935473668
731790014
178343879
375870835
326218352
799917666
829348775
680449884
540724040
37032431
915445875
169405178
276436255
702512886
692116774
64194763
424442231
279085049
956775448
45646936
363699278
146211607
251824311
704321700
351574756
609969538
787486264
209034439
33295575
938508870
44386031
26687069
152236479
49344338
647673302
617303742
480223102
514788806
805016916
648607580
279051919
261146743
792665036
465077712
447801583
468025869
207007109
99772524
921697378
240519242
395654353
686628360
482677825
955730780
189923668
60976745
931835848
592088977
164996891
81605105
780331645
455541137
33948551
299426844
853033185
198800654
805166885
354732538
521129641
989521953
409595690
748332836
210956693
554559659
842724004
296877976
164986682
405271982
268871823
685659917
345331330
291005374
169433116
964809309
732993508
236949747
772173391
260625260
843044578
584797829
901310758
125495171
263744791
354568055
987718152
559512044
176897745
930981206
995252744
837060177
603845796
305330618
253063367
738810101
286170742
116247274
963062968
328377913
861032959
808156213
347004641
435227176
991549993
870167287
352249405
636589658
788734798
722484610
139592937
915206033
452200023
170875443
325874780
663610596
308368576
900772322
416805217
671479174
233606058
88061942
567861177
722753746
83885912
689308059
129871110
177700163
597712617
578513144
840487710
54247964
133183423
319621069
500152760
758021489
446052667
784740509
709662944
475125424
791331485
644569249
707636542
654206035
748861449
273889667
730062261
14748699
82971327
752794315
795403112
743341626
389589155
388816903
842820183
688983908
522525324
399564328
925040930
118675222
722031136
566554353
901300402
198809232
779848938
786838913
682873270
660535922
864434178
340784990
928433234
251988216
214658977
164135561
146488817
119022190
36027753
995112733
728634871
306102154
621166802
255250084
141920680
156049133
700599101
667632720
227490245
401174538
250858003
589979322
817319330
208527090
469708145
914622974
976611163
379559014
258291991
378472313
663517645
635190823
546822667
653205820
383564746
133707895
303522414
542378846
37665567
103971002
722257176
254763282
763470724
850251746
271762004
795871474
89015650
120353553
480303177
415930119
22234490
869915811
496412261
385984448
453315080
234238547
573929612
120258218
387542121
428960905
987892245
828732555
820550665
201880928
964929678
188461458
943329983
984327968
63226328
218432584
606159514
869667034
166732321
264810327
696690933
165601931
741809092
385934724
64223385
807788462
820993947
507413186
243821865
961340826
791672926
132410382
140903005
302873810
674768222
11268401
608249361
180341746
535359705
352881568
452943334
927441049
429530655
789361355
67569232
872339453
570947584
19807271
44086949
410769648
111934736
664770173
326943043
120340750
828277555
724261066
828878280
320187462
599368253
228053557
503220156
661419723
810202119
847783459
226076498
824155113
254921273
351092980
201806052
873645401
385877393
839547661
191004002
919779553
681599628
310168668
871265760
650084463
687784337
941727065
208839246
959010349
949755734
647924419
156180016
182039598
345728738
360144996
141442020
561057918
794714810
414248120
152919605
801390104
597808207
78305036
907360156
46502731
18584949
278487254
475457896
971888227
757410756
13500739
609477143
413600560
271528289
912295838
544769767
899542175
673355457
187726094
316146492
664319283
754597321
525550725
728580919
946191491
47747585
311603387
455533950
62651760
575345526
98762116
995892685
214862110
264433437
899016832
388569017
572769997
383916240
192326160
870930604
622574188
461165431
186171284
183743639
669794920
653351091
378154497
427750322
824352536
99401647
852128352
189288504
825637910
81658130
745626029
278620851
887097075
80119406
449269386
712092520
771629614
184753153
699846077
675760561
64684306
179880591
374804916
880628530
722368485
304476196
340915793
595831281
147883506
683510644
649216124
871555415
626337816
865341409
503628330
935506244
249380433
155083489
327925540
43166125
990298814
420214890
571284
952776569
749786153
248164803
294695427
553115469
909653114
659405337
896153728
223351149
941864116
531671671
290002022
772991941
570157276
42169426
598410520
308509135
720239950
753970688
534752173
792871935
471671145
716534076
163765473
444859752
698146720
659159062
189136566
984294737
637743115
714312192
106072649
44111747
781638630
389835072
310517007
181680682
375924392
304940559
760467615
159767423
614035603
926821152
352501852
620679550
774700592
351790355
464323222
354801906
985541004
280684561
211955076
540215764
691408551
240258544
991953338
472562347
173203725
78446209
58752051
960859256
168794189
202865025
587228033
899949063
247292245
580433500
854851001
499905093
497443363
556875106
785992610
367861
839414894
764443748
447865955
737377185
3776396
182283108
676521352
508376738
84495670
615364533
748447773
108661304
31233986
368986323
407418930
339892957
544128473
658165382
349451134
459673692
581673383
302032689
844095424
386134677
399316435
419080639
916982090
505089484
229858091
394344742
695522682
61652062
933311318
872845561
653014696
224997232
609632381
379892448
154542847
265133239
371728469
287540096
631796734
171993638
267720429
247361513
918597568
827486951
423865598
801755216
947094916
459618734
257339593
842114053
915392933
940138642
618372270
165706747
677368227
216181634
582312702
689938382
319828125
984128300
831659358
709137405
347963954
705683381
584540569
831741858
274097495
638980557
27579692
839842523
620751957
878198903
342807450
518408306
233999025
418676551
810628641
969545498
232556694
934705090
54573834
514704841
25444324
257277778
971118534
506594572
802857668
997905005
736423355
657622011
510307795
475999771
346904678
983018379
313255735
111851060
331059651
537564217
380481763
217266661
605423723
248788871
738449687
102754441
659995345
330226500
377559668
868660631
477132685
649155595
371248409
887590264
137283553
860593413
652593896
483258671
220513716
567583117
326611376
478121202
407921567
577318795
856989194
182840397
656989709
502018881
663668298
649778084
634591138
251059839
59361719
904406002
683058204
749058735
806321812
750506220
761277099
657653403
184770442
322431613
777399597
733784710
15992936
626101626
151960558
400896480
926903398
57980175
481177412
712088868
135335305
495119815
120996382
716413147
363624364
778108950
997536373
991148618
523445996
525640112
168309440
963898443
736767428
832615507
945683600
953565513
458407939
196206088
468715180
677823078
216664160
49056798
541433142
547312220
548461070
980073154
140344149
579543650
493338678
102851967
394135064
515244935
226607433
763404740
408622136
347544326
803575893
872979963
291930378
464648610
274727874
213666072
700311122
429749405
181962623
93809842
679751961
341750634
778431721
874167777
515045825
745934790
754041506
180388354
109451280
136786313
442449026
746995960
895413302
908902225
617566772
428753499
167722029
248431361
502261580
729287878
781816261
920941423
993737916
251113937
530850967
486736559
233898765
562899940
795555166
775591776
965650247
8391655
622514264
366159442
866214820
843596262
492210017
662415293
796759526
905809038
234427282
373709696
356459749
182902525
51852373
57507669
359524406
309203270
250478809
702214098
662962820
46887969
398806792
896861915
435152404
367368742
51142902
376693674
36935774
986373586
532683276
954600380
553606018
849755761
191825002
279687415
179662872
927271538
469184888
105477260
855597704
347430446
967713343
164833202
516862527
183732274
793429559
855071343
982230286
730804521
715650796
608743572
509463699
368082065
597185202
425534614
892146325
504381882
238083660
497174138
212234244
916996164
85186056
853999225
538190900
831390751
241841518
736868948
173155763
402459228
171867489
385714793
781862667
482137345
752088505
306958311
577237425
359069876
31276624
188736635
12952222
721497285
515262912
658990782
535531765
778076146
136017195
749776827
581861978
583911059
528129829
808580396
151692438
643045171
324817262
447334241
936110147
188072089
56463539
379296376
42282606
534811951
695733301
945087598
189354729
621005627
453903109
524690579
595559844
291106843
100422769
434248597
134891834
959421322
988797278
961269286
115435503
395285748
828702815
402036322
398260421
227758459
476504992
831138628
308733311
32024653
928197085
833985814
355365956
944550513
668154789
966594412
295759210
161136618
268333415
142191010
132058185
669922428
659447524
309726498
78030071
142068165
132393917
481269219
939650488
111225124
980078277
232106717
292376297
445171076
342445595
479475501
672946557
680715594
742577936
655325016
108058830
22051598
426774226
845485415
342737306
721870420
292109593
305776702
331010629
591308720
277046071
696252152
806890228
896686299
512908879
270464835
757979991
523807472
556030215
960373122
362579952
492493820
17315645
688299523
186668125
196076424
52349376
377811610
234172746
421556139
228107716
689672388
992708883
32832130
824668666
209987005
955488818
807908026
378442122
796370240
362186193
950663624
846312201
33289886
672014315
785789558
888078191
617598923
372809392
978409354
521155926
190923676
441428781
935648765
226800717
457352470
990317459
514052267
722615858
414177702
167673545
861983950
393901872
231792869
828466009
338445786
364236733
601993000
62166385
634413267
183177802
228149739
738024313
282239488
11825473
422168481
898444512
195996644
547722946
79962910
385329565
744045502
422409441
284496135
353396116
257669096
812544677
235070950
998008331
801965879
84484068
603755275
16009648
487409176
724351238
891616783
717587384
339464903
774835835
454636301
845908833
414545317
105565945
55218153
657235861
606749682
402916227
906337562
350639190
747437828
849002111
265769043
382154797
339601303
415619083
814044724
902052652
530713201
590970851
591457783
538243429
310333297
273143196
176027693
243925781
532031085
549597281
397257868
402009647
936707738
625800042
261959114
532747505
22203228
247019306
779582902
663964027
513624996
898194215
161208597
462304681
210900931
863346241
287828120
397073548
908210910
712449969
856070182
848157354
302213687
872985341
152437300
794209612
875442821
523791436
49667028
499898539
792668130
996519871
890174976
611983632
122726737
141189752
225677689
484351828
621392862
536834159
910080695
759031825
431077159
588099989
968379573
179260358
670235420
984395341
878761370
444773574
678689506
335169107
481666921
765562762
585105611
925219492
56874855
215507343
772697555
885436501
655117720
592046890
423814526
965089052
897261509
772365256
185526343
264354886
776566972
623938177
864133364
170457012
249931496
831812171
948772845
845561605
977547286
296262064
490616014
447182982
664267379
536663554
730008474
259884242
774058337
920137606
706811845
878738652
309994343
280445604
17341707
873652501
64798236
713494772
91343251
30162578
208811704
819601701
684717716
313434578
46771813
872672740
254646306
500744155
165281252
358786283
574659194
681593578
619078578
405363205
496681874
944037174
885786904
109043355
848462492
899117727
426787346
219341322
427263851
142919800
553568268
360031021
788160373
811945917
519019713
52095621
7376744
858116739
739078952
387626127
73414127
241494355
718417785
620807122
135023292
365131246
994312326
705281459
860587204
766844094
998867729
215231079
445547273
550618084
940994680
886281277
715978640
382890243
936267814
927080684
696701544
422285427
755227554
126917066
465962520
440441341
288036724
797106645
316220795
421401312
286154150
463018250
842955992
498733210
442346576
741629732
984452584
926133286
995914872
326438951
194143232
454515636
777412983
715088804
144856226
551188218
906188582
341331238
805304637
21303340
695859388
65124094
708888779
793547666
48426036
927474889
339750828
347455746
700765386
649111162
532633132
845337896
631079982
265723625
784272550
492368578
345095517
425477265
242060963
75817479
641897312
836564093
941635541
435300856
836053000
561462034
121683547
681240324
264833390
791633474
6471800
394899092
420938023
978222273
192402386
704569121
3777119
652971484
849403325
895393833
318689714
765562193
184806758
122083798
891755880
17372738
910013869
335277000
830720117
421783708
156608152
452363650
915330430
347858745
932973361
652541259
387561427
481564339
229645489
360791816
263105125
323306390
464292151
756077516
763892268
748406496
839822574
463900690
745671883
264906339
300263174
129259430
75457426
388692659
24512510
728980824
639504615
51195431
620593636
786009439
772164875
116687399
299645328
16438076
138619588
667903670
203683155
503465072
975500144
810273055
880494936
753821577
263484157
151997147
884332173
178899456
257946462
761020749
573065665
763663638
535839050
931059716
476208961
391630490
332108727
543715677
798849667
727213560
773003058
848444858
85414987
989302470
366721579
937515683
256732912
500820759
573391455
101480715
381914901
966299935
752753124
901408793
387652595
954054548
132351946
726913680
485701241
593171791
25117311
403426632
420525952
429163610
144354408
884279582
5279591
413939178
940692249
529826663
111564201
865927536
575168458
268840730
306594252
342937649
312857642
89468296
742485608
30846727
196859088
726694590
530620693
226140326
139403382
682323746
80825814
991502361
261850295
418974586
401154035
412473885
458667502
763554848
117729298
76804905
130514581
396007196
44336035
153821163
873676192
218174117
731646343
497277136
828625954
219838536
108352455
752879355
221873711
650539513
447080987
349349120
712517333
152412780
449074631
697329918
10394552
880751243
696138855
956002737
123871990
301534337
204112289
312020395
916860581
524097022
814543458
100071125
925181052
265787028
721143207
620229723
151820254
35103246
679743180
762014794
907667387
142697746
977161240
560586266
238429369
833757762
745662080
295849171
473391574
307789143
55513512
559198160
425190784
77029253
526514704
367607019
37980523
203927780
746376568
704243275
838781319
971864958
997728904
668021115
185751500
681197998
355048501
455467479
278187445
975485205
377748385
30152620
354898413
608680271
926241659
864782646
584294077
187006824
485094160
730722473
707692597
839921182
474297239
578698757
989155333
964600506
477251645
569687190
728676498
932714791
550702963
996121197
440019094
881877273
629419124
611384765
94407389
788672132
517495493
722781093
151617643
735306595
319833188
417953497
561029517
537429082
499671917
105982179
12565624
589663135
577980463
811468934
94422668
835993452
189721366
276742279
405673863
379657297
712490511
17448001
548936072
336533302
207412019
213489965
867743064
948850645
623660197
225498630
683576195
318777379
584709176
698809645
754020807
231111653
184961136
390009947
17446845
15615165
647765042
255229347
895737567
629860024
536846623
203097780
388348352
512162339
799450046
874826124
52657854
431478205
887436394
308437667
502291653
23865404
899602303
560918075
834324596
765539608
82510592
851821673
316043379
418808460
403141654
396620767
943777881
500418521
959766190
114149363
733602985
576172923
171487072
997583988
787321068
171063008
840321093
234718186
825536803
961005002
282428385
1423565
564280260
296121603
944808494
59674576
275179507
134905596
594315925
203072189
67666708
889721203
947584975
425734786
807020661
572199916
155028492
902368499
744993221
609476271
530379221
372025350
719530992
450368283
219743127
969138791
729771033
762187580
505333645
201360574
139077450
182069616
255823741
287173882
846964437
816137648
682704618
424616737
569691803
298221909
325129635
38108134
289708330
673782284
757560317
740461431
950333333
585305831
594565161
589052296
886146041
750080956
418343222
89828456
196754494
962161152
914951258
478366059
575744588
254682366
324264617
896338256
268624058
610693471
773924194
992229128
209068177
37528581
337298744
193403084
177163939
589404349
257011988
288223231
551424332
196644465
602803821
441453585
152547498
198744994
317389140
565303112
742980250
199570858
325255371
20879816
758674367
985432879
857202934
43808220
245274453
61330255
500647921
788912436
969959619
775049647
476041923
284789673
580909418
601913676
986181889
697107950
552634299
81458849
919379893
510314930
14381288
609053505
789953185
754425998
559728885
252285930
976349012
865767649
982209430
492163696
597853943
