348993903
17987601
91298456
256003200
895951138
983750434
676231421
686698374
974660145
256340049
29537746
718384768
780744718
497268244
436479054
55744454
177840711
994377163
589518426
799541548
615521825
850759534
876295908
855512503
477764829
325503831
142759301
368137908
588023528
814136544
519365872
10603910
373243375
511088205
890281656
236714275
757890811
433954925
753358106
955726309
705858650
782993229
692506799
395330429
880425874
888928024
843252115
363328066
514305860
278525430
802379879
868326345
723605602
625805553
871937674
180419675
350199586
361814295
202274339
661918762
691145021
505551475
216799439
988999573
12922193
495830625
803728204
606307018
481114391
344032950
264157781
613002198
799517782
981822762
516090624
718059915
380058136
340158214
81857680
340358782
725575787
534925795
544532635
387458214
831538170
153628176
467606475
520936485
831382324
404891532
800739810
344915529
809278116
766204046
233050915
280422550
567315847
293793284
278070295
685045705
171564574
933506988
900066230
406965196
469495612
844965903
244643704
163631649
653825905
19032627
495326460
474514457
419080737
269749563
324954629
472931682
311309502
616338037
112291492
585335130
924197744
647504562
831960253
816999763
323922762
670213055
380139650
608263178
638669630
57453600
17103396
528645200
829258094
708159875
123683184
273904308
613125708
70168593
360895167
760794072
75383511
821771065
961247296
88947767
980841800
311823837
827003493
194391085
917012545
636369656
131769446
95804288
308566513
788064190
51515516
332565561
238232561
64989790
5097177
589770595
848020469
192658407
510488464
75118012
85672360
363046860
462859686
321123036
537072353
153409883
722935375
558957700
381277032
641619618
601216701
225481712
840226730
948967444
138466087
607527673
901936293
623134444
746381171
985537822
653254057
125518601
774790478
747788895
254093076
668299358
786253013
217925325
582812834
608684814
626648904
720569880
114619941
774236316
364575313
532313133
826558599
342991155
410611454
708443975
747164130
246253622
550239766
244688255
227288574
974173986
267847116
44835177
643891793
577670371
994579889
743472038
379779710
648442109
310320218
84790159
413353444
832257919
9668991
722087761
886928559
947911639
196184702
425470004
133040154
392904955
104322866
493180211
47660771
391922239
257272045
692419537
208564324
728703498
502776587
47052119
428968622
354452088
60708317
333761606
99301118
901721955
227345756
196502925
389616513
634847793
966647686
350624449
189855107
555707489
740716942
851985922
872509874
251991366
363591110
507298389
78282082
186836323
60657352
433927306
516308653
546270793
51714143
42590958
751142457
916489968
611021883
953045954
648943842
386806057
106436673
76211492
158096440
433349538
18917681
901886025
686636124
286912902
171327347
576145469
59060932
176052621
745497065
820321817
373608758
3980771
319948535
172228816
404160773
671506957
341871426
998049100
511964503
466801299
666879271
770913310
856319280
241794385
64225928
535839896
924020885
865514385
26661227
306407719
669257321
169085910
679678771
90479805
571610672
476990972
626128607
419882042
87142437
709864094
949314440
377086190
805174214
283468355
676784913
295354780
44005092
578290899
630900021
436988199
761771969
119830685
100726529
689934320
999240268
725357750
842315836
702224626
374916913
39745221
104129818
950326930
118466023
990898125
48169481
17144773
426047805
229842922
774192645
15640840
659417181
829425664
944413439
775741408
81215207
385208663
922823867
852718751
650340695
803054554
8657508
394182552
952862566
936782812
15526228
744989346
658647966
836024294
543492074
855182812
240190952
446394773
607516683
938258867
164595411
728574286
847162072
999569214
823868558
920640558
563655399
609044259
25586195
288602789
707113294
7326899
310159845
718257304
970592161
881807075
492826845
323619704
553725416
176972696
246414432
391049951
636838356
55092878
642983286
377901119
624569563
87375384
199772753
269787056
794839662
698584802
148147996
748048015
905814651
47985936
998081622
478245126
159577065
701216774
271969510
511912847
596593855
603788583
15427754
205389332
144577466
788420114
66588899
453789097
117983570
441206565
696799018
513027258
910226866
519896188
877473077
196869625
633868390
89612266
973486793
163751372
91483466
186874648
161307007
510877449
635561661
296823691
187640671
321182870
701430266
177707996
21259687
153020940
276247949
453027335
920841082
587453229
853592481
143506459
468322348
456332226
226957867
770169871
583787591
840018017
779019932
655209502
864391469
692724005
236900337
175859107
345420989
468562319
44909805
750117011
721720077
406411917
325155976
751035181
524927706
162342131
977404512
584141484
424777715
576482803
390575211
666368320
871835451
800295605
139996228
22097635
113289600
129179490
872766968
861805947
866432099
392234924
312131364
300025467
19031438
879075016
36601067
533048676
302160370
849736753
842397439
898622809
257432747
740256134
974754605
910509527
365976425
767191022
778429281
98360858
485187758
607787168
642972719
783746585
823009666
14800520
604458817
835846991
115007264
696174106
75181751
686226755
97037139
625904045
596542220
418483434
989814073
893503032
942665288
585615941
756587140
411556483
124829593
146097517
901237182
460037979
941716149
922001575
598768066
588713793
148724752
833487032
718922179
776519580
160843122
671301306
37462840
355103822
723973946
138186225
685171467
405330622
595746469
728858292
978377362
725336838
354254238
572166932
786028444
22062007
477601513
761055341
938705105
804805473
538379211
641012027
202214931
434572699
501493906
14630160
240527204
884676200
831461294
524550245
872901107
720985502
930130745
844201910
687365550
231126594
28039341
128927292
522381058
643265805
396928511
921961346
209469925
551018730
698257366
323095098
840129055
827508378
289788526
762052245
491185608
491097106
403423052
440207004
513339619
785392273
572143429
395127271
60450866
414217921
464897611
45437331
381700550
185971128
606344927
967572661
127099747
488341992
44440294
686026605
183447848
28041395
206514610
100185643
506381243
448611845
457440216
468472721
649590081
725967831
88053204
325334644
307140285
641813006
752169271
558509783
880981182
634567811
75445905
250257831
769871757
655430130
523733263
118509684
624765560
741462459
257203877
213532367
996050301
241710686
410355123
556145649
780844299
248715092
760647034
157126677
151447759
522960384
524384296
688044176
470480664
125091383
910896642
480098090
490145291
350619817
509040759
838564986
479689451
749004666
654383614
519805899
512380762
473175034
872168463
660449156
256313562
36974543
342892536
9884250
770400693
153782161
60930946
255520995
836025890
429655132
44176181
115329207
924581451
8093373
331707152
451188944
47250894
681689166
491899236
760957466
900013549
734335812
351055743
125569500
730446641
634378286
663489980
551133993
365339564
232561601
531525478
705313070
834494884
960402266
907645475
196223689
877205557
98160209
378934730
28925416
883454356
474329981
975563616
350518163
190974500
840198377
337424048
661086742
748103410
565107762
718141534
417159566
937653267
553331962
977384507
100446017
618966984
822154874
60307964
34848278
844043966
317174836
982579522
782413550
740215726
807866663
596713819
145639637
462558906
711203451
412234349
47078088
113454700
766052585
349860431
454855367
282850604
63482077
925252462
994554868
649912037
520766622
909289216
786691533
653285460
470262341
967293815
859094695
27602762
514869508
705561925
996193076
765992479
867384477
294754664
590354243
439176334
973290138
607333807
933920861
286341758
360366851
379320621
245635982
845300682
661261355
904381829
598587663
401513582
65578393
77621221
371132388
949109429
948045202
482170056
877745154
57530634
935090890
330341162
517688994
35578642
269990120
747104462
839519623
288581612
599402024
774699472
30527226
214729175
244332179
687236941
856170953
759458724
6036155
998939655
946321102
856927827
171301695
924677964
752872647
571685118
327787950
691682852
106188608
441477208
521275964
424618895
253940956
993738652
938286852
542351660
26819304
297289089
756741151
574707883
373664385
695841740
346701541
813802100
684444689
732405869
70681251
696387085
879574501
493365256
864155860
112160014
602682954
336882216
438618358
822773519
410928958
787766733
297848302
235120338
930700626
214745824
728547304
73174093
659139042
835849036
424867439
518342777
528994581
325177542
542854795
581195244
595486574
490055768
28692288
889222571
999261484
114738257
985762090
403874805
373847895
496137124
494244074
967380367
851613254
197348007
213665764
100725634
626357591
11705864
435726105
776442872
473273226
558590423
869790938
420487377
684220217
733928780
676683824
669053055
23393575
186008603
234880476
85318136
437307709
831847965
319793279
943633241
542738246
667519713
553363804
77370676
212164373
862265234
941438974
174749801
781126400
190599009
811030349
928375074
320998709
140666500
456469149
691097022
884916676
777218882
518657857
588813815
47347094
886712873
166934699
835945724
610159551
86341173
145129920
469297700
627860313
153140417
581156419
365601019
733803528
825343486
896053968
857111456
984134900
359185770
302997914
492930578
725887892
253190923
364234638
124181878
664266445
978421680
581736043
8253915
749464311
373944261
633969429
156711285
782511366
258954749
423180634
840133936
944131126
704003005
982765001
47142954
780830020
904112985
966726963
898154555
882661740
323999532
762283364
909710870
347993374
532108770
153178549
860895087
739900702
172897509
407812931
587796076
618858252
399869328
642334596
589247061
424918718
945955433
953580259
870342506
86018277
460072608
947210937
707816320
400885934
24564630
248319001
531266612
78975388
245148973
222102163
937735803
587271074
602922166
205134780
203387314
376998504
853527249
430427985
14952111
224973464
287854792
172967668
84662272
237642246
681664038
639796013
699803815
638239428
738265560
209183202
739710623
488174622
29348257
850466538
741437320
727165761
803880483
324594583
229550536
552856062
56238466
868984240
812840657
287251294
754909723
929027600
266648535
407297067
888317003
326949867
708358568
132653327
998584110
594373725
887471647
740400481
611683767
267968726
441315199
506943454
229957269
557928362
281721056
210163444
815970800
707489855
410092081
226603549
816401412
600687195
863559762
957743061
928157244
696816571
464038785
309840257
841218088
714287234
159994281
703581551
518043059
472481450
236736128
937722984
122212865
383125120
394210491
987934688
286165948
207148906
29886048
165828774
160600877
362717573
139112058
871583648
193664721
129677229
519628730
244281487
699417060
220817162
809251616
941206275
673927599
449690067
178124917
494496244
530382571
415086310
710352475
33958334
359912797
722867571
447634152
415405918
778607074
662823854
171501018
78482257
385768980
81851095
596983586
782298316
648732772
762851467
828109502
784486209
157195808
289347251
403498192
401224123
837990857
947430973
173536486
840385948
274119141
749224124
319772886
721900608
425374107
849114564
134288199
690318494
405978796
392473679
188959122
311270295
428885234
162249502
171656218
165236244
964263810
384102468
408259744
893953176
793343097
933290567
838975721
726347123
769082160
240771522
932544087
919779505
168953584
727189568
439680882
139467319
758942013
896524733
429450028
720798181
544703596
793892158
360477166
164534373
223207348
287023930
839448883
734502537
876122577
417841190
679106783
49110853
117933084
118050066
963785491
77103889
445059353
166976936
864733011
399067458
380057549
106951295
814132311
378603862
189746771
945626739
753471989
37638677
560415898
721125191
471503284
486919539
288406050
465630437
426480297
67723635
157895721
618346968
549070047
922009678
948268937
835287057
465985249
783611397
495161793
701338977
586112722
949955725
997968349
940439297
439780839
617891102
498953786
412232697
3206247
509288261
170552645
892078467
347373922
911636229
410662608
384616709
169616137
503447393
301465494
219798034
461418086
759020795
195288629
560121067
147793435
385138357
542462815
807895867
56234316
706486322
903508968
992435243
390397315
54600625
458463115
795065617
979612418
517025478
518004040
792308282
663834235
18825604
231054836
288286265
681350429
954679247
912082839
248895116
797930493
409318429
773337739
431167611
8142168
50707730
595488423
817926264
140415395
331802958
181845909
806668781
105323453
280084658
382037315
388968094
730688660
477188405
224491739
529922377
841924097
218409453
275833902
593372337
927791488
780477922
731190903
721973099
701022232
457377691
317964510
996391940
320940524
255636889
326175658
535589696
976670348
789058384
917688156
28742986
332448751
636143103
152765335
22668051
560540858
39493760
318717744
853986752
452462461
458983365
806401357
34806654
235899188
264304585
893988435
264819444
31154329
340700711
944564744
109454694
522599584
6693056
150979186
770089056
382122238
974611011
257411824
254031637
769631130
382187087
221054293
844889421
530886335
128937727
641058369
831661604
775595459
309726071
584770390
49175354
288740319
813662233
190624967
316534081
162624069
660147429
783116807
865486668
386268565
25213559
738192239
949059513
254327804
908631455
710522107
147824629
217354464
293570033
360675362
645061593
307674333
952354121
120405084
222041163
274056553
387695250
314720246
396883773
774979913
837763414
804754293
407196150
619234901
849147900
478077218
194848414
803566400
368846802
123683906
274256065
858061358
974271570
938099352
267368327
367242479
487831948
9877656
765825754
899397341
328660595
48980775
904612142
499921618
251421718
38690277
628961971
239293235
905480211
66100576
468825469
544383599
294763328
154275003
585508931
100840198
383806938
29402518
610646852
373094300
190348239
568633750
273769131
39731345
140645329
366931961
622273264
781674128
732506273
880865445
215164684
976904492
381665147
687119360
300464628
793054576
365664948
322774978
545152324
768924741
998846148
441592629
688804722
346432146
478434530
935728952
67578188
464074919
201291714
519685863
963917506
450474069
308284858
8909614
909089349
663425496
460623314
491329370
232091070
703025496
845577822
201871485
837569941
576669555
432105646
888813791
133966280
5276652
963374501
752418819
94256710
41718214
874914958
216801945
422850074
541628271
995498534
8587253
633948582
611917478
242113615
204818433
661274963
219513758
826716660
234221156
273528748
963728716
489355736
844874781
913029127
446678467
932351209
728161762
916667592
547160609
622940349
146648439
753295927
172082315
744567332
253301047
614596277
763114269
52895464
288536355
27608924
435110003
908707418
371129236
78696987
327560168
501921447
734237502
315385537
904586108
68900630
766530066
476132162
927918510
48616914
267865745
699279615
698556105
822848314
55772915
398430299
256083638
678830890
899644505
371576881
64848023
904954926
843314359
758562845
415520064
790587291
13245573
849247314
818299205
823784971
249464373
608437126
209719327
372842470
791112097
158964347
62022743
149234403
943746083
531963347
327807437
647786232
40170667
621761275
466159010
608993841
646322394
190240839
415821645
545167781
673564040
455231641
938035368
470988906
775561368
84423526
709930721
646720231
755182590
77389226
604737865
182786007
297919185
661531053
929605093
453418522
577231973
808193009
277284471
161131867
239444642
700899529
506220605
99918277
968304181
694339809
392901309
252282358
336028769
190697838
202684667
184803537
564860573
788727300
79553326
499574944
605432540
454358140
688459690
889913193
923709534
780517359
762618091
465107520
122731003
39083903
628727885
899079701
345346740
791971074
66539713
144618734
270359333
747279295
182468642
868048920
437914439
583224743
927677107
784671695
683960652
787754440
838784731
607978856
204316070
826998941
102558075
675371101
236834643
563577003
50847383
674308348
447328152
779590829
780499990
448094605
31876843
758456516
917554836
433633684
324280278
727157861
463372888
791598968
98113093
4299620
847846568
562432102
645226241
135295938
352423343
140631755
451027388
807302242
31529541
608520603
739081304
468888089
814464298
958605748
588554573
808395638
279055217
723043982
96587989
210340967
405470616
906488258
469910795
653139525
639937104
875951455
11990058
410523564
782439480
575773882
599283005
884405163
841347797
801324141
644144689
569931557
389746848
120368027
618307312
209377172
959633623
182891382
163474493
72887160
922406405
156491103
155263208
797793385
453787988
906975175
182181044
696129038
640057022
290300656
904221523
730072102
635593179
811668109
985220453
27563238
990527920
271037004
632307726
339104674
98384404
287160011
602573112
627917707
783585481
112465591
825289236
148111946
279620007
185587986
43761871
462266466
136417252
594500707
1571148
941451591
937117287
350895459
477342153
466264013
783897267
906118842
648527467
149041725
719703482
573333265
816100742
905732623
557660978
71100384
326923041
258761295
293072339
688514613
621294270
596443399
484665460
135617638
340844931
88917021
542524655
471021113
618973524
528392025
948496417
146622245
205630834
524381867
14315877
884659086
264753527
730585856
254390206
87927730
171660292
414315748
792732633
113039589
435784971
942094103
305151028
6974739
458508297
231361875
892868331
292694200
832381190
461662109
446541822
729963217
621199260
790154230
133337966
785371965
943758094
463662551
253291255
464327531
670996609
536449349
982158314
457676661
871592436
250709774
99421956
325794812
864827798
637085630
72272484
330298564
754983531
31405052
975322660
436672972
63235939
266503986
532495822
549351262
572730471
506474708
610494227
177357026
951093669
640250071
606504456
831794562
961300964
784449465
478952925
124076141
99811946
917530929
943054294
450586546
915749670
528056619
667716576
914505288
396519901
688109570
922754556
854008905
621144923
36522910
706305038
291093451
836343509
555875153
795538064
853431851
436158927
119670774
297021371
24067616
531719195
71090719
799182738
430804302
903539146
827922264
86135033
116399290
742288383
263818779
604080591
395132183
724379225
536166561
506997223
345412101
153853725
614001670
963198753
18901671
549451053
781764250
883313590
878908870
367254624
83653507
88600807
387322576
502878612
628490051
433302282
748113983
120221892
277487922
567583786
266620658
196875979
122541115
690725538
329777306
176234998
480983927
338427790
860242881
714274228
743761474
830656108
788289572
547680024
340029102
184454335
47687295
323582762
761099273
193820964
741430195
390405252
638765303
773692663
49000139
23850270
79011003
6269302
859566544
531249899
539739898
71329784
538420856
836141956
991091825
160655664
230711726
693316577
357837633
778557803
434636291
624800360
400338388
286387285
86007566
549153947
369006804
200251598
425773605
553014185
670371387
385801039
637989596
867504526
62144752
82391221
640799528
79653126
880164418
748444588
51961843
616481948
295159696
617480361
804634347
241239213
2666981
945954212
266493351
513948967
34490192
758172061
902153258
670785992
494047378
106808518
109381405
199565239
595114248
454136726
352086552
614835155
311570335
493251746
520896780
968989428
133074700
392225366
48020744
498847734
214366090
283747860
719635862
32768430
578941615
202742535
664471432
155426095
907557813
114294408
460732815
920722350
848540460
953072332
111042706
763754961
74263828
531063404
236758089
504936878
130679129
907212456
509788377
656445791
270450181
359279975
961287781
229889671
202661125
222967246
124864020
800824238
49608967
559127064
279990073
509562035
408847270
91130495
310086691
112083114
876484133
774574898
25947698
909842089
416115082
657804975
310481845
420981504
472600117
156589563
857688068
245997958
649509678
884764664
598873850
868740342
864272513
161246696
948126781
850619870
553204538
240249548
381461336
736473066
605746061
846571741
927228555
358091808
656989348
441037365
781194289
403711114
543035592
138706901
885443921
868841601
537840490
421094365
868421243
378394745
901021901
779064672
731904842
807322716
789664772
773200261
125516993
410101894
143422213
948626305
3176461
662491157
781818637
300440242
384030913
274920616
814024279
291642289
769470600
11837567
54562095
193028988
268184127
16840034
388114937
407046872
43989231
249104611
661367767
373774499
207273066
202187812
825621748
44745369
428588139
747729131
302448276
581245129
370226501
856643527
468725086
142729668
991320740
305101567
862138092
287239557
264801581
773598339
545898566
657600505
776357749
986805762
358333782
899896393
429494120
550344836
253944992
42291039
516900029
270013834
528104982
803226193
31248290
285745021
31818303
46611943
724685089
309868231
945976671
375660250
317146578
100446828
92314524
586740531
504423623
949705140
89076379
240497414
978468331
964250163
665767154
709411875
692007012
815792256
767018918
603741370
189279298
326930681
338554971
668224645
913709757
311712346
330219255
855063410
448558358
232900355
323427511
792675572
889925593
496222433
860475351
202347977
176133897
744165105
949990845
952287267
375100397
259830291
412368986
745280799
864439411
28029286
692912090
524441510
49090732
532972885
359722725
477795104
394790243
672987192
346482340
224252762
58992079
593443861
677950207
540496137
502590016
239788112
621949702
36160284
616779723
551762832
384192283
977677311
364209352
349871784
256603900
597221337
11370778
239321159
251154272
851359533
499597898
927104061
931694542
907244460
378644281
600169912
72929523
975577485
211078953
958613283
941275437
72866582
409717875
396356956
43662795
17834147
255941230
68294901
634471960
5935665
631779407
272124167
689083172
900979679
524888566
98710273
287956683
371804757
717526542
148899611
346911809
798114893
58600534
591205901
530316827
839205448
307216924
588212569
345676000
894137630
115332652
678788441
267653242
771840053
292223083
756647607
278008610
277472596
187178714
745542712
179322626
605138200
356666020
653065751
16924860
330090482
496040211
139880290
478092436
492759330
455754452
907456873
538854549
120604019
124819352
586566011
503342189
309029061
265680765
439976524
184991117
762605094
448939476
418766325
604163754
698312265
616074885
354090710
860457521
719680307
26678748
896194467
381601234
46064427
307623161
336590312
294058897
141360584
571174209
833416331
190314587
513489729
170949916
6291592
388358568
199771023
187249210
753666062
212691764
426625544
659363639
256638972
972197232
147999266
900228261
994900549
949195554
423434514
297971015
426200520
692202864
163841427
257746619
888161063
527870230
612878910
324485221
965680362
527451389
609027788
933248548
769546687
96874542
454617050
779677136
128313319
406619266
45431226
521663129
907505003
909855414
227133229
777279958
231560711
657973322
21939762
316686536
471963075
387902333
264225887
78442913
771375181
942563507
795357288
829852777
743262848
804936468
841107207
274196915
684429209
270276347
788834262
127904658
673469101
233623068
785338272
699841299
15768994
248358378
567048466
56374824
14852504
665855686
51376905
789279322
515823020
500114596
595829961
325671418
639993771
966468943
978043624
829569717
916943961
354125708
738038821
580476949
606898112
83366159
288647758
773865309
707237022
874898317
48837679
977120158
727878505
367117682
65378208
504693071
746972065
447789215
106206343
502409388
545707849
247980995
208730541
702293838
261796512
414995148
612885459
791929549
693815383
90621657
373949913
813554653
223047726
765595566
702629918
638939763
608804422
640990816
488979306
264836540
136220695
533377200
943687423
266839329
707049096
45351346
577890972
949995208
85110066
526114997
596301352
821998804
440039258
569972547
256199829
264083275
747064131
950217236
273257692
37539876
838845451
791908188
630779848
128964960
194735517
289193183
949930358
929073724
939333693
969039753
32358494
868878326
894319141
672265094
438343576
2887399
440084506
29943827
762821769
884261059
29245268
413492383
947035718
232358745
978724741
862621560
803000835
496032964
166120019
430370645
827509260
675751420
681478983
397441021
626258500
183327576
608881039
540498499
479072888
952898377
160123818
157935044
359369416
340275544
238458861
319730911
588451484
410417104
405884330
790078836
63961369
513669979
527771043
863926235
412761031
251702807
630105310
813432231
689945055
865276845
126340285
395040624
635996651
910689567
505608472
680146440
368156833
704499610
202442716
371496761
314028645
645428095
399945907
657974245
78612505
175093168
331736182
370210989
313572721
999065046
767943042
924684464
411325556
605238780
483146967
465667737
866006312
467381356
718851277
116602235
744355181
577646152
527188429
346915778
713647784
369238371
510432205
622607000
967160734
796080933
59227431
452626707
487381997
611039080
649688425
882092743
579429325
920746886
46845829
47346951
427199519
157134766
536711901
427754343
477407192
186249703
981656494
220925552
849719095
576454541
634748671
127154234
648757110
247763248
417974105
330075764
326582558
469327683
721705272
172927104
540250343
376288722
974140811
132365778
391356513
463379658
109395188
399324094
705944882
94837749
618697923
293958176
928314941
234576399
519983149
186990107
861419082
319719484
13275847
243803040
246306922
30170710
27938447
757373013
310536838
851981960
895005319
652754633
280281648
828024596
896337979
736751200
130026291
293618659
542277192
869479992
697725222
495318076
874529514
179993375
506194508
600400929
433476255
537081701
309095057
654024938
588603996
189591521
370793364
260442238
190021905
76282931
998166850
676657377
6626534
969617744
333412979
242063588
451332494
206068287
544741160
190133072
731950186
782824386
709606166
809113237
46993535
714943125
89987771
885887646
689128204
831779928
268405882
711107903
637042699
488703163
221336866
20754301
825573916
937482262
802654533
567620624
655868912
460475713
988279268
746483848
10306914
452898893
624193609
486960373
347675922
585226321
844509046
162962004
518132553
760584463
374189009
427844848
58041697
435709061
281024406
802780758
298001399
776184053
121744153
123136150
426026523
283480034
995456757
758847893
166530661
916514654
974173165
740041616
747258024
712849869
796737171
351574999
14903151
465046134
100817077
928829123
975066543
892844423
941779342
506652959
162218583
651354378
87067031
347277650
414810785
896908773
914268243
102462976
262843515
212469442
293105256
653791310
631004152
161141125
559622207
539756035
668119383
160547047
351214933
372885909
617702402
903548423
974818019
774972051
163632540
399847761
110782924
449420729
939153632
115823069
321172605
127956597
99112666
656431553
509045260
365100934
797753269
913954528
649054575
148888836
207387995
801990132
938466746
891202140
977284590
576243724
264657619
677785579
733235249
374621087
9116439
698189600
270468675
813176099
820585575
570222450
739294122
212264665
405493955
669444190
755590488
452433533
555688253
167853398
588729154
601369318
151545776
360899849
473538866
20167289
789580662
38547143
555385644
206230564
580076413
137741996
128563865
532497844
553948007
831347790
124348028
600104100
876452210
138426895
629782070
84090314
922641710
955204351
86991402
46470893
178910976
377594832
48299051
213039499
115666368
479529524
199620179
767118702
710555159
174894587
320727460
175151786
395714204
179299343
607244796
47337078
706221384
364183089
723320557
852266242
43623278
841907890
786254424
52908930
326213409
810167207
141364357
321800901
229258354
509677355
917792417
475601530
440970423
21895570
25076286
282017253
523621563
109428780
885977518
474640806
56389051
197578797
284693451
720807106
584854748
557502718
276589551
460056137
488360373
497236400
900458228
650836032
220021215
970093009
924655890
215631176
238724549
679678284
143458162
499279603
243887562
541897575
548321718
377614710
100745550
40393385
116889153
855649340
730205289
872957535
361763958
914073602
361934399
490594632
47727601
547634838
942986642
786921759
221179179
707754724
403482568
441736911
648773508
931801531
244667291
305751819
378832476
706789835
973961505
326406435
267107443
809957633
42060563
456277790
11766208
290622582
281380677
361062236
872809191
430958591
343768679
542311253
856696384
195112907
792450487
500062726
66553198
93066345
998399051
496738926
656160836
365167308
622034848
961833548
195926557
851779395
869761677
135692255
727032624
243209706
298806442
291266479
530245192
553665728
6544468
899577332
469380720
588601289
761417611
392838799
678162032
18044280
157852075
345065993
818877278
156217337
679821098
141450116
836049280
877313523
326901537
104233970
899146531
888446752
325425378
867971481
38675690
370546184
953290066
928611248
411472585
334956209
598161125
374923069
425066485
368193209
14731697
972140828
504449376
773959648
130168803
112442899
272246886
860528279
142836461
30517836
129807761
36848422
773033835
628044748
324117014
792003443
406054205
646189948
167386584
883239882
369913814
36615556
80870080
494654555
771103708
170761906
971312687
407707252
850276704
333739090
57546058
575789254
886998156
273172244
501739054
34001396
886966615
40601605
791184360
334613549
384878135
562232007
196244237
902333235
356796097
664213103
239294529
45909899
895970984
861743713
324390732
186616148
680464413
429068943
831460176
853281835
79054251
298867292
963291646
472075971
756279685
484311667
799349161
317693448
171612305
30951498
514291925
25053068
570204609
26522148
401558743
625240877
562315040
349274857
414875954
473031767
967143745
651495964
83657104
789749354
86220012
581456495
95841797
845460687
544759750
42650078
905917449
114790871
965734051
604201406
898053369
324158840
905798548
286409035
61937877
958843525
767678304
953182557
628427593
311012782
602261952
405745205
204991649
541177100
107992416
723723393
80578677
230264673
286902657
224199760
130514108
678900608
749486279
292561155
418677587
930775219
210630950
620947704
645992770
885855755
518888295
355024516
179191344
857704849
936504254
181072433
19887487
157299833
462313615
246787001
653606323
700815861
157469526
37191173
495929728
954762942
325321858
831383462
102258522
76608420
431903112
19811697
129904046
726851883
621051536
334825935
214162817
727740817
200547174
712417296
489292797
585932161
551753408
441091002
353499918
206111167
27635009
551204516
606362585
219991674
917003794
776729326
265086326
658042753
363940616
924206574
719981112
776053672
391757217
159304530
848677299
643497620
182408930
303089854
388446112
218011288
65874804
624068954
386219009
836458058
770700419
846170796
45588311
544974075
289942389
643845869
542126508
984781631
740985143
732953789
128354171
105995480
420773952
370367181
649106860
669024987
733770198
434628342
460988049
687903675
555364987
591148196
440776591
544258603
874544798
747768720
576739963
44758957
126981477
408614155
462564347
208605351
623388691
448710438
379552825
37053320
387040784
522051065
649510554
398257043
91336630
611019384
2887105
480822132
644031619
873688798
284510503
802681509
922389537
84575016
969091262
39426343
91694972
841577295
562033385
985484602
549241671
34201599
808937967
700669852
474528375
746238351
942990120
491823745
394541073
675766497
438329250
889417611
100770299
163802684
11005090
902138529
550934406
859320021
816710049
381345469
554372939
171875538
220741360
651441336
430026868
394828501
839685589
402219301
221554937
366599256
529140252
188976675
183944446
651037614
580752571
363830446
727339506
879530390
45580828
343652974
596872612
311914317
115636354
619638424
694861015
21596395
266464033
430397111
803446513
938152413
460635348
267215745
603869936
846879408
50351955
199430268
106194140
959955629
399185392
461496226
893067063
152826274
85972522
306514667
173003202
402458513
981496799
827837004
77702814
687181687
395066362
625149950
604146885
671116354
501699866
573975412
943291072
639024472
310645668
694354257
816521120
669110758
312482039
790380680
710719279
751383533
510112821
797068582
887279901
216437777
761315173
500085997
526866044
34574720
801580236
739884913
809676459
49215099
544586634
106137690
200782953
951325059
89070808
787172417
855163014
806433670
525848934
305033187
5961042
959268404
962364731
6906494
716766876
978240714
352860190
488256431
908781362
497862559
69359795
574654425
535813516
938511758
825101141
810577542
20549057
655243617
516341216
215752693
691248878
403900499
147103275
904944862
968831235
728835260
702966564
369044891
183582287
574561406
449133829
859849941
234386160
376843495
875813745
600815982
428285848
146094117
996924669
902125539
848951290
672580278
587019970
602336803
757297915
524889257
819215012
905549691
298173304
793148887
89903437
393082719
697978889
835372810
357585128
481023762
155864882
712490501
914704059
922039514
951241922
173664991
606700639
389675611
120937728
282962212
108804
145343169
483589517
569749721
580904315
874172766
561748074
384742640
571475703
849514134
968881300
242206798
528358025
689845238
631247686
329403527
499252023
726895536
64159687
544249716
158472084
490920552
532236401
731937336
991485314
991066387
919895217
157134841
39590426
67875279
483145586
295830924
400882465
914038318
537908179
416085080
159284226
730630745
798497371
983802575
918068033
416769268
823847019
229488155
353378929
208326435
949962021
417288998
224802688
52837526
756244386
53068324
954070200
405139707
301988442
244763600
529223068
956515777
242194793
416925535
74041002
122162853
133267326
241177281
977908626
754051149
894126235
138273278
288214378
661594696
512600900
432254413
287666135
122855354
725605068
30987407
425489023
294080009
396452246
460023987
568078433
269071249
751857404
745711564
898116490
178455765
317886082
567079990
107493005
585754974
441905172
108858636
128936860
588385802
524283482
101575325
321447548
112018881
726635138
823586139
559956134
826461765
276976218
85999757
953184084
220287023
56242625
603044737
473954520
779438468
202144189
351578146
87803050
415069636
455994616
827556078
159112321
621056011
518005409
875557581
399436264
140639438
528489922
602470974
480396029
172722059
821852694
555800367
120202246
806599597
304823897
438884274
62073855
123893408
328437020
875001481
486825299
646557367
988085082
349056715
34125287
690245379
68452715
541776468
638485909
463165199
773948111
733819664
473220442
490276571
397199897
963895618
855767325
402712664
472870564
989351861
197391687
651168214
869351545
772889770
433848411
19651022
399423712
743483169
716454854
563781186
910920
781134284
882840935
776843577
105792244
823098648
724225364
120512467
377549775
298452705
105176509
365003792
275851832
888433394
40579458
377612859
488899369
957375939
157674728
737744237
915360857
247939137
5461243
567341303
814051856
969956902
971790394
245256048
548510643
467776879
755087510
78494006
881713917
762519430
828138480
767668466
726130172
927533265
882964778
205033747
56563702
942694591
424837855
174236122
954432767
165633410
898878716
426564447
304719622
700677863
41398189
651971123
603508343
963063650
431468168
404847152
997591295
523734751
208299814
211464492
13020737
34813710
265522960
992718219
584575651
49009648
675468112
381778761
197656168
445048185
388019097
982567823
925118099
388582773
21970823
166852867
381131638
376866118
944378280
85049144
157926945
978956419
787640600
93868423
59414887
874926215
460488279
645849249
841772616
812986891
486006446
718121404
568488914
813938363
184627175
442167076
593770342
406879767
496736678
293969339
764285757
715752109
657983332
876358631
25522298
371388102
478446928
545488535
170779537
339579626
483876525
485317228
907026583
776884566
944825053
776642621
838568264
692255165
575883059
489499164
38570053
995518971
173806375
910757559
185581962
929652772
767070501
304935317
57749732
999897656
765865901
375644214
497952274
148458077
169703905
566572917
867412381
914693066
643049965
401708144
94878257
248044251
444086071
220566083
276645054
81748725
682007610
605832918
889404896
407494217
337605022
102076386
827438237
247521663
877019680
102110045
376588672
364488567
992394247
587130104
958217125
726457012
143798917
98670102
946909351
693482807
201196227
557915106
829989800
625054789
691957455
859120841
374882508
663257328
759645697
639285457
720876489
416834056
14750929
908782738
871261405
428831423
339671472
185817579
228967976
123176269
165177675
783938120
592025807
514430845
588533408
18471546
687910777
595169033
337458812
285081809
545195220
893007234
429399660
999341837
612852326
158610466
705563771
948047821
61995407
410421711
759699700
388028935
856282423
59827909
946463769
13635742
79478435
931085073
393472538
506816840
626370862
465443203
288499331
358302135
169466492
280024606
714050170
962795777
984574590
514229578
933106138
315551727
712398734
958714347
736914228
628432731
338902174
140702433
916194346
518414204
510218523
359449642
693798273
589153985
498312751
547008332
812594650
784472733
958816763
399184716
327210486
11613116
46459791
643728860
594534128
748151075
905664688
272686326
525468681
835123942
418771218
566843562
701430071
28871138
728389748
237486121
806279417
386598212
115207577
941126131
812899985
123647482
969590702
890007649
529222998
230203269
150191498
297244699
899208037
524993881
837515967
660025691
859168907
808932794
62955421
368876198
297535521
164902039
421367873
662363700
428145184
61076692
934163028
499658636
49214104
533591082
219021148
508919601
138351643
493204789
327006795
115673040
818196796
832854838
922510118
249532502
420890848
185346758
942627789
715300044
566714863
288705747
782137756
912017487
637375845
987369970
420556660
427513084
299854251
233369407
330394954
893926132
403001488
364002672
658234365
626218333
576824915
415431093
468872227
974898774
62765573
398916483
355697165
929093832
908297255
219939466
80494657
931594949
698356783
879476383
681163175
563248204
408362357
696880321
350976953
486674236
395682768
117213611
79148557
139883966
381688253
83702781
230313183
47386250
170842303
918335684
761128605
981186485
514660378
880595794
735918299
228408067
163957755
305270544
138141977
176536800
797244239
298091001
73695377
546710896
626983036
60462650
15542502
214445451
956324667
132250856
812117142
97429293
21860091
865721244
182538254
190884340
841022672
64969046
449548360
287070527
887992518
641959935
820082228
563978302
144458395
411295382
246239150
571287353
33501743
536783494
165308911
259166138
840708111
898823001
617893497
374376259
277809054
613875199
696170509
28036820
416405851
548446164
200872964
98623587
614541122
999642087
336676462
915142094
123494938
852075181
887485144
958940330
682162359
514527305
496305178
805487165
597777991
631589554
319859023
68994626
983977333
971277230
315517757
698293606
712683168
281466903
562344303
251682028
554109565
508620816
470169359
26088030
240784299
155057874
808219846
716968939
49433593
644339269
942951808
672573255
244011267
230956944
247698069
463361788
69227267
219309317
257289554
470322820
969386085
672323679
128773961
153980202
184726432
214792298
714954030
402758751
576497231
477090206
522792467
150640365
402935778
229023339
499778542
683218916
206627769
130298614
569331008
774872779
910509459
568363458
177896932
670830329
453426011
352050580
953330593
741278232
992445593
461462943
551071983
254806640
396146636
545225302
611130070
95247261
809991165
639079772
971695163
654497362
598370117
895780455
793313629
982987296
482847227
99142841
519218228
989446620
775275095
722493747
542524272
762896991
396677828
317408728
760436278
108934508
102163679
737341009
87827662
246184158
744148023
936593338
471991180
76876710
347889687
389957319
991024392
109977067
838159115
516029878
231967450
367344498
392007903
167305032
287098085
310698192
243541129
962582947
582746249
355521906
107511505
368280845
859243116
731226211
976248123
182975743
345100407
532655594
279175898
987418301
697659397
472302333
888513704
50341960
953333805
318664164
34334994
368980711
433743640
922281959
457506630
781122581
872839478
294260599
384099122
690892168
139620080
668966466
841100550
749532156
143249575
334975776
444537791
390603455
887233202
572592381
831912221
804671089
952458335
884965762
807006420
204858195
732769069
278406710
136882905
267724934
228676797
179307696
650500660
747986726
657368724
941679053
349821451
73259224
572035912
354667607
787119661
863682213
389527970
512639822
918616701
493325220
852939355
902400741
319644156
812530931
967005506
534292286
807005972
915134839
775066890
684957983
274941940
182117358
4462394
250283703
243436430
144781720
585468156
112820822
325927998
743009012
938599125
687690412
552014056
713332194
246869160
598698248
256761160
346034048
444490936
637411490
390520589
896910950
781991710
940618280
849201176
838089196
786156269
460452170
776173310
19401708
66598135
971139543
760431690
337134840
11868060
990155400
511084185
862338643
322474719
769439901
920386195
17681054
485985276
170983296
614390447
79837048
268875171
399496758
623998911
274208263
324574577
144962107
573179872
863784106
193915650
327559116
640911151
409579569
401269690
42381181
392989731
458895426
630881188
793207017
107052257
434247074
31801024
956253022
482693597
59157698
183394476
964424351
163696995
68145939
502253294
548087307
746655731
380126426
185511361
244189565
425191348
553937199
873963630
195381581
664431706
51728753
669781659
280381239
489555922
913025492
15078640
677970077
313535564
574664838
83493065
986062400
16325715
674272884
129751110
616849199
538314352
515059171
592960436
644163390
919229045
18108814
129228256
3825510
330198278
857062844
801320001
925505028
324495211
400161185
240876997
325570974
423618004
695068904
651598019
976250370
354167742
975086776
318712551
861889138
555170238
953577228
958931392
518423082
890096701
378969850
109617856
185256169
912625129
62665022
980665331
92810374
453973328
899549984
513382504
726647198
515561617
895127810
736265611
338909006
415948125
431595892
651051794
808350840
866000931
971023715
582544288
128760339
408737929
173181160
565395729
36734727
227351705
711860390
731673274
885325635
829746418
745984894
530530903
605024156
562982656
263390377
634704056
168080400
246421008
332575734
365637068
784702394
228912973
298772747
506453798
551796236
253025312
320967680
512873793
535991759
634770768
522338717
96209710
786796419
709039576
684591728
820888899
119336047
256183802
257557205
681342222
872742495
651173385
105269231
437892993
664409573
618520577
21573013
405499275
640359258
345538375
324138602
830719372
687925009
908334286
162849755
601709576
677032144
267400161
972199504
349669766
793751895
693992700
275440084
133148444
819387376
89835743
818920184
235496653
2617428
333492053
134885342
392626634
66435332
133758601
537007001
113110610
701192668
236672183
853363647
377062936
814251569
712112059
61940271
135609019
796593728
357838371
561829987
100900926
328068911
50372089
486196258
483742873
648739124
668848969
660600673
316659980
343718515
70596151
437876317
676147068
669862311
822047400
898709939
376985748
146708091
747869053
147722249
802038548
888014016
265361108
875772177
762602964
640408919
689226979
120398613
542904921
183806883
970478339
495142217
679535053
33386248
504722932
551866176
349223208
81198415
764648636
991242622
790292833
306327748
782092305
732138126
623926869
894809078
621395211
664154148
582686739
678901762
53452525
328859491
932186336
638479655
704847586
924670263
145432872
813277019
209623754
391599037
832545875
827325500
824540264
30277384
449523608
647521860
957880293
449887595
960506996
524292976
175763682
583140065
814782670
840968596
673423594
116934517
235943705
78039149
560214811
709396597
751696726
805957152
516145883
672707355
378686926
784890659
660753675
789710687
866329523
757044454
168438723
806496142
870028240
801462134
351634326
383121041
965627919
139576011
831491796
359897600
497633151
840715931
887857958
861099001
138883879
309409249
781084721
958143163
854408329
355013702
582631863
342045133
542215677
163279862
734712148
11482688
491942398
524824840
249863200
505740385
985116730
309842221
725258252
72092198
861478240
784220013
884362666
581167606
772051351
650428982
354585903
243201322
78311487
823938750
526863224
816002477
295010805
111782260
380450481
207530469
138569347
390312887
267569096
643315824
696227228
262736185
79455168
659321042
296953209
547655708
335176922
304170383
588421354
884305301
568330509
687942824
379318203
540486918
488711588
484881173
128056434
423600433
767305940
409864646
772490470
702886620
16569970
874611028
160621764
907602165
629867266
146443860
130366070
465515783
259834704
617135382
806468985
422373217
802264832
932044934
500760249
586145124
788190048
901156166
875185647
396766309
362386989
99209865
866629971
689757055
338908229
601126462
123754780
942292114
153606334
590975968
602572319
74392421
808785683
907929748
631683237
557293175
99898221
33483663
753734697
108595322
827418230
654909754
403038204
687187787
143540314
816064432
324211012
43117877
375881640
818599616
530504237
81211198
676022104
259593704
485663701
709691459
156221584
153093209
848839588
937872854
254109955
949519853
627657400
694368776
88021113
927605398
397768301
977406129
267905247
73482388
626689697
134499419
707617044
769142155
254700778
640918000
401557632
455100212
36896549
299472051
727954805
452926927
635800162
66189619
8461602
971622183
365446527
991666481
124912901
434524044
864521610
979136050
631089679
122979580
597456208
501388504
157720398
735168478
834102821
831480792
844316168
480985975
72518382
516417887
355455152
378219153
188208368
902530359
744601170
801046335
955973723
779751836
594610721
875333349
933532416
71728086
434208380
113311968
364881151
190804321
923255032
951457059
418608168
172030970
77985638
217580928
518842701
187039727
170844709
682500178
83271792
274896670
833008324
341141537
507028066
816578622
147881344
661257544
142444679
277287146
566937538
570322356
154079095
576044979
283095252
571384119
199786143
72921383
481077362
708386102
29750260
393339891
127482801
710538117
358122488
400820115
972160377
138656979
523838495
610251850
280369240
572204145
813825305
376007924
834277582
375531364
40589140
854561786
855282609
889473890
795538753
487388114
557749016
215162511
801461814
469079520
995758133
36498988
718655330
981752265
333112594
635329106
135302436
821787238
221820942
207308574
908805184
400826775
452121946
16621767
829086972
67604655
99267671
523933502
767555094
205299598
801025485
628019534
279358319
596441024
340583908
404290540
684541530
262377342
642206728
535267420
280476590
429784387
281342260
217967533
387039977
106280831
866301052
176721680
354766124
619066576
854050626
765306492
884008983
766961993
39810513
552656946
621974936
276016520
387215403
690456128
218054689
640308995
664092798
454966986
829370411
684748992
48936403
593515509
911225001
730181866
261658627
408434524
447007420
584729269
252595933
394702270
358504724
898528014
660121461
336783392
128763980
318286472
104030882
248922897
978210669
209318610
650210336
471952673
392879448
366961195
534859745
187996074
639388443
95814334
717871206
970569162
700130842
673995859
465629346
930225760
561086649
507852139
103520386
727977941
879357866
995904153
363703199
200021847
175962086
516265736
145194449
755085592
290879825
740247167
304669394
880182521
791314375
438397890
778165982
8200241
143335514
562047214
585813201
770693642
592997299
425023951
586207411
912909019
290949667
972901294
798681596
179557397
710845999
782492703
617611500
802755401
166408214
856376900
620325644
122792180
612175186
224143129
267973802
856943634
125186154
740057787
150328811
916140053
550189611
800397537
191714822
791125204
613911916
90392252
499446196
573780740
839100044
133487837
314096287
650339995
31445331
640460530
307121923
196121959
100012541
59463032
736493931
595793172
781804580
366974902
443957713
414547184
206947947
577168854
435970040
572872624
432542686
921965491
725346927
524671350
752451164
545681300
355667258
982278843
540910866
233283327
620998643
366981002
64506138
136353359
505276406
386510108
789150774
658267614
823995954
163940817
855911683
885351623
96557887
441038472
476406431
546641230
922824464
885211526
173302809
859306817
312272637
460667400
329403597
468585221
959950690
145920053
871898022
494177373
412574290
456977313
693849813
357461878
125857429
179105010
417662910
569397998
654694515
299845474
361387236
750622681
781116828
150864472
975141861
508807270
971536001
564584891
43967031
533634318
161333500
824528902
786446957
729660216
592517390
750764372
300572336
811118728
858674760
893349916
704039750
122646484
111411788
560230449
917781569
588426032
467220689
683568446
151693133
566082155
893864418
428970939
862975846
747444860
591048293
653650807
821115246
722006845
680178762
864556496
499542239
433620807
321504897
853910327
798243560
140323056
470871979
981146713
508491737
562061783
844163153
169931292
833340316
997551891
64966648
598013427
539911662
798627336
184572696
731952595
709479255
509290560
731236117
266260681
897744523
89352368
146556723
698531172
144934450
749175499
410210503
120165629
322036649
300245122
258436615
345725369
810570218
260810775
333021959
159242004
682521640
714713678
790222229
796973391
829661331
737032083
14330085
611537027
864324630
77004536
900285700
989391238
938260198
502633563
272416535
191433583
158717850
124810061
509787154
762984820
268704585
579615485
235692100
132057080
971086756
105270877
588505487
935048010
639525819
459073582
623971475
395813302
993032378
775919593
664747320
328214751
532011590
758259076
995868363
280018379
255954137
245541699
322935063
336462005
793550773
320458926
613447752
227956084
544120012
284138602
78606425
622817183
642272076
317389561
382797066
966431250
266424831
6717313
592439256
993674256
448234616
128107261
106567886
310034337
124581018
990391628
303696254
760573771
731807221
391093632
105425056
567410236
352603824
506911856
174076636
664886280
252369922
989670523
998435941
731423150
489663653
123799687
316714364
395775875
247745731
180366035
757614923
538805502
430619868
897576921
378714681
290754676
618123534
5767483
136125257
166452294
289898203
536189362
813871095
110099974
255525777
400810566
446410378
914504443
737373191
275956982
391351217
802601879
883200945
408534313
36502853
740065635
166034425
515062230
194714777
814601330
896769058
844489182
3090019
130605610
627355643
847558566
367708502
406367870
314239002
58542579
357802631
811537242
199867783
187321116
529542975
67973050
473091526
403287648
470937000
424660951
534259422
946190214
889500293
646131144
41577333
603127015
367168156
664131971
733520443
60526105
545379203
528808104
209542918
986973066
645530200
755905000
930328489
730852894
85458002
713792952
786418112
962877411
566802836
995267514
364818178
327127171
260458011
815496550
564460802
466056888
905656310
527050757
639084024
515175878
993991253
533793731
415889535
151889672
882358760
952569124
963043969
564233408
98653392
32247245
866761860
563725154
154754947
254129498
204324958
587812973
690384208
713517332
682637610
787195935
969153055
264599852
766055827
19020239
338020348
330168680
927519340
72213460
198970386
310322950
808425798
557638687
398306615
45512715
205652161
518740988
912523335
14800949
774476360
398424811
892483581
950638268
185129395
505700389
42634871
758301922
919664649
789899137
857579639
467814640
148787528
462754291
742159342
335436929
334885036
601487966
849471550
428301614
946346319
610769658
593529615
801422632
834481273
23644059
275901810
24015666
497010699
949711997
237857699
639916916
254196661
37735920
788159788
328823075
91832380
949796707
946928954
181696489
152348404
372812977
839066667
139444810
987428353
300076713
402466401
442963996
738724553
746797070
89292387
216111967
268911343
804175000
257632286
788672489
557703543
234897033
470230867
222320058
296993063
104008701
26788843
22702479
703754781
726806266
181793613
692207199
199357206
536019617
805587250
316863119
752063449
181774092
839731072
766734759
156296612
615066954
170337043
700494754
779861559
861227757
400404998
592336479
346213181
19484250
582803133
620428286
762483737
427232688
970715924
88590556
280823044
233003128
316973179
362849927
5642063
855268857
940294555
213424529
410712151
965939728
655140274
908614637
937097332
100754879
677927036
477327259
855738685
663541443
870866957
250765107
486031392
344852502
241116109
430837912
102857797
67936660
944822610
632565051
752388787
861426877
985644140
81020366
607046719
303525415
519901807
376517039
125208090
247870013
126482535
731146874
947771414
942407091
403123768
972816697
380346533
882124224
238529289
127471017
797369625
164087610
320008749
424300494
985146797
496111479
296758829
142592514
980535785
427683299
660434147
966427947
628683537
125684813
414099959
8765747
794002770
839371164
823754684
281786269
40414839
950318182
651313453
498772063
961140531
366565666
797905966
422073718
801099626
542627471
70282326
751899836
20017123
828461639
82040197
83316240
903678709
432894940
904035121
282655989
125593727
86043860
499324560
636476329
333626887
446546248
735499830
168739901
330441365
51533582
408827674
340221211
857715179
745484494
753488312
136422618
697437234
901226382
48946612
434982905
520999376
633025371
158141903
816558928
198182880
177338116
711912174
274706991
529749007
817089800
497003519
83575348
945250651
62553423
351968008
482675163
506053919
250436689
482619681
889594622
633945207
616668691
200037382
836487991
494596591
615754597
645013119
177357909
206408537
212224254
237791510
186922408
502092323
339142548
21266366
283234545
373528024
528722975
620141712
837413840
98615250
368793884
717206246
114849447
433162448
827920401
19059831
229198110
490070099
157694203
460186030
199022123
820489908
904767151
451793062
736722074
707889333
731277724
169678792
746121355
112943494
829835221
367387109
333496228
267955605
912712342
810404954
196709209
554092864
325664455
112777445
717411620
163300900
838451532
566093610
235946956
387209101
164355562
904500849
922393005
535122574
413950757
218258436
671073843
276103856
864126316
348362344
904509389
417357734
367164067
363788908
489144026
466999875
539453789
684459599
107623507
131046471
115463024
82884071
827350049
112072785
724851424
236870350
575984047
346722565
172995386
796649048
412321447
298722878
187461087
914652325
159717309
615740615
772642306
397309725
31109417
187478117
732190370
170005200
79937817
669792685
5884816
592051153
835474795
447448896
66976053
102490344
539760612
405642782
784227759
933269153
807143704
879129776
91403389
416585844
311273763
298799594
406991087
683448731
786229366
211683473
420898389
617761741
464480050
331583265
364808653
799654361
187457357
7275134
71837936
404177833
303727901
934345328
202142464
400999421
256965045
302272041
736197843
399811618
845113742
251531220
330390644
520550125
528780564
86639950
788171090
839076255
869189953
367087652
695753495
381670134
37779219
731796139
736792955
569024326
677912320
470071608
824892353
462575310
624778812
690489457
179018488
449485201
521160124
854627899
398718033
950911210
117401775
446810997
393188105
816477732
339712264
120569356
740796647
437606025
964747553
617486537
215347768
587034651
987259007
840743357
226640792
985490000
53624429
125491087
123064541
789179844
540691761
928298087
688452715
511431103
657701535
126770364
752551347
825047378
745307880
816629644
600278476
47959749
703959789
205084087
101019487
861862999
943372873
886006267
979478998
267139657
693999765
478710597
920370605
594053219
288099210
379826166
261418530
314116613
886432432
517432857
271927386
774891212
583668585
968824314
1230350
492492789
290550497
669125751
239855075
730392433
231316509
386458857
59445247
552484745
501653466
412549952
923285453
702128566
911730936
110115668
5044843
520753496
401566378
869524081
959229505
170260362
245173866
934481981
142362515
348051340
962631481
532106004
43027583
597699249
147988870
98079499
924018262
969127539
704159478
844424733
782398073
94991657
717798724
736013196
151352337
311123788
552861415
775751767
612461627
242837355
974695713
650855366
885329465
259062339
292313215
31323774
407910013
437733236
922675573
717989414
211521602
664486058
816372515
369207609
807822380
394327027
330359942
530145189
522311991
174039353
188246238
955040935
455783891
30636567
430297623
457267006
751531899
267514644
370634273
600019249
172582561
6901999
400723872
886037488
276278214
421053569
24571170
124801014
746880331
150665841
694527131
946890575
623644565
940276424
514690782
218847364
418049008
988343432
351277072
225752617
612912994
557532324
289858930
929418086
61902715
554531032
865438326
818978353
558735130
340240047
333097021
747512256
5773076
552060639
600864176
530745262
173194885
173629146
934681852
124478295
600545992
286379530
74893607
910311643
404107007
233793723
37448483
849431207
474969477
214415557
376174198
337030326
555445032
597893495
377357924
262310855
809166320
431062444
568455674
65479174
914379732
573122554
744135063
754860322
830098907
220693509
418021661
722168372
987743430
205895200
453594147
352094108
548264129
849480766
883169206
79688451
617638825
508391424
848348143
662452749
304603772
225032726
272241628
458682135
275506317
844243403
450446769
298877050
946277522
563324600
83035918
996406086
831051226
97928601
753374389
519483156
98380351
126269929
519784879
464128442
469574771
580427940
650633993
961394865
23645891
960793082
388581785
272509793
550813762
249144860
799215896
665225947
488248868
673197562
562841180
761947627
458181388
467303187
790784265
401661205
92605588
436071645
867438347
550898216
551714171
509276810
895001669
81085295
346726538
849805132
636282090
539829286
758487412
21239319
30192449
186299827
817744666
903060778
557898958
50635462
570860492
703538794
986880476
818682144
959367966
450251963
374391907
16878945
514111194
765787574
459832422
774357134
776321768
224878188
348104171
708645994
263017093
450258391
312361065
921949656
912750515
539060183
931853690
509439405
296035952
570793565
820604622
512146439
192079161
632860970
639310521
739909030
371707144
134587734
512973530
420787614
979758406
655122171
219256712
896328231
425476496
273810552
719104417
129956866
632843232
584746722
752493951
202942372
868706344
302995889
27994622
663286795
165494858
746480889
626214921
962788307
415585901
191090955
59216151
906204525
859932642
238421235
345696344
912611711
179736232
971771572
734101020
537276012
638582055
256525642
584528786
549647084
202706444
415681883
61566652
543829956
764551209
570648183
376133875
696957266
814927989
700523170
629492368
161542470
532938567
91991526
574525652
489865730
234359190
223245137
727619097
692822523
787283981
546712841
231857387
526670367
597947101
637416695
867059225
403973734
653680279
894991217
611957771
704548394
271401015
932981371
749341843
955248633
318324006
491072462
715529166
995731002
124159780
255871321
112237659
557341857
658745026
867585025
646585450
766322267
454138100
139897203
590864366
300682786
576478393
220749199
500648607
428840979
485172164
918651680
34733670
276268220
58345697
33106216
34134912
587036796
897998147
487175523
529343607
154134628
779287077
258984347
501293632
700728755
64171429
555338520
567814405
814514485
293640625
298712506
823803788
66523544
793668131
561157726
828969428
426859592
147847450
225415898
365280854
143548147
278785655
675607970
116131495
353516181
498584342
587513296
395564082
963400873
443931645
123295484
264282408
349252559
195072524
123959161
964319891
534464362
730357719
162876369
814907042
682229213
677899504
482868144
372653866
745068576
749582136
247742161
894385314
572441832
748003986
831031130
516244230
866075403
460244283
158395672
756775632
511162815
977475176
983012110
786905701
616002204
478084768
167496612
338735634
88580123
354652942
843542052
173894778
73155831
356324653
235293764
292649165
193653649
267295149
73548601
822104382
551076026
279598032
219474188
754426082
977995721
182103640
201953739
525486570
863427960
875777689
787417387
743709871
764800429
506064473
796297039
288575626
153183892
67632332
115668485
500533334
523741285
951937234
71163788
124663622
985489325
693548980
115046928
885429144
119236328
752660185
590939356
93352653
279705556
137364687
759328569
977082759
508969109
943056437
725781635
737877813
773382818
392941045
480067290
107093830
963507910
553231920
658308493
860387821
897736131
705116186
368544919
134967019
591230946
585303249
762698012
365578111
427115945
942105331
160061521
981419154
508639224
91740229
146148287
479706863
463008188
812482468
495744862
387636446
568562297
201154196
436563373
217047206
333534160
979480014
975847155
227178611
216178117
819387976
18409175
768425318
649849253
206902365
400742913
633290748
763360451
60310498
32868068
176758504
549373953
121526814
629792321
53394496
613143742
623065061
168744868
257540087
922951350
611560511
30872978
426302149
984560452
239214746
336509238
324126120
84764152
854724587
919610049
688020703
682487843
760220365
413278210
645785891
227978233
448391115
721601640
788823452
462084738
28559660
139168266
733387035
817447015
132345011
880604979
321070198
372713349
186277058
896521252
792818956
226220149
393570829
975970719
277290932
690186956
128104150
134588675
503955520
835333725
860294056
528837821
885213773
230009060
799109248
35988071
715136762
888060139
937335025
840606040
587913708
160101033
319279633
505411494
834328786
407561257
725143356
760071308
378784642
655697531
440255000
91727311
154946922
105382641
5811214
486635634
620960969
631997402
525619335
872083486
136079913
596103644
8016587
597943135
302981856
78081644
210866352
111866827
497098556
9116576
520782544
588986468
887276227
645005900
944528433
661025342
476952882
566114769
482624896
756321929
566109593
498431515
74881455
442494847
762184773
496467217
783710258
419339169
96986280
270704070
639907319
670470824
777478709
492549866
22047683
102722035
118356031
497667072
595851194
627490334
247041047
111566321
720275907
595957433
74915164
809519804
689378342
912909323
234263987
309244490
396305663
149616533
359367280
836222507
231473375
377637532
631826536
538706956
399990225
432424445
397939892
316807546
138579955
733070820
610807908
35864085
872228267
219749512
214006778
377669462
983768168
167869479
311154026
866305111
114714611
234610872
320960049
24277409
413913213
674884828
906132423
746911466
236152952
16495002
109928383
399645501
655303700
756545841
694791540
126485941
160909136
313859541
458833581
141554517
721042754
628774356
746402540
150212293
324046184
977754685
751547476
127756684
637844517
529633800
724702171
366951853
108266745
790441150
188756980
963548954
197932456
853039576
142865824
165686162
258029962
350337886
163836778
308898994
301979376
445214955
989915020
753351346
233382388
796116859
441283693
997411148
1946557
300880596
986359829
309899179
315433487
124265951
165625049
899696765
564507836
106767696
970308039
483362312
566071516
500897191
112885590
329666915
575532944
148764012
781460107
56133056
626110594
16380580
595246322
666982977
976451166
60475785
318446716
783473381
539812397
647047582
40229640
934775082
150460586
340677066
333430496
908188994
161059699
762112251
67481765
458073957
718331191
789358882
714353389
72656585
63993108
344443939
200947789
679834613
560480945
376444023
124241762
168373055
563726706
647758921
740281869
244386285
426332835
938868712
827304982
48347989
371683356
383890842
109282561
904943428
746230689
558401025
171129045
494451644
654039533
540823856
366356576
842893635
740223036
478468851
422867141
60012200
87378307
25951234
813529754
593182621
978534083
826689199
163593931
214512789
870239855
461116011
677939009
258877144
812789177
447828308
812360235
465906881
513331643
934744757
140781495
598664957
756746701
718901906
156209218
201321567
757410382
100260206
457747280
140326141
336002054
436190735
612477153
352556180
546319542
714215857
324976968
898298957
339142022
404925358
940479976
232833494
621902315
812136664
71990046
346199003
935613496
987557722
671950687
955019552
122367654
478888117
986410782
856695255
579953071
822514777
505903482
384180301
554368564
816009265
273677338
944849
998247296
261489640
13145724
667760944
497646157
262941167
498691365
17201927
942273468
946739767
256427219
282663831
863671859
513083435
955109312
302309264
71643808
174947026
258756959
585434580
233629089
941151834
157298730
940030414
421600278
42088311
883867895
147838321
374145728
239621822
837182553
663571199
733147427
575053407
488200902
123129351
520167950
450198856
767173838
384825189
880204754
731970240
387994690
835411822
830600450
608783021
473239354
323183180
716961071
646901789
420102981
82880065
686728143
871243527
662588487
494148179
151792734
79812371
867242567
927692214
424550573
679522492
238201996
763581961
871771654
981351831
240889434
492461023
683823019
751844760
48253697
516221593
60783321
195696558
107536049
244207458
444167299
662752051
930571458
88722607
626180158
544718567
381000772
664034947
765508687
963929672
316169829
538152323
264736095
925200535
984949875
126166885
499944092
977870526
53308427
545775903
407680026
231597084
657755255
302362610
308978879
524051719
178069697
340398328
296627738
462920804
557911537
578518778
326391409
430721498
670806763
871859425
939211530
229684866
354835715
327058927
509666487
348755136
664565492
210582095
918832495
535464202
21631803
631143700
493151233
67772846
982025169
987345877
289810157
97017779
930602630
290595838
929913904
818534529
494774624
396564186
250104067
852222647
666429446
929220217
914599656
756196717
686518440
485095048
922722087
259663987
111248279
119487704
349886956
260621246
179373385
315583611
519404449
321506810
572608311
820609119
11987539
145238427
821042263
469441022
842443987
139736444
527096102
886526681
250268921
553546611
386578844
337698482
767380054
876877649
561980265
477667105
568169953
961286167
916252416
778120225
591903039
632208071
432277002
358794217
666084444
480021625
587454159
466967215
530352331
271623677
31608567
666158349
164454955
598716967
154828558
250317188
762221728
246505
923782941
308618543
941754856
51639715
841845302
705683037
938776752
925225634
739386671
479876588
679231552
382112113
683793411
216684963
857160279
439439932
535933432
148057343
480287260
702386927
635533626
425128971
860659180
869489986
291168752
60255414
852572192
131035670
517926914
306752817
651861627
111236798
254763699
169525306
54377196
558708777
575023643
315254021
377202525
934754760
341815523
994319665
906158535
469152617
614866759
913813636
204461125
618190487
83416252
539636792
921140237
429044197
378898507
974919304
727148685
180077751
826712769
557401169
70590373
53421738
290806232
233112269
952502677
420063090
332489145
587659051
62619587
402974197
572801095
306600401
745726203
472013134
53793495
377916439
57129670
26244639
839948451
235305564
26051456
832242744
924340243
257057386
684729850
462337637
165452606
772146657
626340480
623938817
954194603
928749862
668042122
3526645
931076207
436104701
153332860
389108268
143570284
204777623
852546815
50534993
252465869
729217018
894704686
299619453
571181376
251286831
525181238
918388660
533728808
314163534
896419072
785111983
354203469
803955927
286859053
658685142
634491649
159438404
108682118
917475850
631404267
554692220
547737871
374151895
780055482
689793466
294860267
510008045
542820767
596315456
712228301
689696186
809451272
317231272
776115619
320317720
470677776
162249657
800744974
227116764
120992489
591243971
671947418
236420873
555100192
557652897
357931109
42592346
213067921
373125635
256239331
663435117
501716075
585426839
781102332
974714993
450210874
950752258
519616385
858321937
581117235
117664663
34269451
222401768
222401768
969120445
637031564
563320146
171798576
792323811
122818623
756487742
542640330
81382
690471476
615347155
387599867
686813742
700567962
693352316
158419405
502353334
843416436
864436722
566426431
403487650
586899130
458809140
619402111
227494103
306399356
299461007
892862983
298673268
197279434
197533532
720633411
967251748
566636324
109646827
357975330
215386368
766811510
486790239
229329508
437726477
924985034
516317810
506700599
18754435
869964530
793184089
255259015
466302206
458894281
922164372
71023502
19803629
495214899
832924821
425958699
532440677
707608370
845923916
551330840
699035358
724032180
484721087
614420555
707007834
231909225
268059200
612588899
801761979
279000772
635959928
185429617
470494112
624948184
940132427
661591625
615806552
206182414
58582908
472256193
651330610
633947647
413131133
525454255
867340351
412191715
192626075
430050676
274980851
913649607
63526096
676713973
718067890
938059950
823417556
193383789
439178435
210683852
53760201
304528819
944438515
644339163
47062344
902220209
319527084
314885846
591450527
631355873
573668437
724049070
279946823
834806614
752757956
259717399
285499034
519327514
581323251
460529159
98049306
339328516
503438625
856059047
897936652
992521929
278128259
599997671
907574473
426590496
976480523
357710727
81322857
912093810
393014173
963456763
993577340
592553106
316486142
710177666
250010603
559406669
117640152
231604771
554612510
179861177
929115733
12113361
416299686
166846645
260367496
90301361
78181660
920499837
640720837
355425488
605636673
320396303
766584326
542285348
871538763
674688942
40244669
251270432
145248479
693415616
882549415
775182414
449799410
236022518
262574063
971535678
418491419
65619211
237990863
536804711
713460825
661185032
757063362
647006519
411125015
99419597
652938329
957912431
166745658
218939838
634698942
728320089
760263550
335827820
577284649
378914660
433140460
810508277
2995131
46588508
384933933
115812470
768347654
356769832
82990502
897513894
377531849
782161485
654771244
217205520
122974040
82826994
169219769
999780338
392169185
202838447
784620327
354591674
77401357
628314616
738220047
223621691
265436537
751444288
476861891
487558208
543234441
997217436
849272684
864504214
435209980
762148777
417434132
315042571
326591547
710677731
157365067
926122834
666510594
504906902
532518193
746226042
589353532
598245052
764582027
336121263
325595891
229570882
568022532
910720491
70307734
701060619
94102601
531893444
610744557
675247919
757542786
713397782
490717987
353065421
501348914
255280859
208553641
963705795
119532973
150334055
464993054
470584779
156026822
530217858
604847987
207686472
333565390
29621441
581922332
318813139
461623750
261844537
93881727
954288838
232067991
379047124
776929768
913208308
663441591
858605203
992380256
240923379
976954837
562908408
167460047
552166908
243556022
449088873
536354452
875467847
594086112
53119057
210111857
216802883
82831223
897908449
824817061
408669870
223974589
572232246
581773749
938606003
772753707
81840480
57890386
774360433
517773807
330581726
564049665
452205267
278796202
711106712
381745065
979084814
627621061
620949470
937413083
989390035
349018573
411117283
894593557
298259614
123455753
33441757
609818158
533211015
253106473
534402304
529514274
324564295
235948805
745457350
879158584
688991522
620118367
274504026
905069441
933103059
554547938
306194685
568345572
10212425
874546091
102044180
940543869
15016840
23320527
125143215
884256683
84666854
159386402
590847482
585143985
420572975
750437268
749944124
997338109
568870467
921080204
487537240
200894536
509795358
15284815
987573777
533131087
136656848
106283974
398883431
573434945
740911737
840280835
765941576
785307123
665009898
678484551
899445421
432648516
296555188
560368988
83210705
768311960
931766951
641143055
881083285
61783369
966234999
485932915
930950244
180522003
896136606
38485324
773598866
744863629
434685698
834205591
94158832
81782215
603356006
890969153
305363377
17411977
913461940
715771600
813674254
987775009
188591742
922749724
732706420
414334801
46525734
391391717
203098726
815288421
979607398
703650284
61227179
454028964
645738502
872710462
159117460
795077638
665163247
858156956
89825834
920433054
621735620
47034699
428488106
720357885
77862913
258798517
614310817
209762961
367156674
935160386
934515239
654652696
264329643
927112159
408632827
741037320
294894661
281225062
594590630
291417575
663313327
539004060
576642552
354354290
60929328
421144684
689015210
683198079
207934714
996387631
481887339
456283514
408465419
151565884
159234396
100720784
302364182
653340204
262499167
144931648
324794081
549297212
672846139
625629262
74139936
91128573
568680149
897105447
282864568
653479921
243705264
404607034
549356940
821802652
959160563
105598722
397880261
153746499
37428540
401656720
744585900
955405739
283030319
880201322
675626420
897482765
714960579
590613867
191763377
426451470
835147887
861780482
920011451
782121012
43357621
109396361
948547259
314991567
512257632
803143799
854001047
271526387
432364831
730269489
91841368
863059407
964437832
39908907
734392387
285187869
660712148
685221270
583296163
619593373
935852489
446017899
161229838
144820683
657976774
184450663
485559482
837182565
395979156
439745210
171830550
290505450
34885321
585633786
79643611
938355102
979869634
410128851
430080031
783392886
773340546
12003270
760576575
994480840
787053895
858196824
57829124
821108233
652167315
536943029
866544894
268302274
224426853
49652804
465752332
96131647
570700114
125494186
931146883
801824925
287774432
430743009
553214354
361074912
934799126
763101606
202237553
559114040
381631613
157084376
671916077
915632089
271291544
200001571
783047209
393206250
60920745
377199142
969903868
68074440
206851482
936338475
574321023
81639742
376228656
1145024
89802235
670261391
196846224
990750198
654253511
770667142
775778643
841778157
77491104
776106611
385870386
10828906
786365525
459074296
739726124
954964070
764623760
664842883
504098247
815895151
842967525
274483479
481553913
671486190
523744876
57723904
871607598
52095052
832755091
416684129
531769037
62040916
811230460
132345548
934527851
615315771
415101261
553809578
434612352
943857400
141239196
949103005
747765135
169910152
694245469
228605638
266720339
426244222
627857920
124137200
91752937
593615979
581432632
281344400
697393883
538047082
639085036
679142436
951145555
162950702
820208317
5211094
799169998
446202257
346262874
234618249
209896088
423865542
549456584
130262835
349597051
411715792
718085540
182394237
334119240
310296531
978884775
114903643
892322443
64014914
253064119
159697371
754223294
437619012
569649611
335489165
778410256
886176842
83737811
652432665
828075991
138100053
473665509
644262486
452905580
64934882
51031555
494684336
163100790
261405470
521193492
255369897
979393190
708017786
182293101
997992753
283854174
301112451
74732490
429233870
746219987
194784274
938607486
414817290
961731454
79777719
782322202
982922731
683948946
526252274
447766848
956889528
128636252
653097506
570949537
757089507
963324879
628037971
820642941
877402336
494609253
248952332
911244324
623714813
230533767
23734136
738610281
823310713
268029702
612738667
946149523
212867426
980073475
873059810
837176530
598474478
226462974
336136823
450578765
738137878
877496958
257112971
783934883
104799923
635131611
244363223
275836634
260880221
178708045
218238014
247344680
717948749
198631793
73847016
863694308
34986539
519679533
367880497
83693809
520028263
871183773
696741725
447335995
786104491
268354793
762630844
572195686
866523182
645549503
240058227
649932058
524036462
493093264
388193570
644222238
860225845
318895097
5873147
665259355
245685758
46983866
732527734
985741464
477138320
418059078
434082408
49087352
314993002
748964030
243926427
574856155
486692886
407041094
154391602
892963973
581790743
248392081
505091952
45395906
909182082
229551548
855632618
796933430
128308699
324391428
196926535
890852948
34712075
110992743
52612970
643484875
197101630
95582242
148531733
967469276
401271238
152696639
881030293
253199930
255840463
20542040
575062290
957596747
403683655
512605068
312774245
703117218
510109320
999555253
29331169
612611524
100237028
741554916
493804620
885715386
49919117
286138944
980547751
871408754
694055737
478266567
850706987
222703391
941851329
504589006
982170052
460053338
674818308
143510019
92048263
462995026
549869933
884819633
780213953
423938803
311697853
57868015
676847681
908479593
846335610
403747214
220002266
536119338
411486647
635021421
124636158
146913027
667886112
326340675
829796693
395670571
560970607
78796487
294023196
397016789
4764121
97844945
144898537
787821841
305901152
967743094
348542386
53976763
773075343
191922811
865412818
937488829
801103455
128129775
365280049
402210096
991544179
339900527
279318875
364913294
148595142
660474669
456842246
740134753
752288625
55655972
263637313
587878272
837711339
335645972
945484379
425295609
119467982
83804003
389115026
138848440
752919522
325033737
705921326
71006090
744902114
62108797
125296836
737009227
85333046
722429503
228946406
357059481
767610582
932491150
769094050
139292039
372720753
997247029
23980857
917270111
713388881
291194158
680217041
305937825
236195111
736592643
118251923
231181764
722145875
139194776
979611402
139175247
279504826
1906497
814835941
758386975
288922148
914632738
849993577
687624904
607694814
113583449
546406124
571813511
428974637
727905996
682865491
666265025
5389766
795348115
816823937
660752122
784848717
412944981
952377488
656541020
650302482
185493614
940636762
508620826
940334195
983903350
806359512
132368703
607701537
573944190
823255693
472557313
753315679
214923945
438140090
371614066
817249030
465981357
800448914
533635972
879293462
26233099
910248515
405527362
932692850
382340990
184961958
978526330
536900754
913744458
365883257
638170357
726997743
825723786
657297637
103200662
894804385
961630270
459703390
652775597
425507934
610157897
697192241
403298276
618750425
623481466
984666090
307374897
845103580
709930738
214153823
316001329
523612525
820975989
401234898
845289280
458411285
622799037
927910917
747758288
223861786
735591885
487375262
655091219
263376377
563925632
803489289
665455707
592550821
815889721
229915150
796172896
741792499
971509932
813833561
977219139
102820797
289595660
45759025
940932404
122843818
159000518
111613356
145189180
103248507
498598279
341960063
593541022
892326977
48398936
809325610
966425494
954102111
461390736
150333160
210727301
954472907
77350985
218324016
129124258
542870942
787337664
385709178
918885734
136841181
727408896
979378744
560317409
342991350
491316089
272968670
816749357
41613243
84553965
876988952
721806778
424523905
97337659
732942347
306476335
848831830
432792664
229622375
456104305
392154973
33565245
344299648
353905996
766479375
506072333
108346174
680083243
276845548
996627783
19265503
266166173
320542918
370487316
147326750
31083754
285898437
564135462
184521933
903965727
673543126
277795792
699077789
146538467
964447268
511889549
748963215
30389677
683018580
108790736
905652609
476130638
28553985
820909367
568013540
38017507
482593504
874585922
801404810
280882044
277131903
234422967
594076921
522439126
908313147
746330378
256814140
725514842
735496410
777991649
658543029
778989050
375364947
931342990
54221705
705108591
194717670
519409024
865007188
5933427
540315968
528733333
905018968
870192445
230404044
747207634
404695085
104107335
209087725
41133583
785295919
903121392
810109846
516246335
822952485
486121369
579145173
435946198
94015564
585783019
88450494
640493117
950873998
516692681
524695902
384015076
726355563
318259586
559221720
744088997
166902032
132631469
290317252
388078917
912318561
462073173
355066056
299043554
726709550
606116513
590080858
136576489
526287289
331690642
901620905
201189129
262409425
46363820
236723723
459403440
677427712
126056346
138400626
925455724
168762944
548755513
376278384
106545060
324021811
366607303
392247623
541034455
560147441
486102194
793119179
495606542
288667796
110591718
706516287
355665899
897850246
453912484
607854257
397244912
119838922
629069144
436408637
167796796
607177330
904455546
932214220
537892202
370951119
61366434
836190601
463400904
535509778
959084431
899125586
495107021
543183284
750035301
563364711
284823753
172144184
627820115
769611815
714297439
162772249
956500336
299978966
801903029
168404420
288798089
472424105
955983511
4754155
473130556
111806462
884090089
727673753
884405049
106004825
880323515
393453012
900273283
778425068
95256280
666157904
725569505
792535235
234704836
486601770
736865540
489089576
316886083
455163414
360228053
640059874
828538822
872925367
61565850
688100664
864467219
392503422
886188424
322178809
916319723
530813338
287454743
354777833
187882834
440915321
865089661
384861312
665982474
931066705
797648034
145285689
536999514
77380226
709043728
493412667
434520601
147500853
380935260
926461878
37861380
810489978
676075051
483428507
55056714
70763320
102044117
493535920
260773807
697802701
423588570
381373600
41114519
507927861
844778677
109252194
193028962
299326385
496879222
44212294
762096274
708007301
519029941
688588058
512523863
601449518
360314351
725983228
717913555
641473810
983273405
406146032
575641667
255927465
92854230
48034815
211257513
411062308
190754372
795945517
197828558
423474539
554447119
620229552
455889479
644177048
991364955
527913148
673850183
278069503
334960439
984569390
265657953
817032434
685561746
691468760
426718943
63880573
691809470
345438968
341492386
151948657
749885404
86042636
678042694
551241763
115254313
329795553
220212901
533670975
914745076
246401326
365264768
498216189
556066164
342635760
413147508
477674698
944864380
906548114
238878896
142963761
836485566
68113940
439034454
289079275
989615413
446070204
958165720
443651182
841893055
455090389
202569727
988181
152184690
250550245
938485485
523042748
495191196
934936110
79255070
88521863
266743301
827527036
720430683
282918112
629642775
254503928
786722099
620051360
146881717
461951115
976037477
560984701
22548761
272135187
59932025
500867086
978577540
981876864
394989426
71595483
407735201
435512795
470241389
195069405
539091
483015700
259502709
624251870
738473307
244649555
912587336
481247276
11501
79722459
844199085
493967247
364572087
943823033
542306921
79799664
430593633
21522000
889123432
769440488
961429987
709452146
529579509
739300569
11254067
938553946
42242591
222895960
615179847
808375576
642801743
754547589
682925863
146462109
843434786
765840992
360958763
289891592
462010288
456212788
323248105
511396759
998949771
619939606
356249299
215848166
623752839
318089015
660226855
993527363
163319541
384274531
166714464
765783534
974704922
190289948
712392992
78726057
123560791
570049363
730500217
412795519
85709074
577324747
506929608
379462808
274048738
295360855
772588953
856473491
512872928
660137060
652053909
581044126
910530343
489332851
58539157
566563512
562898726
950567511
606811089
109163322
712426992
298059581
449280690
790436940
806669422
34713898
509143372
127548394
863429914
90551152
990216595
678043409
952696948
189393965
410853919
62542110
407936549
331925494
89167536
438170090
906895904
357390413
903735313
311328910
598126092
875501908
650650252
70017145
797923142
78656493
600973213
148244241
641244439
561902750
887853826
212992428
304225844
423465572
328425555
495407238
401256982
464848630
262055727
192904996
366006338
908429305
518225967
504534269
102187375
819204080
934862933
504751558
290229328
955841735
647800676
593731304
116445291
289756624
53742378
117831068
687726731
725507120
706802152
110841772
373559403
149825509
617499514
779202137
360735312
186215971
667749453
879700781
75717341
318986523
740738996
660838093
977809354
327561823
728266413
760751391
828073235
968963794
552439965
878607544
466620070
713947663
822082930
555284284
290216538
952074122
211230306
573603642
171365994
275233600
679360433
532794058
919555417
548190280
162581287
376050909
804581327
782992893
819403008
691210640
191568330
896313065
471917500
285428715
545376925
923414269
732339079
985435972
157516224
159078316
384131445
69400218
931173406
174116245
684661496
255610135
602455458
561352169
908716555
121604526
839317639
197337575
106008911
504508518
89322644
591390246
346076038
452345057
427129888
863290646
444485757
268524297
214208645
373354608
648491120
430658139
33697125
21164899
553186902
68694671
768597023
846906072
815266606
143946037
548630326
751205045
559393424
620257365
7432242
327635600
47037646
762143751
579613613
258832464
129995003
960391896
229869860
334985786
599204855
19109410
351878285
47217209
632535599
619283429
268905472
909052734
481890842
907209916
968325697
66969335
596004165
952180361
517591315
636319892
622240607
845463101
952262525
750453216
886317751
515025136
885817937
567996819
219164324
271194710
387283452
883135981
706436573
357607297
832052417
811740648
277683878
110359430
902327596
928397138
334502507
771393421
621283307
447176900
794345957
211391602
2166056
130295851
248298213
175150216
740949185
792089308
11219091
242653498
141428214
694795282
517147885
260193685
511337488
497847821
636915221
479067025
836118474
319769499
659429715
734708334
972142938
432489216
688719964
896829018
594287318
834740725
663496693
333861191
743696576
586868458
248042268
400515082
339848036
12362806
332941266
698759783
42443702
184760895
500915908
588666025
204831845
27163988
795133035
723252305
834124793
400340113
14212907
485675984
888727700
127388617
629686399
114022608
753573543
900310436
163399707
468272882
969095282
425611213
735858706
745502451
11651421
616417887
717564948
433162
546972684
856890277
838414668
239351571
138593486
548840010
392367614
284322259
631841960
166984449
18799336
155183843
393435457
702914642
876266465
961131352
294413946
705680637
536270346
394239749
837688313
3398410
996334683
26520985
711141771
880052208
377787974
868689321
249597073
874758137
670072347
195518669
634151760
121791613
639926811
102140961
425452221
675251296
292274477
307640393
983517678
800562616
466680911
706007959
219426974
735968315
937352709
141618734
929554505
684552362
938986497
729515425
918499390
265224805
31395516
748489172
310032559
104881078
225348173
444157769
199373373
629268240
92332388
967041458
136590731
115778570
939062841
93861372
141389805
213260023
821966293
893739616
642384510
714105182
82048784
728994225
27932320
793263960
636408930
705340209
483631129
538815078
101865800
896577270
406927956
901439592
414224159
862221667
899766502
77943079
694153112
442110920
345746636
488253331
337764010
15617398
540549865
808517475
153544559
452208005
684635687
543859404
760892909
394448277
314863146
546867184
693301322
735653418
82175516
499206891
904450315
107282277
665326439
127792934
883737017
655415006
503927433
292185151
81052530
226076862
870969382
97883791
857342373
236602399
448270500
977039520
751692968
705966107
833721165
356012823
365730628
752987732
434393969
170446465
321402209
551932655
791012329
3407841
948149227
412368847
654458134
824565291
583902710
893793975
815502061
533514482
15327579
61120386
704697631
256432312
456898818
292700596
967080679
413988485
882053592
27272623
425929386
344905474
847655119
160266545
636629981
461252085
249507792
528168981
858077849
793150110
171371202
132446178
82846137
924170201
118998351
256088726
757280062
746427712
225480431
781894256
548677717
515639056
677910916
33375403
552629743
807938497
395462433
139399662
422154673
84500128
364647325
794431695
389691198
455584931
763569282
717935762
18506381
866011346
702492389
216940354
697898091
603400270
43451171
40788392
637209979
663246679
489455588
226732979
961225679
596248613
953278747
292878145
979310989
463498755
326022432
258235602
981573016
342559811
75403418
48290098
74020422
514965209
766231523
300141880
540470167
669513443
801980528
554590339
972133776
469346174
835048587
582466471
564105520
325642808
350606329
322892380
15900465
574905858
20841740
893364489
918111301
742339006
31913140
199784273
72102073
520548417
628388579
316969978
579477747
402233667
75255096
881367468
161729265
790109845
103528348
20080526
828839047
162589921
159175994
837756970
3899979
243539051
70696845
714768082
558912548
612973890
820767037
120633280
914964250
613191368
81026212
366132166
451002930
167892189
503212105
775602418
689621421
159656751
967718936
461214378
797180912
725513784
899365414
155565710
885745169
97864085
364881123
266647366
893646340
687974352
464266273
279741694
990167905
603061737
766705711
589978233
577380205
135523294
918660542
728490893
629201306
444210535
314251357
403312568
747190509
477330020
232715753
659225119
670952168
631531910
491950343
831115814
664245003
469984326
595461320
633732594
192953257
277886005
333490363
91012802
574152503
843911731
821601057
204146142
949303945
888331581
930080812
388258211
134211746
186445993
697915336
499692382
310171822
62910978
173087339
780993197
428748585
82550058
69703794
951294720
165977980
63030779
952463463
741109452
49417570
878007135
711712797
898669643
992421807
857390415
727801429
849085537
660451598
577154050
870694161
477985975
903214143
137198765
511878601
488737419
673424716
79392203
515148194
127654305
805367372
253050317
192429889
499298577
340937974
468442764
193960051
108444705
336312545
18080107
566591916
762917730
622837379
478982117
837052923
959836437
581016753
409912086
513446344
454461611
830240809
305948630
919212457
469765974
597389224
231864618
693911785
306570691
349676969
361863597
381267853
717918644
162355322
413983776
768787417
206689694
554172212
164532412
3935037
861074976
461143129
201184871
975586897
315014320
181392632
30621468
679000276
197259874
384902497
221697241
885984468
603714604
610223900
