Case #1: 0.500000000 0.500000000 -58599112.870720670 81031746.823064178
Case #2: 0.000000000 0.000000000 6696581.245849500 -99775527.057579294
Case #3: 0.500000000 -0.000000000 -49.500013238 -99999999.999987498
Case #4: -0.250000076 -0.250000000 70710667.052259505 70710688.685048267
Case #5: -176651.516207382 -56129.855640333 -37824996.418359175 -92698464.272086367
Case #6: -11783.356108121 3264.420037038 -92026039.861687854 39161617.293024153
Case #7: 1708.961574241 -510.400674112 74165717.437453032 67079291.677073389
Case #8: -22466.732988736 20352.362133488 -94559429.753652796 32620392.589556441
Case #9: 9325.769793906 -2362.045289819 -89608941.958416119 -44370887.932396650
Case #10: 2908.651360232 -1729.792711923 31443591.089878030 94927104.013462469
Case #11: 172887.292647034 89583.685956883 -90613169.725788102 -41837637.197920524
Case #12: 15438.071596727 5506.127572851 -54812668.024797238 83634919.505179211
Case #13: -6504.472965561 -3054.034271815 -90562135.200946286 -42425662.905693121
Case #14: -86070.363560019 297930.932205158 -93994681.566141441 -34070262.823102966
Case #15: 152441.818443441 -273355.534165371 -77916793.537490666 62218199.822856814
Case #16: -4907.037182029 -3360.417344372 -97566226.621248394 -21953051.098893117
Case #17: 12241.952431621 -11695.311155049 46127031.881851077 88720633.350756630
Case #18: -7182.519854056 2887.251141926 -58879819.828337692 80836126.554931685
Case #19: 115207.588101404 61510.604766881 -12736526.738183590 99232236.753195316
Case #20: 4062.538420992 -1067.872218460 -60674485.050253525 -79487631.909978718
