Case #1: IMPOSSIBLE
Case #2: IMPOSSIBLE
Case #3: 2 4 8 9 12 15 5 13 11 3 14 6 1 10 7 0
Case #4: 0 1 2 3 4 5 6 7 8 9 10 11 12 13 14 15 16 17 18 19 21 22 23 24 25 26 27 28 29 30 20
Case #5: 0 1 2 4 5 7 8 9 10 11 12 13 14 15 16 17 18 19 20 22 23 24 25 26 27 28 29 30 31 32 33 34 36 37 38 40 43 44 47 48 50 52 53 55 56 57 58 59 60 61 62 63 64 65 66 70 73 46 69 49 6 35 72 21 41 51 71 39 68 54 42 45 67 3
Case #6: 1 3 4 5 6 7 8 10 11 12 13 14 2 9 0
Case #7: 0 1 2 3 4 5 6 7 9 10 11 12 13 14 15 16 17 18 19 20 21 22 23 24 25 26 27 28 29 30 31 32 33 34 35 36 37 38 39 40 41 42 43 44 45 46 47 48 49 50 51 52 53 54 55 56 57 58 59 60 61 62 63 64 65 66 67 68 69 70 71 74 72 73 8
Case #8: 0 1 2 3 4 5 6 7 8 9 10 11 12 13 14 15 16 17 18 19 20 21 22 23 24 25 26 27 28 29 30 31 32 33 34 35 36 37 38 39 40 41 42
Case #9: 9 12 31 33 49 51 52 53 55 57 58 59 61 48 47 46 45 44 43 42 41 40 39 60 32 36 35 34 2 37 56 30 29 28 27 26 25 24 23 22 21 20 19 18 17 16 15 14 13 50 11 10 54 6 7 8 5 4 3 38 1 0
Case #10: 1 5 10 11 12 13 14 16 17 20 21 23 24 26 28 30 31 32 34 35 37 38 40 43 45 46 47 49 50 52 53 56 59 60 61 64 65 66 67 69 70 71 72 74 77 81 2 68 22 51 6 33 78 3 80 76 54 75 7 83 9 73 62 84 55 27 82 48 39 15 19 63 57 25 8 44 58 41 4 42 0 85 36 29 79 18
Case #11: 18 21 36 60 77 78 81 68 73 4 71 70 69 74 67 66 65 64 63 62 61 76 54 58 57 56 55 59 53 52 51 50 15 48 47 29 45 44 43 42 41 40 39 38 37 79 35 34 33 32 31 27 46 28 2 26 25 24 23 20 75 22 17 80 19 16 49 14 13 12 11 10 9 8 7 6 5 72 3 30 1 0
Case #12: 0 1 2 3 4 5 6 7 8 9 10 11 12 13 14 15 16
Case #13: 0 1 2 3 4 5 6 7 8 9 10 11 12 13 14 15 16 17 18 19 20 21 22 23 24 25 26 27 28 29 30 31 32 33 34 35 36 37 38 39 40 41 42 43 44 45 46 47 48 49 50
Case #14: IMPOSSIBLE
Case #15: IMPOSSIBLE
Case #16: 0 8 15 22 23 25 26 27 28 29 30 33 34 35 36 21 20 19 18 17 16 4 14 13 1 11 10 9 24 7 6 5 31 3 2 12 32
Case #17: 0 1 2 3 4 5 6 7 8 9 10 11 12 13 14 15 16 17 18 19 20 21 22 23 24 25 26 27 28 29 30 31 32 33 34 35 36 37 38 39 40 41 42 43 44 45 46 47 48 49 50 51 52 53 54 55 56 57 58 59 60 61 62 63 64 65 66 67 68 69 70 71 72 73 74 75 76 77 78 79 80
Case #18: IMPOSSIBLE
Case #19: 0 8 12 14 17 22 23 24 28 30 31 33 35 37 39 1 3 6 26 40 13 36 19 38 29 16 32 21 25 27 7 34 10 2 9 18 20 4 11 5 15
Case #20: 11 33 39 2 51 29 5 22 40 16 41 12 34 15 45 31 30 18 17 46 23 24 21 47 27 35 42 8 9 7 14 26 19 4 28 43 37 50 20 6 38 3 49 36 25 48 0 32 1 44 10 13
Case #21: 0 3 5 6 19 21 22 23 24 25 26 27 28 29 30 31 32 33 34 35 36 37 38 39 41 42 43 44 45 46 47 49 50 51 52 53 54 55 56 57 58 59 60 62 63 64 65 66 67 68 69 70 71 72 74 75 76 77 78 79 80 82 83 84 85 86 87 88 20 81 18 17 16 15 13 14 12 11 10 9 8 7 73 61 4 48 2 1 40
Case #22: 1 4 6 7 8 10 11 12 13 14 16 17 18 19 20 23 24 25 28 29 30 0 15 22 3 26 2 21 27 9 5 31
Case #23: 1 2 3 7 9 10 12 15 16 17 19 20 21 23 26 27 31 32 40 43 45 0 38 18 14 34 28 5 4 41 36 37 30 44 25 11 39 33 29 42 22 13 46 6 48 24 35 8 47
Case #24: 29 73 74 75 77 78 79 72 33 70 69 68 67 66 65 64 63 27 61 60 59 58 1 56 55 54 53 48 51 50 49 52 47 32 45 44 43 13 41 40 39 46 37 36 35 34 71 38 31 30 21 28 62 26 25 24 23 22 10 8 19 18 4 16 15 14 42 12 11 76 9 20 7 6 0 17 3 2 57 5
Case #25: 1 2 3 4 6 7 8 10 11 12 14 16 17 18 19 20 21 22 23 24 25 26 27 28 29 30 31 32 33 34 35 36 37 38 39 42 43 45 46 47 48 49 50 52 54 55 56 57 58 59 60 61 62 63 66 67 68 70 72 75 76 78 79 80 82 83 86 87 88 89 90 65 74 81 85 64 51 84 40 77 53 69 71 41 44 9 15 0 13 5 73
Case #26: 77 78 76 75 74 73 72 71 70 69 68 67 66 65 64 63 62 61 60 59 58 57 56 55 54 53 52 51 50 49 48 47 46 45 44 43 42 41 40 39 38 37 36 35 34 33 32 31 30 29 28 27 26 25 24 23 22 21 20 19 18 17 16 15 14 13 12 11 10 9 8 7 6 5 4 3 2 1 0
Case #27: 2 3 4 5 6 8 9 7 1 0
Case #28: 0 2 3 4 5 6 7 8 10 12 13 14 15 17 18 19 20 21 23 25 26 27 28 29 30 31 32 33 34 35 36 37 38 40 41 42 43 46 48 49 50 51 52 54 55 56 57 58 59 60 61 62 63 64 65 66 1 16 11 24 39 44 45 53 9 22 47
Case #29: IMPOSSIBLE
Case #30: 1 5 7 10 3 8 2 9 4 6 0
Case #31: IMPOSSIBLE
Case #32: 95 96 94 93 92 91 90 89 88 87 86 85 84 83 82 81 80 79 78 77 76 75 74 73 72 71 70 69 68 67 66 65 64 63 62 61 60 59 58 57 56 55 54 53 52 51 50 49 48 47 46 45 44 43 42 41 40 39 38 37 36 35 34 33 32 31 30 29 28 27 26 25 24 23 22 21 20 19 18 17 16 15 14 13 12 11 10 9 8 7 6 5 4 3 2 1 0
Case #33: 74 75 73 72 71 70 69 68 67 66 65 64 63 62 61 60 59 58 57 56 55 54 53 52 51 50 49 48 47 46 45 44 43 42 41 40 39 38 37 36 35 34 33 32 31 30 29 28 27 26 25 24 23 22 21 20 19 18 17 16 15 14 13 12 11 10 9 8 7 6 5 4 3 2 1 0
Case #34: 0 1 2 3 4 5 6 7 8 9 10 11 12 13 14 15 16 18 19 20 21 22 23 24 25 26 27 28 29 30 31 32 33 34 35 36 37 38 39 40 41 42 43 44 45 46 47 48 49 50 51 52 53 54 55 56 57 58 59 60 61 62 63 64 65 66 67 68 69 70 71 72 73 74 75 76 77 78 79 80 81 82 17
Case #35: 22 23 21 20 19 18 17 16 15 14 13 12 11 10 9 8 7 6 5 4 3 2 1 0
Case #36: 7 9 10 14 31 32 33 36 37 39 40 30 29 28 27 26 25 24 23 34 21 20 19 18 8 16 15 38 13 12 11 35 41 22 17 6 5 4 3 2 1 0
Case #37: IMPOSSIBLE
Case #38: 69 70 68 67 66 65 64 63 62 61 60 59 58 57 56 55 54 53 52 51 50 49 48 47 46 45 44 43 42 41 40 39 38 37 36 35 34 33 32 31 30 29 28 27 26 25 24 23 22 21 20 19 18 17 16 15 14 13 12 11 10 9 8 7 6 5 4 3 2 1 0
Case #39: IMPOSSIBLE
Case #40: 0 1 2 3 4 5 6 7 8 9 10 11 12 13 14 15 16 17 18 19 20 21 22 23 24 25 26 27 28 29 30 31 32 33 34 35 36 37 38 39 40 41 42 43 44 45 46 47 48 49 50 51 52 53 54 55 56 57 58 59 60 61 62 63 64 65 66 67 68 69 70 71 72 73 74 75 76 77 78 79 80 81 82 83 84 85 86 87 88 89 90 91 92 93 94 95 96 97
Case #41: 56 57 55 54 53 52 51 50 49 48 47 46 45 44 43 42 41 40 39 38 37 36 35 34 33 32 31 30 29 28 27 26 25 24 23 22 21 20 19 18 17 16 15 14 13 12 11 10 9 8 7 6 5 4 3 2 1 0
Case #42: 0 1 2 3 4 5 6 7 9 10 11 12 13 14 15 16 17 18 19 20 21 22 23 24 25 26 27 28 29 30 31 32 33 34 35 36 37 38 39 40 41 42 43 44 45 46 47 48 49 50 51 52 53 54 55 56 57 58 59 60 61 62 63 64 65 66 67 68 69 70 71 72 73 74 75 77 76 8
Case #43: 7 8 9 10 11 13 12 6 5 4 3 2 1 0
Case #44: 0 3 4 5 6 7 8 11 12 13 14 17 18 19 20 22 24 25 27 28 29 30 31 32 33 34 36 37 38 39 40 41 42 43 44 45 47 49 50 51 52 53 54 57 58 63 64 65 66 68 69 70 71 72 73 75 77 78 79 81 83 84 85 86 90 91 56 26 10 82 67 59 48 16 74 88 60 21 87 55 35 76 23 2 92 62 46 1 61 9 15 80 89
Case #45: 4 9 19 24 28 32 36 38 53 54 56 58 59 60 61 62 63 64 65 67 68 70 71 72 73 74 75 76 77 78 79 80 82 84 85 87 88 89 51 50 55 48 47 46 45 44 43 42 41 52 39 23 37 81 35 34 33 66 31 30 29 86 27 40 25 26 69 22 21 20 57 18 17 16 15 14 13 12 11 5 49 8 7 6 10 83 3 2 1 0
Case #46: 4 16 22 27 32 37 44 48 50 51 53 56 57 58 60 61 62 63 64 65 66 67 69 70 71 72 74 75 76 77 78 79 80 81 82 83 47 46 45 49 43 68 41 55 39 38 54 36 35 34 33 59 31 30 29 28 40 26 25 20 23 73 21 24 19 18 17 52 15 14 13 12 11 10 9 8 7 6 5 42 3 2 1 0
Case #47: IMPOSSIBLE
Case #48: 0 3 4 5 6 7 8 9 10 13 14 15 16 17 18 19 20 22 23 24 25 29 30 32 34 37 39 40 38 43 26 11 1 35 42 31 41 2 27 12 33 36 28 21
Case #49: 2 8 10 12 14 17 20 22 23 27 28 29 30 31 32 36 40 42 45 46 49 50 52 54 55 57 58 61 62 64 66 67 69 71 73 76 26 33 15 37 60 3 47 4 7 1 35 18 44 63 70 48 25 9 56 13 53 65 11 19 6 72 59 38 74 21 39 68 0 41 24 5 51 43 75 34 16
Case #50: IMPOSSIBLE
Case #51: 6 79 62 37 36 23 82 40 57 93 54 53 7 16 94 41 35 5 68 0 71 85 50 69 32 21 84 89 91 63 46 2 39 20 26 60 52 27 18 38 31 95 75 12 55 15 25 29 13 4 70 56 14 72 51 87 77 90 58 67 45 49 66 83 88 59 92 74 81 48 78 65 86 42 80 64 10 22 28 19 61 8 9 11 1 47 76 34 24 3 17 30 73 44 43 33
Case #52: 5 14 25 31 39 44 66 36 28 0 53 19 56 6 17 1 2 18 23 42 22 41 67 46 43 61 40 51 32 10 65 24 29 49 38 3 9 34 11 7 60 55 50 62 68 30 48 47 52 45 20 37 27 4 57 59 63 35 58 8 15 13 64 12 54 33 21 26 16
Case #53: 6 19 39 41 1 20 56 69 22 51 31 12 49 71 18 59 0 52 48 54 61 60 37 8 11 68 21 7 14 43 36 53 34 58 28 32 38 30 50 64 29 44 23 25 26 40 42 65 27 15 47 2 35 10 63 9 46 24 16 17 67 45 3 5 55 33 66 70 4 57 13 62
Case #54: IMPOSSIBLE
Case #55: 51 52 50 49 48 47 46 45 44 43 42 41 40 39 38 37 36 35 34 33 32 31 30 29 28 27 26 25 24 23 22 21 20 19 18 17 16 15 14 13 12 11 10 9 8 7 6 5 4 3 2 1 0
Case #56: 1 2 11 12 0 10 6 3 5 7 8 4 9
Case #57: 0
Case #58: 6 7 8 9 10 11 12 13 14 15 16 17 18 19 20 21 22 23 24 25 26 28 27 5 4 3 2 1 0
Case #59: 2 8 11 16 19 22 26 30 35 37 40 44 49 53 54 55 56 58 62 63 64 14 12 17 66 23 36 61 51 5 3 39 7 28 33 48 32 9 13 24 50 29 67 25 21 6 20 27 59 47 1 38 34 52 43 65 0 46 10 15 4 31 42 41 18 57 45 60
Case #60: 3 4 5 6 7 2 1 0
Case #61: 0 1 2 3 4 5 6 7 8 9 10 11 13 14 15 16 17 18 19 20 21 22 23 24 12
Case #62: 3 4 5 6 2 0 1
Case #63: 1 2 0
Case #64: 0 1
Case #65: IMPOSSIBLE
Case #66: 0 1 2 3 4 5 6 7 8 10 11 12 13 14 15 16 17 18 19 20 21 22 23 24 26 27 28 29 30 31 32 33 34 35 36 37 38 39 40 41 42 43 44 45 46 47 48 49 50 51 52 53 54 55 56 58 25 57 9
Case #67: 0 2 4 5 6 8 9 10 11 13 15 16 17 18 19 20 21 22 23 25 26 27 28 29 31 32 33 34 35 36 37 39 40 41 42 44 46 47 48 50 51 53 54 55 56 57 58 59 61 62 63 64 65 67 68 69 70 71 72 73 75 76 78 79 81 83 84 85 86 87 88 89 90 94 96 97 98 99 14 60 1 93 30 66 12 43 49 52 91 74 80 95 92 82 45 7 3 24 38 77
Case #68: 0 13 15 17 18 24 31 36 45 51 54 56 59 62 77 79 9 32 43 21 23 78 39 1 84 76 8 64 46 26 47 61 37 58 49 38 63 34 81 57 3 28 60 4 14 69 35 20 33 67 7 75 66 40 6 74 71 10 80 12 22 52 48 55 83 65 82 30 72 53 27 41 73 50 42 70 5 16 25 68 44 2 29 11 19
Case #69: 0 1 2 3 4 5 6 8 9 10 11 13 14 15 16 17 18 19 20 21 22 23 24 25 26 28 29 30 31 32 33 34 35 36 37 38 39 40 41 43 44 45 46 47 48 49 50 51 52 53 54 56 7 55 27 42 12
Case #70: 1 2 7 8 9 10 11 12 13 14 15 16 17 18 19 21 22 23 24 25 27 28 29 6 5 4 3 26 20 0
Case #71: 0 1 2 3 4 5 6 7 8 9 10 11 12 13 14 15 16 17 18 19 20 21 22 23 24 25 26 27 28 29 30 31 32 33 34 35 36 38 39 40 41 42 43 44 37
Case #72: 5 8 14 16 17 18 19 12 11 10 9 13 15 6 7 4 3 2 1 0
Case #73: IMPOSSIBLE
Case #74: 3 5 6 7 8 13 14 15 25 26 29 34 38 42 43 44 49 51 22 28 50 10 31 54 32 27 12 40 0 41 4 1 52 9 46 48 35 17 19 55 33 36 18 47 37 39 20 21 16 30 45 23 11 24 2 53
Case #75: 0 1 2 3 4 5 6 7 8 9 10 11 12 13 15 16 17 18 19 20 21 22 23 24 25 26 27 28 29 30 31 32 33 34 36 35 14 37
Case #76: 2 4 6 7 8 9 10 14 15 17 19 20 21 22 24 28 30 31 34 35 29 36 25 16 23 32 5 33 13 27 11 1 38 37 39 12 18 0 3 26
Case #77: 7 10 16 20 23 29 30 31 32 33 35 36 38 39 40 41 42 43 44 45 46 47 48 49 50 51 52 54 55 56 57 59 60 27 26 1 24 53 22 21 37 19 18 14 28 15 17 13 12 11 58 9 8 34 25 5 4 3 2 6 0
Case #78: IMPOSSIBLE
Case #79: 0 1 2 8 9 11 12 14 16 17 18 23 24 26 27 28 29 31 32 33 34 35 37 38 39 41 43 45 46 47 48 49 51 54 63 7 61 60 13 40 42 3 50 22 20 19 59 62 30 57 36 58 25 44 56 55 53 6 52 15 5 21 10 4
Case #80: 86 87 85 84 83 82 81 80 79 78 77 76 75 74 73 72 71 70 69 68 67 66 65 64 63 62 61 60 59 58 57 56 55 54 53 52 51 50 49 48 47 46 45 44 43 42 41 40 39 38 37 36 35 34 33 32 31 30 29 28 27 26 25 24 23 22 21 20 19 18 17 16 15 14 13 12 11 10 9 8 7 6 5 4 3 2 1 0
Case #81: 3 4 39 40 43 44 45 46 47 38 37 36 35 34 33 32 29 30 31 13 10 42 25 19 23 22 21 20 14 18 17 16 15 24 28 12 11 27 9 8 7 6 5 41 26 2 1 0
Case #82: 1 3 4 5 6 7 9 10 11 12 13 14 15 16 17 18 2 8 0
Case #83: 13 23 24 37 38 39 40 41 42 43 44 45 46 47 48 49 51 52 53 54 55 56 57 58 61 62 63 64 65 66 67 68 69 70 71 72 73 74 75 76 77 78 79 80 81 82 83 84 85 86 87 88 89 90 91 36 35 34 33 27 31 30 29 28 32 26 25 60 59 22 21 20 19 18 15 16 17 14 50 12 11 10 4 8 7 6 5 9 3 2 1 0
Case #84: 1 2 3 5 6 7 8 9 10 11 13 17 18 19 20 12 15 0 16 4 14
Case #85: 17 18 19 20 21 16 15 14 13 12 11 10 9 6 7 8 5 4 3 2 1 0
Case #86: 85 86 84 83 82 81 80 79 78 77 76 75 74 73 72 71 70 69 68 67 66 65 64 63 62 61 60 59 58 57 56 55 54 53 52 51 50 49 48 47 46 45 44 43 42 41 40 39 38 37 36 35 34 33 32 31 30 29 28 27 26 25 24 23 22 21 20 19 18 17 16 15 14 13 12 11 10 9 8 7 6 5 4 3 2 1 0
Case #87: 4 7 15 18 26 27 29 30 31 32 33 34 35 36 37 38 39 40 41 42 44 45 47 48 49 50 51 52 25 24 23 22 21 0 19 53 17 16 43 14 13 12 11 10 9 8 46 6 5 28 3 2 1 20
Case #88: 2 13 22 30 31 33 34 36 37 40 47 55 60 64 68 75 76 84 85 86 91 93 35 45 23 70 98 38 57 78 58 95 53 74 81 97 73 5 39 71 94 61 15 20 0 63 72 82 51 87 25 14 80 96 77 56 59 52 1 44 4 28 19 67 65 46 27 3 43 7 79 42 17 32 89 11 12 92 9 50 24 41 6 66 8 62 90 21 83 54 49 48 18 29 88 26 69 10 16
Case #89: 3 4 2 1 0
Case #90: 61 62 60 44 58 57 54 55 56 53 22 51 50 49 48 47 46 41 0 43 42 45 40 39 38 37 25 35 34 33 32 19 30 29 28 27 26 36 24 23 20 21 52 31 18 17 16 15 7 13 12 11 3 9 8 14 6 5 4 10 2 1 59
Case #91: 6 7 8 5 4 3 2 0 1
Case #92: 0 1 2 3 4 5 6 7 8 9 10 11 12 13 14 15 16 17 19 20 21 22 23 24 25 26 18 27
Case #93: 68 69 67 66 65 64 63 62 61 60 59 58 57 56 55 54 53 52 51 50 49 48 47 46 45 44 43 42 41 40 39 38 37 36 35 34 33 32 31 30 29 28 27 26 25 24 23 22 21 20 19 18 17 16 15 14 13 12 11 10 9 8 7 6 5 4 3 2 1 0
Case #94: 0 1 2 3 4 5 8 10 11 12 13 16 17 18 20 24 7 9 15 19 21 22 6 14 23 25
Case #95: IMPOSSIBLE
Case #96: 0 1 2 3 4 5 6 7 8 9 10 11 12 13 14 15 16 17 18 19 20 21 22 23 24 25 26 27 28 29 30 31 32 33
Case #97: 15 16 25 28 31 32 33 34 35 36 39 40 41 42 44 45 46 29 38 27 26 37 14 23 22 21 20 19 43 17 30 0 24 13 12 11 10 9 8 7 6 5 4 3 2 1 18
Case #98: 0 1 2 3 4 5 6 7 8 9 10 11 12 14 15 16 17 18 19 20 21 22 23 24 25 26 13
Case #99: 0 5 8 9 10 11 12 16 17 19 20 21 23 27 31 32 33 37 38 40 41 44 46 48 49 54 57 62 64 68 70 74 77 78 80 86 92 45 50 88 71 22 2 29 63 59 66 14 51 3 30 58 61 18 7 53 13 67 26 72 34 4 56 81 84 90 35 65 1 39 55 73 89 93 36 25 43 87 24 42 47 28 75 79 76 85 6 60 82 91 69 52 15 83
Case #100: IMPOSSIBLE
